[ 2013-12-31T11:51:53+08:00 ] 127.0.0.1 /hlpw/
INFO: [ app_begin ] --START--
INFO: ReadHtmlCache Behavior ::run [ RunTime:0.018960s ]
INFO: [ app_begin ] --END-- [ RunTime:0.025081s ]
SQL: SHOW COLUMNS FROM `place` [ RunTime:0.007960s ]
SQL: SELECT `placename` FROM `place` WHERE ( available=1 )  [ RunTime:0.009169s ]
INFO: [ view_parse ] --START--
INFO: ParseTemplate Behavior ::run [ RunTime:0.158233s ]
INFO: [ view_parse ] --END-- [ RunTime:0.158301s ]
INFO: [ view_filter ] --START--
INFO: ContentReplace Behavior ::run [ RunTime:0.017165s ]
INFO: TokenBuild Behavior ::run [ RunTime:0.014108s ]
INFO: WriteHtmlCache Behavior ::run [ RunTime:0.000564s ]
INFO: ShowRuntime Behavior ::run [ RunTime:0.000723s ]
INFO: [ view_filter ] --END-- [ RunTime:0.032682s ]
INFO: [ view_end ] --START--
INFO: ShowPageTrace Behavior ::run [ RunTime:0.006968s ]
INFO: [ view_end ] --END-- [ RunTime:0.007004s ]

[ 2013-12-31T13:20:57+08:00 ] 127.0.0.1 /hlpw/
INFO: [ app_begin ] --START--
INFO: ReadHtmlCache Behavior ::run [ RunTime:0.011996s ]
INFO: [ app_begin ] --END-- [ RunTime:0.012066s ]
SQL: SHOW COLUMNS FROM `place` [ RunTime:0.240160s ]
SQL: SELECT `placename` FROM `place` WHERE ( available=1 )  [ RunTime:0.274298s ]
INFO: [ view_parse ] --START--
INFO: ParseTemplate Behavior ::run [ RunTime:0.447062s ]
INFO: [ view_parse ] --END-- [ RunTime:0.447133s ]
INFO: [ view_filter ] --START--
INFO: ContentReplace Behavior ::run [ RunTime:0.027414s ]
INFO: TokenBuild Behavior ::run [ RunTime:0.014065s ]
INFO: WriteHtmlCache Behavior ::run [ RunTime:0.000679s ]
INFO: ShowRuntime Behavior ::run [ RunTime:0.015844s ]
INFO: [ view_filter ] --END-- [ RunTime:0.058139s ]
INFO: [ view_end ] --START--
INFO: ShowPageTrace Behavior ::run [ RunTime:0.033344s ]
INFO: [ view_end ] --END-- [ RunTime:0.033403s ]

