[ 2013-10-26T22:58:07+08:00 ] 127.0.0.1 /pw/
INFO: [ app_begin ] --START--
INFO: ReadHtmlCache Behavior ::run [ RunTime:0.000947s ]
INFO: [ app_begin ] --END-- [ RunTime:0.015276s ]
INFO: [ view_parse ] --START--
INFO: ParseTemplate Behavior ::run [ RunTime:0.025904s ]
INFO: [ view_parse ] --END-- [ RunTime:0.026041s ]
INFO: [ view_filter ] --START--
INFO: ContentReplace Behavior ::run [ RunTime:0.000645s ]
INFO: TokenBuild Behavior ::run [ RunTime:0.000543s ]
INFO: WriteHtmlCache Behavior ::run [ RunTime:0.000431s ]
INFO: ShowRuntime Behavior ::run [ RunTime:0.000847s ]
INFO: [ view_filter ] --END-- [ RunTime:0.002772s ]
INFO: [ view_end ] --START--
INFO: ShowPageTrace Behavior ::run [ RunTime:0.001087s ]
INFO: [ view_end ] --END-- [ RunTime:0.001246s ]

[ 2013-10-26T23:39:54+08:00 ] 127.0.0.1 /pw/
INFO: [ app_begin ] --START--
INFO: ReadHtmlCache Behavior ::run [ RunTime:0.001777s ]
INFO: [ app_begin ] --END-- [ RunTime:0.002269s ]
INFO: [ view_parse ] --START--
INFO: ParseTemplate Behavior ::run [ RunTime:0.033427s ]
INFO: [ view_parse ] --END-- [ RunTime:0.033580s ]
INFO: [ view_filter ] --START--
INFO: ContentReplace Behavior ::run [ RunTime:0.001094s ]
INFO: TokenBuild Behavior ::run [ RunTime:0.001155s ]
INFO: WriteHtmlCache Behavior ::run [ RunTime:0.000929s ]
INFO: ShowRuntime Behavior ::run [ RunTime:0.001431s ]
INFO: [ view_filter ] --END-- [ RunTime:0.004920s ]
INFO: [ view_end ] --START--
INFO: ShowPageTrace Behavior ::run [ RunTime:0.001459s ]
INFO: [ view_end ] --END-- [ RunTime:0.001586s ]

[ 2013-10-26T23:40:17+08:00 ] 127.0.0.1 /pw/
INFO: [ app_begin ] --START--
INFO: ReadHtmlCache Behavior ::run [ RunTime:0.000937s ]
INFO: [ app_begin ] --END-- [ RunTime:0.001080s ]
INFO: [ view_parse ] --START--
INFO: ParseTemplate Behavior ::run [ RunTime:0.012706s ]
INFO: [ view_parse ] --END-- [ RunTime:0.012865s ]
INFO: [ view_filter ] --START--
INFO: ContentReplace Behavior ::run [ RunTime:0.000771s ]
INFO: TokenBuild Behavior ::run [ RunTime:0.000574s ]
INFO: WriteHtmlCache Behavior ::run [ RunTime:0.000552s ]
INFO: ShowRuntime Behavior ::run [ RunTime:0.000891s ]
INFO: [ view_filter ] --END-- [ RunTime:0.003117s ]
INFO: [ view_end ] --START--
INFO: ShowPageTrace Behavior ::run [ RunTime:0.000988s ]
INFO: [ view_end ] --END-- [ RunTime:0.001160s ]

[ 2013-10-26T23:40:33+08:00 ] 127.0.0.1 /pw/
INFO: [ app_begin ] --START--
INFO: ReadHtmlCache Behavior ::run [ RunTime:0.001164s ]
INFO: [ app_begin ] --END-- [ RunTime:0.001344s ]
INFO: [ view_parse ] --START--
INFO: ParseTemplate Behavior ::run [ RunTime:0.013187s ]
INFO: [ view_parse ] --END-- [ RunTime:0.013349s ]
INFO: [ view_filter ] --START--
INFO: ContentReplace Behavior ::run [ RunTime:0.000741s ]
INFO: TokenBuild Behavior ::run [ RunTime:0.000656s ]
INFO: WriteHtmlCache Behavior ::run [ RunTime:0.000505s ]
INFO: ShowRuntime Behavior ::run [ RunTime:0.000802s ]
INFO: [ view_filter ] --END-- [ RunTime:0.003031s ]
INFO: [ view_end ] --START--
INFO: ShowPageTrace Behavior ::run [ RunTime:0.000809s ]
INFO: [ view_end ] --END-- [ RunTime:0.000956s ]

[ 2013-10-26T23:40:50+08:00 ] 127.0.0.1 /pw/
INFO: [ app_begin ] --START--
INFO: ReadHtmlCache Behavior ::run [ RunTime:0.000960s ]
INFO: [ app_begin ] --END-- [ RunTime:0.001184s ]
INFO: [ view_parse ] --START--
INFO: ParseTemplate Behavior ::run [ RunTime:0.009583s ]
INFO: [ view_parse ] --END-- [ RunTime:0.009750s ]
INFO: [ view_filter ] --START--
INFO: ContentReplace Behavior ::run [ RunTime:0.000437s ]
INFO: TokenBuild Behavior ::run [ RunTime:0.000528s ]
INFO: WriteHtmlCache Behavior ::run [ RunTime:0.000297s ]
INFO: ShowRuntime Behavior ::run [ RunTime:0.000708s ]
INFO: [ view_filter ] --END-- [ RunTime:0.002243s ]
INFO: [ view_end ] --START--
INFO: ShowPageTrace Behavior ::run [ RunTime:0.000699s ]
INFO: [ view_end ] --END-- [ RunTime:0.000811s ]

