[ 2013-10-17T23:14:45+08:00 ] 127.0.0.1 /pw/
INFO: [ app_begin ] --START--
INFO: ReadHtmlCache Behavior ::run [ RunTime:0.001281s ]
INFO: [ app_begin ] --END-- [ RunTime:0.002319s ]
INFO: [ view_parse ] --START--
INFO: ParseTemplate Behavior ::run [ RunTime:0.001991s ]
INFO: [ view_parse ] --END-- [ RunTime:0.002164s ]
INFO: [ view_filter ] --START--
NOTIC: [8] Use of undefined constant APP_TMPL_PATH - assumed 'APP_TMPL_PATH' C:\wamp\www\pw\think\Lib\Behavior\ContentReplaceBehavior.class.php 第 40 行.
NOTIC: [8] Use of undefined constant APP_TMPL_PATH - assumed 'APP_TMPL_PATH' C:\wamp\www\pw\think\Lib\Behavior\ContentReplaceBehavior.class.php 第 47 行.
INFO: ContentReplace Behavior ::run [ RunTime:0.000913s ]
INFO: TokenBuild Behavior ::run [ RunTime:0.000766s ]
INFO: WriteHtmlCache Behavior ::run [ RunTime:0.000598s ]
INFO: ShowRuntime Behavior ::run [ RunTime:0.000671s ]
INFO: [ view_filter ] --END-- [ RunTime:0.003345s ]
INFO: [ view_end ] --START--
INFO: ShowPageTrace Behavior ::run [ RunTime:0.000733s ]
INFO: [ view_end ] --END-- [ RunTime:0.000868s ]

[ 2013-10-17T23:23:57+08:00 ] 127.0.0.1 /pw/
INFO: [ app_begin ] --START--
INFO: ReadHtmlCache Behavior ::run [ RunTime:0.001263s ]
INFO: [ app_begin ] --END-- [ RunTime:0.001448s ]
ERR: 模板不存在[C:/wamp/www/pw/Tpl/Index/index.html]

[ 2013-10-17T23:25:02+08:00 ] 127.0.0.1 /pw/
INFO: [ app_begin ] --START--
INFO: ReadHtmlCache Behavior ::run [ RunTime:0.000724s ]
INFO: [ app_begin ] --END-- [ RunTime:0.000861s ]
INFO: [ view_parse ] --START--
INFO: ParseTemplate Behavior ::run [ RunTime:0.010992s ]
INFO: [ view_parse ] --END-- [ RunTime:0.011173s ]
INFO: [ view_filter ] --START--
INFO: ContentReplace Behavior ::run [ RunTime:0.000649s ]
INFO: TokenBuild Behavior ::run [ RunTime:0.000581s ]
INFO: WriteHtmlCache Behavior ::run [ RunTime:0.000452s ]
INFO: ShowRuntime Behavior ::run [ RunTime:0.000755s ]
INFO: [ view_filter ] --END-- [ RunTime:0.002767s ]
INFO: [ view_end ] --START--
INFO: ShowPageTrace Behavior ::run [ RunTime:0.001052s ]
INFO: [ view_end ] --END-- [ RunTime:0.001164s ]

[ 2013-10-17T23:26:19+08:00 ] 127.0.0.1 /pw/
INFO: [ app_begin ] --START--
INFO: ReadHtmlCache Behavior ::run [ RunTime:0.001323s ]
INFO: [ app_begin ] --END-- [ RunTime:0.001533s ]
INFO: [ view_parse ] --START--
INFO: ParseTemplate Behavior ::run [ RunTime:0.012244s ]
INFO: [ view_parse ] --END-- [ RunTime:0.012416s ]
INFO: [ view_filter ] --START--
INFO: ContentReplace Behavior ::run [ RunTime:0.000520s ]
INFO: TokenBuild Behavior ::run [ RunTime:0.000559s ]
INFO: WriteHtmlCache Behavior ::run [ RunTime:0.000548s ]
INFO: ShowRuntime Behavior ::run [ RunTime:0.000759s ]
INFO: [ view_filter ] --END-- [ RunTime:0.002722s ]
INFO: [ view_end ] --START--
INFO: ShowPageTrace Behavior ::run [ RunTime:0.000937s ]
INFO: [ view_end ] --END-- [ RunTime:0.001071s ]

[ 2013-10-17T23:26:42+08:00 ] 127.0.0.1 /pw/
INFO: [ app_begin ] --START--
INFO: ReadHtmlCache Behavior ::run [ RunTime:0.000840s ]
INFO: [ app_begin ] --END-- [ RunTime:0.000973s ]
INFO: [ view_parse ] --START--
INFO: ParseTemplate Behavior ::run [ RunTime:0.007996s ]
INFO: [ view_parse ] --END-- [ RunTime:0.008133s ]
INFO: [ view_filter ] --START--
INFO: ContentReplace Behavior ::run [ RunTime:0.000718s ]
INFO: TokenBuild Behavior ::run [ RunTime:0.000706s ]
INFO: WriteHtmlCache Behavior ::run [ RunTime:0.000408s ]
INFO: ShowRuntime Behavior ::run [ RunTime:0.000665s ]
INFO: [ view_filter ] --END-- [ RunTime:0.002915s ]
INFO: [ view_end ] --START--
INFO: ShowPageTrace Behavior ::run [ RunTime:0.000703s ]
INFO: [ view_end ] --END-- [ RunTime:0.000798s ]

[ 2013-10-17T23:26:47+08:00 ] 127.0.0.1 /pw/
INFO: [ app_begin ] --START--
INFO: ReadHtmlCache Behavior ::run [ RunTime:0.000929s ]
INFO: [ app_begin ] --END-- [ RunTime:0.001082s ]
INFO: [ view_parse ] --START--
INFO: ParseTemplate Behavior ::run [ RunTime:0.008783s ]
INFO: [ view_parse ] --END-- [ RunTime:0.008933s ]
INFO: [ view_filter ] --START--
INFO: ContentReplace Behavior ::run [ RunTime:0.000551s ]
INFO: TokenBuild Behavior ::run [ RunTime:0.000586s ]
INFO: WriteHtmlCache Behavior ::run [ RunTime:0.000419s ]
INFO: ShowRuntime Behavior ::run [ RunTime:0.000592s ]
INFO: [ view_filter ] --END-- [ RunTime:0.002455s ]
INFO: [ view_end ] --START--
INFO: ShowPageTrace Behavior ::run [ RunTime:0.000769s ]
INFO: [ view_end ] --END-- [ RunTime:0.000878s ]

[ 2013-10-17T23:26:50+08:00 ] 127.0.0.1 /pw/
INFO: [ app_begin ] --START--
INFO: ReadHtmlCache Behavior ::run [ RunTime:0.000781s ]
INFO: [ app_begin ] --END-- [ RunTime:0.000919s ]
INFO: [ view_parse ] --START--
INFO: ParseTemplate Behavior ::run [ RunTime:0.009138s ]
INFO: [ view_parse ] --END-- [ RunTime:0.009295s ]
INFO: [ view_filter ] --START--
INFO: ContentReplace Behavior ::run [ RunTime:0.000489s ]
INFO: TokenBuild Behavior ::run [ RunTime:0.000431s ]
INFO: WriteHtmlCache Behavior ::run [ RunTime:0.000333s ]
INFO: ShowRuntime Behavior ::run [ RunTime:0.000513s ]
INFO: [ view_filter ] --END-- [ RunTime:0.002053s ]
INFO: [ view_end ] --START--
INFO: ShowPageTrace Behavior ::run [ RunTime:0.000596s ]
INFO: [ view_end ] --END-- [ RunTime:0.000718s ]

[ 2013-10-17T23:26:51+08:00 ] 127.0.0.1 /pw/
INFO: [ app_begin ] --START--
INFO: ReadHtmlCache Behavior ::run [ RunTime:0.000783s ]
INFO: [ app_begin ] --END-- [ RunTime:0.000947s ]
INFO: [ view_parse ] --START--
INFO: ParseTemplate Behavior ::run [ RunTime:0.009173s ]
INFO: [ view_parse ] --END-- [ RunTime:0.009359s ]
INFO: [ view_filter ] --START--
INFO: ContentReplace Behavior ::run [ RunTime:0.000416s ]
INFO: TokenBuild Behavior ::run [ RunTime:0.000457s ]
INFO: WriteHtmlCache Behavior ::run [ RunTime:0.000296s ]
INFO: ShowRuntime Behavior ::run [ RunTime:0.000526s ]
INFO: [ view_filter ] --END-- [ RunTime:0.001964s ]
INFO: [ view_end ] --START--
INFO: ShowPageTrace Behavior ::run [ RunTime:0.000661s ]
INFO: [ view_end ] --END-- [ RunTime:0.000755s ]

[ 2013-10-17T23:27:05+08:00 ] 127.0.0.1 /pw/
INFO: [ app_begin ] --START--
INFO: ReadHtmlCache Behavior ::run [ RunTime:0.000818s ]
INFO: [ app_begin ] --END-- [ RunTime:0.000996s ]
INFO: [ view_parse ] --START--
INFO: ParseTemplate Behavior ::run [ RunTime:0.008253s ]
INFO: [ view_parse ] --END-- [ RunTime:0.008400s ]
INFO: [ view_filter ] --START--
INFO: ContentReplace Behavior ::run [ RunTime:0.000588s ]
INFO: TokenBuild Behavior ::run [ RunTime:0.000501s ]
INFO: WriteHtmlCache Behavior ::run [ RunTime:0.000338s ]
INFO: ShowRuntime Behavior ::run [ RunTime:0.000644s ]
INFO: [ view_filter ] --END-- [ RunTime:0.002405s ]
INFO: [ view_end ] --START--
INFO: ShowPageTrace Behavior ::run [ RunTime:0.000895s ]
INFO: [ view_end ] --END-- [ RunTime:0.001027s ]

[ 2013-10-17T23:39:53+08:00 ] 127.0.0.1 /pw/
INFO: [ app_begin ] --START--
INFO: ReadHtmlCache Behavior ::run [ RunTime:0.001021s ]
INFO: [ app_begin ] --END-- [ RunTime:0.001174s ]
INFO: [ view_parse ] --START--
NOTIC: [8] Undefined variable: BASEURL C:\wamp\www\pw\Runtime\Cache\96155b1bfd705dc34d4979e49d435099.php 第 10 行.
INFO: ParseTemplate Behavior ::run [ RunTime:0.037047s ]
INFO: [ view_parse ] --END-- [ RunTime:0.037184s ]
INFO: [ view_filter ] --START--
INFO: ContentReplace Behavior ::run [ RunTime:0.000592s ]
INFO: TokenBuild Behavior ::run [ RunTime:0.000612s ]
INFO: WriteHtmlCache Behavior ::run [ RunTime:0.000500s ]
INFO: ShowRuntime Behavior ::run [ RunTime:0.000699s ]
INFO: [ view_filter ] --END-- [ RunTime:0.002756s ]
INFO: [ view_end ] --START--
INFO: ShowPageTrace Behavior ::run [ RunTime:0.000810s ]
INFO: [ view_end ] --END-- [ RunTime:0.000941s ]

[ 2013-10-17T23:40:05+08:00 ] 127.0.0.1 /pw/
INFO: [ app_begin ] --START--
INFO: ReadHtmlCache Behavior ::run [ RunTime:0.000707s ]
INFO: [ app_begin ] --END-- [ RunTime:0.000839s ]
INFO: [ view_parse ] --START--
NOTIC: [8] Undefined variable: BASEURL C:\wamp\www\pw\Runtime\Cache\96155b1bfd705dc34d4979e49d435099.php 第 10 行.
INFO: ParseTemplate Behavior ::run [ RunTime:0.008383s ]
INFO: [ view_parse ] --END-- [ RunTime:0.008545s ]
INFO: [ view_filter ] --START--
INFO: ContentReplace Behavior ::run [ RunTime:0.000397s ]
INFO: TokenBuild Behavior ::run [ RunTime:0.000493s ]
INFO: WriteHtmlCache Behavior ::run [ RunTime:0.000340s ]
INFO: ShowRuntime Behavior ::run [ RunTime:0.000709s ]
INFO: [ view_filter ] --END-- [ RunTime:0.002239s ]
INFO: [ view_end ] --START--
INFO: ShowPageTrace Behavior ::run [ RunTime:0.000807s ]
INFO: [ view_end ] --END-- [ RunTime:0.000966s ]

[ 2013-10-17T23:40:15+08:00 ] 127.0.0.1 /pw/
INFO: [ app_begin ] --START--
INFO: ReadHtmlCache Behavior ::run [ RunTime:0.000605s ]
INFO: [ app_begin ] --END-- [ RunTime:0.000719s ]
INFO: [ view_parse ] --START--
INFO: ParseTemplate Behavior ::run [ RunTime:0.007563s ]
INFO: [ view_parse ] --END-- [ RunTime:0.007744s ]
INFO: [ view_filter ] --START--
INFO: ContentReplace Behavior ::run [ RunTime:0.000397s ]
INFO: TokenBuild Behavior ::run [ RunTime:0.000435s ]
INFO: WriteHtmlCache Behavior ::run [ RunTime:0.000299s ]
INFO: ShowRuntime Behavior ::run [ RunTime:0.000587s ]
INFO: [ view_filter ] --END-- [ RunTime:0.002020s ]
INFO: [ view_end ] --START--
INFO: ShowPageTrace Behavior ::run [ RunTime:0.000739s ]
INFO: [ view_end ] --END-- [ RunTime:0.000870s ]

[ 2013-10-17T23:43:47+08:00 ] 127.0.0.1 /pw/
INFO: [ app_begin ] --START--
INFO: ReadHtmlCache Behavior ::run [ RunTime:0.001280s ]
INFO: [ app_begin ] --END-- [ RunTime:0.001471s ]
INFO: [ view_parse ] --START--
INFO: ParseTemplate Behavior ::run [ RunTime:0.010084s ]
INFO: [ view_parse ] --END-- [ RunTime:0.010259s ]
INFO: [ view_filter ] --START--
INFO: ContentReplace Behavior ::run [ RunTime:0.000652s ]
INFO: TokenBuild Behavior ::run [ RunTime:0.000826s ]
INFO: WriteHtmlCache Behavior ::run [ RunTime:0.000566s ]
INFO: ShowRuntime Behavior ::run [ RunTime:0.001004s ]
INFO: [ view_filter ] --END-- [ RunTime:0.003429s ]
INFO: [ view_end ] --START--
INFO: ShowPageTrace Behavior ::run [ RunTime:0.000935s ]
INFO: [ view_end ] --END-- [ RunTime:0.001044s ]

[ 2013-10-17T23:43:48+08:00 ] 127.0.0.1 /pw/
INFO: [ app_begin ] --START--
INFO: ReadHtmlCache Behavior ::run [ RunTime:0.000757s ]
INFO: [ app_begin ] --END-- [ RunTime:0.000939s ]
INFO: [ view_parse ] --START--
INFO: ParseTemplate Behavior ::run [ RunTime:0.009905s ]
INFO: [ view_parse ] --END-- [ RunTime:0.010068s ]
INFO: [ view_filter ] --START--
INFO: ContentReplace Behavior ::run [ RunTime:0.000457s ]
INFO: TokenBuild Behavior ::run [ RunTime:0.000463s ]
INFO: WriteHtmlCache Behavior ::run [ RunTime:0.000325s ]
INFO: ShowRuntime Behavior ::run [ RunTime:0.000620s ]
INFO: [ view_filter ] --END-- [ RunTime:0.002161s ]
INFO: [ view_end ] --START--
INFO: ShowPageTrace Behavior ::run [ RunTime:0.000644s ]
INFO: [ view_end ] --END-- [ RunTime:0.000741s ]

[ 2013-10-17T23:44:01+08:00 ] 127.0.0.1 /pw/
INFO: [ app_begin ] --START--
INFO: ReadHtmlCache Behavior ::run [ RunTime:0.000737s ]
INFO: [ app_begin ] --END-- [ RunTime:0.000878s ]
INFO: [ view_parse ] --START--
INFO: ParseTemplate Behavior ::run [ RunTime:0.009042s ]
INFO: [ view_parse ] --END-- [ RunTime:0.009180s ]
INFO: [ view_filter ] --START--
INFO: ContentReplace Behavior ::run [ RunTime:0.000523s ]
INFO: TokenBuild Behavior ::run [ RunTime:0.000492s ]
INFO: WriteHtmlCache Behavior ::run [ RunTime:0.000374s ]
INFO: ShowRuntime Behavior ::run [ RunTime:0.000718s ]
INFO: [ view_filter ] --END-- [ RunTime:0.002379s ]
INFO: [ view_end ] --START--
INFO: ShowPageTrace Behavior ::run [ RunTime:0.000797s ]
INFO: [ view_end ] --END-- [ RunTime:0.000892s ]

[ 2013-10-17T23:44:48+08:00 ] 127.0.0.1 /pw/
INFO: [ app_begin ] --START--
INFO: ReadHtmlCache Behavior ::run [ RunTime:0.000698s ]
INFO: [ app_begin ] --END-- [ RunTime:0.000860s ]
INFO: [ view_parse ] --START--
INFO: ParseTemplate Behavior ::run [ RunTime:0.009144s ]
INFO: [ view_parse ] --END-- [ RunTime:0.009314s ]
INFO: [ view_filter ] --START--
INFO: ContentReplace Behavior ::run [ RunTime:0.000569s ]
INFO: TokenBuild Behavior ::run [ RunTime:0.000642s ]
INFO: WriteHtmlCache Behavior ::run [ RunTime:0.000471s ]
INFO: ShowRuntime Behavior ::run [ RunTime:0.000803s ]
INFO: [ view_filter ] --END-- [ RunTime:0.002838s ]
INFO: [ view_end ] --START--
INFO: ShowPageTrace Behavior ::run [ RunTime:0.000731s ]
INFO: [ view_end ] --END-- [ RunTime:0.000844s ]

[ 2013-10-17T23:44:48+08:00 ] 127.0.0.1 /pw/
INFO: [ app_begin ] --START--
INFO: ReadHtmlCache Behavior ::run [ RunTime:0.000896s ]
INFO: [ app_begin ] --END-- [ RunTime:0.001050s ]
INFO: [ view_parse ] --START--
INFO: ParseTemplate Behavior ::run [ RunTime:0.007792s ]
INFO: [ view_parse ] --END-- [ RunTime:0.007942s ]
INFO: [ view_filter ] --START--
INFO: ContentReplace Behavior ::run [ RunTime:0.000614s ]
INFO: TokenBuild Behavior ::run [ RunTime:0.000427s ]
INFO: WriteHtmlCache Behavior ::run [ RunTime:0.000384s ]
INFO: ShowRuntime Behavior ::run [ RunTime:0.000541s ]
INFO: [ view_filter ] --END-- [ RunTime:0.002306s ]
INFO: [ view_end ] --START--
INFO: ShowPageTrace Behavior ::run [ RunTime:0.000992s ]
INFO: [ view_end ] --END-- [ RunTime:0.001142s ]

[ 2013-10-17T23:45:36+08:00 ] 127.0.0.1 /pw/
INFO: [ app_begin ] --START--
INFO: ReadHtmlCache Behavior ::run [ RunTime:0.001160s ]
INFO: [ app_begin ] --END-- [ RunTime:0.001469s ]
INFO: [ view_parse ] --START--
INFO: ParseTemplate Behavior ::run [ RunTime:0.016964s ]
INFO: [ view_parse ] --END-- [ RunTime:0.017225s ]
INFO: [ view_filter ] --START--
INFO: ContentReplace Behavior ::run [ RunTime:0.000965s ]
INFO: TokenBuild Behavior ::run [ RunTime:0.000884s ]
INFO: WriteHtmlCache Behavior ::run [ RunTime:0.000506s ]
INFO: ShowRuntime Behavior ::run [ RunTime:0.000915s ]
INFO: [ view_filter ] --END-- [ RunTime:0.003832s ]
INFO: [ view_end ] --START--
INFO: ShowPageTrace Behavior ::run [ RunTime:0.000995s ]
INFO: [ view_end ] --END-- [ RunTime:0.001158s ]

[ 2013-10-17T23:45:53+08:00 ] 127.0.0.1 /pw/
INFO: [ app_begin ] --START--
INFO: ReadHtmlCache Behavior ::run [ RunTime:0.001160s ]
INFO: [ app_begin ] --END-- [ RunTime:0.001442s ]
INFO: [ view_parse ] --START--
INFO: ParseTemplate Behavior ::run [ RunTime:0.011737s ]
INFO: [ view_parse ] --END-- [ RunTime:0.011980s ]
INFO: [ view_filter ] --START--
INFO: ContentReplace Behavior ::run [ RunTime:0.000511s ]
INFO: TokenBuild Behavior ::run [ RunTime:0.000506s ]
INFO: WriteHtmlCache Behavior ::run [ RunTime:0.000364s ]
INFO: ShowRuntime Behavior ::run [ RunTime:0.000706s ]
INFO: [ view_filter ] --END-- [ RunTime:0.002435s ]
INFO: [ view_end ] --START--
INFO: ShowPageTrace Behavior ::run [ RunTime:0.000698s ]
INFO: [ view_end ] --END-- [ RunTime:0.000807s ]

[ 2013-10-17T23:45:53+08:00 ] 127.0.0.1 /pw/
INFO: [ app_begin ] --START--
INFO: ReadHtmlCache Behavior ::run [ RunTime:0.000680s ]
INFO: [ app_begin ] --END-- [ RunTime:0.000830s ]
INFO: [ view_parse ] --START--
INFO: ParseTemplate Behavior ::run [ RunTime:0.008632s ]
INFO: [ view_parse ] --END-- [ RunTime:0.008763s ]
INFO: [ view_filter ] --START--
INFO: ContentReplace Behavior ::run [ RunTime:0.000539s ]
INFO: TokenBuild Behavior ::run [ RunTime:0.000581s ]
INFO: WriteHtmlCache Behavior ::run [ RunTime:0.000312s ]
INFO: ShowRuntime Behavior ::run [ RunTime:0.000711s ]
INFO: [ view_filter ] --END-- [ RunTime:0.002447s ]
INFO: [ view_end ] --START--
INFO: ShowPageTrace Behavior ::run [ RunTime:0.000636s ]
INFO: [ view_end ] --END-- [ RunTime:0.000731s ]

[ 2013-10-17T23:47:05+08:00 ] 127.0.0.1 /pw/
INFO: [ app_begin ] --START--
INFO: ReadHtmlCache Behavior ::run [ RunTime:0.000914s ]
INFO: [ app_begin ] --END-- [ RunTime:0.001061s ]
INFO: [ view_parse ] --START--
INFO: ParseTemplate Behavior ::run [ RunTime:0.009546s ]
INFO: [ view_parse ] --END-- [ RunTime:0.009707s ]
INFO: [ view_filter ] --START--
INFO: ContentReplace Behavior ::run [ RunTime:0.000773s ]
INFO: TokenBuild Behavior ::run [ RunTime:0.000512s ]
INFO: WriteHtmlCache Behavior ::run [ RunTime:0.000432s ]
INFO: ShowRuntime Behavior ::run [ RunTime:0.000589s ]
INFO: [ view_filter ] --END-- [ RunTime:0.002583s ]
INFO: [ view_end ] --START--
INFO: ShowPageTrace Behavior ::run [ RunTime:0.000659s ]
INFO: [ view_end ] --END-- [ RunTime:0.000753s ]

[ 2013-10-17T23:56:25+08:00 ] 127.0.0.1 /pw/
INFO: [ app_begin ] --START--
INFO: ReadHtmlCache Behavior ::run [ RunTime:0.000790s ]
INFO: [ app_begin ] --END-- [ RunTime:0.000923s ]
INFO: [ view_parse ] --START--
INFO: ParseTemplate Behavior ::run [ RunTime:0.008525s ]
INFO: [ view_parse ] --END-- [ RunTime:0.008707s ]
INFO: [ view_filter ] --START--
INFO: ContentReplace Behavior ::run [ RunTime:0.000626s ]
INFO: TokenBuild Behavior ::run [ RunTime:0.000542s ]
INFO: WriteHtmlCache Behavior ::run [ RunTime:0.000393s ]
INFO: ShowRuntime Behavior ::run [ RunTime:0.000659s ]
INFO: [ view_filter ] --END-- [ RunTime:0.002486s ]
INFO: [ view_end ] --START--
INFO: ShowPageTrace Behavior ::run [ RunTime:0.000740s ]
INFO: [ view_end ] --END-- [ RunTime:0.000834s ]

[ 2013-10-17T23:57:50+08:00 ] 127.0.0.1 /pw/
INFO: [ app_begin ] --START--
INFO: ReadHtmlCache Behavior ::run [ RunTime:0.000700s ]
INFO: [ app_begin ] --END-- [ RunTime:0.000863s ]
INFO: [ view_parse ] --START--
INFO: ParseTemplate Behavior ::run [ RunTime:0.009422s ]
INFO: [ view_parse ] --END-- [ RunTime:0.009579s ]
INFO: [ view_filter ] --START--
INFO: ContentReplace Behavior ::run [ RunTime:0.000484s ]
INFO: TokenBuild Behavior ::run [ RunTime:0.000514s ]
INFO: WriteHtmlCache Behavior ::run [ RunTime:0.000496s ]
INFO: ShowRuntime Behavior ::run [ RunTime:0.000664s ]
INFO: [ view_filter ] --END-- [ RunTime:0.002503s ]
INFO: [ view_end ] --START--
INFO: ShowPageTrace Behavior ::run [ RunTime:0.000681s ]
INFO: [ view_end ] --END-- [ RunTime:0.000777s ]

[ 2013-10-17T23:58:38+08:00 ] 127.0.0.1 /pw/
INFO: [ app_begin ] --START--
INFO: ReadHtmlCache Behavior ::run [ RunTime:0.001229s ]
INFO: [ app_begin ] --END-- [ RunTime:0.001464s ]
INFO: [ view_parse ] --START--
INFO: ParseTemplate Behavior ::run [ RunTime:0.008836s ]
INFO: [ view_parse ] --END-- [ RunTime:0.008978s ]
INFO: [ view_filter ] --START--
INFO: ContentReplace Behavior ::run [ RunTime:0.000647s ]
INFO: TokenBuild Behavior ::run [ RunTime:0.000623s ]
INFO: WriteHtmlCache Behavior ::run [ RunTime:0.000461s ]
INFO: ShowRuntime Behavior ::run [ RunTime:0.000674s ]
INFO: [ view_filter ] --END-- [ RunTime:0.002730s ]
INFO: [ view_end ] --START--
INFO: ShowPageTrace Behavior ::run [ RunTime:0.000706s ]
INFO: [ view_end ] --END-- [ RunTime:0.000807s ]

[ 2013-10-17T23:59:00+08:00 ] 127.0.0.1 /pw/
INFO: [ app_begin ] --START--
INFO: ReadHtmlCache Behavior ::run [ RunTime:0.001178s ]
INFO: [ app_begin ] --END-- [ RunTime:0.001364s ]
INFO: [ view_parse ] --START--
INFO: ParseTemplate Behavior ::run [ RunTime:0.009048s ]
INFO: [ view_parse ] --END-- [ RunTime:0.009199s ]
INFO: [ view_filter ] --START--
INFO: ContentReplace Behavior ::run [ RunTime:0.000645s ]
INFO: TokenBuild Behavior ::run [ RunTime:0.000570s ]
INFO: WriteHtmlCache Behavior ::run [ RunTime:0.000546s ]
INFO: ShowRuntime Behavior ::run [ RunTime:0.000764s ]
INFO: [ view_filter ] --END-- [ RunTime:0.002922s ]
INFO: [ view_end ] --START--
INFO: ShowPageTrace Behavior ::run [ RunTime:0.000795s ]
INFO: [ view_end ] --END-- [ RunTime:0.000904s ]

[ 2013-10-17T23:59:22+08:00 ] 127.0.0.1 /pw/
INFO: [ app_begin ] --START--
INFO: ReadHtmlCache Behavior ::run [ RunTime:0.001004s ]
INFO: [ app_begin ] --END-- [ RunTime:0.001197s ]
INFO: [ view_parse ] --START--
INFO: ParseTemplate Behavior ::run [ RunTime:0.010431s ]
INFO: [ view_parse ] --END-- [ RunTime:0.010614s ]
INFO: [ view_filter ] --START--
INFO: ContentReplace Behavior ::run [ RunTime:0.000628s ]
INFO: TokenBuild Behavior ::run [ RunTime:0.000639s ]
INFO: WriteHtmlCache Behavior ::run [ RunTime:0.000457s ]
INFO: ShowRuntime Behavior ::run [ RunTime:0.000834s ]
INFO: [ view_filter ] --END-- [ RunTime:0.003041s ]
INFO: [ view_end ] --START--
INFO: ShowPageTrace Behavior ::run [ RunTime:0.000910s ]
INFO: [ view_end ] --END-- [ RunTime:0.001060s ]

