[ 2013-11-06T21:57:09+08:00 ] 127.0.0.1 /pw/index.php
INFO: [ app_begin ] --START--
INFO: ReadHtmlCache Behavior ::run [ RunTime:0.002971s ]
INFO: [ app_begin ] --END-- [ RunTime:0.012199s ]
INFO: [ view_parse ] --START--
INFO: ParseTemplate Behavior ::run [ RunTime:0.039758s ]
INFO: [ view_parse ] --END-- [ RunTime:0.039928s ]
INFO: [ view_filter ] --START--
INFO: ContentReplace Behavior ::run [ RunTime:0.001375s ]
INFO: TokenBuild Behavior ::run [ RunTime:0.001220s ]
INFO: WriteHtmlCache Behavior ::run [ RunTime:0.000982s ]
INFO: ShowRuntime Behavior ::run [ RunTime:0.001515s ]
INFO: [ view_filter ] --END-- [ RunTime:0.005425s ]
INFO: [ view_end ] --START--
INFO: ShowPageTrace Behavior ::run [ RunTime:0.002063s ]
INFO: [ view_end ] --END-- [ RunTime:0.002165s ]

[ 2013-11-06T22:21:51+08:00 ] 127.0.0.1 /pw/index.php
INFO: [ app_begin ] --START--
INFO: ReadHtmlCache Behavior ::run [ RunTime:0.001014s ]
INFO: [ app_begin ] --END-- [ RunTime:0.001195s ]
INFO: [ view_parse ] --START--
INFO: ParseTemplate Behavior ::run [ RunTime:0.010238s ]
INFO: [ view_parse ] --END-- [ RunTime:0.010368s ]
INFO: [ view_filter ] --START--
INFO: ContentReplace Behavior ::run [ RunTime:0.000577s ]
INFO: TokenBuild Behavior ::run [ RunTime:0.000687s ]
INFO: WriteHtmlCache Behavior ::run [ RunTime:0.000428s ]
INFO: ShowRuntime Behavior ::run [ RunTime:0.000751s ]
INFO: [ view_filter ] --END-- [ RunTime:0.002778s ]
INFO: [ view_end ] --START--
INFO: ShowPageTrace Behavior ::run [ RunTime:0.000750s ]
INFO: [ view_end ] --END-- [ RunTime:0.000860s ]

[ 2013-11-06T22:22:13+08:00 ] 127.0.0.1 /pw/index.php/admin
INFO: [ route_check ] --START--
INFO: CheckRoute Behavior ::run [ RunTime:0.020231s ]
INFO: [ route_check ] --END-- [ RunTime:0.020527s ]
INFO: [ app_begin ] --START--
INFO: ReadHtmlCache Behavior ::run [ RunTime:0.000739s ]
INFO: [ app_begin ] --END-- [ RunTime:0.000849s ]
INFO: [ view_parse ] --START--
NOTIC: [8] Undefined variable: jumpUrl C:\wamp\www\pw\Runtime\Cache\60b097c995f704671e1f8bb98a6247ab.php 第 26 行.
NOTIC: [8] Undefined variable: waitSecond C:\wamp\www\pw\Runtime\Cache\60b097c995f704671e1f8bb98a6247ab.php 第 26 行.
INFO: ParseTemplate Behavior ::run [ RunTime:0.222317s ]
INFO: [ view_parse ] --END-- [ RunTime:0.222489s ]
INFO: [ view_filter ] --START--
INFO: ContentReplace Behavior ::run [ RunTime:0.000474s ]
INFO: TokenBuild Behavior ::run [ RunTime:0.000501s ]
INFO: WriteHtmlCache Behavior ::run [ RunTime:0.000348s ]
INFO: ShowRuntime Behavior ::run [ RunTime:0.000715s ]
INFO: [ view_filter ] --END-- [ RunTime:0.002290s ]
INFO: [ view_end ] --START--
INFO: ShowPageTrace Behavior ::run [ RunTime:0.000653s ]
INFO: [ view_end ] --END-- [ RunTime:0.000744s ]

[ 2013-11-06T22:22:14+08:00 ] 127.0.0.1 /pw/index.php/admin
INFO: [ route_check ] --START--
INFO: CheckRoute Behavior ::run [ RunTime:0.000721s ]
INFO: [ route_check ] --END-- [ RunTime:0.000887s ]
INFO: [ app_begin ] --START--
INFO: ReadHtmlCache Behavior ::run [ RunTime:0.000878s ]
INFO: [ app_begin ] --END-- [ RunTime:0.001000s ]
INFO: [ view_parse ] --START--
NOTIC: [8] Undefined variable: jumpUrl C:\wamp\www\pw\Runtime\Cache\60b097c995f704671e1f8bb98a6247ab.php 第 26 行.
NOTIC: [8] Undefined variable: waitSecond C:\wamp\www\pw\Runtime\Cache\60b097c995f704671e1f8bb98a6247ab.php 第 26 行.
INFO: ParseTemplate Behavior ::run [ RunTime:0.007398s ]
INFO: [ view_parse ] --END-- [ RunTime:0.007525s ]
INFO: [ view_filter ] --START--
INFO: ContentReplace Behavior ::run [ RunTime:0.000488s ]
INFO: TokenBuild Behavior ::run [ RunTime:0.000527s ]
INFO: WriteHtmlCache Behavior ::run [ RunTime:0.000292s ]
INFO: ShowRuntime Behavior ::run [ RunTime:0.000512s ]
INFO: [ view_filter ] --END-- [ RunTime:0.002104s ]
INFO: [ view_end ] --START--
INFO: ShowPageTrace Behavior ::run [ RunTime:0.000556s ]
INFO: [ view_end ] --END-- [ RunTime:0.000661s ]

[ 2013-11-06T22:22:15+08:00 ] 127.0.0.1 /pw/index.php/admin
INFO: [ route_check ] --START--
INFO: CheckRoute Behavior ::run [ RunTime:0.000944s ]
INFO: [ route_check ] --END-- [ RunTime:0.001108s ]
INFO: [ app_begin ] --START--
INFO: ReadHtmlCache Behavior ::run [ RunTime:0.000571s ]
INFO: [ app_begin ] --END-- [ RunTime:0.000666s ]
INFO: [ view_parse ] --START--
NOTIC: [8] Undefined variable: jumpUrl C:\wamp\www\pw\Runtime\Cache\60b097c995f704671e1f8bb98a6247ab.php 第 26 行.
NOTIC: [8] Undefined variable: waitSecond C:\wamp\www\pw\Runtime\Cache\60b097c995f704671e1f8bb98a6247ab.php 第 26 行.
INFO: ParseTemplate Behavior ::run [ RunTime:0.007322s ]
INFO: [ view_parse ] --END-- [ RunTime:0.007417s ]
INFO: [ view_filter ] --START--
INFO: ContentReplace Behavior ::run [ RunTime:0.000397s ]
INFO: TokenBuild Behavior ::run [ RunTime:0.000430s ]
INFO: WriteHtmlCache Behavior ::run [ RunTime:0.000281s ]
INFO: ShowRuntime Behavior ::run [ RunTime:0.000517s ]
INFO: [ view_filter ] --END-- [ RunTime:0.001878s ]
INFO: [ view_end ] --START--
INFO: ShowPageTrace Behavior ::run [ RunTime:0.000554s ]
INFO: [ view_end ] --END-- [ RunTime:0.000689s ]

[ 2013-11-06T22:22:16+08:00 ] 127.0.0.1 /pw/index.php/admin
INFO: [ route_check ] --START--
INFO: CheckRoute Behavior ::run [ RunTime:0.001125s ]
INFO: [ route_check ] --END-- [ RunTime:0.001284s ]
INFO: [ app_begin ] --START--
INFO: ReadHtmlCache Behavior ::run [ RunTime:0.000768s ]
INFO: [ app_begin ] --END-- [ RunTime:0.000886s ]
INFO: [ view_parse ] --START--
NOTIC: [8] Undefined variable: jumpUrl C:\wamp\www\pw\Runtime\Cache\60b097c995f704671e1f8bb98a6247ab.php 第 26 行.
NOTIC: [8] Undefined variable: waitSecond C:\wamp\www\pw\Runtime\Cache\60b097c995f704671e1f8bb98a6247ab.php 第 26 行.
INFO: ParseTemplate Behavior ::run [ RunTime:0.007503s ]
INFO: [ view_parse ] --END-- [ RunTime:0.007604s ]
INFO: [ view_filter ] --START--
INFO: ContentReplace Behavior ::run [ RunTime:0.000375s ]
INFO: TokenBuild Behavior ::run [ RunTime:0.000411s ]
INFO: WriteHtmlCache Behavior ::run [ RunTime:0.000281s ]
INFO: ShowRuntime Behavior ::run [ RunTime:0.000528s ]
INFO: [ view_filter ] --END-- [ RunTime:0.001887s ]
INFO: [ view_end ] --START--
INFO: ShowPageTrace Behavior ::run [ RunTime:0.000689s ]
INFO: [ view_end ] --END-- [ RunTime:0.000779s ]

[ 2013-11-06T22:22:16+08:00 ] 127.0.0.1 /pw/index.php/Admin
INFO: [ route_check ] --START--
INFO: CheckRoute Behavior ::run [ RunTime:0.001097s ]
INFO: [ route_check ] --END-- [ RunTime:0.001271s ]
INFO: [ app_begin ] --START--
INFO: ReadHtmlCache Behavior ::run [ RunTime:0.000815s ]
INFO: [ app_begin ] --END-- [ RunTime:0.000963s ]

[ 2013-11-06T22:22:16+08:00 ] 127.0.0.1 /pw/index.php/index.php/User
INFO: [ route_check ] --START--
INFO: CheckRoute Behavior ::run [ RunTime:0.000986s ]
INFO: [ route_check ] --END-- [ RunTime:0.001129s ]
INFO: [ app_begin ] --START--
INFO: ReadHtmlCache Behavior ::run [ RunTime:0.000818s ]
INFO: [ app_begin ] --END-- [ RunTime:0.000947s ]
NOTIC: [8] Undefined variable: group C:\wamp\www\pw\think\Lib\Core\App.class.php 第 95 行.
INFO: [ view_parse ] --START--
NOTIC: [8] Undefined variable: jumpUrl C:\wamp\www\pw\Runtime\Cache\60b097c995f704671e1f8bb98a6247ab.php 第 26 行.
NOTIC: [8] Undefined variable: waitSecond C:\wamp\www\pw\Runtime\Cache\60b097c995f704671e1f8bb98a6247ab.php 第 26 行.
INFO: ParseTemplate Behavior ::run [ RunTime:0.010749s ]
INFO: [ view_parse ] --END-- [ RunTime:0.010903s ]
INFO: [ view_filter ] --START--
INFO: ContentReplace Behavior ::run [ RunTime:0.000601s ]
INFO: TokenBuild Behavior ::run [ RunTime:0.000671s ]
INFO: WriteHtmlCache Behavior ::run [ RunTime:0.000533s ]
INFO: ShowRuntime Behavior ::run [ RunTime:0.000803s ]
INFO: [ view_filter ] --END-- [ RunTime:0.003033s ]
INFO: [ view_end ] --START--
INFO: ShowPageTrace Behavior ::run [ RunTime:0.000933s ]
INFO: [ view_end ] --END-- [ RunTime:0.001081s ]

[ 2013-11-06T22:22:17+08:00 ] 127.0.0.1 /pw/index.php/index.php/User
INFO: [ route_check ] --START--
INFO: CheckRoute Behavior ::run [ RunTime:0.000986s ]
INFO: [ route_check ] --END-- [ RunTime:0.001141s ]
INFO: [ app_begin ] --START--
INFO: ReadHtmlCache Behavior ::run [ RunTime:0.000793s ]
INFO: [ app_begin ] --END-- [ RunTime:0.000920s ]
NOTIC: [8] Undefined variable: group C:\wamp\www\pw\think\Lib\Core\App.class.php 第 95 行.
INFO: [ view_parse ] --START--
NOTIC: [8] Undefined variable: jumpUrl C:\wamp\www\pw\Runtime\Cache\60b097c995f704671e1f8bb98a6247ab.php 第 26 行.
NOTIC: [8] Undefined variable: waitSecond C:\wamp\www\pw\Runtime\Cache\60b097c995f704671e1f8bb98a6247ab.php 第 26 行.
INFO: ParseTemplate Behavior ::run [ RunTime:0.009766s ]
INFO: [ view_parse ] --END-- [ RunTime:0.009924s ]
INFO: [ view_filter ] --START--
INFO: ContentReplace Behavior ::run [ RunTime:0.000523s ]
INFO: TokenBuild Behavior ::run [ RunTime:0.000456s ]
INFO: WriteHtmlCache Behavior ::run [ RunTime:0.000353s ]
INFO: ShowRuntime Behavior ::run [ RunTime:0.000820s ]
INFO: [ view_filter ] --END-- [ RunTime:0.002481s ]
INFO: [ view_end ] --START--
INFO: ShowPageTrace Behavior ::run [ RunTime:0.000638s ]
INFO: [ view_end ] --END-- [ RunTime:0.000743s ]

[ 2013-11-06T22:22:18+08:00 ] 127.0.0.1 /pw/index.php/index.php/User
INFO: [ route_check ] --START--
INFO: CheckRoute Behavior ::run [ RunTime:0.000877s ]
INFO: [ route_check ] --END-- [ RunTime:0.001015s ]
INFO: [ app_begin ] --START--
INFO: ReadHtmlCache Behavior ::run [ RunTime:0.000543s ]
INFO: [ app_begin ] --END-- [ RunTime:0.000641s ]
NOTIC: [8] Undefined variable: group C:\wamp\www\pw\think\Lib\Core\App.class.php 第 95 行.
INFO: [ view_parse ] --START--
NOTIC: [8] Undefined variable: jumpUrl C:\wamp\www\pw\Runtime\Cache\60b097c995f704671e1f8bb98a6247ab.php 第 26 行.
NOTIC: [8] Undefined variable: waitSecond C:\wamp\www\pw\Runtime\Cache\60b097c995f704671e1f8bb98a6247ab.php 第 26 行.
INFO: ParseTemplate Behavior ::run [ RunTime:0.007336s ]
INFO: [ view_parse ] --END-- [ RunTime:0.007434s ]
INFO: [ view_filter ] --START--
INFO: ContentReplace Behavior ::run [ RunTime:0.000377s ]
INFO: TokenBuild Behavior ::run [ RunTime:0.000411s ]
INFO: WriteHtmlCache Behavior ::run [ RunTime:0.000418s ]
INFO: ShowRuntime Behavior ::run [ RunTime:0.000587s ]
INFO: [ view_filter ] --END-- [ RunTime:0.002070s ]
INFO: [ view_end ] --START--
INFO: ShowPageTrace Behavior ::run [ RunTime:0.000687s ]
INFO: [ view_end ] --END-- [ RunTime:0.000792s ]

[ 2013-11-06T22:22:19+08:00 ] 127.0.0.1 /pw/index.php/index.php/Aser
INFO: [ route_check ] --START--
INFO: CheckRoute Behavior ::run [ RunTime:0.000795s ]
INFO: [ route_check ] --END-- [ RunTime:0.000946s ]
INFO: [ app_begin ] --START--
INFO: ReadHtmlCache Behavior ::run [ RunTime:0.000683s ]
INFO: [ app_begin ] --END-- [ RunTime:0.000807s ]
NOTIC: [8] Undefined variable: group C:\wamp\www\pw\think\Lib\Core\App.class.php 第 95 行.
INFO: [ view_parse ] --START--
NOTIC: [8] Undefined variable: jumpUrl C:\wamp\www\pw\Runtime\Cache\60b097c995f704671e1f8bb98a6247ab.php 第 26 行.
NOTIC: [8] Undefined variable: waitSecond C:\wamp\www\pw\Runtime\Cache\60b097c995f704671e1f8bb98a6247ab.php 第 26 行.
INFO: ParseTemplate Behavior ::run [ RunTime:0.006878s ]
INFO: [ view_parse ] --END-- [ RunTime:0.006974s ]
INFO: [ view_filter ] --START--
INFO: ContentReplace Behavior ::run [ RunTime:0.000378s ]
INFO: TokenBuild Behavior ::run [ RunTime:0.000452s ]
INFO: WriteHtmlCache Behavior ::run [ RunTime:0.000283s ]
INFO: ShowRuntime Behavior ::run [ RunTime:0.000544s ]
INFO: [ view_filter ] --END-- [ RunTime:0.001912s ]
INFO: [ view_end ] --START--
INFO: ShowPageTrace Behavior ::run [ RunTime:0.000602s ]
INFO: [ view_end ] --END-- [ RunTime:0.000722s ]

[ 2013-11-06T22:22:20+08:00 ] 127.0.0.1 /pw/index.php/index.php/Aser
INFO: [ route_check ] --START--
INFO: CheckRoute Behavior ::run [ RunTime:0.000709s ]
INFO: [ route_check ] --END-- [ RunTime:0.000834s ]
INFO: [ app_begin ] --START--
INFO: ReadHtmlCache Behavior ::run [ RunTime:0.000557s ]
INFO: [ app_begin ] --END-- [ RunTime:0.000651s ]
NOTIC: [8] Undefined variable: group C:\wamp\www\pw\think\Lib\Core\App.class.php 第 95 行.
INFO: [ view_parse ] --START--
NOTIC: [8] Undefined variable: jumpUrl C:\wamp\www\pw\Runtime\Cache\60b097c995f704671e1f8bb98a6247ab.php 第 26 行.
NOTIC: [8] Undefined variable: waitSecond C:\wamp\www\pw\Runtime\Cache\60b097c995f704671e1f8bb98a6247ab.php 第 26 行.
INFO: ParseTemplate Behavior ::run [ RunTime:0.007234s ]
INFO: [ view_parse ] --END-- [ RunTime:0.007330s ]
INFO: [ view_filter ] --START--
INFO: ContentReplace Behavior ::run [ RunTime:0.000425s ]
INFO: TokenBuild Behavior ::run [ RunTime:0.000396s ]
INFO: WriteHtmlCache Behavior ::run [ RunTime:0.000279s ]
INFO: ShowRuntime Behavior ::run [ RunTime:0.000738s ]
INFO: [ view_filter ] --END-- [ RunTime:0.002135s ]
INFO: [ view_end ] --START--
INFO: ShowPageTrace Behavior ::run [ RunTime:0.000579s ]
INFO: [ view_end ] --END-- [ RunTime:0.000731s ]

[ 2013-11-06T22:22:21+08:00 ] 127.0.0.1 /pw/index.php/index.php/Aser
INFO: [ route_check ] --START--
INFO: CheckRoute Behavior ::run [ RunTime:0.000747s ]
INFO: [ route_check ] --END-- [ RunTime:0.000863s ]
INFO: [ app_begin ] --START--
INFO: ReadHtmlCache Behavior ::run [ RunTime:0.000586s ]
INFO: [ app_begin ] --END-- [ RunTime:0.000706s ]
NOTIC: [8] Undefined variable: group C:\wamp\www\pw\think\Lib\Core\App.class.php 第 95 行.
INFO: [ view_parse ] --START--
NOTIC: [8] Undefined variable: jumpUrl C:\wamp\www\pw\Runtime\Cache\60b097c995f704671e1f8bb98a6247ab.php 第 26 行.
NOTIC: [8] Undefined variable: waitSecond C:\wamp\www\pw\Runtime\Cache\60b097c995f704671e1f8bb98a6247ab.php 第 26 行.
INFO: ParseTemplate Behavior ::run [ RunTime:0.007094s ]
INFO: [ view_parse ] --END-- [ RunTime:0.007189s ]
INFO: [ view_filter ] --START--
INFO: ContentReplace Behavior ::run [ RunTime:0.000410s ]
INFO: TokenBuild Behavior ::run [ RunTime:0.000397s ]
INFO: WriteHtmlCache Behavior ::run [ RunTime:0.000332s ]
INFO: ShowRuntime Behavior ::run [ RunTime:0.000508s ]
INFO: [ view_filter ] --END-- [ RunTime:0.001957s ]
INFO: [ view_end ] --START--
INFO: ShowPageTrace Behavior ::run [ RunTime:0.000680s ]
INFO: [ view_end ] --END-- [ RunTime:0.000836s ]

[ 2013-11-06T22:22:22+08:00 ] 127.0.0.1 /pw/index.php/index.php/Aser
INFO: [ route_check ] --START--
INFO: CheckRoute Behavior ::run [ RunTime:0.000756s ]
INFO: [ route_check ] --END-- [ RunTime:0.000889s ]
INFO: [ app_begin ] --START--
INFO: ReadHtmlCache Behavior ::run [ RunTime:0.000641s ]
INFO: [ app_begin ] --END-- [ RunTime:0.000743s ]
NOTIC: [8] Undefined variable: group C:\wamp\www\pw\think\Lib\Core\App.class.php 第 95 行.
INFO: [ view_parse ] --START--
NOTIC: [8] Undefined variable: jumpUrl C:\wamp\www\pw\Runtime\Cache\60b097c995f704671e1f8bb98a6247ab.php 第 26 行.
NOTIC: [8] Undefined variable: waitSecond C:\wamp\www\pw\Runtime\Cache\60b097c995f704671e1f8bb98a6247ab.php 第 26 行.
INFO: ParseTemplate Behavior ::run [ RunTime:0.007647s ]
INFO: [ view_parse ] --END-- [ RunTime:0.007745s ]
INFO: [ view_filter ] --START--
INFO: ContentReplace Behavior ::run [ RunTime:0.000382s ]
INFO: TokenBuild Behavior ::run [ RunTime:0.000427s ]
INFO: WriteHtmlCache Behavior ::run [ RunTime:0.000280s ]
INFO: ShowRuntime Behavior ::run [ RunTime:0.000540s ]
INFO: [ view_filter ] --END-- [ RunTime:0.001887s ]
INFO: [ view_end ] --START--
INFO: ShowPageTrace Behavior ::run [ RunTime:0.000591s ]
INFO: [ view_end ] --END-- [ RunTime:0.000681s ]

[ 2013-11-06T22:22:23+08:00 ] 127.0.0.1 /pw/index.php/index.php/Aser
INFO: [ route_check ] --START--
INFO: CheckRoute Behavior ::run [ RunTime:0.000999s ]
INFO: [ route_check ] --END-- [ RunTime:0.001137s ]
INFO: [ app_begin ] --START--
INFO: ReadHtmlCache Behavior ::run [ RunTime:0.000600s ]
INFO: [ app_begin ] --END-- [ RunTime:0.000812s ]
NOTIC: [8] Undefined variable: group C:\wamp\www\pw\think\Lib\Core\App.class.php 第 95 行.
INFO: [ view_parse ] --START--
NOTIC: [8] Undefined variable: jumpUrl C:\wamp\www\pw\Runtime\Cache\60b097c995f704671e1f8bb98a6247ab.php 第 26 行.
NOTIC: [8] Undefined variable: waitSecond C:\wamp\www\pw\Runtime\Cache\60b097c995f704671e1f8bb98a6247ab.php 第 26 行.
INFO: ParseTemplate Behavior ::run [ RunTime:0.006952s ]
INFO: [ view_parse ] --END-- [ RunTime:0.007049s ]
INFO: [ view_filter ] --START--
INFO: ContentReplace Behavior ::run [ RunTime:0.000377s ]
INFO: TokenBuild Behavior ::run [ RunTime:0.000417s ]
INFO: WriteHtmlCache Behavior ::run [ RunTime:0.000280s ]
INFO: ShowRuntime Behavior ::run [ RunTime:0.000563s ]
INFO: [ view_filter ] --END-- [ RunTime:0.001946s ]
INFO: [ view_end ] --START--
INFO: ShowPageTrace Behavior ::run [ RunTime:0.000601s ]
INFO: [ view_end ] --END-- [ RunTime:0.000691s ]

[ 2013-11-06T22:22:24+08:00 ] 127.0.0.1 /pw/index.php/index.php/Aser
INFO: [ route_check ] --START--
INFO: CheckRoute Behavior ::run [ RunTime:0.000796s ]
INFO: [ route_check ] --END-- [ RunTime:0.000919s ]
INFO: [ app_begin ] --START--
INFO: ReadHtmlCache Behavior ::run [ RunTime:0.000571s ]
INFO: [ app_begin ] --END-- [ RunTime:0.000666s ]
NOTIC: [8] Undefined variable: group C:\wamp\www\pw\think\Lib\Core\App.class.php 第 95 行.
INFO: [ view_parse ] --START--
NOTIC: [8] Undefined variable: jumpUrl C:\wamp\www\pw\Runtime\Cache\60b097c995f704671e1f8bb98a6247ab.php 第 26 行.
NOTIC: [8] Undefined variable: waitSecond C:\wamp\www\pw\Runtime\Cache\60b097c995f704671e1f8bb98a6247ab.php 第 26 行.
INFO: ParseTemplate Behavior ::run [ RunTime:0.006850s ]
INFO: [ view_parse ] --END-- [ RunTime:0.007005s ]
INFO: [ view_filter ] --START--
INFO: ContentReplace Behavior ::run [ RunTime:0.000397s ]
INFO: TokenBuild Behavior ::run [ RunTime:0.000413s ]
INFO: WriteHtmlCache Behavior ::run [ RunTime:0.000339s ]
INFO: ShowRuntime Behavior ::run [ RunTime:0.000492s ]
INFO: [ view_filter ] --END-- [ RunTime:0.001959s ]
INFO: [ view_end ] --START--
INFO: ShowPageTrace Behavior ::run [ RunTime:0.000671s ]
INFO: [ view_end ] --END-- [ RunTime:0.000769s ]

[ 2013-11-06T22:22:25+08:00 ] 127.0.0.1 /pw/index.php/index.php/Aser
INFO: [ route_check ] --START--
INFO: CheckRoute Behavior ::run [ RunTime:0.000752s ]
INFO: [ route_check ] --END-- [ RunTime:0.000872s ]
INFO: [ app_begin ] --START--
INFO: ReadHtmlCache Behavior ::run [ RunTime:0.000521s ]
INFO: [ app_begin ] --END-- [ RunTime:0.000616s ]
NOTIC: [8] Undefined variable: group C:\wamp\www\pw\think\Lib\Core\App.class.php 第 95 行.
INFO: [ view_parse ] --START--
NOTIC: [8] Undefined variable: jumpUrl C:\wamp\www\pw\Runtime\Cache\60b097c995f704671e1f8bb98a6247ab.php 第 26 行.
NOTIC: [8] Undefined variable: waitSecond C:\wamp\www\pw\Runtime\Cache\60b097c995f704671e1f8bb98a6247ab.php 第 26 行.
INFO: ParseTemplate Behavior ::run [ RunTime:0.006861s ]
INFO: [ view_parse ] --END-- [ RunTime:0.006955s ]
INFO: [ view_filter ] --START--
INFO: ContentReplace Behavior ::run [ RunTime:0.000499s ]
INFO: TokenBuild Behavior ::run [ RunTime:0.000416s ]
INFO: WriteHtmlCache Behavior ::run [ RunTime:0.000325s ]
INFO: ShowRuntime Behavior ::run [ RunTime:0.000550s ]
INFO: [ view_filter ] --END-- [ RunTime:0.002052s ]
INFO: [ view_end ] --START--
INFO: ShowPageTrace Behavior ::run [ RunTime:0.000596s ]
INFO: [ view_end ] --END-- [ RunTime:0.000716s ]

[ 2013-11-06T22:22:26+08:00 ] 127.0.0.1 /pw/index.php/index.php/Aser
INFO: [ route_check ] --START--
INFO: CheckRoute Behavior ::run [ RunTime:0.000703s ]
INFO: [ route_check ] --END-- [ RunTime:0.000817s ]
INFO: [ app_begin ] --START--
INFO: ReadHtmlCache Behavior ::run [ RunTime:0.000524s ]
INFO: [ app_begin ] --END-- [ RunTime:0.000640s ]
NOTIC: [8] Undefined variable: group C:\wamp\www\pw\think\Lib\Core\App.class.php 第 95 行.
INFO: [ view_parse ] --START--
NOTIC: [8] Undefined variable: jumpUrl C:\wamp\www\pw\Runtime\Cache\60b097c995f704671e1f8bb98a6247ab.php 第 26 行.
NOTIC: [8] Undefined variable: waitSecond C:\wamp\www\pw\Runtime\Cache\60b097c995f704671e1f8bb98a6247ab.php 第 26 行.
INFO: ParseTemplate Behavior ::run [ RunTime:0.007575s ]
INFO: [ view_parse ] --END-- [ RunTime:0.007672s ]
INFO: [ view_filter ] --START--
INFO: ContentReplace Behavior ::run [ RunTime:0.000434s ]
INFO: TokenBuild Behavior ::run [ RunTime:0.000579s ]
INFO: WriteHtmlCache Behavior ::run [ RunTime:0.000401s ]
INFO: ShowRuntime Behavior ::run [ RunTime:0.000521s ]
INFO: [ view_filter ] --END-- [ RunTime:0.002300s ]
INFO: [ view_end ] --START--
INFO: ShowPageTrace Behavior ::run [ RunTime:0.000575s ]
INFO: [ view_end ] --END-- [ RunTime:0.000665s ]

[ 2013-11-06T22:22:27+08:00 ] 127.0.0.1 /pw/index.php/User
INFO: [ route_check ] --START--
INFO: CheckRoute Behavior ::run [ RunTime:0.000716s ]
INFO: [ route_check ] --END-- [ RunTime:0.000855s ]
INFO: [ app_begin ] --START--
INFO: ReadHtmlCache Behavior ::run [ RunTime:0.000557s ]
INFO: [ app_begin ] --END-- [ RunTime:0.000652s ]
INFO: [ view_parse ] --START--
INFO: ParseTemplate Behavior ::run [ RunTime:0.024407s ]
INFO: [ view_parse ] --END-- [ RunTime:0.024523s ]
INFO: [ view_filter ] --START--
INFO: ContentReplace Behavior ::run [ RunTime:0.000573s ]
INFO: TokenBuild Behavior ::run [ RunTime:0.000419s ]
INFO: WriteHtmlCache Behavior ::run [ RunTime:0.000353s ]
INFO: ShowRuntime Behavior ::run [ RunTime:0.000485s ]
INFO: [ view_filter ] --END-- [ RunTime:0.002108s ]
INFO: [ view_end ] --START--
INFO: ShowPageTrace Behavior ::run [ RunTime:0.000561s ]
INFO: [ view_end ] --END-- [ RunTime:0.000651s ]

[ 2013-11-06T22:22:27+08:00 ] 127.0.0.1 /pw/index.php/Common/CSS/bootstrap.css
INFO: [ route_check ] --START--
INFO: CheckRoute Behavior ::run [ RunTime:0.000775s ]
INFO: [ route_check ] --END-- [ RunTime:0.000888s ]
INFO: [ app_begin ] --START--
INFO: ReadHtmlCache Behavior ::run [ RunTime:0.000625s ]
INFO: [ app_begin ] --END-- [ RunTime:0.000741s ]
SQL: SHOW COLUMNS FROM `think_config` [ RunTime:0.030666s ]
ERR: 1146:Table 'mysql.think_config' doesn't exist
 [ SQL语句 ] : SHOW COLUMNS FROM `think_config`
SQL: SELECT `name`,`value` FROM `think_config`  [ RunTime:0.009030s ]
ERR: 1146:Table 'mysql.think_config' doesn't exist
 [ SQL语句 ] : SELECT `name`,`value` FROM `think_config` 
NOTIC: [2] array_change_key_case() expects parameter 1 to be array, null given C:\wamp\www\pw\Lib\Action\CommonAction.class.php 第 45 行.
ERR: 非法操作:CSS

[ 2013-11-06T22:22:27+08:00 ] 127.0.0.1 /pw/index.php/Common/CSS/style.css
INFO: [ route_check ] --START--
INFO: CheckRoute Behavior ::run [ RunTime:0.001226s ]
INFO: [ route_check ] --END-- [ RunTime:0.001402s ]
INFO: [ app_begin ] --START--
INFO: ReadHtmlCache Behavior ::run [ RunTime:0.000877s ]
INFO: [ app_begin ] --END-- [ RunTime:0.001024s ]
ERR: 非法操作:CSS

[ 2013-11-06T22:22:28+08:00 ] 127.0.0.1 /pw/index.php/Common/JS/bootstrap.min.js
INFO: [ route_check ] --START--
INFO: CheckRoute Behavior ::run [ RunTime:0.001354s ]
INFO: [ route_check ] --END-- [ RunTime:0.001520s ]
INFO: [ app_begin ] --START--
INFO: ReadHtmlCache Behavior ::run [ RunTime:0.000679s ]
INFO: [ app_begin ] --END-- [ RunTime:0.000794s ]
ERR: 非法操作:JS

[ 2013-11-06T22:22:28+08:00 ] 127.0.0.1 /pw/index.php/Common/JS/jquery-1.7.2.min.js
INFO: [ route_check ] --START--
INFO: CheckRoute Behavior ::run [ RunTime:0.001465s ]
INFO: [ route_check ] --END-- [ RunTime:0.001630s ]
INFO: [ app_begin ] --START--
INFO: ReadHtmlCache Behavior ::run [ RunTime:0.000827s ]
INFO: [ app_begin ] --END-- [ RunTime:0.000943s ]
ERR: 非法操作:JS

[ 2013-11-06T22:22:54+08:00 ] 127.0.0.1 /pw/index.php/User
INFO: [ route_check ] --START--
INFO: CheckRoute Behavior ::run [ RunTime:0.000794s ]
INFO: [ route_check ] --END-- [ RunTime:0.000907s ]
INFO: [ app_begin ] --START--
INFO: ReadHtmlCache Behavior ::run [ RunTime:0.000519s ]
INFO: [ app_begin ] --END-- [ RunTime:0.000612s ]
INFO: [ view_parse ] --START--
INFO: ParseTemplate Behavior ::run [ RunTime:0.008431s ]
INFO: [ view_parse ] --END-- [ RunTime:0.008560s ]
INFO: [ view_filter ] --START--
INFO: ContentReplace Behavior ::run [ RunTime:0.000679s ]
INFO: TokenBuild Behavior ::run [ RunTime:0.000607s ]
INFO: WriteHtmlCache Behavior ::run [ RunTime:0.000520s ]
INFO: ShowRuntime Behavior ::run [ RunTime:0.001080s ]
INFO: [ view_filter ] --END-- [ RunTime:0.003334s ]
INFO: [ view_end ] --START--
INFO: ShowPageTrace Behavior ::run [ RunTime:0.001026s ]
INFO: [ view_end ] --END-- [ RunTime:0.001183s ]

[ 2013-11-06T22:22:54+08:00 ] 127.0.0.1 /pw/index.php/Common/CSS/style.css
INFO: [ route_check ] --START--
INFO: CheckRoute Behavior ::run [ RunTime:0.001181s ]
INFO: [ route_check ] --END-- [ RunTime:0.001374s ]
INFO: [ app_begin ] --START--
INFO: ReadHtmlCache Behavior ::run [ RunTime:0.000885s ]
INFO: [ app_begin ] --END-- [ RunTime:0.001045s ]
ERR: 非法操作:CSS

[ 2013-11-06T22:22:54+08:00 ] 127.0.0.1 /pw/index.php/Common/CSS/bootstrap.css
INFO: [ route_check ] --START--
INFO: CheckRoute Behavior ::run [ RunTime:0.001232s ]
INFO: [ route_check ] --END-- [ RunTime:0.001414s ]
INFO: [ app_begin ] --START--
INFO: ReadHtmlCache Behavior ::run [ RunTime:0.000891s ]
INFO: [ app_begin ] --END-- [ RunTime:0.001053s ]
ERR: 非法操作:CSS

[ 2013-11-06T22:22:54+08:00 ] 127.0.0.1 /pw/index.php/Common/JS/bootstrap.min.js
INFO: [ route_check ] --START--
INFO: CheckRoute Behavior ::run [ RunTime:0.001832s ]
INFO: [ route_check ] --END-- [ RunTime:0.002114s ]
INFO: [ app_begin ] --START--
INFO: ReadHtmlCache Behavior ::run [ RunTime:0.001394s ]
INFO: [ app_begin ] --END-- [ RunTime:0.001642s ]
ERR: 非法操作:JS

[ 2013-11-06T22:22:54+08:00 ] 127.0.0.1 /pw/index.php/Common/JS/jquery-1.7.2.min.js
INFO: [ route_check ] --START--
INFO: CheckRoute Behavior ::run [ RunTime:0.001344s ]
INFO: [ route_check ] --END-- [ RunTime:0.001507s ]
INFO: [ app_begin ] --START--
INFO: ReadHtmlCache Behavior ::run [ RunTime:0.000816s ]
INFO: [ app_begin ] --END-- [ RunTime:0.000966s ]
ERR: 非法操作:JS

[ 2013-11-06T22:22:56+08:00 ] 127.0.0.1 /pw/index.php/User
INFO: [ route_check ] --START--
INFO: CheckRoute Behavior ::run [ RunTime:0.000886s ]
INFO: [ route_check ] --END-- [ RunTime:0.001014s ]
INFO: [ app_begin ] --START--
INFO: ReadHtmlCache Behavior ::run [ RunTime:0.000610s ]
INFO: [ app_begin ] --END-- [ RunTime:0.000731s ]
INFO: [ view_parse ] --START--
INFO: ParseTemplate Behavior ::run [ RunTime:0.006888s ]
INFO: [ view_parse ] --END-- [ RunTime:0.006990s ]
INFO: [ view_filter ] --START--
INFO: ContentReplace Behavior ::run [ RunTime:0.000418s ]
INFO: TokenBuild Behavior ::run [ RunTime:0.000402s ]
INFO: WriteHtmlCache Behavior ::run [ RunTime:0.000404s ]
INFO: ShowRuntime Behavior ::run [ RunTime:0.000490s ]
INFO: [ view_filter ] --END-- [ RunTime:0.001981s ]
INFO: [ view_end ] --START--
INFO: ShowPageTrace Behavior ::run [ RunTime:0.000564s ]
INFO: [ view_end ] --END-- [ RunTime:0.000670s ]

[ 2013-11-06T22:22:56+08:00 ] 127.0.0.1 /pw/index.php/Common/JS/bootstrap.min.js
INFO: [ route_check ] --START--
INFO: CheckRoute Behavior ::run [ RunTime:0.001183s ]
INFO: [ route_check ] --END-- [ RunTime:0.001367s ]
INFO: [ app_begin ] --START--
INFO: ReadHtmlCache Behavior ::run [ RunTime:0.000880s ]
INFO: [ app_begin ] --END-- [ RunTime:0.001040s ]
ERR: 非法操作:JS

[ 2013-11-06T22:22:56+08:00 ] 127.0.0.1 /pw/index.php/Common/JS/jquery-1.7.2.min.js
INFO: [ route_check ] --START--
INFO: CheckRoute Behavior ::run [ RunTime:0.001190s ]
INFO: [ route_check ] --END-- [ RunTime:0.001362s ]
INFO: [ app_begin ] --START--
INFO: ReadHtmlCache Behavior ::run [ RunTime:0.000897s ]
INFO: [ app_begin ] --END-- [ RunTime:0.001055s ]
ERR: 非法操作:JS

[ 2013-11-06T22:22:56+08:00 ] 127.0.0.1 /pw/index.php/Common/CSS/style.css
INFO: [ route_check ] --START--
INFO: CheckRoute Behavior ::run [ RunTime:0.001187s ]
INFO: [ route_check ] --END-- [ RunTime:0.001360s ]
INFO: [ app_begin ] --START--
INFO: ReadHtmlCache Behavior ::run [ RunTime:0.000925s ]
INFO: [ app_begin ] --END-- [ RunTime:0.001092s ]
ERR: 非法操作:CSS

[ 2013-11-06T22:22:56+08:00 ] 127.0.0.1 /pw/index.php/Common/CSS/bootstrap.css
INFO: [ route_check ] --START--
INFO: CheckRoute Behavior ::run [ RunTime:0.001189s ]
INFO: [ route_check ] --END-- [ RunTime:0.001363s ]
INFO: [ app_begin ] --START--
INFO: ReadHtmlCache Behavior ::run [ RunTime:0.000886s ]
INFO: [ app_begin ] --END-- [ RunTime:0.001046s ]
ERR: 非法操作:CSS

[ 2013-11-06T22:22:56+08:00 ] 127.0.0.1 /pw/index.php/User
INFO: [ route_check ] --START--
INFO: CheckRoute Behavior ::run [ RunTime:0.001094s ]
INFO: [ route_check ] --END-- [ RunTime:0.001261s ]
INFO: [ app_begin ] --START--
INFO: ReadHtmlCache Behavior ::run [ RunTime:0.000680s ]
INFO: [ app_begin ] --END-- [ RunTime:0.000804s ]
INFO: [ view_parse ] --START--
INFO: ParseTemplate Behavior ::run [ RunTime:0.007976s ]
INFO: [ view_parse ] --END-- [ RunTime:0.008087s ]
INFO: [ view_filter ] --START--
INFO: ContentReplace Behavior ::run [ RunTime:0.000518s ]
INFO: TokenBuild Behavior ::run [ RunTime:0.000403s ]
INFO: WriteHtmlCache Behavior ::run [ RunTime:0.000284s ]
INFO: ShowRuntime Behavior ::run [ RunTime:0.000496s ]
INFO: [ view_filter ] --END-- [ RunTime:0.002078s ]
INFO: [ view_end ] --START--
INFO: ShowPageTrace Behavior ::run [ RunTime:0.000796s ]
INFO: [ view_end ] --END-- [ RunTime:0.000887s ]

[ 2013-11-06T22:22:56+08:00 ] 127.0.0.1 /pw/index.php/Common/CSS/style.css
INFO: [ route_check ] --START--
INFO: CheckRoute Behavior ::run [ RunTime:0.001167s ]
INFO: [ route_check ] --END-- [ RunTime:0.001351s ]
INFO: [ app_begin ] --START--
INFO: ReadHtmlCache Behavior ::run [ RunTime:0.000875s ]
INFO: [ app_begin ] --END-- [ RunTime:0.001035s ]
ERR: 非法操作:CSS

[ 2013-11-06T22:22:56+08:00 ] 127.0.0.1 /pw/index.php/Common/JS/jquery-1.7.2.min.js
INFO: [ route_check ] --START--
INFO: CheckRoute Behavior ::run [ RunTime:0.001159s ]
INFO: [ route_check ] --END-- [ RunTime:0.001334s ]
INFO: [ app_begin ] --START--
INFO: ReadHtmlCache Behavior ::run [ RunTime:0.000837s ]
INFO: [ app_begin ] --END-- [ RunTime:0.000990s ]
ERR: 非法操作:JS

[ 2013-11-06T22:22:56+08:00 ] 127.0.0.1 /pw/index.php/Common/CSS/bootstrap.css
INFO: [ route_check ] --START--
INFO: CheckRoute Behavior ::run [ RunTime:0.001704s ]
INFO: [ route_check ] --END-- [ RunTime:0.001971s ]
INFO: [ app_begin ] --START--
INFO: ReadHtmlCache Behavior ::run [ RunTime:0.001223s ]
INFO: [ app_begin ] --END-- [ RunTime:0.001425s ]
ERR: 非法操作:CSS

[ 2013-11-06T22:22:56+08:00 ] 127.0.0.1 /pw/index.php/Common/JS/bootstrap.min.js
INFO: [ route_check ] --START--
INFO: CheckRoute Behavior ::run [ RunTime:0.001541s ]
INFO: [ route_check ] --END-- [ RunTime:0.001753s ]
INFO: [ app_begin ] --START--
INFO: ReadHtmlCache Behavior ::run [ RunTime:0.000663s ]
INFO: [ app_begin ] --END-- [ RunTime:0.000911s ]
ERR: 非法操作:JS

