[ 2013-10-29T21:27:26+08:00 ] 127.0.0.1 /pw/
INFO: [ app_begin ] --START--
INFO: ReadHtmlCache Behavior ::run [ RunTime:0.003338s ]
INFO: [ app_begin ] --END-- [ RunTime:0.017562s ]
INFO: [ view_parse ] --START--
INFO: ParseTemplate Behavior ::run [ RunTime:0.003405s ]
INFO: [ view_parse ] --END-- [ RunTime:0.003517s ]
INFO: [ view_filter ] --START--
NOTIC: [8] Use of undefined constant APP_TMPL_PATH - assumed 'APP_TMPL_PATH' C:\wamp\www\pw\think\Lib\Behavior\ContentReplaceBehavior.class.php 第 40 行.
NOTIC: [8] Use of undefined constant APP_TMPL_PATH - assumed 'APP_TMPL_PATH' C:\wamp\www\pw\think\Lib\Behavior\ContentReplaceBehavior.class.php 第 47 行.
INFO: ContentReplace Behavior ::run [ RunTime:0.001477s ]
INFO: TokenBuild Behavior ::run [ RunTime:0.001097s ]
INFO: WriteHtmlCache Behavior ::run [ RunTime:0.000975s ]
INFO: ShowRuntime Behavior ::run [ RunTime:0.001569s ]
INFO: [ view_filter ] --END-- [ RunTime:0.005480s ]
INFO: [ view_end ] --START--
INFO: ShowPageTrace Behavior ::run [ RunTime:0.001391s ]
INFO: [ view_end ] --END-- [ RunTime:0.001502s ]

[ 2013-10-29T21:27:35+08:00 ] 127.0.0.1 /pw/?m=User
INFO: [ app_begin ] --START--
INFO: ReadHtmlCache Behavior ::run [ RunTime:0.000557s ]
INFO: [ app_begin ] --END-- [ RunTime:0.000670s ]
INFO: [ view_parse ] --START--
INFO: ParseTemplate Behavior ::run [ RunTime:0.182231s ]
INFO: [ view_parse ] --END-- [ RunTime:0.182418s ]
INFO: [ view_filter ] --START--
INFO: ContentReplace Behavior ::run [ RunTime:0.000769s ]
INFO: TokenBuild Behavior ::run [ RunTime:0.000739s ]
INFO: WriteHtmlCache Behavior ::run [ RunTime:0.000387s ]
INFO: ShowRuntime Behavior ::run [ RunTime:0.000679s ]
INFO: [ view_filter ] --END-- [ RunTime:0.003044s ]
INFO: [ view_end ] --START--
INFO: ShowPageTrace Behavior ::run [ RunTime:0.000779s ]
INFO: [ view_end ] --END-- [ RunTime:0.000889s ]

[ 2013-10-29T21:28:16+08:00 ] 127.0.0.1 /pw/?m=User
INFO: [ app_begin ] --START--
INFO: ReadHtmlCache Behavior ::run [ RunTime:0.001134s ]
INFO: [ app_begin ] --END-- [ RunTime:0.001291s ]
INFO: [ view_parse ] --START--
INFO: ParseTemplate Behavior ::run [ RunTime:0.012615s ]
INFO: [ view_parse ] --END-- [ RunTime:0.012788s ]
INFO: [ view_filter ] --START--
INFO: ContentReplace Behavior ::run [ RunTime:0.000711s ]
INFO: TokenBuild Behavior ::run [ RunTime:0.000701s ]
INFO: WriteHtmlCache Behavior ::run [ RunTime:0.000555s ]
INFO: ShowRuntime Behavior ::run [ RunTime:0.001173s ]
INFO: [ view_filter ] --END-- [ RunTime:0.003556s ]
INFO: [ view_end ] --START--
INFO: ShowPageTrace Behavior ::run [ RunTime:0.000834s ]
INFO: [ view_end ] --END-- [ RunTime:0.000974s ]

[ 2013-10-29T21:28:30+08:00 ] 127.0.0.1 /pw/index.php
INFO: [ app_begin ] --START--
INFO: ReadHtmlCache Behavior ::run [ RunTime:0.000602s ]
INFO: [ app_begin ] --END-- [ RunTime:0.000713s ]
INFO: [ view_parse ] --START--
INFO: ParseTemplate Behavior ::run [ RunTime:0.001129s ]
INFO: [ view_parse ] --END-- [ RunTime:0.001259s ]
INFO: [ view_filter ] --START--
NOTIC: [8] Use of undefined constant APP_TMPL_PATH - assumed 'APP_TMPL_PATH' C:\wamp\www\pw\think\Lib\Behavior\ContentReplaceBehavior.class.php 第 40 行.
NOTIC: [8] Use of undefined constant APP_TMPL_PATH - assumed 'APP_TMPL_PATH' C:\wamp\www\pw\think\Lib\Behavior\ContentReplaceBehavior.class.php 第 47 行.
INFO: ContentReplace Behavior ::run [ RunTime:0.000557s ]
INFO: TokenBuild Behavior ::run [ RunTime:0.000456s ]
INFO: WriteHtmlCache Behavior ::run [ RunTime:0.000299s ]
INFO: ShowRuntime Behavior ::run [ RunTime:0.000744s ]
INFO: [ view_filter ] --END-- [ RunTime:0.002333s ]
INFO: [ view_end ] --START--
INFO: ShowPageTrace Behavior ::run [ RunTime:0.000743s ]
INFO: [ view_end ] --END-- [ RunTime:0.000845s ]

[ 2013-10-29T21:28:52+08:00 ] 127.0.0.1 /pw/?m=Index
INFO: [ app_begin ] --START--
INFO: ReadHtmlCache Behavior ::run [ RunTime:0.001766s ]
INFO: [ app_begin ] --END-- [ RunTime:0.002033s ]
INFO: [ view_parse ] --START--
INFO: ParseTemplate Behavior ::run [ RunTime:0.002079s ]
INFO: [ view_parse ] --END-- [ RunTime:0.002270s ]
INFO: [ view_filter ] --START--
NOTIC: [8] Use of undefined constant APP_TMPL_PATH - assumed 'APP_TMPL_PATH' C:\wamp\www\pw\think\Lib\Behavior\ContentReplaceBehavior.class.php 第 40 行.
NOTIC: [8] Use of undefined constant APP_TMPL_PATH - assumed 'APP_TMPL_PATH' C:\wamp\www\pw\think\Lib\Behavior\ContentReplaceBehavior.class.php 第 47 行.
INFO: ContentReplace Behavior ::run [ RunTime:0.000984s ]
INFO: TokenBuild Behavior ::run [ RunTime:0.001232s ]
INFO: WriteHtmlCache Behavior ::run [ RunTime:0.000969s ]
INFO: ShowRuntime Behavior ::run [ RunTime:0.001310s ]
INFO: [ view_filter ] --END-- [ RunTime:0.005113s ]
INFO: [ view_end ] --START--
INFO: ShowPageTrace Behavior ::run [ RunTime:0.001333s ]
INFO: [ view_end ] --END-- [ RunTime:0.001519s ]

[ 2013-10-29T21:29:31+08:00 ] 127.0.0.1 /pw/?m=Index
INFO: [ app_begin ] --START--
INFO: ReadHtmlCache Behavior ::run [ RunTime:0.000799s ]
INFO: [ app_begin ] --END-- [ RunTime:0.000943s ]

[ 2013-10-29T21:29:41+08:00 ] 127.0.0.1 /pw/?m=Index
INFO: [ app_begin ] --START--
INFO: ReadHtmlCache Behavior ::run [ RunTime:0.000737s ]
INFO: [ app_begin ] --END-- [ RunTime:0.000862s ]
INFO: [ view_parse ] --START--
INFO: ParseTemplate Behavior ::run [ RunTime:0.010331s ]
INFO: [ view_parse ] --END-- [ RunTime:0.010572s ]
INFO: [ view_filter ] --START--
INFO: ContentReplace Behavior ::run [ RunTime:0.000511s ]
INFO: TokenBuild Behavior ::run [ RunTime:0.000590s ]
INFO: WriteHtmlCache Behavior ::run [ RunTime:0.000323s ]
INFO: ShowRuntime Behavior ::run [ RunTime:0.000688s ]
INFO: [ view_filter ] --END-- [ RunTime:0.002408s ]
INFO: [ view_end ] --START--
INFO: ShowPageTrace Behavior ::run [ RunTime:0.000829s ]
INFO: [ view_end ] --END-- [ RunTime:0.000926s ]

[ 2013-10-29T21:48:13+08:00 ] 127.0.0.1 /pw/?m=User
INFO: [ app_begin ] --START--
INFO: ReadHtmlCache Behavior ::run [ RunTime:0.001017s ]
INFO: [ app_begin ] --END-- [ RunTime:0.001178s ]
INFO: [ view_parse ] --START--
INFO: ParseTemplate Behavior ::run [ RunTime:0.009230s ]
INFO: [ view_parse ] --END-- [ RunTime:0.009345s ]
INFO: [ view_filter ] --START--
INFO: ContentReplace Behavior ::run [ RunTime:0.000714s ]
INFO: TokenBuild Behavior ::run [ RunTime:0.000569s ]
INFO: WriteHtmlCache Behavior ::run [ RunTime:0.000371s ]
INFO: ShowRuntime Behavior ::run [ RunTime:0.000738s ]
INFO: [ view_filter ] --END-- [ RunTime:0.002690s ]
INFO: [ view_end ] --START--
INFO: ShowPageTrace Behavior ::run [ RunTime:0.001090s ]
INFO: [ view_end ] --END-- [ RunTime:0.001237s ]

