[ 2013-11-22T00:01:17+08:00 ] 127.0.0.1 /pw/
INFO: [ app_begin ] --START--
INFO: ReadHtmlCache Behavior ::run [ RunTime:0.000680s ]
INFO: [ app_begin ] --END-- [ RunTime:0.000787s ]
INFO: [ view_parse ] --START--
INFO: ParseTemplate Behavior ::run [ RunTime:0.009361s ]
INFO: [ view_parse ] --END-- [ RunTime:0.009512s ]
INFO: [ view_filter ] --START--
INFO: ContentReplace Behavior ::run [ RunTime:0.000489s ]
INFO: TokenBuild Behavior ::run [ RunTime:0.000471s ]
INFO: WriteHtmlCache Behavior ::run [ RunTime:0.000322s ]
INFO: ShowRuntime Behavior ::run [ RunTime:0.000574s ]
INFO: [ view_filter ] --END-- [ RunTime:0.002107s ]
INFO: [ view_end ] --START--
INFO: ShowPageTrace Behavior ::run [ RunTime:0.000635s ]
INFO: [ view_end ] --END-- [ RunTime:0.000727s ]

[ 2013-11-22T00:01:29+08:00 ] 127.0.0.1 /pw/?m=Index&&a=checkActive
INFO: [ app_begin ] --START--
INFO: ReadHtmlCache Behavior ::run [ RunTime:0.000838s ]
INFO: [ app_begin ] --END-- [ RunTime:0.000931s ]
SQL: SHOW COLUMNS FROM `activenumber` [ RunTime:0.002768s ]
SQL: SELECT * FROM `activenumber` WHERE ( number='125756549879' ) LIMIT 1   [ RunTime:0.000451s ]

[ 2013-11-22T00:01:38+08:00 ] 127.0.0.1 /pw/?m=Index&&a=checkActive
INFO: [ app_begin ] --START--
INFO: ReadHtmlCache Behavior ::run [ RunTime:0.001012s ]
INFO: [ app_begin ] --END-- [ RunTime:0.001124s ]
SQL: SHOW COLUMNS FROM `activenumber` [ RunTime:0.002752s ]
SQL: SELECT * FROM `activenumber` WHERE ( number='259281458824' ) LIMIT 1   [ RunTime:0.000363s ]

[ 2013-11-22T00:01:39+08:00 ] 127.0.0.1 /pw/?m=Index&&a=buy
INFO: [ app_begin ] --START--
INFO: ReadHtmlCache Behavior ::run [ RunTime:0.000727s ]
INFO: [ app_begin ] --END-- [ RunTime:0.000824s ]
NOTIC: [8192] Function ereg() is deprecated C:\wamp\www\pw\Lib\Action\IndexAction.class.php 第 58 行.
NOTIC: [8192] Function ereg() is deprecated C:\wamp\www\pw\Lib\Action\IndexAction.class.php 第 58 行.
NOTIC: [8192] Function ereg() is deprecated C:\wamp\www\pw\Lib\Action\IndexAction.class.php 第 58 行.
NOTIC: [8192] Function ereg() is deprecated C:\wamp\www\pw\Lib\Action\IndexAction.class.php 第 58 行.
NOTIC: [8192] Function ereg() is deprecated C:\wamp\www\pw\Lib\Action\IndexAction.class.php 第 58 行.
NOTIC: [8192] Function ereg() is deprecated C:\wamp\www\pw\Lib\Action\IndexAction.class.php 第 58 行.
SQL: SHOW COLUMNS FROM `reservationlist` [ RunTime:0.002461s ]
SQL: INSERT INTO `reservationlist` (`name`,`tel`,`idcard`,`playdate`,`playercount`,`playerid`) VALUES ('刘剑锋','13126620104','220822199203067357','2013-11-13',1,'[\"259281458824\"]') [ RunTime:0.004047s ]

[ 2013-11-22T00:04:24+08:00 ] 127.0.0.1 /pw/?m=Index&&a=buy
INFO: [ app_begin ] --START--
INFO: ReadHtmlCache Behavior ::run [ RunTime:0.000925s ]
INFO: [ app_begin ] --END-- [ RunTime:0.001031s ]
NOTIC: [8192] Function ereg() is deprecated C:\wamp\www\pw\Lib\Action\IndexAction.class.php 第 58 行.
NOTIC: [8192] Function ereg() is deprecated C:\wamp\www\pw\Lib\Action\IndexAction.class.php 第 58 行.
NOTIC: [8192] Function ereg() is deprecated C:\wamp\www\pw\Lib\Action\IndexAction.class.php 第 58 行.
NOTIC: [8192] Function ereg() is deprecated C:\wamp\www\pw\Lib\Action\IndexAction.class.php 第 58 行.
NOTIC: [8192] Function ereg() is deprecated C:\wamp\www\pw\Lib\Action\IndexAction.class.php 第 58 行.
NOTIC: [8192] Function ereg() is deprecated C:\wamp\www\pw\Lib\Action\IndexAction.class.php 第 58 行.
SQL: SHOW COLUMNS FROM `reservationlist` [ RunTime:0.002992s ]
SQL: INSERT INTO `reservationlist` (`name`,`tel`,`idcard`,`playdate`,`playercount`,`playerid`) VALUES ('刘剑锋','13126620104','220822199203067357','2013-11-13',1,'[\"259281458824\"]') [ RunTime:0.002780s ]

[ 2013-11-22T00:13:07+08:00 ] 127.0.0.1 /pw/?m=Index&&a=buy
INFO: [ app_begin ] --START--
INFO: ReadHtmlCache Behavior ::run [ RunTime:0.000781s ]
INFO: [ app_begin ] --END-- [ RunTime:0.000876s ]

[ 2013-11-22T00:17:41+08:00 ] 127.0.0.1 /pw/?m=Index&&a=buy
INFO: [ app_begin ] --START--
INFO: ReadHtmlCache Behavior ::run [ RunTime:0.000742s ]
INFO: [ app_begin ] --END-- [ RunTime:0.000851s ]
NOTIC: [8192] Function ereg() is deprecated C:\wamp\www\pw\Lib\Action\IndexAction.class.php 第 61 行.
NOTIC: [8192] Function ereg() is deprecated C:\wamp\www\pw\Lib\Action\IndexAction.class.php 第 61 行.
NOTIC: [8192] Function ereg() is deprecated C:\wamp\www\pw\Lib\Action\IndexAction.class.php 第 61 行.
NOTIC: [8192] Function ereg() is deprecated C:\wamp\www\pw\Lib\Action\IndexAction.class.php 第 61 行.
NOTIC: [8192] Function ereg() is deprecated C:\wamp\www\pw\Lib\Action\IndexAction.class.php 第 61 行.
NOTIC: [8192] Function ereg() is deprecated C:\wamp\www\pw\Lib\Action\IndexAction.class.php 第 61 行.
NOTIC: [8] Use of undefined constant i - assumed 'i' C:\wamp\www\pw\Lib\Action\IndexAction.class.php 第 18 行.
NOTIC: [8] Undefined index: i C:\wamp\www\pw\Lib\Action\IndexAction.class.php 第 18 行.
SQL: SHOW COLUMNS FROM `activenumber` [ RunTime:0.002940s ]
SQL: SELECT * FROM `activenumber` WHERE ( number='' ) LIMIT 1   [ RunTime:0.000406s ]

[ 2013-11-22T00:17:45+08:00 ] 127.0.0.1 /pw/?m=Index&&a=checkActive
INFO: [ app_begin ] --START--
INFO: ReadHtmlCache Behavior ::run [ RunTime:0.000713s ]
INFO: [ app_begin ] --END-- [ RunTime:0.000832s ]
SQL: SHOW COLUMNS FROM `activenumber` [ RunTime:0.002522s ]
SQL: SELECT * FROM `activenumber` WHERE ( number='259281458824' ) LIMIT 1   [ RunTime:0.000368s ]

[ 2013-11-22T00:18:05+08:00 ] 127.0.0.1 /pw/?m=Index&&a=buy
INFO: [ app_begin ] --START--
INFO: ReadHtmlCache Behavior ::run [ RunTime:0.001188s ]
INFO: [ app_begin ] --END-- [ RunTime:0.001348s ]
NOTIC: [8192] Function ereg() is deprecated C:\wamp\www\pw\Lib\Action\IndexAction.class.php 第 61 行.
NOTIC: [8192] Function ereg() is deprecated C:\wamp\www\pw\Lib\Action\IndexAction.class.php 第 61 行.
NOTIC: [8192] Function ereg() is deprecated C:\wamp\www\pw\Lib\Action\IndexAction.class.php 第 61 行.
NOTIC: [8192] Function ereg() is deprecated C:\wamp\www\pw\Lib\Action\IndexAction.class.php 第 61 行.
NOTIC: [8192] Function ereg() is deprecated C:\wamp\www\pw\Lib\Action\IndexAction.class.php 第 61 行.
NOTIC: [8192] Function ereg() is deprecated C:\wamp\www\pw\Lib\Action\IndexAction.class.php 第 61 行.
NOTIC: [8] Use of undefined constant i - assumed 'i' C:\wamp\www\pw\Lib\Action\IndexAction.class.php 第 18 行.
NOTIC: [8] Undefined index: i C:\wamp\www\pw\Lib\Action\IndexAction.class.php 第 18 行.
SQL: SHOW COLUMNS FROM `activenumber` [ RunTime:0.002289s ]
SQL: SELECT * FROM `activenumber` WHERE ( number='' ) LIMIT 1   [ RunTime:0.000309s ]

[ 2013-11-22T00:19:15+08:00 ] 127.0.0.1 /pw/?m=Index&&a=buy
INFO: [ app_begin ] --START--
INFO: ReadHtmlCache Behavior ::run [ RunTime:0.000900s ]
INFO: [ app_begin ] --END-- [ RunTime:0.001000s ]
NOTIC: [8192] Function ereg() is deprecated C:\wamp\www\pw\Lib\Action\IndexAction.class.php 第 62 行.
NOTIC: [8192] Function ereg() is deprecated C:\wamp\www\pw\Lib\Action\IndexAction.class.php 第 62 行.
NOTIC: [8192] Function ereg() is deprecated C:\wamp\www\pw\Lib\Action\IndexAction.class.php 第 62 行.
NOTIC: [8192] Function ereg() is deprecated C:\wamp\www\pw\Lib\Action\IndexAction.class.php 第 62 行.
NOTIC: [8192] Function ereg() is deprecated C:\wamp\www\pw\Lib\Action\IndexAction.class.php 第 62 行.
NOTIC: [8192] Function ereg() is deprecated C:\wamp\www\pw\Lib\Action\IndexAction.class.php 第 62 行.
NOTIC: [8] Use of undefined constant i - assumed 'i' C:\wamp\www\pw\Lib\Action\IndexAction.class.php 第 18 行.
NOTIC: [8] Undefined index: i C:\wamp\www\pw\Lib\Action\IndexAction.class.php 第 18 行.
SQL: SHOW COLUMNS FROM `activenumber` [ RunTime:0.002669s ]
SQL: SELECT * FROM `activenumber` WHERE ( number='' ) LIMIT 1   [ RunTime:0.000352s ]

[ 2013-11-22T00:19:26+08:00 ] 127.0.0.1 /pw/?m=Index&&a=buy
INFO: [ app_begin ] --START--
INFO: ReadHtmlCache Behavior ::run [ RunTime:0.000900s ]
INFO: [ app_begin ] --END-- [ RunTime:0.001093s ]
NOTIC: [8192] Function ereg() is deprecated C:\wamp\www\pw\Lib\Action\IndexAction.class.php 第 62 行.
NOTIC: [8192] Function ereg() is deprecated C:\wamp\www\pw\Lib\Action\IndexAction.class.php 第 62 行.
NOTIC: [8192] Function ereg() is deprecated C:\wamp\www\pw\Lib\Action\IndexAction.class.php 第 62 行.
NOTIC: [8192] Function ereg() is deprecated C:\wamp\www\pw\Lib\Action\IndexAction.class.php 第 62 行.
NOTIC: [8192] Function ereg() is deprecated C:\wamp\www\pw\Lib\Action\IndexAction.class.php 第 62 行.
NOTIC: [8192] Function ereg() is deprecated C:\wamp\www\pw\Lib\Action\IndexAction.class.php 第 62 行.
NOTIC: [8] Use of undefined constant i - assumed 'i' C:\wamp\www\pw\Lib\Action\IndexAction.class.php 第 18 行.
NOTIC: [8] Undefined index: i C:\wamp\www\pw\Lib\Action\IndexAction.class.php 第 18 行.
SQL: SHOW COLUMNS FROM `activenumber` [ RunTime:0.002291s ]
SQL: SELECT * FROM `activenumber` WHERE ( number='' ) LIMIT 1   [ RunTime:0.000280s ]

[ 2013-11-22T00:19:53+08:00 ] 127.0.0.1 /pw/?m=Index&&a=buy
INFO: [ app_begin ] --START--
INFO: ReadHtmlCache Behavior ::run [ RunTime:0.000775s ]
INFO: [ app_begin ] --END-- [ RunTime:0.000897s ]
NOTIC: [8192] Function ereg() is deprecated C:\wamp\www\pw\Lib\Action\IndexAction.class.php 第 62 行.
NOTIC: [8192] Function ereg() is deprecated C:\wamp\www\pw\Lib\Action\IndexAction.class.php 第 62 行.
NOTIC: [8192] Function ereg() is deprecated C:\wamp\www\pw\Lib\Action\IndexAction.class.php 第 62 行.
NOTIC: [8192] Function ereg() is deprecated C:\wamp\www\pw\Lib\Action\IndexAction.class.php 第 62 行.
NOTIC: [8192] Function ereg() is deprecated C:\wamp\www\pw\Lib\Action\IndexAction.class.php 第 62 行.
NOTIC: [8192] Function ereg() is deprecated C:\wamp\www\pw\Lib\Action\IndexAction.class.php 第 62 行.
NOTIC: [8] Use of undefined constant i - assumed 'i' C:\wamp\www\pw\Lib\Action\IndexAction.class.php 第 18 行.
NOTIC: [8] Undefined index: i C:\wamp\www\pw\Lib\Action\IndexAction.class.php 第 18 行.
SQL: SHOW COLUMNS FROM `activenumber` [ RunTime:0.002773s ]
SQL: SELECT * FROM `activenumber` WHERE ( number='' ) LIMIT 1   [ RunTime:0.000431s ]

[ 2013-11-22T23:01:38+08:00 ] 127.0.0.1 /pw/?m=Admin
INFO: [ app_begin ] --START--
INFO: ReadHtmlCache Behavior ::run [ RunTime:0.004897s ]
INFO: [ app_begin ] --END-- [ RunTime:0.018067s ]
INFO: [ view_parse ] --START--
INFO: ParseTemplate Behavior ::run [ RunTime:0.050350s ]
INFO: [ view_parse ] --END-- [ RunTime:0.050530s ]
INFO: [ view_filter ] --START--
INFO: ContentReplace Behavior ::run [ RunTime:0.001644s ]
INFO: TokenBuild Behavior ::run [ RunTime:0.001526s ]
INFO: WriteHtmlCache Behavior ::run [ RunTime:0.002200s ]
INFO: ShowRuntime Behavior ::run [ RunTime:0.002030s ]
INFO: [ view_filter ] --END-- [ RunTime:0.007870s ]
INFO: [ view_end ] --START--
INFO: ShowPageTrace Behavior ::run [ RunTime:0.001955s ]
INFO: [ view_end ] --END-- [ RunTime:0.002123s ]

[ 2013-11-22T23:01:40+08:00 ] 127.0.0.1 /pw/
INFO: [ app_begin ] --START--
INFO: ReadHtmlCache Behavior ::run [ RunTime:0.000660s ]
INFO: [ app_begin ] --END-- [ RunTime:0.000826s ]
INFO: [ view_parse ] --START--
INFO: ParseTemplate Behavior ::run [ RunTime:0.028771s ]
INFO: [ view_parse ] --END-- [ RunTime:0.029024s ]
INFO: [ view_filter ] --START--
INFO: ContentReplace Behavior ::run [ RunTime:0.001079s ]
INFO: TokenBuild Behavior ::run [ RunTime:0.000978s ]
INFO: WriteHtmlCache Behavior ::run [ RunTime:0.000709s ]
INFO: ShowRuntime Behavior ::run [ RunTime:0.001232s ]
INFO: [ view_filter ] --END-- [ RunTime:0.004558s ]
INFO: [ view_end ] --START--
INFO: ShowPageTrace Behavior ::run [ RunTime:0.001393s ]
INFO: [ view_end ] --END-- [ RunTime:0.001599s ]

[ 2013-11-22T23:25:11+08:00 ] 127.0.0.1 /pw/?m=Index&&a=checkActive
INFO: [ app_begin ] --START--
INFO: ReadHtmlCache Behavior ::run [ RunTime:0.001043s ]
INFO: [ app_begin ] --END-- [ RunTime:0.001193s ]
SQL: SHOW COLUMNS FROM `activenumber` [ RunTime:0.016449s ]
SQL: SELECT * FROM `activenumber` WHERE ( number='125756549879' ) LIMIT 1   [ RunTime:0.000341s ]

[ 2013-11-22T23:25:11+08:00 ] 127.0.0.1 /pw/?m=Index&&a=checkActive
INFO: [ app_begin ] --START--
INFO: ReadHtmlCache Behavior ::run [ RunTime:0.000865s ]
INFO: [ app_begin ] --END-- [ RunTime:0.000974s ]
SQL: SHOW COLUMNS FROM `activenumber` [ RunTime:0.002539s ]
SQL: SELECT * FROM `activenumber` WHERE ( number='125756549879' ) LIMIT 1   [ RunTime:0.000459s ]

[ 2013-11-22T23:25:14+08:00 ] 127.0.0.1 /pw/?m=Index&&a=checkActive
INFO: [ app_begin ] --START--
INFO: ReadHtmlCache Behavior ::run [ RunTime:0.000549s ]
INFO: [ app_begin ] --END-- [ RunTime:0.000647s ]
SQL: SHOW COLUMNS FROM `activenumber` [ RunTime:0.002242s ]
SQL: SELECT * FROM `activenumber` WHERE ( number='125756549879' ) LIMIT 1   [ RunTime:0.000355s ]

[ 2013-11-22T23:25:25+08:00 ] 127.0.0.1 /pw/?m=Index&&a=checkActive
INFO: [ app_begin ] --START--
INFO: ReadHtmlCache Behavior ::run [ RunTime:0.000867s ]
INFO: [ app_begin ] --END-- [ RunTime:0.001023s ]
SQL: SHOW COLUMNS FROM `activenumber` [ RunTime:0.002714s ]
SQL: SELECT * FROM `activenumber` WHERE ( number='347629999996' ) LIMIT 1   [ RunTime:0.000392s ]

[ 2013-11-22T23:25:26+08:00 ] 127.0.0.1 /pw/?m=Index&&a=buy
INFO: [ app_begin ] --START--
INFO: ReadHtmlCache Behavior ::run [ RunTime:0.000795s ]
INFO: [ app_begin ] --END-- [ RunTime:0.000927s ]
NOTIC: [8192] Function ereg() is deprecated C:\wamp\www\pw\Lib\Action\IndexAction.class.php 第 62 行.
NOTIC: [8192] Function ereg() is deprecated C:\wamp\www\pw\Lib\Action\IndexAction.class.php 第 62 行.
NOTIC: [8192] Function ereg() is deprecated C:\wamp\www\pw\Lib\Action\IndexAction.class.php 第 62 行.
NOTIC: [8192] Function ereg() is deprecated C:\wamp\www\pw\Lib\Action\IndexAction.class.php 第 62 行.
NOTIC: [8192] Function ereg() is deprecated C:\wamp\www\pw\Lib\Action\IndexAction.class.php 第 62 行.
NOTIC: [8192] Function ereg() is deprecated C:\wamp\www\pw\Lib\Action\IndexAction.class.php 第 62 行.
NOTIC: [8] Use of undefined constant i - assumed 'i' C:\wamp\www\pw\Lib\Action\IndexAction.class.php 第 18 行.
NOTIC: [8] Undefined index: i C:\wamp\www\pw\Lib\Action\IndexAction.class.php 第 18 行.
SQL: SHOW COLUMNS FROM `activenumber` [ RunTime:0.002471s ]
SQL: SELECT * FROM `activenumber` WHERE ( number='' ) LIMIT 1   [ RunTime:0.000476s ]

[ 2013-11-22T23:27:48+08:00 ] 127.0.0.1 /pw/?m=Index&&a=buy
INFO: [ app_begin ] --START--
INFO: ReadHtmlCache Behavior ::run [ RunTime:0.000695s ]
INFO: [ app_begin ] --END-- [ RunTime:0.000791s ]
NOTIC: [8192] Function ereg() is deprecated C:\wamp\www\pw\Lib\Action\IndexAction.class.php 第 62 行.
NOTIC: [8192] Function ereg() is deprecated C:\wamp\www\pw\Lib\Action\IndexAction.class.php 第 62 行.
NOTIC: [8192] Function ereg() is deprecated C:\wamp\www\pw\Lib\Action\IndexAction.class.php 第 62 行.
NOTIC: [8192] Function ereg() is deprecated C:\wamp\www\pw\Lib\Action\IndexAction.class.php 第 62 行.
NOTIC: [8192] Function ereg() is deprecated C:\wamp\www\pw\Lib\Action\IndexAction.class.php 第 62 行.
NOTIC: [8192] Function ereg() is deprecated C:\wamp\www\pw\Lib\Action\IndexAction.class.php 第 62 行.
NOTIC: [8] Use of undefined constant i - assumed 'i' C:\wamp\www\pw\Lib\Action\IndexAction.class.php 第 18 行.
NOTIC: [8] Undefined index: i C:\wamp\www\pw\Lib\Action\IndexAction.class.php 第 18 行.
SQL: SHOW COLUMNS FROM `activenumber` [ RunTime:0.002286s ]
SQL: SELECT * FROM `activenumber` WHERE ( number='' ) LIMIT 1   [ RunTime:0.000362s ]

[ 2013-11-22T23:31:48+08:00 ] 127.0.0.1 /pw/
INFO: [ app_begin ] --START--
INFO: ReadHtmlCache Behavior ::run [ RunTime:0.000681s ]
INFO: [ app_begin ] --END-- [ RunTime:0.000794s ]
INFO: [ view_parse ] --START--
INFO: ParseTemplate Behavior ::run [ RunTime:0.008515s ]
INFO: [ view_parse ] --END-- [ RunTime:0.008654s ]
INFO: [ view_filter ] --START--
INFO: ContentReplace Behavior ::run [ RunTime:0.000714s ]
INFO: TokenBuild Behavior ::run [ RunTime:0.000733s ]
INFO: WriteHtmlCache Behavior ::run [ RunTime:0.000478s ]
INFO: ShowRuntime Behavior ::run [ RunTime:0.000760s ]
INFO: [ view_filter ] --END-- [ RunTime:0.003038s ]
INFO: [ view_end ] --START--
INFO: ShowPageTrace Behavior ::run [ RunTime:0.000641s ]
INFO: [ view_end ] --END-- [ RunTime:0.000733s ]

[ 2013-11-22T23:32:07+08:00 ] 127.0.0.1 /pw/?m=Index&&a=checkActive
INFO: [ app_begin ] --START--
INFO: ReadHtmlCache Behavior ::run [ RunTime:0.000945s ]
INFO: [ app_begin ] --END-- [ RunTime:0.001071s ]
SQL: SHOW COLUMNS FROM `activenumber` [ RunTime:0.002478s ]
SQL: SELECT * FROM `activenumber` WHERE ( number='347629999996' ) LIMIT 1   [ RunTime:0.000304s ]

[ 2013-11-22T23:32:07+08:00 ] 127.0.0.1 /pw/?m=Index&&a=buy
INFO: [ app_begin ] --START--
INFO: ReadHtmlCache Behavior ::run [ RunTime:0.000593s ]
INFO: [ app_begin ] --END-- [ RunTime:0.000703s ]
NOTIC: [8192] Function ereg() is deprecated C:\wamp\www\pw\Lib\Action\IndexAction.class.php 第 62 行.
NOTIC: [8192] Function ereg() is deprecated C:\wamp\www\pw\Lib\Action\IndexAction.class.php 第 62 行.
NOTIC: [8192] Function ereg() is deprecated C:\wamp\www\pw\Lib\Action\IndexAction.class.php 第 62 行.
NOTIC: [8192] Function ereg() is deprecated C:\wamp\www\pw\Lib\Action\IndexAction.class.php 第 62 行.
NOTIC: [8192] Function ereg() is deprecated C:\wamp\www\pw\Lib\Action\IndexAction.class.php 第 62 行.
NOTIC: [8192] Function ereg() is deprecated C:\wamp\www\pw\Lib\Action\IndexAction.class.php 第 62 行.
NOTIC: [8] Use of undefined constant i - assumed 'i' C:\wamp\www\pw\Lib\Action\IndexAction.class.php 第 18 行.
NOTIC: [8] Undefined index: i C:\wamp\www\pw\Lib\Action\IndexAction.class.php 第 18 行.
SQL: SHOW COLUMNS FROM `activenumber` [ RunTime:0.002468s ]
SQL: SELECT * FROM `activenumber` WHERE ( number='' ) LIMIT 1   [ RunTime:0.000390s ]

[ 2013-11-22T23:32:34+08:00 ] 127.0.0.1 /pw/?m=Index&&a=buy
INFO: [ app_begin ] --START--
INFO: ReadHtmlCache Behavior ::run [ RunTime:0.000568s ]
INFO: [ app_begin ] --END-- [ RunTime:0.000666s ]
NOTIC: [8192] Function ereg() is deprecated C:\wamp\www\pw\Lib\Action\IndexAction.class.php 第 62 行.
NOTIC: [8192] Function ereg() is deprecated C:\wamp\www\pw\Lib\Action\IndexAction.class.php 第 62 行.
NOTIC: [8192] Function ereg() is deprecated C:\wamp\www\pw\Lib\Action\IndexAction.class.php 第 62 行.
NOTIC: [8192] Function ereg() is deprecated C:\wamp\www\pw\Lib\Action\IndexAction.class.php 第 62 行.
NOTIC: [8192] Function ereg() is deprecated C:\wamp\www\pw\Lib\Action\IndexAction.class.php 第 62 行.
NOTIC: [8192] Function ereg() is deprecated C:\wamp\www\pw\Lib\Action\IndexAction.class.php 第 62 行.
NOTIC: [8] Use of undefined constant i - assumed 'i' C:\wamp\www\pw\Lib\Action\IndexAction.class.php 第 18 行.
NOTIC: [8] Undefined index: i C:\wamp\www\pw\Lib\Action\IndexAction.class.php 第 18 行.
SQL: SHOW COLUMNS FROM `activenumber` [ RunTime:0.002967s ]
SQL: SELECT * FROM `activenumber` WHERE ( number='' ) LIMIT 1   [ RunTime:0.000327s ]

[ 2013-11-22T23:33:14+08:00 ] 127.0.0.1 /pw/?m=Index&&a=buy
INFO: [ app_begin ] --START--
INFO: ReadHtmlCache Behavior ::run [ RunTime:0.000702s ]
INFO: [ app_begin ] --END-- [ RunTime:0.000809s ]
NOTIC: [8192] Function ereg() is deprecated C:\wamp\www\pw\Lib\Action\IndexAction.class.php 第 63 行.
NOTIC: [8192] Function ereg() is deprecated C:\wamp\www\pw\Lib\Action\IndexAction.class.php 第 63 行.
NOTIC: [8192] Function ereg() is deprecated C:\wamp\www\pw\Lib\Action\IndexAction.class.php 第 63 行.
NOTIC: [8192] Function ereg() is deprecated C:\wamp\www\pw\Lib\Action\IndexAction.class.php 第 63 行.
NOTIC: [8192] Function ereg() is deprecated C:\wamp\www\pw\Lib\Action\IndexAction.class.php 第 63 行.
NOTIC: [8192] Function ereg() is deprecated C:\wamp\www\pw\Lib\Action\IndexAction.class.php 第 63 行.
NOTIC: [8] Use of undefined constant i - assumed 'i' C:\wamp\www\pw\Lib\Action\IndexAction.class.php 第 18 行.
NOTIC: [8] Undefined index: i C:\wamp\www\pw\Lib\Action\IndexAction.class.php 第 18 行.
SQL: SHOW COLUMNS FROM `activenumber` [ RunTime:0.002227s ]
SQL: SELECT * FROM `activenumber` WHERE ( number='' ) LIMIT 1   [ RunTime:0.000367s ]
NOTIC: [8] Use of undefined constant i - assumed 'i' C:\wamp\www\pw\Lib\Action\IndexAction.class.php 第 19 行.
NOTIC: [8] Undefined index: i C:\wamp\www\pw\Lib\Action\IndexAction.class.php 第 19 行.
SQL: SHOW COLUMNS FROM `activenumber` [ RunTime:0.002245s ]
SQL: SELECT * FROM `activenumber` WHERE ( number='' ) LIMIT 1   [ RunTime:0.000447s ]

[ 2013-11-22T23:35:13+08:00 ] 127.0.0.1 /pw/?m=Index&&a=buy
INFO: [ app_begin ] --START--
INFO: ReadHtmlCache Behavior ::run [ RunTime:0.000674s ]
INFO: [ app_begin ] --END-- [ RunTime:0.000880s ]
NOTIC: [8192] Function ereg() is deprecated C:\wamp\www\pw\Lib\Action\IndexAction.class.php 第 63 行.
NOTIC: [8192] Function ereg() is deprecated C:\wamp\www\pw\Lib\Action\IndexAction.class.php 第 63 行.
NOTIC: [8192] Function ereg() is deprecated C:\wamp\www\pw\Lib\Action\IndexAction.class.php 第 63 行.
NOTIC: [8192] Function ereg() is deprecated C:\wamp\www\pw\Lib\Action\IndexAction.class.php 第 63 行.
NOTIC: [8192] Function ereg() is deprecated C:\wamp\www\pw\Lib\Action\IndexAction.class.php 第 63 行.
NOTIC: [8192] Function ereg() is deprecated C:\wamp\www\pw\Lib\Action\IndexAction.class.php 第 63 行.
NOTIC: [8] Use of undefined constant i - assumed 'i' C:\wamp\www\pw\Lib\Action\IndexAction.class.php 第 18 行.
NOTIC: [8] Undefined index: i C:\wamp\www\pw\Lib\Action\IndexAction.class.php 第 18 行.
NOTIC: [8] Use of undefined constant i - assumed 'i' C:\wamp\www\pw\Lib\Action\IndexAction.class.php 第 19 行.
NOTIC: [8] Undefined index: i C:\wamp\www\pw\Lib\Action\IndexAction.class.php 第 19 行.
SQL: SHOW COLUMNS FROM `activenumber` [ RunTime:0.002289s ]
SQL: SELECT * FROM `activenumber` WHERE ( number='' ) LIMIT 1   [ RunTime:0.000459s ]

[ 2013-11-22T23:35:26+08:00 ] 127.0.0.1 /pw/?m=Index&&a=buy
INFO: [ app_begin ] --START--
INFO: ReadHtmlCache Behavior ::run [ RunTime:0.000678s ]
INFO: [ app_begin ] --END-- [ RunTime:0.000802s ]
NOTIC: [8192] Function ereg() is deprecated C:\wamp\www\pw\Lib\Action\IndexAction.class.php 第 63 行.
NOTIC: [8192] Function ereg() is deprecated C:\wamp\www\pw\Lib\Action\IndexAction.class.php 第 63 行.
NOTIC: [8192] Function ereg() is deprecated C:\wamp\www\pw\Lib\Action\IndexAction.class.php 第 63 行.
NOTIC: [8192] Function ereg() is deprecated C:\wamp\www\pw\Lib\Action\IndexAction.class.php 第 63 行.
NOTIC: [8192] Function ereg() is deprecated C:\wamp\www\pw\Lib\Action\IndexAction.class.php 第 63 行.
NOTIC: [8192] Function ereg() is deprecated C:\wamp\www\pw\Lib\Action\IndexAction.class.php 第 63 行.
NOTIC: [8] Use of undefined constant i - assumed 'i' C:\wamp\www\pw\Lib\Action\IndexAction.class.php 第 19 行.
NOTIC: [8] Undefined index: i C:\wamp\www\pw\Lib\Action\IndexAction.class.php 第 19 行.
SQL: SHOW COLUMNS FROM `activenumber` [ RunTime:0.002496s ]
SQL: SELECT * FROM `activenumber` WHERE ( number='' ) LIMIT 1   [ RunTime:0.000347s ]

[ 2013-11-22T23:35:32+08:00 ] 127.0.0.1 /pw/?m=Index&&a=buy
INFO: [ app_begin ] --START--
INFO: ReadHtmlCache Behavior ::run [ RunTime:0.000997s ]
INFO: [ app_begin ] --END-- [ RunTime:0.001167s ]
NOTIC: [8192] Function ereg() is deprecated C:\wamp\www\pw\Lib\Action\IndexAction.class.php 第 63 行.
NOTIC: [8192] Function ereg() is deprecated C:\wamp\www\pw\Lib\Action\IndexAction.class.php 第 63 行.
NOTIC: [8192] Function ereg() is deprecated C:\wamp\www\pw\Lib\Action\IndexAction.class.php 第 63 行.
NOTIC: [8192] Function ereg() is deprecated C:\wamp\www\pw\Lib\Action\IndexAction.class.php 第 63 行.
NOTIC: [8192] Function ereg() is deprecated C:\wamp\www\pw\Lib\Action\IndexAction.class.php 第 63 行.
NOTIC: [8192] Function ereg() is deprecated C:\wamp\www\pw\Lib\Action\IndexAction.class.php 第 63 行.
NOTIC: [8] Use of undefined constant i - assumed 'i' C:\wamp\www\pw\Lib\Action\IndexAction.class.php 第 19 行.
NOTIC: [8] Undefined index: i C:\wamp\www\pw\Lib\Action\IndexAction.class.php 第 19 行.
SQL: SHOW COLUMNS FROM `activenumber` [ RunTime:0.002679s ]
SQL: SELECT * FROM `activenumber` WHERE ( number='' ) LIMIT 1   [ RunTime:0.000319s ]

[ 2013-11-22T23:35:43+08:00 ] 127.0.0.1 /pw/?m=Index&&a=buy
INFO: [ app_begin ] --START--
INFO: ReadHtmlCache Behavior ::run [ RunTime:0.000599s ]
INFO: [ app_begin ] --END-- [ RunTime:0.000710s ]
NOTIC: [8192] Function ereg() is deprecated C:\wamp\www\pw\Lib\Action\IndexAction.class.php 第 63 行.
NOTIC: [8192] Function ereg() is deprecated C:\wamp\www\pw\Lib\Action\IndexAction.class.php 第 63 行.
NOTIC: [8192] Function ereg() is deprecated C:\wamp\www\pw\Lib\Action\IndexAction.class.php 第 63 行.
NOTIC: [8192] Function ereg() is deprecated C:\wamp\www\pw\Lib\Action\IndexAction.class.php 第 63 行.
NOTIC: [8192] Function ereg() is deprecated C:\wamp\www\pw\Lib\Action\IndexAction.class.php 第 63 行.
NOTIC: [8192] Function ereg() is deprecated C:\wamp\www\pw\Lib\Action\IndexAction.class.php 第 63 行.
SQL: SHOW COLUMNS FROM `activenumber` [ RunTime:0.002824s ]
SQL: SELECT * FROM `activenumber` WHERE ( number='347629999996' ) LIMIT 1   [ RunTime:0.000371s ]

[ 2013-11-22T23:37:10+08:00 ] 127.0.0.1 /pw/?m=Index&&a=buy
INFO: [ app_begin ] --START--
INFO: ReadHtmlCache Behavior ::run [ RunTime:0.000951s ]
INFO: [ app_begin ] --END-- [ RunTime:0.001106s ]
NOTIC: [8192] Function ereg() is deprecated C:\wamp\www\pw\Lib\Action\IndexAction.class.php 第 63 行.
NOTIC: [8192] Function ereg() is deprecated C:\wamp\www\pw\Lib\Action\IndexAction.class.php 第 63 行.
NOTIC: [8192] Function ereg() is deprecated C:\wamp\www\pw\Lib\Action\IndexAction.class.php 第 63 行.
NOTIC: [8192] Function ereg() is deprecated C:\wamp\www\pw\Lib\Action\IndexAction.class.php 第 63 行.
NOTIC: [8192] Function ereg() is deprecated C:\wamp\www\pw\Lib\Action\IndexAction.class.php 第 63 行.
NOTIC: [8192] Function ereg() is deprecated C:\wamp\www\pw\Lib\Action\IndexAction.class.php 第 63 行.
SQL: SHOW COLUMNS FROM `activenumber` [ RunTime:0.002833s ]
SQL: SELECT * FROM `activenumber` WHERE ( number='347629999996' ) LIMIT 1   [ RunTime:0.000327s ]

[ 2013-11-22T23:37:30+08:00 ] 127.0.0.1 /pw/?m=Index&&a=buy
INFO: [ app_begin ] --START--
INFO: ReadHtmlCache Behavior ::run [ RunTime:0.000648s ]
INFO: [ app_begin ] --END-- [ RunTime:0.000746s ]
NOTIC: [8192] Function ereg() is deprecated C:\wamp\www\pw\Lib\Action\IndexAction.class.php 第 63 行.
NOTIC: [8192] Function ereg() is deprecated C:\wamp\www\pw\Lib\Action\IndexAction.class.php 第 63 行.
NOTIC: [8192] Function ereg() is deprecated C:\wamp\www\pw\Lib\Action\IndexAction.class.php 第 63 行.
NOTIC: [8192] Function ereg() is deprecated C:\wamp\www\pw\Lib\Action\IndexAction.class.php 第 63 行.
NOTIC: [8192] Function ereg() is deprecated C:\wamp\www\pw\Lib\Action\IndexAction.class.php 第 63 行.
NOTIC: [8192] Function ereg() is deprecated C:\wamp\www\pw\Lib\Action\IndexAction.class.php 第 63 行.
SQL: SHOW COLUMNS FROM `activenumber` [ RunTime:0.002582s ]
SQL: SELECT * FROM `activenumber` WHERE ( number='347629999996' ) LIMIT 1   [ RunTime:0.000238s ]

[ 2013-11-22T23:37:33+08:00 ] 127.0.0.1 /pw/?m=Index&&a=buy
INFO: [ app_begin ] --START--
INFO: ReadHtmlCache Behavior ::run [ RunTime:0.000866s ]
INFO: [ app_begin ] --END-- [ RunTime:0.001016s ]
NOTIC: [8192] Function ereg() is deprecated C:\wamp\www\pw\Lib\Action\IndexAction.class.php 第 63 行.
NOTIC: [8192] Function ereg() is deprecated C:\wamp\www\pw\Lib\Action\IndexAction.class.php 第 63 行.
NOTIC: [8192] Function ereg() is deprecated C:\wamp\www\pw\Lib\Action\IndexAction.class.php 第 63 行.
NOTIC: [8192] Function ereg() is deprecated C:\wamp\www\pw\Lib\Action\IndexAction.class.php 第 63 行.
NOTIC: [8192] Function ereg() is deprecated C:\wamp\www\pw\Lib\Action\IndexAction.class.php 第 63 行.
NOTIC: [8192] Function ereg() is deprecated C:\wamp\www\pw\Lib\Action\IndexAction.class.php 第 63 行.
SQL: SHOW COLUMNS FROM `activenumber` [ RunTime:0.002736s ]
SQL: SELECT * FROM `activenumber` WHERE ( number='347629999996' ) LIMIT 1   [ RunTime:0.000274s ]

[ 2013-11-22T23:37:35+08:00 ] 127.0.0.1 /pw/
INFO: [ app_begin ] --START--
INFO: ReadHtmlCache Behavior ::run [ RunTime:0.001577s ]
INFO: [ app_begin ] --END-- [ RunTime:0.001867s ]
INFO: [ view_parse ] --START--
INFO: ParseTemplate Behavior ::run [ RunTime:0.008235s ]
INFO: [ view_parse ] --END-- [ RunTime:0.008350s ]
INFO: [ view_filter ] --START--
INFO: ContentReplace Behavior ::run [ RunTime:0.000471s ]
INFO: TokenBuild Behavior ::run [ RunTime:0.000476s ]
INFO: WriteHtmlCache Behavior ::run [ RunTime:0.000322s ]
INFO: ShowRuntime Behavior ::run [ RunTime:0.000587s ]
INFO: [ view_filter ] --END-- [ RunTime:0.002106s ]
INFO: [ view_end ] --START--
INFO: ShowPageTrace Behavior ::run [ RunTime:0.000701s ]
INFO: [ view_end ] --END-- [ RunTime:0.000821s ]

[ 2013-11-22T23:38:12+08:00 ] 127.0.0.1 /pw/?m=Index&&a=checkActive
INFO: [ app_begin ] --START--
INFO: ReadHtmlCache Behavior ::run [ RunTime:0.001028s ]
INFO: [ app_begin ] --END-- [ RunTime:0.001178s ]
SQL: SHOW COLUMNS FROM `activenumber` [ RunTime:0.002279s ]
SQL: SELECT * FROM `activenumber` WHERE ( number='347629999996' ) LIMIT 1   [ RunTime:0.000372s ]

[ 2013-11-22T23:38:13+08:00 ] 127.0.0.1 /pw/?m=Index&&a=buy
INFO: [ app_begin ] --START--
INFO: ReadHtmlCache Behavior ::run [ RunTime:0.000904s ]
INFO: [ app_begin ] --END-- [ RunTime:0.001051s ]
NOTIC: [8192] Function ereg() is deprecated C:\wamp\www\pw\Lib\Action\IndexAction.class.php 第 63 行.
NOTIC: [8192] Function ereg() is deprecated C:\wamp\www\pw\Lib\Action\IndexAction.class.php 第 63 行.
NOTIC: [8192] Function ereg() is deprecated C:\wamp\www\pw\Lib\Action\IndexAction.class.php 第 63 行.
NOTIC: [8192] Function ereg() is deprecated C:\wamp\www\pw\Lib\Action\IndexAction.class.php 第 63 行.
NOTIC: [8192] Function ereg() is deprecated C:\wamp\www\pw\Lib\Action\IndexAction.class.php 第 63 行.
NOTIC: [8192] Function ereg() is deprecated C:\wamp\www\pw\Lib\Action\IndexAction.class.php 第 63 行.
SQL: SHOW COLUMNS FROM `activenumber` [ RunTime:0.002631s ]
SQL: SELECT * FROM `activenumber` WHERE ( number='347629999996' ) LIMIT 1   [ RunTime:0.000329s ]

[ 2013-11-22T23:51:40+08:00 ] 127.0.0.1 /pw/?m=Index&&a=checkActive
INFO: [ app_begin ] --START--
INFO: ReadHtmlCache Behavior ::run [ RunTime:0.000863s ]
INFO: [ app_begin ] --END-- [ RunTime:0.000988s ]
SQL: SHOW COLUMNS FROM `activenumber` [ RunTime:0.002639s ]
SQL: SELECT * FROM `activenumber` WHERE ( number='347629999996' ) LIMIT 1   [ RunTime:0.000438s ]

[ 2013-11-22T23:57:48+08:00 ] 127.0.0.1 /pw/
INFO: [ app_begin ] --START--
INFO: ReadHtmlCache Behavior ::run [ RunTime:0.001281s ]
INFO: [ app_begin ] --END-- [ RunTime:0.001466s ]
INFO: [ view_parse ] --START--
INFO: ParseTemplate Behavior ::run [ RunTime:0.011544s ]
INFO: [ view_parse ] --END-- [ RunTime:0.011713s ]
INFO: [ view_filter ] --START--
INFO: ContentReplace Behavior ::run [ RunTime:0.000746s ]
INFO: TokenBuild Behavior ::run [ RunTime:0.000669s ]
INFO: WriteHtmlCache Behavior ::run [ RunTime:0.000480s ]
INFO: ShowRuntime Behavior ::run [ RunTime:0.000834s ]
INFO: [ view_filter ] --END-- [ RunTime:0.003121s ]
INFO: [ view_end ] --START--
INFO: ShowPageTrace Behavior ::run [ RunTime:0.000918s ]
INFO: [ view_end ] --END-- [ RunTime:0.001067s ]

[ 2013-11-22T23:57:50+08:00 ] 127.0.0.1 /pw/
INFO: [ app_begin ] --START--
INFO: ReadHtmlCache Behavior ::run [ RunTime:0.001785s ]
INFO: [ app_begin ] --END-- [ RunTime:0.002077s ]
INFO: [ view_parse ] --START--
INFO: ParseTemplate Behavior ::run [ RunTime:0.012028s ]
INFO: [ view_parse ] --END-- [ RunTime:0.012182s ]
INFO: [ view_filter ] --START--
INFO: ContentReplace Behavior ::run [ RunTime:0.000797s ]
INFO: TokenBuild Behavior ::run [ RunTime:0.000680s ]
INFO: WriteHtmlCache Behavior ::run [ RunTime:0.000488s ]
INFO: ShowRuntime Behavior ::run [ RunTime:0.000843s ]
INFO: [ view_filter ] --END-- [ RunTime:0.003207s ]
INFO: [ view_end ] --START--
INFO: ShowPageTrace Behavior ::run [ RunTime:0.000942s ]
INFO: [ view_end ] --END-- [ RunTime:0.001087s ]

[ 2013-11-22T23:58:04+08:00 ] 127.0.0.1 /pw/
INFO: [ app_begin ] --START--
INFO: ReadHtmlCache Behavior ::run [ RunTime:0.000690s ]
INFO: [ app_begin ] --END-- [ RunTime:0.000805s ]
INFO: [ view_parse ] --START--
INFO: ParseTemplate Behavior ::run [ RunTime:0.008562s ]
INFO: [ view_parse ] --END-- [ RunTime:0.008678s ]
INFO: [ view_filter ] --START--
INFO: ContentReplace Behavior ::run [ RunTime:0.000474s ]
INFO: TokenBuild Behavior ::run [ RunTime:0.000464s ]
INFO: WriteHtmlCache Behavior ::run [ RunTime:0.000316s ]
INFO: ShowRuntime Behavior ::run [ RunTime:0.000576s ]
INFO: [ view_filter ] --END-- [ RunTime:0.002082s ]
INFO: [ view_end ] --START--
INFO: ShowPageTrace Behavior ::run [ RunTime:0.000636s ]
INFO: [ view_end ] --END-- [ RunTime:0.000727s ]

[ 2013-11-22T23:58:15+08:00 ] 127.0.0.1 /pw/
INFO: [ app_begin ] --START--
INFO: ReadHtmlCache Behavior ::run [ RunTime:0.000816s ]
INFO: [ app_begin ] --END-- [ RunTime:0.000997s ]
INFO: [ view_parse ] --START--
INFO: ParseTemplate Behavior ::run [ RunTime:0.008127s ]
INFO: [ view_parse ] --END-- [ RunTime:0.008248s ]
INFO: [ view_filter ] --START--
INFO: ContentReplace Behavior ::run [ RunTime:0.000510s ]
INFO: TokenBuild Behavior ::run [ RunTime:0.000432s ]
INFO: WriteHtmlCache Behavior ::run [ RunTime:0.000469s ]
INFO: ShowRuntime Behavior ::run [ RunTime:0.000893s ]
INFO: [ view_filter ] --END-- [ RunTime:0.002603s ]
INFO: [ view_end ] --START--
INFO: ShowPageTrace Behavior ::run [ RunTime:0.000718s ]
INFO: [ view_end ] --END-- [ RunTime:0.000840s ]

