[ 2013-11-21T20:23:35+08:00 ] 127.0.0.1 /pw/
INFO: [ app_begin ] --START--
INFO: ReadHtmlCache Behavior ::run [ RunTime:0.017856s ]
INFO: [ app_begin ] --END-- [ RunTime:0.034125s ]
INFO: [ view_parse ] --START--
INFO: ParseTemplate Behavior ::run [ RunTime:0.120676s ]
INFO: [ view_parse ] --END-- [ RunTime:0.120849s ]
INFO: [ view_filter ] --START--
INFO: ContentReplace Behavior ::run [ RunTime:0.026615s ]
INFO: TokenBuild Behavior ::run [ RunTime:0.006344s ]
INFO: WriteHtmlCache Behavior ::run [ RunTime:0.019026s ]
INFO: ShowRuntime Behavior ::run [ RunTime:0.004900s ]
INFO: [ view_filter ] --END-- [ RunTime:0.057335s ]
INFO: [ view_end ] --START--
INFO: ShowPageTrace Behavior ::run [ RunTime:0.008877s ]
INFO: [ view_end ] --END-- [ RunTime:0.009030s ]

[ 2013-11-21T20:24:07+08:00 ] 127.0.0.1 /pw/?m=Index&&a=checkActive
INFO: [ app_begin ] --START--
INFO: ReadHtmlCache Behavior ::run [ RunTime:0.000929s ]
INFO: [ app_begin ] --END-- [ RunTime:0.001035s ]
SQL: SHOW COLUMNS FROM `activenumber` [ RunTime:0.020430s ]
SQL: SELECT * FROM `activenumber` WHERE ( number='125756549879' ) LIMIT 1   [ RunTime:0.015615s ]

[ 2013-11-21T20:24:08+08:00 ] 127.0.0.1 /pw/?m=Index&&a=checkActive
INFO: [ app_begin ] --START--
INFO: ReadHtmlCache Behavior ::run [ RunTime:0.000794s ]
INFO: [ app_begin ] --END-- [ RunTime:0.000897s ]
SQL: SHOW COLUMNS FROM `activenumber` [ RunTime:0.002793s ]
SQL: SELECT * FROM `activenumber` WHERE ( number='125756549879' ) LIMIT 1   [ RunTime:0.000362s ]

[ 2013-11-21T20:24:12+08:00 ] 127.0.0.1 /pw/?m=Index&&a=checkActive
INFO: [ app_begin ] --START--
INFO: ReadHtmlCache Behavior ::run [ RunTime:0.000635s ]
INFO: [ app_begin ] --END-- [ RunTime:0.000763s ]
SQL: SHOW COLUMNS FROM `activenumber` [ RunTime:0.003108s ]
SQL: SELECT * FROM `activenumber` WHERE ( number='111111111111' ) LIMIT 1   [ RunTime:0.000435s ]

[ 2013-11-21T20:24:15+08:00 ] 127.0.0.1 /pw/?m=Index&&a=checkActive
INFO: [ app_begin ] --START--
INFO: ReadHtmlCache Behavior ::run [ RunTime:0.000742s ]
INFO: [ app_begin ] --END-- [ RunTime:0.000899s ]
SQL: SHOW COLUMNS FROM `activenumber` [ RunTime:0.002983s ]
SQL: SELECT * FROM `activenumber` WHERE ( number='111111111111' ) LIMIT 1   [ RunTime:0.000362s ]

[ 2013-11-21T20:24:19+08:00 ] 127.0.0.1 /pw/?m=Index&&a=checkActive
INFO: [ app_begin ] --START--
INFO: ReadHtmlCache Behavior ::run [ RunTime:0.000607s ]
INFO: [ app_begin ] --END-- [ RunTime:0.000732s ]
SQL: SHOW COLUMNS FROM `activenumber` [ RunTime:0.002880s ]
SQL: SELECT * FROM `activenumber` WHERE ( number='111111111111' ) LIMIT 1   [ RunTime:0.000273s ]

[ 2013-11-21T20:24:21+08:00 ] 127.0.0.1 /pw/?m=Index&&a=checkActive
INFO: [ app_begin ] --START--
INFO: ReadHtmlCache Behavior ::run [ RunTime:0.000560s ]
INFO: [ app_begin ] --END-- [ RunTime:0.000665s ]
SQL: SHOW COLUMNS FROM `activenumber` [ RunTime:0.002893s ]
SQL: SELECT * FROM `activenumber` WHERE ( number='111111111111' ) LIMIT 1   [ RunTime:0.000456s ]

[ 2013-11-21T20:24:51+08:00 ] 127.0.0.1 /pw/?m=Index&&a=checkActive
INFO: [ app_begin ] --START--
INFO: ReadHtmlCache Behavior ::run [ RunTime:0.010610s ]
INFO: [ app_begin ] --END-- [ RunTime:0.010714s ]
SQL: SHOW COLUMNS FROM `activenumber` [ RunTime:0.002792s ]
SQL: SELECT * FROM `activenumber` WHERE ( number='111111111111' ) LIMIT 1   [ RunTime:0.000487s ]

[ 2013-11-21T20:25:32+08:00 ] 127.0.0.1 /pw/?m=Index&&a=checkActive
INFO: [ app_begin ] --START--
INFO: ReadHtmlCache Behavior ::run [ RunTime:0.010183s ]
INFO: [ app_begin ] --END-- [ RunTime:0.010327s ]
SQL: SHOW COLUMNS FROM `activenumber` [ RunTime:0.003318s ]
SQL: SELECT * FROM `activenumber` WHERE ( number='111111111111' ) LIMIT 1   [ RunTime:0.000413s ]

[ 2013-11-21T20:26:02+08:00 ] 127.0.0.1 /pw/?m=Index&&a=checkActive
INFO: [ app_begin ] --START--
INFO: ReadHtmlCache Behavior ::run [ RunTime:0.001588s ]
INFO: [ app_begin ] --END-- [ RunTime:0.001721s ]
SQL: SHOW COLUMNS FROM `activenumber` [ RunTime:0.002898s ]
SQL: SELECT * FROM `activenumber` WHERE ( number='111111111111' ) LIMIT 1   [ RunTime:0.000223s ]

[ 2013-11-21T20:26:07+08:00 ] 127.0.0.1 /pw/?m=User
INFO: [ app_begin ] --START--
INFO: ReadHtmlCache Behavior ::run [ RunTime:0.001491s ]
INFO: [ app_begin ] --END-- [ RunTime:0.001607s ]
INFO: [ view_parse ] --START--
INFO: ParseTemplate Behavior ::run [ RunTime:0.172886s ]
INFO: [ view_parse ] --END-- [ RunTime:0.173039s ]
INFO: [ view_filter ] --START--
INFO: ContentReplace Behavior ::run [ RunTime:0.010432s ]
INFO: TokenBuild Behavior ::run [ RunTime:0.006317s ]
INFO: WriteHtmlCache Behavior ::run [ RunTime:0.002524s ]
INFO: ShowRuntime Behavior ::run [ RunTime:0.007424s ]
INFO: [ view_filter ] --END-- [ RunTime:0.027028s ]
INFO: [ view_end ] --START--
INFO: ShowPageTrace Behavior ::run [ RunTime:0.002419s ]
INFO: [ view_end ] --END-- [ RunTime:0.002512s ]

[ 2013-11-21T20:26:07+08:00 ] 127.0.0.1 /pw/?m=Admin
INFO: [ app_begin ] --START--
INFO: ReadHtmlCache Behavior ::run [ RunTime:0.001248s ]
INFO: [ app_begin ] --END-- [ RunTime:0.001354s ]
INFO: [ view_parse ] --START--
INFO: ParseTemplate Behavior ::run [ RunTime:0.011485s ]
INFO: [ view_parse ] --END-- [ RunTime:0.011610s ]
INFO: [ view_filter ] --START--
INFO: ContentReplace Behavior ::run [ RunTime:0.001152s ]
INFO: TokenBuild Behavior ::run [ RunTime:0.001440s ]
INFO: WriteHtmlCache Behavior ::run [ RunTime:0.001144s ]
INFO: ShowRuntime Behavior ::run [ RunTime:0.001416s ]
INFO: [ view_filter ] --END-- [ RunTime:0.005478s ]
INFO: [ view_end ] --START--
INFO: ShowPageTrace Behavior ::run [ RunTime:0.001658s ]
INFO: [ view_end ] --END-- [ RunTime:0.001763s ]

[ 2013-11-21T20:26:12+08:00 ] 127.0.0.1 /pw/?m=Admin&&a=createAcitiveNumber&lang=+10
INFO: [ app_begin ] --START--
INFO: ReadHtmlCache Behavior ::run [ RunTime:0.002014s ]
INFO: [ app_begin ] --END-- [ RunTime:0.002172s ]
SQL: SHOW COLUMNS FROM `activenumber` [ RunTime:0.002984s ]
NOTIC: [8] String offset cast occurred C:\wamp\www\pw\Lib\Action\AdminAction.class.php 第 36 行.
NOTIC: [8] Undefined variable: key C:\wamp\www\pw\Lib\Action\AdminAction.class.php 第 36 行.
NOTIC: [8] String offset cast occurred C:\wamp\www\pw\Lib\Action\AdminAction.class.php 第 36 行.
NOTIC: [8] String offset cast occurred C:\wamp\www\pw\Lib\Action\AdminAction.class.php 第 36 行.
NOTIC: [8] String offset cast occurred C:\wamp\www\pw\Lib\Action\AdminAction.class.php 第 36 行.
NOTIC: [8] String offset cast occurred C:\wamp\www\pw\Lib\Action\AdminAction.class.php 第 36 行.
NOTIC: [8] String offset cast occurred C:\wamp\www\pw\Lib\Action\AdminAction.class.php 第 36 行.
NOTIC: [8] String offset cast occurred C:\wamp\www\pw\Lib\Action\AdminAction.class.php 第 36 行.
NOTIC: [8] String offset cast occurred C:\wamp\www\pw\Lib\Action\AdminAction.class.php 第 36 行.
NOTIC: [8] String offset cast occurred C:\wamp\www\pw\Lib\Action\AdminAction.class.php 第 36 行.
NOTIC: [8] String offset cast occurred C:\wamp\www\pw\Lib\Action\AdminAction.class.php 第 36 行.
NOTIC: [8] String offset cast occurred C:\wamp\www\pw\Lib\Action\AdminAction.class.php 第 36 行.
NOTIC: [8] String offset cast occurred C:\wamp\www\pw\Lib\Action\AdminAction.class.php 第 36 行.
SQL: INSERT INTO `activenumber` (`number`) VALUES ('692220492487') [ RunTime:0.063529s ]
NOTIC: [8] String offset cast occurred C:\wamp\www\pw\Lib\Action\AdminAction.class.php 第 36 行.
NOTIC: [8] Undefined variable: key C:\wamp\www\pw\Lib\Action\AdminAction.class.php 第 36 行.
NOTIC: [8] String offset cast occurred C:\wamp\www\pw\Lib\Action\AdminAction.class.php 第 36 行.
NOTIC: [8] String offset cast occurred C:\wamp\www\pw\Lib\Action\AdminAction.class.php 第 36 行.
NOTIC: [8] String offset cast occurred C:\wamp\www\pw\Lib\Action\AdminAction.class.php 第 36 行.
NOTIC: [8] String offset cast occurred C:\wamp\www\pw\Lib\Action\AdminAction.class.php 第 36 行.
NOTIC: [8] String offset cast occurred C:\wamp\www\pw\Lib\Action\AdminAction.class.php 第 36 行.
NOTIC: [8] String offset cast occurred C:\wamp\www\pw\Lib\Action\AdminAction.class.php 第 36 行.
NOTIC: [8] String offset cast occurred C:\wamp\www\pw\Lib\Action\AdminAction.class.php 第 36 行.
NOTIC: [8] String offset cast occurred C:\wamp\www\pw\Lib\Action\AdminAction.class.php 第 36 行.
NOTIC: [8] String offset cast occurred C:\wamp\www\pw\Lib\Action\AdminAction.class.php 第 36 行.
NOTIC: [8] String offset cast occurred C:\wamp\www\pw\Lib\Action\AdminAction.class.php 第 36 行.
NOTIC: [8] String offset cast occurred C:\wamp\www\pw\Lib\Action\AdminAction.class.php 第 36 行.
SQL: INSERT INTO `activenumber` (`number`) VALUES ('347629999996') [ RunTime:0.021530s ]
NOTIC: [8] String offset cast occurred C:\wamp\www\pw\Lib\Action\AdminAction.class.php 第 36 行.
NOTIC: [8] Undefined variable: key C:\wamp\www\pw\Lib\Action\AdminAction.class.php 第 36 行.
NOTIC: [8] String offset cast occurred C:\wamp\www\pw\Lib\Action\AdminAction.class.php 第 36 行.
NOTIC: [8] String offset cast occurred C:\wamp\www\pw\Lib\Action\AdminAction.class.php 第 36 行.
NOTIC: [8] String offset cast occurred C:\wamp\www\pw\Lib\Action\AdminAction.class.php 第 36 行.
NOTIC: [8] String offset cast occurred C:\wamp\www\pw\Lib\Action\AdminAction.class.php 第 36 行.
NOTIC: [8] String offset cast occurred C:\wamp\www\pw\Lib\Action\AdminAction.class.php 第 36 行.
NOTIC: [8] String offset cast occurred C:\wamp\www\pw\Lib\Action\AdminAction.class.php 第 36 行.
NOTIC: [8] String offset cast occurred C:\wamp\www\pw\Lib\Action\AdminAction.class.php 第 36 行.
NOTIC: [8] String offset cast occurred C:\wamp\www\pw\Lib\Action\AdminAction.class.php 第 36 行.
NOTIC: [8] String offset cast occurred C:\wamp\www\pw\Lib\Action\AdminAction.class.php 第 36 行.
NOTIC: [8] String offset cast occurred C:\wamp\www\pw\Lib\Action\AdminAction.class.php 第 36 行.
NOTIC: [8] String offset cast occurred C:\wamp\www\pw\Lib\Action\AdminAction.class.php 第 36 行.
SQL: INSERT INTO `activenumber` (`number`) VALUES ('259281458824') [ RunTime:0.057355s ]
NOTIC: [8] String offset cast occurred C:\wamp\www\pw\Lib\Action\AdminAction.class.php 第 36 行.
NOTIC: [8] Undefined variable: key C:\wamp\www\pw\Lib\Action\AdminAction.class.php 第 36 行.
NOTIC: [8] String offset cast occurred C:\wamp\www\pw\Lib\Action\AdminAction.class.php 第 36 行.
NOTIC: [8] String offset cast occurred C:\wamp\www\pw\Lib\Action\AdminAction.class.php 第 36 行.
NOTIC: [8] String offset cast occurred C:\wamp\www\pw\Lib\Action\AdminAction.class.php 第 36 行.
NOTIC: [8] String offset cast occurred C:\wamp\www\pw\Lib\Action\AdminAction.class.php 第 36 行.
NOTIC: [8] String offset cast occurred C:\wamp\www\pw\Lib\Action\AdminAction.class.php 第 36 行.
NOTIC: [8] String offset cast occurred C:\wamp\www\pw\Lib\Action\AdminAction.class.php 第 36 行.
NOTIC: [8] String offset cast occurred C:\wamp\www\pw\Lib\Action\AdminAction.class.php 第 36 行.
NOTIC: [8] String offset cast occurred C:\wamp\www\pw\Lib\Action\AdminAction.class.php 第 36 行.
NOTIC: [8] String offset cast occurred C:\wamp\www\pw\Lib\Action\AdminAction.class.php 第 36 行.
NOTIC: [8] String offset cast occurred C:\wamp\www\pw\Lib\Action\AdminAction.class.php 第 36 行.
NOTIC: [8] String offset cast occurred C:\wamp\www\pw\Lib\Action\AdminAction.class.php 第 36 行.
SQL: INSERT INTO `activenumber` (`number`) VALUES ('068325006942') [ RunTime:0.029180s ]
NOTIC: [8] String offset cast occurred C:\wamp\www\pw\Lib\Action\AdminAction.class.php 第 36 行.
NOTIC: [8] Undefined variable: key C:\wamp\www\pw\Lib\Action\AdminAction.class.php 第 36 行.
NOTIC: [8] String offset cast occurred C:\wamp\www\pw\Lib\Action\AdminAction.class.php 第 36 行.
NOTIC: [8] String offset cast occurred C:\wamp\www\pw\Lib\Action\AdminAction.class.php 第 36 行.
NOTIC: [8] String offset cast occurred C:\wamp\www\pw\Lib\Action\AdminAction.class.php 第 36 行.
NOTIC: [8] String offset cast occurred C:\wamp\www\pw\Lib\Action\AdminAction.class.php 第 36 行.
NOTIC: [8] String offset cast occurred C:\wamp\www\pw\Lib\Action\AdminAction.class.php 第 36 行.
NOTIC: [8] String offset cast occurred C:\wamp\www\pw\Lib\Action\AdminAction.class.php 第 36 行.
NOTIC: [8] String offset cast occurred C:\wamp\www\pw\Lib\Action\AdminAction.class.php 第 36 行.
NOTIC: [8] String offset cast occurred C:\wamp\www\pw\Lib\Action\AdminAction.class.php 第 36 行.
NOTIC: [8] String offset cast occurred C:\wamp\www\pw\Lib\Action\AdminAction.class.php 第 36 行.
NOTIC: [8] String offset cast occurred C:\wamp\www\pw\Lib\Action\AdminAction.class.php 第 36 行.
NOTIC: [8] String offset cast occurred C:\wamp\www\pw\Lib\Action\AdminAction.class.php 第 36 行.
SQL: INSERT INTO `activenumber` (`number`) VALUES ('379841403550') [ RunTime:0.018196s ]
NOTIC: [8] String offset cast occurred C:\wamp\www\pw\Lib\Action\AdminAction.class.php 第 36 行.
NOTIC: [8] Undefined variable: key C:\wamp\www\pw\Lib\Action\AdminAction.class.php 第 36 行.
NOTIC: [8] String offset cast occurred C:\wamp\www\pw\Lib\Action\AdminAction.class.php 第 36 行.
NOTIC: [8] String offset cast occurred C:\wamp\www\pw\Lib\Action\AdminAction.class.php 第 36 行.
NOTIC: [8] String offset cast occurred C:\wamp\www\pw\Lib\Action\AdminAction.class.php 第 36 行.
NOTIC: [8] String offset cast occurred C:\wamp\www\pw\Lib\Action\AdminAction.class.php 第 36 行.
NOTIC: [8] String offset cast occurred C:\wamp\www\pw\Lib\Action\AdminAction.class.php 第 36 行.
NOTIC: [8] String offset cast occurred C:\wamp\www\pw\Lib\Action\AdminAction.class.php 第 36 行.
NOTIC: [8] String offset cast occurred C:\wamp\www\pw\Lib\Action\AdminAction.class.php 第 36 行.
NOTIC: [8] String offset cast occurred C:\wamp\www\pw\Lib\Action\AdminAction.class.php 第 36 行.
NOTIC: [8] String offset cast occurred C:\wamp\www\pw\Lib\Action\AdminAction.class.php 第 36 行.
NOTIC: [8] String offset cast occurred C:\wamp\www\pw\Lib\Action\AdminAction.class.php 第 36 行.
NOTIC: [8] String offset cast occurred C:\wamp\www\pw\Lib\Action\AdminAction.class.php 第 36 行.
SQL: INSERT INTO `activenumber` (`number`) VALUES ('699153154504') [ RunTime:0.021790s ]
NOTIC: [8] String offset cast occurred C:\wamp\www\pw\Lib\Action\AdminAction.class.php 第 36 行.
NOTIC: [8] Undefined variable: key C:\wamp\www\pw\Lib\Action\AdminAction.class.php 第 36 行.
NOTIC: [8] String offset cast occurred C:\wamp\www\pw\Lib\Action\AdminAction.class.php 第 36 行.
NOTIC: [8] String offset cast occurred C:\wamp\www\pw\Lib\Action\AdminAction.class.php 第 36 行.
NOTIC: [8] String offset cast occurred C:\wamp\www\pw\Lib\Action\AdminAction.class.php 第 36 行.
NOTIC: [8] String offset cast occurred C:\wamp\www\pw\Lib\Action\AdminAction.class.php 第 36 行.
NOTIC: [8] String offset cast occurred C:\wamp\www\pw\Lib\Action\AdminAction.class.php 第 36 行.
NOTIC: [8] String offset cast occurred C:\wamp\www\pw\Lib\Action\AdminAction.class.php 第 36 行.
NOTIC: [8] String offset cast occurred C:\wamp\www\pw\Lib\Action\AdminAction.class.php 第 36 行.
NOTIC: [8] String offset cast occurred C:\wamp\www\pw\Lib\Action\AdminAction.class.php 第 36 行.
NOTIC: [8] String offset cast occurred C:\wamp\www\pw\Lib\Action\AdminAction.class.php 第 36 行.
NOTIC: [8] String offset cast occurred C:\wamp\www\pw\Lib\Action\AdminAction.class.php 第 36 行.
NOTIC: [8] String offset cast occurred C:\wamp\www\pw\Lib\Action\AdminAction.class.php 第 36 行.
SQL: INSERT INTO `activenumber` (`number`) VALUES ('981253947168') [ RunTime:0.018185s ]
NOTIC: [8] String offset cast occurred C:\wamp\www\pw\Lib\Action\AdminAction.class.php 第 36 行.
NOTIC: [8] Undefined variable: key C:\wamp\www\pw\Lib\Action\AdminAction.class.php 第 36 行.
NOTIC: [8] String offset cast occurred C:\wamp\www\pw\Lib\Action\AdminAction.class.php 第 36 行.
NOTIC: [8] String offset cast occurred C:\wamp\www\pw\Lib\Action\AdminAction.class.php 第 36 行.
NOTIC: [8] String offset cast occurred C:\wamp\www\pw\Lib\Action\AdminAction.class.php 第 36 行.
NOTIC: [8] String offset cast occurred C:\wamp\www\pw\Lib\Action\AdminAction.class.php 第 36 行.
NOTIC: [8] String offset cast occurred C:\wamp\www\pw\Lib\Action\AdminAction.class.php 第 36 行.
NOTIC: [8] String offset cast occurred C:\wamp\www\pw\Lib\Action\AdminAction.class.php 第 36 行.
NOTIC: [8] String offset cast occurred C:\wamp\www\pw\Lib\Action\AdminAction.class.php 第 36 行.
NOTIC: [8] String offset cast occurred C:\wamp\www\pw\Lib\Action\AdminAction.class.php 第 36 行.
NOTIC: [8] String offset cast occurred C:\wamp\www\pw\Lib\Action\AdminAction.class.php 第 36 行.
NOTIC: [8] String offset cast occurred C:\wamp\www\pw\Lib\Action\AdminAction.class.php 第 36 行.
NOTIC: [8] String offset cast occurred C:\wamp\www\pw\Lib\Action\AdminAction.class.php 第 36 行.
SQL: INSERT INTO `activenumber` (`number`) VALUES ('318084675425') [ RunTime:0.021864s ]
NOTIC: [8] String offset cast occurred C:\wamp\www\pw\Lib\Action\AdminAction.class.php 第 36 行.
NOTIC: [8] Undefined variable: key C:\wamp\www\pw\Lib\Action\AdminAction.class.php 第 36 行.
NOTIC: [8] String offset cast occurred C:\wamp\www\pw\Lib\Action\AdminAction.class.php 第 36 行.
NOTIC: [8] String offset cast occurred C:\wamp\www\pw\Lib\Action\AdminAction.class.php 第 36 行.
NOTIC: [8] String offset cast occurred C:\wamp\www\pw\Lib\Action\AdminAction.class.php 第 36 行.
NOTIC: [8] String offset cast occurred C:\wamp\www\pw\Lib\Action\AdminAction.class.php 第 36 行.
NOTIC: [8] String offset cast occurred C:\wamp\www\pw\Lib\Action\AdminAction.class.php 第 36 行.
NOTIC: [8] String offset cast occurred C:\wamp\www\pw\Lib\Action\AdminAction.class.php 第 36 行.
NOTIC: [8] String offset cast occurred C:\wamp\www\pw\Lib\Action\AdminAction.class.php 第 36 行.
NOTIC: [8] String offset cast occurred C:\wamp\www\pw\Lib\Action\AdminAction.class.php 第 36 行.
NOTIC: [8] String offset cast occurred C:\wamp\www\pw\Lib\Action\AdminAction.class.php 第 36 行.
NOTIC: [8] String offset cast occurred C:\wamp\www\pw\Lib\Action\AdminAction.class.php 第 36 行.
NOTIC: [8] String offset cast occurred C:\wamp\www\pw\Lib\Action\AdminAction.class.php 第 36 行.
SQL: INSERT INTO `activenumber` (`number`) VALUES ('854796591523') [ RunTime:0.018145s ]
NOTIC: [8] String offset cast occurred C:\wamp\www\pw\Lib\Action\AdminAction.class.php 第 36 行.
NOTIC: [8] Undefined variable: key C:\wamp\www\pw\Lib\Action\AdminAction.class.php 第 36 行.
NOTIC: [8] String offset cast occurred C:\wamp\www\pw\Lib\Action\AdminAction.class.php 第 36 行.
NOTIC: [8] String offset cast occurred C:\wamp\www\pw\Lib\Action\AdminAction.class.php 第 36 行.
NOTIC: [8] String offset cast occurred C:\wamp\www\pw\Lib\Action\AdminAction.class.php 第 36 行.
NOTIC: [8] String offset cast occurred C:\wamp\www\pw\Lib\Action\AdminAction.class.php 第 36 行.
NOTIC: [8] String offset cast occurred C:\wamp\www\pw\Lib\Action\AdminAction.class.php 第 36 行.
NOTIC: [8] String offset cast occurred C:\wamp\www\pw\Lib\Action\AdminAction.class.php 第 36 行.
NOTIC: [8] String offset cast occurred C:\wamp\www\pw\Lib\Action\AdminAction.class.php 第 36 行.
NOTIC: [8] String offset cast occurred C:\wamp\www\pw\Lib\Action\AdminAction.class.php 第 36 行.
NOTIC: [8] String offset cast occurred C:\wamp\www\pw\Lib\Action\AdminAction.class.php 第 36 行.
NOTIC: [8] String offset cast occurred C:\wamp\www\pw\Lib\Action\AdminAction.class.php 第 36 行.
NOTIC: [8] String offset cast occurred C:\wamp\www\pw\Lib\Action\AdminAction.class.php 第 36 行.
SQL: INSERT INTO `activenumber` (`number`) VALUES ('472655731177') [ RunTime:0.021760s ]

[ 2013-11-21T20:26:43+08:00 ] 127.0.0.1 /pw/
INFO: [ app_begin ] --START--
INFO: ReadHtmlCache Behavior ::run [ RunTime:0.000971s ]
INFO: [ app_begin ] --END-- [ RunTime:0.001086s ]
INFO: [ view_parse ] --START--
INFO: ParseTemplate Behavior ::run [ RunTime:0.105205s ]
INFO: [ view_parse ] --END-- [ RunTime:0.105382s ]
INFO: [ view_filter ] --START--
INFO: ContentReplace Behavior ::run [ RunTime:0.026277s ]
INFO: TokenBuild Behavior ::run [ RunTime:0.021411s ]
INFO: WriteHtmlCache Behavior ::run [ RunTime:0.001308s ]
INFO: ShowRuntime Behavior ::run [ RunTime:0.001565s ]
INFO: [ view_filter ] --END-- [ RunTime:0.050846s ]
INFO: [ view_end ] --START--
INFO: ShowPageTrace Behavior ::run [ RunTime:0.001664s ]
INFO: [ view_end ] --END-- [ RunTime:0.001763s ]

[ 2013-11-21T20:26:46+08:00 ] 127.0.0.1 /pw/?m=Index&&a=checkActive
INFO: [ app_begin ] --START--
INFO: ReadHtmlCache Behavior ::run [ RunTime:0.001496s ]
INFO: [ app_begin ] --END-- [ RunTime:0.001652s ]
SQL: SHOW COLUMNS FROM `activenumber` [ RunTime:0.002604s ]
SQL: SELECT * FROM `activenumber` WHERE ( number='347629999996' ) LIMIT 1   [ RunTime:0.000347s ]

[ 2013-11-21T20:26:59+08:00 ] 127.0.0.1 /pw/?m=Index&&a=buy
INFO: [ app_begin ] --START--
INFO: ReadHtmlCache Behavior ::run [ RunTime:0.001202s ]
INFO: [ app_begin ] --END-- [ RunTime:0.001325s ]
NOTIC: [8192] Function ereg() is deprecated C:\wamp\www\pw\Lib\Action\IndexAction.class.php 第 14 行.
NOTIC: [8192] Function ereg() is deprecated C:\wamp\www\pw\Lib\Action\IndexAction.class.php 第 14 行.
NOTIC: [8192] Function ereg() is deprecated C:\wamp\www\pw\Lib\Action\IndexAction.class.php 第 14 行.
NOTIC: [8192] Function ereg() is deprecated C:\wamp\www\pw\Lib\Action\IndexAction.class.php 第 14 行.
NOTIC: [8192] Function ereg() is deprecated C:\wamp\www\pw\Lib\Action\IndexAction.class.php 第 14 行.
NOTIC: [8192] Function ereg() is deprecated C:\wamp\www\pw\Lib\Action\IndexAction.class.php 第 14 行.
SQL: SHOW COLUMNS FROM `reservationlist` [ RunTime:0.012685s ]
SQL: INSERT INTO `reservationlist` (`name`,`tel`,`idcard`,`playdate`,`playercount`,`playerid`) VALUES ('刘剑锋','13126620104','220822199203067357','2013-11-21',1,'[\"347629999996\"]') [ RunTime:0.031813s ]

[ 2013-11-21T23:29:36+08:00 ] 127.0.0.1 /pw/
INFO: [ app_begin ] --START--
INFO: ReadHtmlCache Behavior ::run [ RunTime:0.000845s ]
INFO: [ app_begin ] --END-- [ RunTime:0.016038s ]
INFO: [ view_parse ] --START--
INFO: ParseTemplate Behavior ::run [ RunTime:0.008009s ]
INFO: [ view_parse ] --END-- [ RunTime:0.008122s ]
INFO: [ view_filter ] --START--
INFO: ContentReplace Behavior ::run [ RunTime:0.000508s ]
INFO: TokenBuild Behavior ::run [ RunTime:0.000438s ]
INFO: WriteHtmlCache Behavior ::run [ RunTime:0.000354s ]
INFO: ShowRuntime Behavior ::run [ RunTime:0.000540s ]
INFO: [ view_filter ] --END-- [ RunTime:0.002089s ]
INFO: [ view_end ] --START--
INFO: ShowPageTrace Behavior ::run [ RunTime:0.000633s ]
INFO: [ view_end ] --END-- [ RunTime:0.000724s ]

[ 2013-11-21T23:29:44+08:00 ] 127.0.0.1 /pw/?m=User
INFO: [ app_begin ] --START--
INFO: ReadHtmlCache Behavior ::run [ RunTime:0.000649s ]
INFO: [ app_begin ] --END-- [ RunTime:0.000804s ]
INFO: [ view_parse ] --START--
INFO: ParseTemplate Behavior ::run [ RunTime:0.008696s ]
INFO: [ view_parse ] --END-- [ RunTime:0.008818s ]
INFO: [ view_filter ] --START--
INFO: ContentReplace Behavior ::run [ RunTime:0.000496s ]
INFO: TokenBuild Behavior ::run [ RunTime:0.000559s ]
INFO: WriteHtmlCache Behavior ::run [ RunTime:0.000278s ]
INFO: ShowRuntime Behavior ::run [ RunTime:0.000491s ]
INFO: [ view_filter ] --END-- [ RunTime:0.002127s ]
INFO: [ view_end ] --START--
INFO: ShowPageTrace Behavior ::run [ RunTime:0.000541s ]
INFO: [ view_end ] --END-- [ RunTime:0.000630s ]

[ 2013-11-21T23:29:48+08:00 ] 127.0.0.1 /pw/?m=User&&a=adminLogin
INFO: [ app_begin ] --START--
INFO: ReadHtmlCache Behavior ::run [ RunTime:0.001161s ]
INFO: [ app_begin ] --END-- [ RunTime:0.001332s ]
SQL: SHOW COLUMNS FROM `user` [ RunTime:0.002343s ]
SQL: SELECT * FROM `user` WHERE ( username="admin" ) LIMIT 1   [ RunTime:0.000358s ]
NOTIC: [8] Undefined index: openCookie C:\wamp\www\pw\Lib\Action\UserAction.class.php 第 32 行.

[ 2013-11-21T23:30:00+08:00 ] 127.0.0.1 /pw/?m=User
INFO: [ app_begin ] --START--
INFO: ReadHtmlCache Behavior ::run [ RunTime:0.000568s ]
INFO: [ app_begin ] --END-- [ RunTime:0.000673s ]
INFO: [ view_parse ] --START--
INFO: ParseTemplate Behavior ::run [ RunTime:0.007760s ]
INFO: [ view_parse ] --END-- [ RunTime:0.007930s ]
INFO: [ view_filter ] --START--
INFO: ContentReplace Behavior ::run [ RunTime:0.000439s ]
INFO: TokenBuild Behavior ::run [ RunTime:0.000447s ]
INFO: WriteHtmlCache Behavior ::run [ RunTime:0.000319s ]
INFO: ShowRuntime Behavior ::run [ RunTime:0.000575s ]
INFO: [ view_filter ] --END-- [ RunTime:0.002037s ]
INFO: [ view_end ] --START--
INFO: ShowPageTrace Behavior ::run [ RunTime:0.000632s ]
INFO: [ view_end ] --END-- [ RunTime:0.000745s ]

[ 2013-11-21T23:30:00+08:00 ] 127.0.0.1 /pw/?m=Admin
INFO: [ app_begin ] --START--
INFO: ReadHtmlCache Behavior ::run [ RunTime:0.000711s ]
INFO: [ app_begin ] --END-- [ RunTime:0.000830s ]
INFO: [ view_parse ] --START--
INFO: ParseTemplate Behavior ::run [ RunTime:0.009027s ]
INFO: [ view_parse ] --END-- [ RunTime:0.009138s ]
INFO: [ view_filter ] --START--
INFO: ContentReplace Behavior ::run [ RunTime:0.000766s ]
INFO: TokenBuild Behavior ::run [ RunTime:0.000786s ]
INFO: WriteHtmlCache Behavior ::run [ RunTime:0.000683s ]
INFO: ShowRuntime Behavior ::run [ RunTime:0.000963s ]
INFO: [ view_filter ] --END-- [ RunTime:0.003453s ]
INFO: [ view_end ] --START--
INFO: ShowPageTrace Behavior ::run [ RunTime:0.000966s ]
INFO: [ view_end ] --END-- [ RunTime:0.001056s ]

[ 2013-11-21T23:36:08+08:00 ] 127.0.0.1 /pw/
INFO: [ app_begin ] --START--
INFO: ReadHtmlCache Behavior ::run [ RunTime:0.000728s ]
INFO: [ app_begin ] --END-- [ RunTime:0.000840s ]
INFO: [ view_parse ] --START--
INFO: ParseTemplate Behavior ::run [ RunTime:0.008889s ]
INFO: [ view_parse ] --END-- [ RunTime:0.009029s ]
INFO: [ view_filter ] --START--
INFO: ContentReplace Behavior ::run [ RunTime:0.000640s ]
INFO: TokenBuild Behavior ::run [ RunTime:0.000519s ]
INFO: WriteHtmlCache Behavior ::run [ RunTime:0.000423s ]
INFO: ShowRuntime Behavior ::run [ RunTime:0.000734s ]
INFO: [ view_filter ] --END-- [ RunTime:0.002608s ]
INFO: [ view_end ] --START--
INFO: ShowPageTrace Behavior ::run [ RunTime:0.000918s ]
INFO: [ view_end ] --END-- [ RunTime:0.001042s ]

[ 2013-11-21T23:36:13+08:00 ] 127.0.0.1 /pw/?m=Index&&a=checkActive
INFO: [ app_begin ] --START--
INFO: ReadHtmlCache Behavior ::run [ RunTime:0.000682s ]
INFO: [ app_begin ] --END-- [ RunTime:0.000780s ]
SQL: SHOW COLUMNS FROM `activenumber` [ RunTime:0.002314s ]
ERR: Model:checkActive您所请求的方法不存在！

[ 2013-11-21T23:37:45+08:00 ] 127.0.0.1 /pw/
INFO: [ app_begin ] --START--
INFO: ReadHtmlCache Behavior ::run [ RunTime:0.000534s ]
INFO: [ app_begin ] --END-- [ RunTime:0.000641s ]
INFO: [ view_parse ] --START--
INFO: ParseTemplate Behavior ::run [ RunTime:0.007644s ]
INFO: [ view_parse ] --END-- [ RunTime:0.007776s ]
INFO: [ view_filter ] --START--
INFO: ContentReplace Behavior ::run [ RunTime:0.000618s ]
INFO: TokenBuild Behavior ::run [ RunTime:0.000450s ]
INFO: WriteHtmlCache Behavior ::run [ RunTime:0.000321s ]
INFO: ShowRuntime Behavior ::run [ RunTime:0.000639s ]
INFO: [ view_filter ] --END-- [ RunTime:0.002317s ]
INFO: [ view_end ] --START--
INFO: ShowPageTrace Behavior ::run [ RunTime:0.000625s ]
INFO: [ view_end ] --END-- [ RunTime:0.000715s ]

[ 2013-11-21T23:37:49+08:00 ] 127.0.0.1 /pw/?m=Index&&a=checkActive
INFO: [ app_begin ] --START--
INFO: ReadHtmlCache Behavior ::run [ RunTime:0.000875s ]
INFO: [ app_begin ] --END-- [ RunTime:0.001021s ]
SQL: SHOW COLUMNS FROM `activenumber` [ RunTime:0.002970s ]

[ 2013-11-21T23:38:01+08:00 ] 127.0.0.1 /pw/
INFO: [ app_begin ] --START--
INFO: ReadHtmlCache Behavior ::run [ RunTime:0.001449s ]
INFO: [ app_begin ] --END-- [ RunTime:0.001736s ]
INFO: [ view_parse ] --START--
INFO: ParseTemplate Behavior ::run [ RunTime:0.008372s ]
INFO: [ view_parse ] --END-- [ RunTime:0.008531s ]
INFO: [ view_filter ] --START--
INFO: ContentReplace Behavior ::run [ RunTime:0.000600s ]
INFO: TokenBuild Behavior ::run [ RunTime:0.000692s ]
INFO: WriteHtmlCache Behavior ::run [ RunTime:0.000465s ]
INFO: ShowRuntime Behavior ::run [ RunTime:0.000587s ]
INFO: [ view_filter ] --END-- [ RunTime:0.002644s ]
INFO: [ view_end ] --START--
INFO: ShowPageTrace Behavior ::run [ RunTime:0.000630s ]
INFO: [ view_end ] --END-- [ RunTime:0.000728s ]

[ 2013-11-21T23:38:04+08:00 ] 127.0.0.1 /pw/?m=Index&&a=checkActive
INFO: [ app_begin ] --START--
INFO: ReadHtmlCache Behavior ::run [ RunTime:0.000886s ]
INFO: [ app_begin ] --END-- [ RunTime:0.001036s ]
SQL: SHOW COLUMNS FROM `activenumber` [ RunTime:0.002519s ]
NOTIC: [2] json_encode(): type is unsupported, encoded as null C:\wamp\www\pw\ChromePhp.php 第 405 行.
NOTIC: [2] json_encode(): type is unsupported, encoded as null C:\wamp\www\pw\ChromePhp.php 第 405 行.
NOTIC: [2] json_encode(): type is unsupported, encoded as null C:\wamp\www\pw\ChromePhp.php 第 405 行.

[ 2013-11-21T23:38:43+08:00 ] 127.0.0.1 /pw/
INFO: [ app_begin ] --START--
INFO: ReadHtmlCache Behavior ::run [ RunTime:0.001040s ]
INFO: [ app_begin ] --END-- [ RunTime:0.001250s ]
INFO: [ view_parse ] --START--
INFO: ParseTemplate Behavior ::run [ RunTime:0.013547s ]
INFO: [ view_parse ] --END-- [ RunTime:0.013819s ]
INFO: [ view_filter ] --START--
INFO: ContentReplace Behavior ::run [ RunTime:0.000486s ]
INFO: TokenBuild Behavior ::run [ RunTime:0.000438s ]
INFO: WriteHtmlCache Behavior ::run [ RunTime:0.000297s ]
INFO: ShowRuntime Behavior ::run [ RunTime:0.000558s ]
INFO: [ view_filter ] --END-- [ RunTime:0.002074s ]
INFO: [ view_end ] --START--
INFO: ShowPageTrace Behavior ::run [ RunTime:0.000751s ]
INFO: [ view_end ] --END-- [ RunTime:0.000857s ]

[ 2013-11-21T23:38:45+08:00 ] 127.0.0.1 /pw/?m=Index&&a=checkActive
INFO: [ app_begin ] --START--
INFO: ReadHtmlCache Behavior ::run [ RunTime:0.000921s ]
INFO: [ app_begin ] --END-- [ RunTime:0.001040s ]
SQL: SHOW COLUMNS FROM `activenumber` [ RunTime:0.002159s ]
NOTIC: [2] json_encode(): type is unsupported, encoded as null C:\wamp\www\pw\ChromePhp.php 第 405 行.
NOTIC: [2] json_encode(): type is unsupported, encoded as null C:\wamp\www\pw\ChromePhp.php 第 405 行.
NOTIC: [2] json_encode(): type is unsupported, encoded as null C:\wamp\www\pw\ChromePhp.php 第 405 行.

[ 2013-11-21T23:38:54+08:00 ] 127.0.0.1 /pw/
INFO: [ app_begin ] --START--
INFO: ReadHtmlCache Behavior ::run [ RunTime:0.000565s ]
INFO: [ app_begin ] --END-- [ RunTime:0.000670s ]
INFO: [ view_parse ] --START--
INFO: ParseTemplate Behavior ::run [ RunTime:0.008118s ]
INFO: [ view_parse ] --END-- [ RunTime:0.008254s ]
INFO: [ view_filter ] --START--
INFO: ContentReplace Behavior ::run [ RunTime:0.000484s ]
INFO: TokenBuild Behavior ::run [ RunTime:0.000453s ]
INFO: WriteHtmlCache Behavior ::run [ RunTime:0.000321s ]
INFO: ShowRuntime Behavior ::run [ RunTime:0.000643s ]
INFO: [ view_filter ] --END-- [ RunTime:0.002153s ]
INFO: [ view_end ] --START--
INFO: ShowPageTrace Behavior ::run [ RunTime:0.000609s ]
INFO: [ view_end ] --END-- [ RunTime:0.000701s ]

[ 2013-11-21T23:38:56+08:00 ] 127.0.0.1 /pw/?m=Index&&a=checkActive
INFO: [ app_begin ] --START--
INFO: ReadHtmlCache Behavior ::run [ RunTime:0.001350s ]
INFO: [ app_begin ] --END-- [ RunTime:0.001518s ]
SQL: SHOW COLUMNS FROM `activenumber` [ RunTime:0.002250s ]

[ 2013-11-21T23:39:29+08:00 ] 127.0.0.1 /pw/
INFO: [ app_begin ] --START--
INFO: ReadHtmlCache Behavior ::run [ RunTime:0.002023s ]
INFO: [ app_begin ] --END-- [ RunTime:0.002319s ]
INFO: [ view_parse ] --START--
INFO: ParseTemplate Behavior ::run [ RunTime:0.012169s ]
INFO: [ view_parse ] --END-- [ RunTime:0.012308s ]
INFO: [ view_filter ] --START--
INFO: ContentReplace Behavior ::run [ RunTime:0.000753s ]
INFO: TokenBuild Behavior ::run [ RunTime:0.000936s ]
INFO: WriteHtmlCache Behavior ::run [ RunTime:0.000638s ]
INFO: ShowRuntime Behavior ::run [ RunTime:0.000943s ]
INFO: [ view_filter ] --END-- [ RunTime:0.003657s ]
INFO: [ view_end ] --START--
INFO: ShowPageTrace Behavior ::run [ RunTime:0.001063s ]
INFO: [ view_end ] --END-- [ RunTime:0.001185s ]

[ 2013-11-21T23:39:32+08:00 ] 127.0.0.1 /pw/?m=Index&&a=checkActive
INFO: [ app_begin ] --START--
INFO: ReadHtmlCache Behavior ::run [ RunTime:0.000920s ]
INFO: [ app_begin ] --END-- [ RunTime:0.001034s ]
SQL: SHOW COLUMNS FROM `activenumber` [ RunTime:0.002339s ]
SQL: SHOW COLUMNS FROM `activenumber` [ RunTime:0.002325s ]
NOTIC: [2] json_encode(): type is unsupported, encoded as null C:\wamp\www\pw\ChromePhp.php 第 405 行.
NOTIC: [2] json_encode(): type is unsupported, encoded as null C:\wamp\www\pw\ChromePhp.php 第 405 行.
NOTIC: [2] json_encode(): type is unsupported, encoded as null C:\wamp\www\pw\ChromePhp.php 第 405 行.

[ 2013-11-21T23:40:03+08:00 ] 127.0.0.1 /pw/
INFO: [ app_begin ] --START--
INFO: ReadHtmlCache Behavior ::run [ RunTime:0.000698s ]
INFO: [ app_begin ] --END-- [ RunTime:0.000837s ]
INFO: [ view_parse ] --START--
INFO: ParseTemplate Behavior ::run [ RunTime:0.009829s ]
INFO: [ view_parse ] --END-- [ RunTime:0.009969s ]
INFO: [ view_filter ] --START--
INFO: ContentReplace Behavior ::run [ RunTime:0.000551s ]
INFO: TokenBuild Behavior ::run [ RunTime:0.000727s ]
INFO: WriteHtmlCache Behavior ::run [ RunTime:0.000517s ]
INFO: ShowRuntime Behavior ::run [ RunTime:0.000837s ]
INFO: [ view_filter ] --END-- [ RunTime:0.002993s ]
INFO: [ view_end ] --START--
INFO: ShowPageTrace Behavior ::run [ RunTime:0.000890s ]
INFO: [ view_end ] --END-- [ RunTime:0.001018s ]

[ 2013-11-21T23:40:05+08:00 ] 127.0.0.1 /pw/?m=Index&&a=checkActive
INFO: [ app_begin ] --START--
INFO: ReadHtmlCache Behavior ::run [ RunTime:0.000988s ]
INFO: [ app_begin ] --END-- [ RunTime:0.001096s ]
SQL: SHOW COLUMNS FROM `activenumber` [ RunTime:0.002708s ]
ERR: Model:checkActive您所请求的方法不存在！

[ 2013-11-21T23:43:33+08:00 ] 127.0.0.1 /pw/
INFO: [ app_begin ] --START--
INFO: ReadHtmlCache Behavior ::run [ RunTime:0.000754s ]
INFO: [ app_begin ] --END-- [ RunTime:0.000872s ]

[ 2013-11-21T23:44:10+08:00 ] 127.0.0.1 /pw/
INFO: [ app_begin ] --START--
INFO: ReadHtmlCache Behavior ::run [ RunTime:0.000547s ]
INFO: [ app_begin ] --END-- [ RunTime:0.000678s ]
INFO: [ view_parse ] --START--
INFO: ParseTemplate Behavior ::run [ RunTime:0.008024s ]
INFO: [ view_parse ] --END-- [ RunTime:0.008146s ]
INFO: [ view_filter ] --START--
INFO: ContentReplace Behavior ::run [ RunTime:0.000543s ]
INFO: TokenBuild Behavior ::run [ RunTime:0.000687s ]
INFO: WriteHtmlCache Behavior ::run [ RunTime:0.000383s ]
INFO: ShowRuntime Behavior ::run [ RunTime:0.000561s ]
INFO: [ view_filter ] --END-- [ RunTime:0.002473s ]
INFO: [ view_end ] --START--
INFO: ShowPageTrace Behavior ::run [ RunTime:0.000596s ]
INFO: [ view_end ] --END-- [ RunTime:0.000687s ]

[ 2013-11-21T23:44:14+08:00 ] 127.0.0.1 /pw/
INFO: [ app_begin ] --START--
INFO: ReadHtmlCache Behavior ::run [ RunTime:0.001173s ]
INFO: [ app_begin ] --END-- [ RunTime:0.001369s ]
INFO: [ view_parse ] --START--
INFO: ParseTemplate Behavior ::run [ RunTime:0.012191s ]
INFO: [ view_parse ] --END-- [ RunTime:0.012403s ]
INFO: [ view_filter ] --START--
INFO: ContentReplace Behavior ::run [ RunTime:0.000531s ]
INFO: TokenBuild Behavior ::run [ RunTime:0.000438s ]
INFO: WriteHtmlCache Behavior ::run [ RunTime:0.000321s ]
INFO: ShowRuntime Behavior ::run [ RunTime:0.000564s ]
INFO: [ view_filter ] --END-- [ RunTime:0.002141s ]
INFO: [ view_end ] --START--
INFO: ShowPageTrace Behavior ::run [ RunTime:0.000628s ]
INFO: [ view_end ] --END-- [ RunTime:0.000720s ]

[ 2013-11-21T23:44:15+08:00 ] 127.0.0.1 /pw/
INFO: [ app_begin ] --START--
INFO: ReadHtmlCache Behavior ::run [ RunTime:0.001266s ]
INFO: [ app_begin ] --END-- [ RunTime:0.001521s ]
INFO: [ view_parse ] --START--
INFO: ParseTemplate Behavior ::run [ RunTime:0.007864s ]
INFO: [ view_parse ] --END-- [ RunTime:0.007980s ]
INFO: [ view_filter ] --START--
INFO: ContentReplace Behavior ::run [ RunTime:0.000418s ]
INFO: TokenBuild Behavior ::run [ RunTime:0.000480s ]
INFO: WriteHtmlCache Behavior ::run [ RunTime:0.000259s ]
INFO: ShowRuntime Behavior ::run [ RunTime:0.000515s ]
INFO: [ view_filter ] --END-- [ RunTime:0.001922s ]
INFO: [ view_end ] --START--
INFO: ShowPageTrace Behavior ::run [ RunTime:0.000580s ]
INFO: [ view_end ] --END-- [ RunTime:0.000673s ]

[ 2013-11-21T23:44:15+08:00 ] 127.0.0.1 /pw/
INFO: [ app_begin ] --START--
INFO: ReadHtmlCache Behavior ::run [ RunTime:0.000867s ]
INFO: [ app_begin ] --END-- [ RunTime:0.001039s ]
INFO: [ view_parse ] --START--
INFO: ParseTemplate Behavior ::run [ RunTime:0.010894s ]
INFO: [ view_parse ] --END-- [ RunTime:0.011056s ]
INFO: [ view_filter ] --START--
INFO: ContentReplace Behavior ::run [ RunTime:0.000649s ]
INFO: TokenBuild Behavior ::run [ RunTime:0.000583s ]
INFO: WriteHtmlCache Behavior ::run [ RunTime:0.000397s ]
INFO: ShowRuntime Behavior ::run [ RunTime:0.000754s ]
INFO: [ view_filter ] --END-- [ RunTime:0.002776s ]
INFO: [ view_end ] --START--
INFO: ShowPageTrace Behavior ::run [ RunTime:0.000838s ]
INFO: [ view_end ] --END-- [ RunTime:0.000981s ]

[ 2013-11-21T23:44:17+08:00 ] 127.0.0.1 /pw/?m=Index&&a=checkActive
INFO: [ app_begin ] --START--
INFO: ReadHtmlCache Behavior ::run [ RunTime:0.000805s ]
INFO: [ app_begin ] --END-- [ RunTime:0.000919s ]
SQL: SHOW COLUMNS FROM `activenumber` [ RunTime:0.002603s ]

[ 2013-11-21T23:44:37+08:00 ] 127.0.0.1 /pw/
INFO: [ app_begin ] --START--
INFO: ReadHtmlCache Behavior ::run [ RunTime:0.001418s ]
INFO: [ app_begin ] --END-- [ RunTime:0.001676s ]
INFO: [ view_parse ] --START--
INFO: ParseTemplate Behavior ::run [ RunTime:0.007800s ]
INFO: [ view_parse ] --END-- [ RunTime:0.007921s ]
INFO: [ view_filter ] --START--
INFO: ContentReplace Behavior ::run [ RunTime:0.000417s ]
INFO: TokenBuild Behavior ::run [ RunTime:0.000379s ]
INFO: WriteHtmlCache Behavior ::run [ RunTime:0.000270s ]
INFO: ShowRuntime Behavior ::run [ RunTime:0.000527s ]
INFO: [ view_filter ] --END-- [ RunTime:0.001892s ]
INFO: [ view_end ] --START--
INFO: ShowPageTrace Behavior ::run [ RunTime:0.000576s ]
INFO: [ view_end ] --END-- [ RunTime:0.000667s ]

[ 2013-11-21T23:44:39+08:00 ] 127.0.0.1 /pw/?m=Index&&a=checkActive
INFO: [ app_begin ] --START--
INFO: ReadHtmlCache Behavior ::run [ RunTime:0.000737s ]
INFO: [ app_begin ] --END-- [ RunTime:0.000850s ]
SQL: SHOW COLUMNS FROM `activenumber` [ RunTime:0.002656s ]

[ 2013-11-21T23:46:17+08:00 ] 127.0.0.1 /pw/
INFO: [ app_begin ] --START--
INFO: ReadHtmlCache Behavior ::run [ RunTime:0.001295s ]
INFO: [ app_begin ] --END-- [ RunTime:0.001508s ]
INFO: [ view_parse ] --START--
INFO: ParseTemplate Behavior ::run [ RunTime:0.015518s ]
INFO: [ view_parse ] --END-- [ RunTime:0.015711s ]
INFO: [ view_filter ] --START--
INFO: ContentReplace Behavior ::run [ RunTime:0.000548s ]
INFO: TokenBuild Behavior ::run [ RunTime:0.000487s ]
INFO: WriteHtmlCache Behavior ::run [ RunTime:0.000323s ]
INFO: ShowRuntime Behavior ::run [ RunTime:0.000624s ]
INFO: [ view_filter ] --END-- [ RunTime:0.002256s ]
INFO: [ view_end ] --START--
INFO: ShowPageTrace Behavior ::run [ RunTime:0.000605s ]
INFO: [ view_end ] --END-- [ RunTime:0.000730s ]

[ 2013-11-21T23:46:19+08:00 ] 127.0.0.1 /pw/?m=Index&&a=checkActive
INFO: [ app_begin ] --START--
INFO: ReadHtmlCache Behavior ::run [ RunTime:0.000867s ]
INFO: [ app_begin ] --END-- [ RunTime:0.000973s ]
SQL: SHOW COLUMNS FROM `activenumber` [ RunTime:0.002802s ]
ERR: Action:where您所请求的方法不存在！

[ 2013-11-21T23:46:43+08:00 ] 127.0.0.1 /pw/
INFO: [ app_begin ] --START--
INFO: ReadHtmlCache Behavior ::run [ RunTime:0.000541s ]
INFO: [ app_begin ] --END-- [ RunTime:0.000655s ]
INFO: [ view_parse ] --START--
INFO: ParseTemplate Behavior ::run [ RunTime:0.008272s ]
INFO: [ view_parse ] --END-- [ RunTime:0.008400s ]
INFO: [ view_filter ] --START--
INFO: ContentReplace Behavior ::run [ RunTime:0.000552s ]
INFO: TokenBuild Behavior ::run [ RunTime:0.000497s ]
INFO: WriteHtmlCache Behavior ::run [ RunTime:0.000430s ]
INFO: ShowRuntime Behavior ::run [ RunTime:0.000619s ]
INFO: [ view_filter ] --END-- [ RunTime:0.002404s ]
INFO: [ view_end ] --START--
INFO: ShowPageTrace Behavior ::run [ RunTime:0.000680s ]
INFO: [ view_end ] --END-- [ RunTime:0.000801s ]

[ 2013-11-21T23:46:45+08:00 ] 127.0.0.1 /pw/?m=Index&&a=checkActive
INFO: [ app_begin ] --START--
INFO: ReadHtmlCache Behavior ::run [ RunTime:0.001035s ]
INFO: [ app_begin ] --END-- [ RunTime:0.001178s ]
SQL: SHOW COLUMNS FROM `activenumber` [ RunTime:0.002794s ]
ERR: Action:where您所请求的方法不存在！

[ 2013-11-21T23:46:58+08:00 ] 127.0.0.1 /pw/
INFO: [ app_begin ] --START--
INFO: ReadHtmlCache Behavior ::run [ RunTime:0.000679s ]
INFO: [ app_begin ] --END-- [ RunTime:0.000819s ]
INFO: [ view_parse ] --START--
INFO: ParseTemplate Behavior ::run [ RunTime:0.009625s ]
INFO: [ view_parse ] --END-- [ RunTime:0.009889s ]
INFO: [ view_filter ] --START--
INFO: ContentReplace Behavior ::run [ RunTime:0.000680s ]
INFO: TokenBuild Behavior ::run [ RunTime:0.000599s ]
INFO: WriteHtmlCache Behavior ::run [ RunTime:0.000366s ]
INFO: ShowRuntime Behavior ::run [ RunTime:0.000663s ]
INFO: [ view_filter ] --END-- [ RunTime:0.002613s ]
INFO: [ view_end ] --START--
INFO: ShowPageTrace Behavior ::run [ RunTime:0.000721s ]
INFO: [ view_end ] --END-- [ RunTime:0.000827s ]

[ 2013-11-21T23:47:00+08:00 ] 127.0.0.1 /pw/?m=Index&&a=checkActive
INFO: [ app_begin ] --START--
INFO: ReadHtmlCache Behavior ::run [ RunTime:0.000817s ]
INFO: [ app_begin ] --END-- [ RunTime:0.000970s ]
SQL: SHOW COLUMNS FROM `activenumber` [ RunTime:0.002471s ]
SQL: SELECT * FROM `activenumber` WHERE ( number='111111111111' ) LIMIT 1   [ RunTime:0.000374s ]

