[ 2013-12-02T21:21:15+08:00 ] 127.0.0.1 /hlpw/?m=User
INFO: [ app_begin ] --START--
INFO: ReadHtmlCache Behavior ::run [ RunTime:0.028082s ]
INFO: [ app_begin ] --END-- [ RunTime:0.046262s ]
INFO: [ view_parse ] --START--
INFO: ParseTemplate Behavior ::run [ RunTime:0.167868s ]
INFO: [ view_parse ] --END-- [ RunTime:0.168088s ]
INFO: [ view_filter ] --START--
INFO: ContentReplace Behavior ::run [ RunTime:0.011406s ]
INFO: TokenBuild Behavior ::run [ RunTime:0.007994s ]
INFO: WriteHtmlCache Behavior ::run [ RunTime:0.004958s ]
INFO: ShowRuntime Behavior ::run [ RunTime:0.006692s ]
INFO: [ view_filter ] --END-- [ RunTime:0.031481s ]
INFO: [ view_end ] --START--
INFO: ShowPageTrace Behavior ::run [ RunTime:0.019100s ]
INFO: [ view_end ] --END-- [ RunTime:0.019215s ]
NOTIC: [8] Constant THEME_PATH already defined C:\wamp\www\hlpw\think\Lib\Core\View.class.php 第 172 行.
NOTIC: [8] Constant APP_TMPL_PATH already defined C:\wamp\www\hlpw\think\Lib\Core\View.class.php 第 173 行.
INFO: [ view_parse ] --START--
INFO: ParseTemplate Behavior ::run [ RunTime:0.036369s ]
INFO: [ view_parse ] --END-- [ RunTime:-0.052078s ]
INFO: [ view_filter ] --START--
INFO: ContentReplace Behavior ::run [ RunTime:0.000165s ]
INFO: TokenBuild Behavior ::run [ RunTime:0.000131s ]
INFO: WriteHtmlCache Behavior ::run [ RunTime:0.000029s ]
INFO: ShowRuntime Behavior ::run [ RunTime:0.000204s ]
INFO: [ view_filter ] --END-- [ RunTime:-0.057102s ]
INFO: [ view_end ] --START--
INFO: ShowPageTrace Behavior ::run [ RunTime:0.000102s ]
INFO: [ view_end ] --END-- [ RunTime:-0.038745s ]

[ 2013-12-02T21:21:18+08:00 ] 127.0.0.1 /hlpw/?m=Admin
INFO: [ app_begin ] --START--
INFO: ReadHtmlCache Behavior ::run [ RunTime:0.000573s ]
INFO: [ app_begin ] --END-- [ RunTime:0.000666s ]
INFO: [ view_parse ] --START--
INFO: ParseTemplate Behavior ::run [ RunTime:0.012801s ]
INFO: [ view_parse ] --END-- [ RunTime:0.012983s ]
INFO: [ view_filter ] --START--
INFO: ContentReplace Behavior ::run [ RunTime:0.000852s ]
INFO: TokenBuild Behavior ::run [ RunTime:0.000830s ]
INFO: WriteHtmlCache Behavior ::run [ RunTime:0.000643s ]
INFO: ShowRuntime Behavior ::run [ RunTime:0.000979s ]
INFO: [ view_filter ] --END-- [ RunTime:0.003713s ]
INFO: [ view_end ] --START--
INFO: ShowPageTrace Behavior ::run [ RunTime:0.001110s ]
INFO: [ view_end ] --END-- [ RunTime:0.001257s ]

[ 2013-12-02T21:21:19+08:00 ] 127.0.0.1 /hlpw/?m=placeControl
INFO: [ app_begin ] --START--
INFO: ReadHtmlCache Behavior ::run [ RunTime:0.000910s ]
INFO: [ app_begin ] --END-- [ RunTime:0.001047s ]
NOTIC: [2] Missing argument 1 for placeControlAction::checkOutPlaceList(), called in C:\wamp\www\hlpw\Lib\Action\placeControlAction.class.php on line 7 and defined C:\wamp\www\hlpw\Lib\Action\placeControlAction.class.php 第 42 行.
SQL: SHOW COLUMNS FROM `place` [ RunTime:0.111454s ]
NOTIC: [8] Undefined variable: availabel C:\wamp\www\hlpw\Lib\Action\placeControlAction.class.php 第 45 行.
SQL: SELECT * FROM `place`  [ RunTime:0.000805s ]
INFO: [ view_parse ] --START--
INFO: ParseTemplate Behavior ::run [ RunTime:0.116862s ]
INFO: [ view_parse ] --END-- [ RunTime:0.117035s ]
INFO: [ view_filter ] --START--
INFO: ContentReplace Behavior ::run [ RunTime:0.000652s ]
INFO: TokenBuild Behavior ::run [ RunTime:0.000587s ]
INFO: WriteHtmlCache Behavior ::run [ RunTime:0.000431s ]
INFO: ShowRuntime Behavior ::run [ RunTime:0.000713s ]
INFO: [ view_filter ] --END-- [ RunTime:0.002748s ]
INFO: [ view_end ] --START--
INFO: ShowPageTrace Behavior ::run [ RunTime:0.000798s ]
INFO: [ view_end ] --END-- [ RunTime:0.000921s ]

[ 2013-12-02T21:21:21+08:00 ] 127.0.0.1 /hlpw/?m=reserList
INFO: [ app_begin ] --START--
INFO: ReadHtmlCache Behavior ::run [ RunTime:0.001148s ]
INFO: [ app_begin ] --END-- [ RunTime:0.001313s ]
SQL: SHOW COLUMNS FROM `place` [ RunTime:0.011368s ]
SQL: SELECT `placename` FROM `place` WHERE ( available=1 )  [ RunTime:0.013174s ]
INFO: [ view_parse ] --START--
INFO: ParseTemplate Behavior ::run [ RunTime:0.048416s ]
INFO: [ view_parse ] --END-- [ RunTime:0.048566s ]
INFO: [ view_filter ] --START--
INFO: ContentReplace Behavior ::run [ RunTime:0.000687s ]
INFO: TokenBuild Behavior ::run [ RunTime:0.000648s ]
INFO: WriteHtmlCache Behavior ::run [ RunTime:0.000476s ]
INFO: ShowRuntime Behavior ::run [ RunTime:0.000749s ]
INFO: [ view_filter ] --END-- [ RunTime:0.002915s ]
INFO: [ view_end ] --START--
INFO: ShowPageTrace Behavior ::run [ RunTime:0.000839s ]
INFO: [ view_end ] --END-- [ RunTime:0.000951s ]

[ 2013-12-02T21:21:29+08:00 ] 127.0.0.1 /hlpw/?m=reserList&&a=ajaxQueryList&place=%E5%8C%97%E4%BA%AC%E6%AC%A2%E4%B9%90%E8%B0%B7&data=%E5%88%98%E5%AE%B6%E5%B3%B0
INFO: [ app_begin ] --START--
INFO: ReadHtmlCache Behavior ::run [ RunTime:0.000451s ]
INFO: [ app_begin ] --END-- [ RunTime:0.000517s ]
SQL: SHOW COLUMNS FROM `reservationlist` [ RunTime:0.073133s ]
SQL: SELECT * FROM `reservationlist` WHERE ( (`name` LIKE '%刘家峰%') OR (`tel` LIKE '%刘家峰%') OR (`idcard` LIKE '%刘家峰%') OR (`playdate` LIKE '%刘家峰%') OR (`playerid` LIKE '%刘家峰%') OR (`place` LIKE '%刘家峰%') OR (`createdate` LIKE '%刘家峰%') ) AND ( `place` = '北京欢乐谷' )  [ RunTime:0.013474s ]
ERR: 1271:Illegal mix of collations for operation 'like'
 [ SQL语句 ] : SELECT * FROM `reservationlist` WHERE ( (`name` LIKE '%刘家峰%') OR (`tel` LIKE '%刘家峰%') OR (`idcard` LIKE '%刘家峰%') OR (`playdate` LIKE '%刘家峰%') OR (`playerid` LIKE '%刘家峰%') OR (`place` LIKE '%刘家峰%') OR (`createdate` LIKE '%刘家峰%') ) AND ( `place` = '北京欢乐谷' ) 
NOTIC: [2] json_encode(): type is unsupported, encoded as null C:\wamp\www\hlpw\ChromePhp.php 第 405 行.
NOTIC: [2] json_encode(): type is unsupported, encoded as null C:\wamp\www\hlpw\ChromePhp.php 第 405 行.

[ 2013-12-02T21:21:38+08:00 ] 127.0.0.1 /hlpw/?m=reserList&&a=ajaxQueryList&place=%E5%8C%97%E4%BA%AC%E6%AC%A2%E4%B9%90%E8%B0%B7&data=%E5%88%98%E5%89%91%E9%94%8B
INFO: [ app_begin ] --START--
INFO: ReadHtmlCache Behavior ::run [ RunTime:0.000897s ]
INFO: [ app_begin ] --END-- [ RunTime:0.001044s ]
SQL: SHOW COLUMNS FROM `reservationlist` [ RunTime:0.009795s ]
SQL: SELECT * FROM `reservationlist` WHERE ( (`name` LIKE '%刘剑锋%') OR (`tel` LIKE '%刘剑锋%') OR (`idcard` LIKE '%刘剑锋%') OR (`playdate` LIKE '%刘剑锋%') OR (`playerid` LIKE '%刘剑锋%') OR (`place` LIKE '%刘剑锋%') OR (`createdate` LIKE '%刘剑锋%') ) AND ( `place` = '北京欢乐谷' )  [ RunTime:0.000220s ]
ERR: 1271:Illegal mix of collations for operation 'like'
 [ SQL语句 ] : SELECT * FROM `reservationlist` WHERE ( (`name` LIKE '%刘剑锋%') OR (`tel` LIKE '%刘剑锋%') OR (`idcard` LIKE '%刘剑锋%') OR (`playdate` LIKE '%刘剑锋%') OR (`playerid` LIKE '%刘剑锋%') OR (`place` LIKE '%刘剑锋%') OR (`createdate` LIKE '%刘剑锋%') ) AND ( `place` = '北京欢乐谷' ) 
NOTIC: [2] json_encode(): type is unsupported, encoded as null C:\wamp\www\hlpw\ChromePhp.php 第 405 行.
NOTIC: [2] json_encode(): type is unsupported, encoded as null C:\wamp\www\hlpw\ChromePhp.php 第 405 行.

[ 2013-12-02T21:22:24+08:00 ] 127.0.0.1 /hlpw/?m=reserList
INFO: [ app_begin ] --START--
INFO: ReadHtmlCache Behavior ::run [ RunTime:0.000410s ]
INFO: [ app_begin ] --END-- [ RunTime:0.000496s ]
SQL: SHOW COLUMNS FROM `place` [ RunTime:0.007012s ]
SQL: SELECT `placename` FROM `place` WHERE ( available=1 )  [ RunTime:0.000266s ]
INFO: [ view_parse ] --START--
INFO: ParseTemplate Behavior ::run [ RunTime:0.010599s ]
INFO: [ view_parse ] --END-- [ RunTime:0.010689s ]
INFO: [ view_filter ] --START--
INFO: ContentReplace Behavior ::run [ RunTime:0.000351s ]
INFO: TokenBuild Behavior ::run [ RunTime:0.000310s ]
INFO: WriteHtmlCache Behavior ::run [ RunTime:0.000227s ]
INFO: ShowRuntime Behavior ::run [ RunTime:0.000449s ]
INFO: [ view_filter ] --END-- [ RunTime:0.001556s ]
INFO: [ view_end ] --START--
INFO: ShowPageTrace Behavior ::run [ RunTime:0.000436s ]
INFO: [ view_end ] --END-- [ RunTime:0.000500s ]

[ 2013-12-02T21:22:29+08:00 ] 127.0.0.1 /hlpw/?m=reserList&&a=ajaxQueryList&place=%E5%8C%97%E4%BA%AC%E6%AC%A2%E4%B9%90%E8%B0%B7&data=%E5%88%98%E5%89%91%E9%94%8B
INFO: [ app_begin ] --START--
INFO: ReadHtmlCache Behavior ::run [ RunTime:0.000890s ]
INFO: [ app_begin ] --END-- [ RunTime:0.001040s ]
SQL: SHOW COLUMNS FROM `reservationlist` [ RunTime:0.010492s ]
SQL: SELECT * FROM `reservationlist` WHERE ( (`name` LIKE '%刘剑锋%') OR (`tel` LIKE '%刘剑锋%') OR (`idcard` LIKE '%刘剑锋%') OR (`playdate` LIKE '%刘剑锋%') OR (`playerid` LIKE '%刘剑锋%') OR (`place` LIKE '%刘剑锋%') OR (`createdate` LIKE '%刘剑锋%') ) AND ( `place` = '北京欢乐谷' )  [ RunTime:0.000214s ]
ERR: 1271:Illegal mix of collations for operation 'like'
 [ SQL语句 ] : SELECT * FROM `reservationlist` WHERE ( (`name` LIKE '%刘剑锋%') OR (`tel` LIKE '%刘剑锋%') OR (`idcard` LIKE '%刘剑锋%') OR (`playdate` LIKE '%刘剑锋%') OR (`playerid` LIKE '%刘剑锋%') OR (`place` LIKE '%刘剑锋%') OR (`createdate` LIKE '%刘剑锋%') ) AND ( `place` = '北京欢乐谷' ) 
NOTIC: [2] json_encode(): type is unsupported, encoded as null C:\wamp\www\hlpw\ChromePhp.php 第 405 行.
NOTIC: [2] json_encode(): type is unsupported, encoded as null C:\wamp\www\hlpw\ChromePhp.php 第 405 行.

[ 2013-12-02T21:22:56+08:00 ] 127.0.0.1 /hlpw/?m=reserList&&a=ajaxQueryList&place=%E5%8C%97%E4%BA%AC%E6%AC%A2%E4%B9%90%E8%B0%B7&data=%E5%88%98%E5%89%91%E9%94%8B
INFO: [ app_begin ] --START--
INFO: ReadHtmlCache Behavior ::run [ RunTime:0.000578s ]
INFO: [ app_begin ] --END-- [ RunTime:0.000658s ]
SQL: SHOW COLUMNS FROM `reservationlist` [ RunTime:0.011228s ]
SQL: SELECT * FROM `reservationlist` WHERE ( (`name` LIKE '%刘剑锋%') OR (`tel` LIKE '%刘剑锋%') OR (`idcard` LIKE '%刘剑锋%') OR (`playdate` LIKE '%刘剑锋%') OR (`playerid` LIKE '%刘剑锋%') OR (`place` LIKE '%刘剑锋%') OR (`createdate` LIKE '%刘剑锋%') ) AND ( `place` = '北京欢乐谷' )  [ RunTime:0.000257s ]
ERR: 1271:Illegal mix of collations for operation 'like'
 [ SQL语句 ] : SELECT * FROM `reservationlist` WHERE ( (`name` LIKE '%刘剑锋%') OR (`tel` LIKE '%刘剑锋%') OR (`idcard` LIKE '%刘剑锋%') OR (`playdate` LIKE '%刘剑锋%') OR (`playerid` LIKE '%刘剑锋%') OR (`place` LIKE '%刘剑锋%') OR (`createdate` LIKE '%刘剑锋%') ) AND ( `place` = '北京欢乐谷' ) 
NOTIC: [2] json_encode(): type is unsupported, encoded as null C:\wamp\www\hlpw\ChromePhp.php 第 405 行.
NOTIC: [2] json_encode(): type is unsupported, encoded as null C:\wamp\www\hlpw\ChromePhp.php 第 405 行.

[ 2013-12-02T21:23:04+08:00 ] 127.0.0.1 /hlpw/?m=reserList&&a=ajaxQueryList&place=%E5%8C%97%E4%BA%AC%E6%AC%A2%E4%B9%90%E8%B0%B7&data=%E5%88%98%E5%89%91%E9%94%8B
INFO: [ app_begin ] --START--
INFO: ReadHtmlCache Behavior ::run [ RunTime:0.000855s ]
INFO: [ app_begin ] --END-- [ RunTime:0.000993s ]
SQL: SHOW COLUMNS FROM `reservationlist` [ RunTime:0.043315s ]
SQL: SELECT * FROM `reservationlist` WHERE ( (`name` LIKE '%刘剑锋%') OR (`tel` LIKE '%刘剑锋%') OR (`idcard` LIKE '%刘剑锋%') OR (`playdate` LIKE '%刘剑锋%') OR (`playerid` LIKE '%刘剑锋%') OR (`place` LIKE '%刘剑锋%') OR (`createdate` LIKE '%刘剑锋%') ) AND ( `place` = '北京欢乐谷' )  [ RunTime:0.000423s ]
ERR: 1271:Illegal mix of collations for operation 'like'
 [ SQL语句 ] : SELECT * FROM `reservationlist` WHERE ( (`name` LIKE '%刘剑锋%') OR (`tel` LIKE '%刘剑锋%') OR (`idcard` LIKE '%刘剑锋%') OR (`playdate` LIKE '%刘剑锋%') OR (`playerid` LIKE '%刘剑锋%') OR (`place` LIKE '%刘剑锋%') OR (`createdate` LIKE '%刘剑锋%') ) AND ( `place` = '北京欢乐谷' ) 
NOTIC: [2] json_encode(): type is unsupported, encoded as null C:\wamp\www\hlpw\ChromePhp.php 第 405 行.
NOTIC: [2] json_encode(): type is unsupported, encoded as null C:\wamp\www\hlpw\ChromePhp.php 第 405 行.

[ 2013-12-02T21:26:00+08:00 ] 127.0.0.1 /hlpw/?m=reserList&&a=ajaxQueryList&place=%E5%8C%97%E4%BA%AC%E6%AC%A2%E4%B9%90%E8%B0%B7&data=%E5%88%98%E5%89%91%E9%94%8B
INFO: [ app_begin ] --START--
INFO: ReadHtmlCache Behavior ::run [ RunTime:0.001242s ]
INFO: [ app_begin ] --END-- [ RunTime:0.001393s ]
SQL: SHOW COLUMNS FROM `reservationlist` [ RunTime:0.017312s ]
SQL: SELECT * FROM `reservationlist` WHERE ( (`name` LIKE '%刘剑锋%') OR (`tel` LIKE '%刘剑锋%') OR (`idcard` LIKE '%刘剑锋%') OR (`playdate` LIKE '%刘剑锋%') OR (`playerid` LIKE '%刘剑锋%') OR (`place` LIKE '%刘剑锋%') OR (`createdate` LIKE '%刘剑锋%') ) AND ( `place` = '北京欢乐谷' )  [ RunTime:0.000566s ]
ERR: 1271:Illegal mix of collations for operation 'like'
 [ SQL语句 ] : SELECT * FROM `reservationlist` WHERE ( (`name` LIKE '%刘剑锋%') OR (`tel` LIKE '%刘剑锋%') OR (`idcard` LIKE '%刘剑锋%') OR (`playdate` LIKE '%刘剑锋%') OR (`playerid` LIKE '%刘剑锋%') OR (`place` LIKE '%刘剑锋%') OR (`createdate` LIKE '%刘剑锋%') ) AND ( `place` = '北京欢乐谷' ) 
NOTIC: [2] json_encode(): type is unsupported, encoded as null C:\wamp\www\hlpw\ChromePhp.php 第 405 行.
NOTIC: [2] json_encode(): type is unsupported, encoded as null C:\wamp\www\hlpw\ChromePhp.php 第 405 行.

[ 2013-12-02T21:26:21+08:00 ] 127.0.0.1 /hlpw/?m=reserList&&a=ajaxQueryList&place=%E5%8C%97%E4%BA%AC%E6%AC%A2%E4%B9%90%E8%B0%B7&data=13122222222
INFO: [ app_begin ] --START--
INFO: ReadHtmlCache Behavior ::run [ RunTime:0.000895s ]
INFO: [ app_begin ] --END-- [ RunTime:0.001042s ]
SQL: SHOW COLUMNS FROM `reservationlist` [ RunTime:0.021291s ]
SQL: SELECT * FROM `reservationlist` WHERE ( (`name` LIKE '%13122222222%') OR (`tel` LIKE '%13122222222%') OR (`idcard` LIKE '%13122222222%') OR (`playdate` LIKE '%13122222222%') OR (`playerid` LIKE '%13122222222%') OR (`place` LIKE '%13122222222%') OR (`createdate` LIKE '%13122222222%') ) AND ( `place` = '北京欢乐谷' )  [ RunTime:0.000546s ]
NOTIC: [2] json_encode(): type is unsupported, encoded as null C:\wamp\www\hlpw\ChromePhp.php 第 405 行.
NOTIC: [2] json_encode(): type is unsupported, encoded as null C:\wamp\www\hlpw\ChromePhp.php 第 405 行.
NOTIC: [2] json_encode(): type is unsupported, encoded as null C:\wamp\www\hlpw\ChromePhp.php 第 405 行.

[ 2013-12-02T21:26:29+08:00 ] 127.0.0.1 /hlpw/?m=reserList&&a=ajaxQueryList&place=%E5%8C%97%E4%BA%AC%E6%AC%A2%E4%B9%90%E8%B0%B7&data=13222222222
INFO: [ app_begin ] --START--
INFO: ReadHtmlCache Behavior ::run [ RunTime:0.000905s ]
INFO: [ app_begin ] --END-- [ RunTime:0.001051s ]
SQL: SHOW COLUMNS FROM `reservationlist` [ RunTime:0.010654s ]
SQL: SELECT * FROM `reservationlist` WHERE ( (`name` LIKE '%13222222222%') OR (`tel` LIKE '%13222222222%') OR (`idcard` LIKE '%13222222222%') OR (`playdate` LIKE '%13222222222%') OR (`playerid` LIKE '%13222222222%') OR (`place` LIKE '%13222222222%') OR (`createdate` LIKE '%13222222222%') ) AND ( `place` = '北京欢乐谷' )  [ RunTime:0.000427s ]
NOTIC: [2] json_encode(): type is unsupported, encoded as null C:\wamp\www\hlpw\ChromePhp.php 第 405 行.
NOTIC: [2] json_encode(): type is unsupported, encoded as null C:\wamp\www\hlpw\ChromePhp.php 第 405 行.
NOTIC: [2] json_encode(): type is unsupported, encoded as null C:\wamp\www\hlpw\ChromePhp.php 第 405 行.

[ 2013-12-02T21:26:40+08:00 ] 127.0.0.1 /hlpw/?m=reserList&&a=ajaxQueryList&place=%E5%8C%97%E4%BA%AC%E6%AC%A2%E4%B9%90%E8%B0%B7&data=2013-12-01
INFO: [ app_begin ] --START--
INFO: ReadHtmlCache Behavior ::run [ RunTime:0.000906s ]
INFO: [ app_begin ] --END-- [ RunTime:0.001054s ]
SQL: SHOW COLUMNS FROM `reservationlist` [ RunTime:0.021056s ]
SQL: SELECT * FROM `reservationlist` WHERE ( (`name` LIKE '%2013-12-01%') OR (`tel` LIKE '%2013-12-01%') OR (`idcard` LIKE '%2013-12-01%') OR (`playdate` LIKE '%2013-12-01%') OR (`playerid` LIKE '%2013-12-01%') OR (`place` LIKE '%2013-12-01%') OR (`createdate` LIKE '%2013-12-01%') ) AND ( `place` = '北京欢乐谷' )  [ RunTime:0.000746s ]
NOTIC: [2] json_encode(): type is unsupported, encoded as null C:\wamp\www\hlpw\ChromePhp.php 第 405 行.
NOTIC: [2] json_encode(): type is unsupported, encoded as null C:\wamp\www\hlpw\ChromePhp.php 第 405 行.
NOTIC: [2] json_encode(): type is unsupported, encoded as null C:\wamp\www\hlpw\ChromePhp.php 第 405 行.

[ 2013-12-02T21:27:07+08:00 ] 127.0.0.1 /hlpw/?m=reserList&&a=ajaxQueryList&place=%E5%8C%97%E4%BA%AC%E6%AC%A2%E4%B9%90%E8%B0%B7&data=2013-12-01
INFO: [ app_begin ] --START--
INFO: ReadHtmlCache Behavior ::run [ RunTime:0.000889s ]
INFO: [ app_begin ] --END-- [ RunTime:0.001039s ]
SQL: SHOW COLUMNS FROM `reservationlist` [ RunTime:0.009711s ]
SQL: SELECT * FROM `reservationlist` WHERE ( (`name` LIKE '%2013-12-01%') OR (`tel` LIKE '%2013-12-01%') OR (`idcard` LIKE '%2013-12-01%') OR (`playdate` LIKE '%2013-12-01%') OR (`playerid` LIKE '%2013-12-01%') OR (`place` LIKE '%2013-12-01%') OR (`createdate` LIKE '%2013-12-01%') ) AND ( `place` = '北京欢乐谷' )  [ RunTime:0.000375s ]
NOTIC: [2] json_encode(): type is unsupported, encoded as null C:\wamp\www\hlpw\ChromePhp.php 第 405 行.
NOTIC: [2] json_encode(): type is unsupported, encoded as null C:\wamp\www\hlpw\ChromePhp.php 第 405 行.
NOTIC: [2] json_encode(): type is unsupported, encoded as null C:\wamp\www\hlpw\ChromePhp.php 第 405 行.

[ 2013-12-02T21:28:27+08:00 ] 127.0.0.1 /hlpw/?m=reserList&&a=ajaxQueryList&place=%E5%8C%97%E4%BA%AC%E6%AC%A2%E4%B9%90%E8%B0%B7&data=220822199203067357
INFO: [ app_begin ] --START--
INFO: ReadHtmlCache Behavior ::run [ RunTime:0.001143s ]
INFO: [ app_begin ] --END-- [ RunTime:0.001292s ]
SQL: SHOW COLUMNS FROM `reservationlist` [ RunTime:0.010020s ]
SQL: SELECT * FROM `reservationlist` WHERE ( (`name` LIKE '%220822199203067357%') OR (`tel` LIKE '%220822199203067357%') OR (`idcard` LIKE '%220822199203067357%') OR (`playdate` LIKE '%220822199203067357%') OR (`playerid` LIKE '%220822199203067357%') OR (`place` LIKE '%220822199203067357%') OR (`createdate` LIKE '%220822199203067357%') ) AND ( `place` = '北京欢乐谷' ) ORDER BY playdate  [ RunTime:0.000521s ]
NOTIC: [2] json_encode(): type is unsupported, encoded as null C:\wamp\www\hlpw\ChromePhp.php 第 405 行.
NOTIC: [2] json_encode(): type is unsupported, encoded as null C:\wamp\www\hlpw\ChromePhp.php 第 405 行.
NOTIC: [2] json_encode(): type is unsupported, encoded as null C:\wamp\www\hlpw\ChromePhp.php 第 405 行.

[ 2013-12-02T21:29:37+08:00 ] 127.0.0.1 /hlpw/?m=reserList&&a=ajaxQueryList&place=%E5%8C%97%E4%BA%AC%E6%AC%A2%E4%B9%90%E8%B0%B7&data=220822199203067357
INFO: [ app_begin ] --START--
INFO: ReadHtmlCache Behavior ::run [ RunTime:0.000392s ]
INFO: [ app_begin ] --END-- [ RunTime:0.000460s ]
SQL: SHOW COLUMNS FROM `reservationlist` [ RunTime:0.009720s ]
SQL: SELECT * FROM `reservationlist` WHERE ( (`name` LIKE '%220822199203067357%') OR (`tel` LIKE '%220822199203067357%') OR (`idcard` LIKE '%220822199203067357%') OR (`playdate` LIKE '%220822199203067357%') OR (`playerid` LIKE '%220822199203067357%') OR (`place` LIKE '%220822199203067357%') OR (`createdate` LIKE '%220822199203067357%') ) AND ( `place` = '北京欢乐谷' ) ORDER BY playdate desc  [ RunTime:0.000517s ]
NOTIC: [2] json_encode(): type is unsupported, encoded as null C:\wamp\www\hlpw\ChromePhp.php 第 405 行.
NOTIC: [2] json_encode(): type is unsupported, encoded as null C:\wamp\www\hlpw\ChromePhp.php 第 405 行.
NOTIC: [2] json_encode(): type is unsupported, encoded as null C:\wamp\www\hlpw\ChromePhp.php 第 405 行.

[ 2013-12-02T21:29:52+08:00 ] 127.0.0.1 /hlpw/?m=reserList&&a=ajaxQueryList&place=%E5%8C%97%E4%BA%AC%E6%AC%A2%E4%B9%90%E8%B0%B7&data=2013-12-31
INFO: [ app_begin ] --START--
INFO: ReadHtmlCache Behavior ::run [ RunTime:0.000890s ]
INFO: [ app_begin ] --END-- [ RunTime:0.001034s ]
SQL: SHOW COLUMNS FROM `reservationlist` [ RunTime:0.011114s ]
SQL: SELECT * FROM `reservationlist` WHERE ( (`name` LIKE '%2013-12-31%') OR (`tel` LIKE '%2013-12-31%') OR (`idcard` LIKE '%2013-12-31%') OR (`playdate` LIKE '%2013-12-31%') OR (`playerid` LIKE '%2013-12-31%') OR (`place` LIKE '%2013-12-31%') OR (`createdate` LIKE '%2013-12-31%') ) AND ( `place` = '北京欢乐谷' ) ORDER BY playdate desc  [ RunTime:0.000475s ]
NOTIC: [2] json_encode(): type is unsupported, encoded as null C:\wamp\www\hlpw\ChromePhp.php 第 405 行.
NOTIC: [2] json_encode(): type is unsupported, encoded as null C:\wamp\www\hlpw\ChromePhp.php 第 405 行.
NOTIC: [2] json_encode(): type is unsupported, encoded as null C:\wamp\www\hlpw\ChromePhp.php 第 405 行.

[ 2013-12-02T21:29:59+08:00 ] 127.0.0.1 /hlpw/?m=reserList&&a=ajaxQueryList&place=%E5%8C%97%E4%BA%AC%E6%AC%A2%E4%B9%90%E8%B0%B7&data=2013-11-23%5C
INFO: [ app_begin ] --START--
INFO: ReadHtmlCache Behavior ::run [ RunTime:0.000569s ]
INFO: [ app_begin ] --END-- [ RunTime:0.000663s ]
SQL: SHOW COLUMNS FROM `reservationlist` [ RunTime:0.013638s ]
SQL: SELECT * FROM `reservationlist` WHERE ( (`name` LIKE '%2013-11-23\\%') OR (`tel` LIKE '%2013-11-23\\%') OR (`idcard` LIKE '%2013-11-23\\%') OR (`playdate` LIKE '%2013-11-23\\%') OR (`playerid` LIKE '%2013-11-23\\%') OR (`place` LIKE '%2013-11-23\\%') OR (`createdate` LIKE '%2013-11-23\\%') ) AND ( `place` = '北京欢乐谷' ) ORDER BY playdate desc  [ RunTime:0.000530s ]
NOTIC: [2] json_encode(): type is unsupported, encoded as null C:\wamp\www\hlpw\ChromePhp.php 第 405 行.
NOTIC: [2] json_encode(): type is unsupported, encoded as null C:\wamp\www\hlpw\ChromePhp.php 第 405 行.
NOTIC: [2] json_encode(): type is unsupported, encoded as null C:\wamp\www\hlpw\ChromePhp.php 第 405 行.

[ 2013-12-02T21:30:01+08:00 ] 127.0.0.1 /hlpw/?m=reserList&&a=ajaxQueryList&place=%E5%8C%97%E4%BA%AC%E6%AC%A2%E4%B9%90%E8%B0%B7&data=2013-11-23
INFO: [ app_begin ] --START--
INFO: ReadHtmlCache Behavior ::run [ RunTime:0.000709s ]
INFO: [ app_begin ] --END-- [ RunTime:0.000830s ]
SQL: SHOW COLUMNS FROM `reservationlist` [ RunTime:0.009834s ]
SQL: SELECT * FROM `reservationlist` WHERE ( (`name` LIKE '%2013-11-23%') OR (`tel` LIKE '%2013-11-23%') OR (`idcard` LIKE '%2013-11-23%') OR (`playdate` LIKE '%2013-11-23%') OR (`playerid` LIKE '%2013-11-23%') OR (`place` LIKE '%2013-11-23%') OR (`createdate` LIKE '%2013-11-23%') ) AND ( `place` = '北京欢乐谷' ) ORDER BY playdate desc  [ RunTime:0.000417s ]
NOTIC: [2] json_encode(): type is unsupported, encoded as null C:\wamp\www\hlpw\ChromePhp.php 第 405 行.
NOTIC: [2] json_encode(): type is unsupported, encoded as null C:\wamp\www\hlpw\ChromePhp.php 第 405 行.
NOTIC: [2] json_encode(): type is unsupported, encoded as null C:\wamp\www\hlpw\ChromePhp.php 第 405 行.

[ 2013-12-02T21:30:31+08:00 ] 127.0.0.1 /hlpw/?m=reserList&&a=ajaxQueryList&place=%E5%8C%97%E4%BA%AC%E6%AC%A2%E4%B9%90%E8%B0%B7&data=2013-11-23
INFO: [ app_begin ] --START--
INFO: ReadHtmlCache Behavior ::run [ RunTime:0.001169s ]
INFO: [ app_begin ] --END-- [ RunTime:0.001319s ]
SQL: SHOW COLUMNS FROM `reservationlist` [ RunTime:0.022363s ]
SQL: SELECT * FROM `reservationlist` WHERE ( (`name` LIKE '%2013-11-23%') OR (`tel` LIKE '%2013-11-23%') OR (`idcard` LIKE '%2013-11-23%') OR (`playdate` LIKE '%2013-11-23%') OR (`playerid` LIKE '%2013-11-23%') OR (`place` LIKE '%2013-11-23%') OR (`createdate` LIKE '%2013-11-23%') ) AND ( `place` = '北京欢乐谷' ) ORDER BY playdate desc  [ RunTime:0.000451s ]
NOTIC: [2] json_encode(): type is unsupported, encoded as null C:\wamp\www\hlpw\ChromePhp.php 第 405 行.
NOTIC: [2] json_encode(): type is unsupported, encoded as null C:\wamp\www\hlpw\ChromePhp.php 第 405 行.
NOTIC: [2] json_encode(): type is unsupported, encoded as null C:\wamp\www\hlpw\ChromePhp.php 第 405 行.

[ 2013-12-02T21:45:23+08:00 ] 127.0.0.1 /hlpw/?m=reserList
INFO: [ app_begin ] --START--
INFO: ReadHtmlCache Behavior ::run [ RunTime:0.000569s ]
INFO: [ app_begin ] --END-- [ RunTime:0.000647s ]
SQL: SHOW COLUMNS FROM `place` [ RunTime:0.015117s ]
SQL: SELECT `placename` FROM `place` WHERE ( available=1 )  [ RunTime:0.000390s ]
INFO: [ view_parse ] --START--
INFO: ParseTemplate Behavior ::run [ RunTime:0.188706s ]
INFO: [ view_parse ] --END-- [ RunTime:0.188865s ]
INFO: [ view_filter ] --START--
INFO: ContentReplace Behavior ::run [ RunTime:0.037631s ]
INFO: TokenBuild Behavior ::run [ RunTime:0.082324s ]
INFO: WriteHtmlCache Behavior ::run [ RunTime:0.015233s ]
INFO: ShowRuntime Behavior ::run [ RunTime:0.018287s ]
INFO: [ view_filter ] --END-- [ RunTime:0.153954s ]
INFO: [ view_end ] --START--
INFO: ShowPageTrace Behavior ::run [ RunTime:0.024546s ]
INFO: [ view_end ] --END-- [ RunTime:0.024717s ]

[ 2013-12-02T21:45:38+08:00 ] 127.0.0.1 /hlpw/?m=reserList&&a=ajaxQueryList&place=%E5%8C%97%E4%BA%AC%E6%AC%A2%E4%B9%90%E8%B0%B7&data=%E5%88%98%E5%AE%89%E8%AE%A5%E8%AE%BD%E4%BD%A0
INFO: [ app_begin ] --START--
INFO: ReadHtmlCache Behavior ::run [ RunTime:0.000568s ]
INFO: [ app_begin ] --END-- [ RunTime:0.000636s ]
SQL: SHOW COLUMNS FROM `reservationlist` [ RunTime:0.009821s ]
SQL: SELECT * FROM `reservationlist` WHERE ( (`name` LIKE '%刘安讥讽你%') OR (`tel` LIKE '%刘安讥讽你%') OR (`idcard` LIKE '%刘安讥讽你%') OR (`playdate` LIKE '%刘安讥讽你%') OR (`playerid` LIKE '%刘安讥讽你%') OR (`place` LIKE '%刘安讥讽你%') OR (`createdate` LIKE '%刘安讥讽你%') ) AND ( `place` = '北京欢乐谷' ) ORDER BY playdate desc  [ RunTime:0.000282s ]
ERR: 1271:Illegal mix of collations for operation 'like'
 [ SQL语句 ] : SELECT * FROM `reservationlist` WHERE ( (`name` LIKE '%刘安讥讽你%') OR (`tel` LIKE '%刘安讥讽你%') OR (`idcard` LIKE '%刘安讥讽你%') OR (`playdate` LIKE '%刘安讥讽你%') OR (`playerid` LIKE '%刘安讥讽你%') OR (`place` LIKE '%刘安讥讽你%') OR (`createdate` LIKE '%刘安讥讽你%') ) AND ( `place` = '北京欢乐谷' ) ORDER BY playdate desc 
NOTIC: [2] json_encode(): type is unsupported, encoded as null C:\wamp\www\hlpw\ChromePhp.php 第 405 行.
NOTIC: [2] json_encode(): type is unsupported, encoded as null C:\wamp\www\hlpw\ChromePhp.php 第 405 行.

[ 2013-12-02T21:45:58+08:00 ] 127.0.0.1 /hlpw/?m=reserList&&a=ajaxQueryList&place=%E5%8C%97%E4%BA%AC%E6%AC%A2%E4%B9%90%E8%B0%B7&data=%E5%88%98%E5%AE%89%E8%AE%A5%E8%AE%BD%E4%BD%A0
INFO: [ app_begin ] --START--
INFO: ReadHtmlCache Behavior ::run [ RunTime:0.000885s ]
INFO: [ app_begin ] --END-- [ RunTime:0.001033s ]
SQL: SHOW COLUMNS FROM `reservationlist` [ RunTime:0.009771s ]
SQL: SELECT * FROM `reservationlist` WHERE ( (`name` LIKE '%刘安讥讽你%') OR (`tel` LIKE '%刘安讥讽你%') OR (`idcard` LIKE '%刘安讥讽你%') OR (`playdate` LIKE '%刘安讥讽你%') OR (`playerid` LIKE '%刘安讥讽你%') OR (`place` LIKE '%刘安讥讽你%') OR (`createdate` LIKE '%刘安讥讽你%') ) AND ( `place` = '北京欢乐谷' ) ORDER BY playdate desc  [ RunTime:0.000234s ]
ERR: 1271:Illegal mix of collations for operation 'like'
 [ SQL语句 ] : SELECT * FROM `reservationlist` WHERE ( (`name` LIKE '%刘安讥讽你%') OR (`tel` LIKE '%刘安讥讽你%') OR (`idcard` LIKE '%刘安讥讽你%') OR (`playdate` LIKE '%刘安讥讽你%') OR (`playerid` LIKE '%刘安讥讽你%') OR (`place` LIKE '%刘安讥讽你%') OR (`createdate` LIKE '%刘安讥讽你%') ) AND ( `place` = '北京欢乐谷' ) ORDER BY playdate desc 
NOTIC: [2] json_encode(): type is unsupported, encoded as null C:\wamp\www\hlpw\ChromePhp.php 第 405 行.
NOTIC: [2] json_encode(): type is unsupported, encoded as null C:\wamp\www\hlpw\ChromePhp.php 第 405 行.

[ 2013-12-02T21:46:06+08:00 ] 127.0.0.1 /hlpw/?m=reserList&&a=ajaxQueryList&place=%E5%8C%97%E4%BA%AC%E6%AC%A2%E4%B9%90%E8%B0%B7&data=1
INFO: [ app_begin ] --START--
INFO: ReadHtmlCache Behavior ::run [ RunTime:0.000430s ]
INFO: [ app_begin ] --END-- [ RunTime:0.000502s ]
SQL: SHOW COLUMNS FROM `reservationlist` [ RunTime:0.010367s ]
SQL: SELECT * FROM `reservationlist` WHERE ( (`name` LIKE '%1%') OR (`tel` LIKE '%1%') OR (`idcard` LIKE '%1%') OR (`playdate` LIKE '%1%') OR (`playerid` LIKE '%1%') OR (`place` LIKE '%1%') OR (`createdate` LIKE '%1%') ) AND ( `place` = '北京欢乐谷' ) ORDER BY playdate desc  [ RunTime:0.000540s ]

[ 2013-12-02T21:53:07+08:00 ] 127.0.0.1 /hlpw/?m=reserList&&a=ajaxQueryList&place=%E5%8C%97%E4%BA%AC%E6%AC%A2%E4%B9%90%E8%B0%B7&data=%E6%96%87
INFO: [ app_begin ] --START--
INFO: ReadHtmlCache Behavior ::run [ RunTime:0.000858s ]
INFO: [ app_begin ] --END-- [ RunTime:0.000962s ]
SQL: SHOW COLUMNS FROM `reservationlist` [ RunTime:0.039486s ]
SQL: SELECT * FROM `reservationlist` WHERE ( (`name` LIKE '%文%') OR (`tel` LIKE '%文%') OR (`idcard` LIKE '%文%') OR (`playdate` LIKE '%文%') OR (`playerid` LIKE '%文%') OR (`place` LIKE '%文%') OR (`createdate` LIKE '%文%') ) AND ( `place` = '北京欢乐谷' ) ORDER BY playdate desc  [ RunTime:0.000460s ]
ERR: 1271:Illegal mix of collations for operation 'like'
 [ SQL语句 ] : SELECT * FROM `reservationlist` WHERE ( (`name` LIKE '%文%') OR (`tel` LIKE '%文%') OR (`idcard` LIKE '%文%') OR (`playdate` LIKE '%文%') OR (`playerid` LIKE '%文%') OR (`place` LIKE '%文%') OR (`createdate` LIKE '%文%') ) AND ( `place` = '北京欢乐谷' ) ORDER BY playdate desc 

[ 2013-12-02T21:53:24+08:00 ] 127.0.0.1 /hlpw/?m=reserList&&a=ajaxQueryList&place=%E5%8C%97%E4%BA%AC%E6%AC%A2%E4%B9%90%E8%B0%B7&data=%E6%96%87
INFO: [ app_begin ] --START--
INFO: ReadHtmlCache Behavior ::run [ RunTime:0.000888s ]
INFO: [ app_begin ] --END-- [ RunTime:0.001037s ]
SQL: SHOW COLUMNS FROM `reservationlist` [ RunTime:0.048712s ]
SQL: SELECT * FROM `reservationlist` WHERE ( (`name` LIKE '%文%') OR (`tel` LIKE '%文%') OR (`idcard` LIKE '%文%') OR (`playdate` LIKE '%文%') OR (`playerid` LIKE '%文%') OR (`place` LIKE '%文%') OR (`createdate` LIKE '%文%') ) AND ( `place` = '北京欢乐谷' ) ORDER BY playdate desc  [ RunTime:0.000500s ]
ERR: 1271:Illegal mix of collations for operation 'like'
 [ SQL语句 ] : SELECT * FROM `reservationlist` WHERE ( (`name` LIKE '%文%') OR (`tel` LIKE '%文%') OR (`idcard` LIKE '%文%') OR (`playdate` LIKE '%文%') OR (`playerid` LIKE '%文%') OR (`place` LIKE '%文%') OR (`createdate` LIKE '%文%') ) AND ( `place` = '北京欢乐谷' ) ORDER BY playdate desc 

[ 2013-12-02T21:53:30+08:00 ] 127.0.0.1 /hlpw/?m=reserList&&a=ajaxQueryList&place=%E5%8C%97%E4%BA%AC%E6%AC%A2%E4%B9%90%E8%B0%B7&data=%E6%96%87
INFO: [ app_begin ] --START--
INFO: ReadHtmlCache Behavior ::run [ RunTime:0.000879s ]
INFO: [ app_begin ] --END-- [ RunTime:0.001024s ]
SQL: SHOW COLUMNS FROM `reservationlist` [ RunTime:0.010343s ]
SQL: SELECT * FROM `reservationlist` WHERE ( (`name` LIKE '%文%') OR (`tel` LIKE '%文%') OR (`idcard` LIKE '%文%') OR (`playdate` LIKE '%文%') OR (`playerid` LIKE '%文%') OR (`place` LIKE '%文%') OR (`createdate` LIKE '%文%') ) AND ( `place` = '北京欢乐谷' ) ORDER BY playdate desc  [ RunTime:0.000223s ]
ERR: 1271:Illegal mix of collations for operation 'like'
 [ SQL语句 ] : SELECT * FROM `reservationlist` WHERE ( (`name` LIKE '%文%') OR (`tel` LIKE '%文%') OR (`idcard` LIKE '%文%') OR (`playdate` LIKE '%文%') OR (`playerid` LIKE '%文%') OR (`place` LIKE '%文%') OR (`createdate` LIKE '%文%') ) AND ( `place` = '北京欢乐谷' ) ORDER BY playdate desc 

[ 2013-12-02T21:53:41+08:00 ] 127.0.0.1 /hlpw/?m=reserList&&a=ajaxQueryList&place=%E5%8C%97%E4%BA%AC%E6%AC%A2%E4%B9%90%E8%B0%B7&data=%E6%96%87
INFO: [ app_begin ] --START--
INFO: ReadHtmlCache Behavior ::run [ RunTime:0.000394s ]
INFO: [ app_begin ] --END-- [ RunTime:0.000488s ]
SQL: SHOW COLUMNS FROM `reservationlist` [ RunTime:0.010355s ]
SQL: SELECT * FROM `reservationlist` WHERE ( (`name` LIKE '%文%') OR (`tel` LIKE '%文%') OR (`idcard` LIKE '%文%') OR (`playdate` LIKE '%文%') OR (`playerid` LIKE '%文%') OR (`place` LIKE '%文%') OR (`createdate` LIKE '%文%') ) AND ( `place` = '北京欢乐谷' ) ORDER BY playdate desc  [ RunTime:0.000309s ]
ERR: 1271:Illegal mix of collations for operation 'like'
 [ SQL语句 ] : SELECT * FROM `reservationlist` WHERE ( (`name` LIKE '%文%') OR (`tel` LIKE '%文%') OR (`idcard` LIKE '%文%') OR (`playdate` LIKE '%文%') OR (`playerid` LIKE '%文%') OR (`place` LIKE '%文%') OR (`createdate` LIKE '%文%') ) AND ( `place` = '北京欢乐谷' ) ORDER BY playdate desc 
NOTIC: [2] json_encode(): type is unsupported, encoded as null C:\wamp\www\hlpw\ChromePhp.php 第 405 行.
NOTIC: [2] json_encode(): type is unsupported, encoded as null C:\wamp\www\hlpw\ChromePhp.php 第 405 行.

[ 2013-12-02T21:53:50+08:00 ] 127.0.0.1 /hlpw/
INFO: [ app_begin ] --START--
INFO: ReadHtmlCache Behavior ::run [ RunTime:0.000496s ]
INFO: [ app_begin ] --END-- [ RunTime:0.000572s ]
SQL: SHOW COLUMNS FROM `place` [ RunTime:0.014993s ]
SQL: SELECT `placename` FROM `place` WHERE ( available=1 )  [ RunTime:0.000549s ]
INFO: [ view_parse ] --START--
INFO: ParseTemplate Behavior ::run [ RunTime:0.045362s ]
INFO: [ view_parse ] --END-- [ RunTime:0.045546s ]
INFO: [ view_filter ] --START--
INFO: ContentReplace Behavior ::run [ RunTime:0.001027s ]
INFO: TokenBuild Behavior ::run [ RunTime:0.000860s ]
INFO: WriteHtmlCache Behavior ::run [ RunTime:0.000659s ]
INFO: ShowRuntime Behavior ::run [ RunTime:0.001025s ]
INFO: [ view_filter ] --END-- [ RunTime:0.003971s ]
INFO: [ view_end ] --START--
INFO: ShowPageTrace Behavior ::run [ RunTime:0.001079s ]
INFO: [ view_end ] --END-- [ RunTime:0.001222s ]

[ 2013-12-02T21:53:52+08:00 ] 127.0.0.1 /hlpw/?m=user
INFO: [ app_begin ] --START--
INFO: ReadHtmlCache Behavior ::run [ RunTime:0.000545s ]
INFO: [ app_begin ] --END-- [ RunTime:0.000618s ]
INFO: [ view_parse ] --START--
NOTIC: [8] Undefined variable: jumpUrl C:\wamp\www\hlpw\Runtime\Cache\82d261e5c1aacbac870614f227fef014.php 第 26 行.
NOTIC: [8] Undefined variable: waitSecond C:\wamp\www\hlpw\Runtime\Cache\82d261e5c1aacbac870614f227fef014.php 第 26 行.
INFO: ParseTemplate Behavior ::run [ RunTime:0.031592s ]
INFO: [ view_parse ] --END-- [ RunTime:0.031761s ]
INFO: [ view_filter ] --START--
INFO: ContentReplace Behavior ::run [ RunTime:0.000843s ]
INFO: TokenBuild Behavior ::run [ RunTime:0.000819s ]
INFO: WriteHtmlCache Behavior ::run [ RunTime:0.000633s ]
INFO: ShowRuntime Behavior ::run [ RunTime:0.000958s ]
INFO: [ view_filter ] --END-- [ RunTime:0.003655s ]
INFO: [ view_end ] --START--
INFO: ShowPageTrace Behavior ::run [ RunTime:0.001071s ]
INFO: [ view_end ] --END-- [ RunTime:0.001213s ]

[ 2013-12-02T21:53:54+08:00 ] 127.0.0.1 /hlpw/?m=user
INFO: [ app_begin ] --START--
INFO: ReadHtmlCache Behavior ::run [ RunTime:0.000538s ]
INFO: [ app_begin ] --END-- [ RunTime:0.000630s ]
INFO: [ view_parse ] --START--
NOTIC: [8] Undefined variable: jumpUrl C:\wamp\www\hlpw\Runtime\Cache\82d261e5c1aacbac870614f227fef014.php 第 26 行.
NOTIC: [8] Undefined variable: waitSecond C:\wamp\www\hlpw\Runtime\Cache\82d261e5c1aacbac870614f227fef014.php 第 26 行.
INFO: ParseTemplate Behavior ::run [ RunTime:0.005364s ]
INFO: [ view_parse ] --END-- [ RunTime:0.005433s ]
INFO: [ view_filter ] --START--
INFO: ContentReplace Behavior ::run [ RunTime:0.000318s ]
INFO: TokenBuild Behavior ::run [ RunTime:0.000302s ]
INFO: WriteHtmlCache Behavior ::run [ RunTime:0.000219s ]
INFO: ShowRuntime Behavior ::run [ RunTime:0.000385s ]
INFO: [ view_filter ] --END-- [ RunTime:0.001425s ]
INFO: [ view_end ] --START--
INFO: ShowPageTrace Behavior ::run [ RunTime:0.000429s ]
INFO: [ view_end ] --END-- [ RunTime:0.000493s ]

[ 2013-12-02T21:53:55+08:00 ] 127.0.0.1 /hlpw/?m=User
INFO: [ app_begin ] --START--
INFO: ReadHtmlCache Behavior ::run [ RunTime:0.000541s ]
INFO: [ app_begin ] --END-- [ RunTime:0.000622s ]
INFO: [ view_parse ] --START--
INFO: ParseTemplate Behavior ::run [ RunTime:0.005398s ]
INFO: [ view_parse ] --END-- [ RunTime:0.005479s ]
INFO: [ view_filter ] --START--
INFO: ContentReplace Behavior ::run [ RunTime:0.000330s ]
INFO: TokenBuild Behavior ::run [ RunTime:0.000327s ]
INFO: WriteHtmlCache Behavior ::run [ RunTime:0.000236s ]
INFO: ShowRuntime Behavior ::run [ RunTime:0.000395s ]
INFO: [ view_filter ] --END-- [ RunTime:0.001476s ]
INFO: [ view_end ] --START--
INFO: ShowPageTrace Behavior ::run [ RunTime:0.000448s ]
INFO: [ view_end ] --END-- [ RunTime:0.000514s ]
NOTIC: [8] Constant THEME_PATH already defined C:\wamp\www\hlpw\think\Lib\Core\View.class.php 第 172 行.
NOTIC: [8] Constant APP_TMPL_PATH already defined C:\wamp\www\hlpw\think\Lib\Core\View.class.php 第 173 行.
INFO: [ view_parse ] --START--
INFO: ParseTemplate Behavior ::run [ RunTime:0.029463s ]
INFO: [ view_parse ] --END-- [ RunTime:-0.002610s ]
INFO: [ view_filter ] --START--
INFO: ContentReplace Behavior ::run [ RunTime:0.000162s ]
INFO: TokenBuild Behavior ::run [ RunTime:0.000131s ]
INFO: WriteHtmlCache Behavior ::run [ RunTime:0.000029s ]
INFO: ShowRuntime Behavior ::run [ RunTime:0.000202s ]
INFO: [ view_filter ] --END-- [ RunTime:-0.030775s ]
INFO: [ view_end ] --START--
INFO: ShowPageTrace Behavior ::run [ RunTime:0.000102s ]
INFO: [ view_end ] --END-- [ RunTime:-0.031211s ]

[ 2013-12-02T21:53:55+08:00 ] 127.0.0.1 /hlpw/?m=user
INFO: [ app_begin ] --START--
INFO: ReadHtmlCache Behavior ::run [ RunTime:0.001145s ]
INFO: [ app_begin ] --END-- [ RunTime:0.001311s ]
INFO: [ view_parse ] --START--
NOTIC: [8] Undefined variable: jumpUrl C:\wamp\www\hlpw\Runtime\Cache\82d261e5c1aacbac870614f227fef014.php 第 26 行.
NOTIC: [8] Undefined variable: waitSecond C:\wamp\www\hlpw\Runtime\Cache\82d261e5c1aacbac870614f227fef014.php 第 26 行.
INFO: ParseTemplate Behavior ::run [ RunTime:0.012185s ]
INFO: [ view_parse ] --END-- [ RunTime:0.012344s ]
INFO: [ view_filter ] --START--
INFO: ContentReplace Behavior ::run [ RunTime:0.000824s ]
INFO: TokenBuild Behavior ::run [ RunTime:0.000804s ]
INFO: WriteHtmlCache Behavior ::run [ RunTime:0.000609s ]
INFO: ShowRuntime Behavior ::run [ RunTime:0.000943s ]
INFO: [ view_filter ] --END-- [ RunTime:0.003589s ]
INFO: [ view_end ] --START--
INFO: ShowPageTrace Behavior ::run [ RunTime:0.000991s ]
INFO: [ view_end ] --END-- [ RunTime:0.001093s ]

[ 2013-12-02T21:53:56+08:00 ] 127.0.0.1 /hlpw/?m=user
INFO: [ app_begin ] --START--
INFO: ReadHtmlCache Behavior ::run [ RunTime:0.000891s ]
INFO: [ app_begin ] --END-- [ RunTime:0.001058s ]
INFO: [ view_parse ] --START--
NOTIC: [8] Undefined variable: jumpUrl C:\wamp\www\hlpw\Runtime\Cache\82d261e5c1aacbac870614f227fef014.php 第 26 行.
NOTIC: [8] Undefined variable: waitSecond C:\wamp\www\hlpw\Runtime\Cache\82d261e5c1aacbac870614f227fef014.php 第 26 行.
INFO: ParseTemplate Behavior ::run [ RunTime:0.006298s ]
INFO: [ view_parse ] --END-- [ RunTime:0.006379s ]
INFO: [ view_filter ] --START--
INFO: ContentReplace Behavior ::run [ RunTime:0.000381s ]
INFO: TokenBuild Behavior ::run [ RunTime:0.000366s ]
INFO: WriteHtmlCache Behavior ::run [ RunTime:0.000262s ]
INFO: ShowRuntime Behavior ::run [ RunTime:0.000443s ]
INFO: [ view_filter ] --END-- [ RunTime:0.001667s ]
INFO: [ view_end ] --START--
INFO: ShowPageTrace Behavior ::run [ RunTime:0.000501s ]
INFO: [ view_end ] --END-- [ RunTime:0.000577s ]

[ 2013-12-02T21:53:57+08:00 ] 127.0.0.1 /hlpw/?m=user
INFO: [ app_begin ] --START--
INFO: ReadHtmlCache Behavior ::run [ RunTime:0.000600s ]
INFO: [ app_begin ] --END-- [ RunTime:0.000723s ]
INFO: [ view_parse ] --START--
NOTIC: [8] Undefined variable: jumpUrl C:\wamp\www\hlpw\Runtime\Cache\82d261e5c1aacbac870614f227fef014.php 第 26 行.
NOTIC: [8] Undefined variable: waitSecond C:\wamp\www\hlpw\Runtime\Cache\82d261e5c1aacbac870614f227fef014.php 第 26 行.
INFO: ParseTemplate Behavior ::run [ RunTime:0.007788s ]
INFO: [ view_parse ] --END-- [ RunTime:0.007934s ]
INFO: [ view_filter ] --START--
INFO: ContentReplace Behavior ::run [ RunTime:0.000711s ]
INFO: TokenBuild Behavior ::run [ RunTime:0.000619s ]
INFO: WriteHtmlCache Behavior ::run [ RunTime:0.000366s ]
INFO: ShowRuntime Behavior ::run [ RunTime:0.000544s ]
INFO: [ view_filter ] --END-- [ RunTime:0.002583s ]
INFO: [ view_end ] --START--
INFO: ShowPageTrace Behavior ::run [ RunTime:0.000649s ]
INFO: [ view_end ] --END-- [ RunTime:0.000743s ]

[ 2013-12-02T21:53:57+08:00 ] 127.0.0.1 /hlpw/?m=User
INFO: [ app_begin ] --START--
INFO: ReadHtmlCache Behavior ::run [ RunTime:0.000415s ]
INFO: [ app_begin ] --END-- [ RunTime:0.000502s ]
INFO: [ view_parse ] --START--
INFO: ParseTemplate Behavior ::run [ RunTime:0.005684s ]
INFO: [ view_parse ] --END-- [ RunTime:0.005809s ]
INFO: [ view_filter ] --START--
INFO: ContentReplace Behavior ::run [ RunTime:0.000350s ]
INFO: TokenBuild Behavior ::run [ RunTime:0.000315s ]
INFO: WriteHtmlCache Behavior ::run [ RunTime:0.000230s ]
INFO: ShowRuntime Behavior ::run [ RunTime:0.000383s ]
INFO: [ view_filter ] --END-- [ RunTime:0.001483s ]
INFO: [ view_end ] --START--
INFO: ShowPageTrace Behavior ::run [ RunTime:0.000436s ]
INFO: [ view_end ] --END-- [ RunTime:0.000501s ]
NOTIC: [8] Constant THEME_PATH already defined C:\wamp\www\hlpw\think\Lib\Core\View.class.php 第 172 行.
NOTIC: [8] Constant APP_TMPL_PATH already defined C:\wamp\www\hlpw\think\Lib\Core\View.class.php 第 173 行.
INFO: [ view_parse ] --START--
INFO: ParseTemplate Behavior ::run [ RunTime:0.001946s ]
INFO: [ view_parse ] --END-- [ RunTime:-0.002436s ]
INFO: [ view_filter ] --START--
INFO: ContentReplace Behavior ::run [ RunTime:0.000083s ]
INFO: TokenBuild Behavior ::run [ RunTime:0.000060s ]
INFO: WriteHtmlCache Behavior ::run [ RunTime:0.000016s ]
INFO: ShowRuntime Behavior ::run [ RunTime:0.000092s ]
INFO: [ view_filter ] --END-- [ RunTime:-0.002979s ]
INFO: [ view_end ] --START--
INFO: ShowPageTrace Behavior ::run [ RunTime:0.000050s ]
INFO: [ view_end ] --END-- [ RunTime:-0.002888s ]

[ 2013-12-02T21:53:58+08:00 ] 127.0.0.1 /hlpw/?m=Admin
INFO: [ app_begin ] --START--
INFO: ReadHtmlCache Behavior ::run [ RunTime:0.000882s ]
INFO: [ app_begin ] --END-- [ RunTime:0.001049s ]
INFO: [ view_parse ] --START--
INFO: ParseTemplate Behavior ::run [ RunTime:0.008360s ]
INFO: [ view_parse ] --END-- [ RunTime:0.008451s ]
INFO: [ view_filter ] --START--
INFO: ContentReplace Behavior ::run [ RunTime:0.000827s ]
INFO: TokenBuild Behavior ::run [ RunTime:0.000816s ]
INFO: WriteHtmlCache Behavior ::run [ RunTime:0.000798s ]
INFO: ShowRuntime Behavior ::run [ RunTime:0.001046s ]
INFO: [ view_filter ] --END-- [ RunTime:0.003671s ]
INFO: [ view_end ] --START--
INFO: ShowPageTrace Behavior ::run [ RunTime:0.000953s ]
INFO: [ view_end ] --END-- [ RunTime:0.001019s ]

[ 2013-12-02T21:53:59+08:00 ] 127.0.0.1 /hlpw/?m=placeControl
INFO: [ app_begin ] --START--
INFO: ReadHtmlCache Behavior ::run [ RunTime:0.002054s ]
INFO: [ app_begin ] --END-- [ RunTime:0.002229s ]
NOTIC: [2] Missing argument 1 for placeControlAction::checkOutPlaceList(), called in C:\wamp\www\hlpw\Lib\Action\placeControlAction.class.php on line 7 and defined C:\wamp\www\hlpw\Lib\Action\placeControlAction.class.php 第 42 行.
SQL: SHOW COLUMNS FROM `place` [ RunTime:0.007723s ]
NOTIC: [8] Undefined variable: availabel C:\wamp\www\hlpw\Lib\Action\placeControlAction.class.php 第 45 行.
SQL: SELECT * FROM `place`  [ RunTime:0.000356s ]
INFO: [ view_parse ] --START--
INFO: ParseTemplate Behavior ::run [ RunTime:0.034130s ]
INFO: [ view_parse ] --END-- [ RunTime:0.034226s ]
INFO: [ view_filter ] --START--
INFO: ContentReplace Behavior ::run [ RunTime:0.000893s ]
INFO: TokenBuild Behavior ::run [ RunTime:0.000823s ]
INFO: WriteHtmlCache Behavior ::run [ RunTime:0.000737s ]
INFO: ShowRuntime Behavior ::run [ RunTime:0.000899s ]
INFO: [ view_filter ] --END-- [ RunTime:0.003527s ]
INFO: [ view_end ] --START--
INFO: ShowPageTrace Behavior ::run [ RunTime:0.000950s ]
INFO: [ view_end ] --END-- [ RunTime:0.001013s ]

[ 2013-12-02T21:54:01+08:00 ] 127.0.0.1 /hlpw/?m=reserList
INFO: [ app_begin ] --START--
INFO: ReadHtmlCache Behavior ::run [ RunTime:0.001162s ]
INFO: [ app_begin ] --END-- [ RunTime:0.001240s ]
SQL: SHOW COLUMNS FROM `place` [ RunTime:0.020706s ]
SQL: SELECT `placename` FROM `place` WHERE ( available=1 )  [ RunTime:0.000285s ]
INFO: [ view_parse ] --START--
INFO: ParseTemplate Behavior ::run [ RunTime:0.009369s ]
INFO: [ view_parse ] --END-- [ RunTime:0.009445s ]
INFO: [ view_filter ] --START--
INFO: ContentReplace Behavior ::run [ RunTime:0.000818s ]
INFO: TokenBuild Behavior ::run [ RunTime:0.000819s ]
INFO: WriteHtmlCache Behavior ::run [ RunTime:0.000722s ]
INFO: ShowRuntime Behavior ::run [ RunTime:0.000889s ]
INFO: [ view_filter ] --END-- [ RunTime:0.003426s ]
INFO: [ view_end ] --START--
INFO: ShowPageTrace Behavior ::run [ RunTime:0.000927s ]
INFO: [ view_end ] --END-- [ RunTime:0.000991s ]

[ 2013-12-02T21:54:06+08:00 ] 127.0.0.1 /hlpw/?m=reserList&&a=ajaxQueryList&place=%E5%8C%97%E4%BA%AC%E6%AC%A2%E4%B9%90%E8%B0%B7&data=l
INFO: [ app_begin ] --START--
INFO: ReadHtmlCache Behavior ::run [ RunTime:0.002085s ]
INFO: [ app_begin ] --END-- [ RunTime:0.002234s ]
SQL: SHOW COLUMNS FROM `reservationlist` [ RunTime:0.010135s ]
SQL: SELECT * FROM `reservationlist` WHERE ( (`name` LIKE '%l%') OR (`tel` LIKE '%l%') OR (`idcard` LIKE '%l%') OR (`playdate` LIKE '%l%') OR (`playerid` LIKE '%l%') OR (`place` LIKE '%l%') OR (`createdate` LIKE '%l%') ) AND ( `place` = '北京欢乐谷' ) ORDER BY playdate desc  [ RunTime:0.000481s ]
NOTIC: [2] json_encode(): type is unsupported, encoded as null C:\wamp\www\hlpw\ChromePhp.php 第 405 行.
NOTIC: [2] json_encode(): type is unsupported, encoded as null C:\wamp\www\hlpw\ChromePhp.php 第 405 行.
NOTIC: [2] json_encode(): type is unsupported, encoded as null C:\wamp\www\hlpw\ChromePhp.php 第 405 行.

[ 2013-12-02T21:54:09+08:00 ] 127.0.0.1 /hlpw/?m=reserList&&a=ajaxQueryList&place=%E5%8C%97%E4%BA%AC%E6%AC%A2%E4%B9%90%E8%B0%B7&data=%E5%88%98
INFO: [ app_begin ] --START--
INFO: ReadHtmlCache Behavior ::run [ RunTime:0.002059s ]
INFO: [ app_begin ] --END-- [ RunTime:0.002210s ]
SQL: SHOW COLUMNS FROM `reservationlist` [ RunTime:0.009709s ]
SQL: SELECT * FROM `reservationlist` WHERE ( (`name` LIKE '%刘%') OR (`tel` LIKE '%刘%') OR (`idcard` LIKE '%刘%') OR (`playdate` LIKE '%刘%') OR (`playerid` LIKE '%刘%') OR (`place` LIKE '%刘%') OR (`createdate` LIKE '%刘%') ) AND ( `place` = '北京欢乐谷' ) ORDER BY playdate desc  [ RunTime:0.000278s ]
ERR: 1271:Illegal mix of collations for operation 'like'
 [ SQL语句 ] : SELECT * FROM `reservationlist` WHERE ( (`name` LIKE '%刘%') OR (`tel` LIKE '%刘%') OR (`idcard` LIKE '%刘%') OR (`playdate` LIKE '%刘%') OR (`playerid` LIKE '%刘%') OR (`place` LIKE '%刘%') OR (`createdate` LIKE '%刘%') ) AND ( `place` = '北京欢乐谷' ) ORDER BY playdate desc 
NOTIC: [2] json_encode(): type is unsupported, encoded as null C:\wamp\www\hlpw\ChromePhp.php 第 405 行.
NOTIC: [2] json_encode(): type is unsupported, encoded as null C:\wamp\www\hlpw\ChromePhp.php 第 405 行.

[ 2013-12-02T21:54:22+08:00 ] 127.0.0.1 /hlpw/?m=reserList
INFO: [ app_begin ] --START--
INFO: ReadHtmlCache Behavior ::run [ RunTime:0.000773s ]
INFO: [ app_begin ] --END-- [ RunTime:0.000898s ]
SQL: SHOW COLUMNS FROM `place` [ RunTime:0.011387s ]
SQL: SELECT `placename` FROM `place` WHERE ( available=1 )  [ RunTime:0.000335s ]
INFO: [ view_parse ] --START--
INFO: ParseTemplate Behavior ::run [ RunTime:0.008539s ]
INFO: [ view_parse ] --END-- [ RunTime:0.008748s ]
INFO: [ view_filter ] --START--
INFO: ContentReplace Behavior ::run [ RunTime:0.000957s ]
INFO: TokenBuild Behavior ::run [ RunTime:0.000789s ]
INFO: WriteHtmlCache Behavior ::run [ RunTime:0.000761s ]
INFO: ShowRuntime Behavior ::run [ RunTime:0.000669s ]
INFO: [ view_filter ] --END-- [ RunTime:0.003706s ]
INFO: [ view_end ] --START--
INFO: ShowPageTrace Behavior ::run [ RunTime:0.000613s ]
INFO: [ view_end ] --END-- [ RunTime:0.000686s ]

[ 2013-12-02T21:54:27+08:00 ] 127.0.0.1 /hlpw/?m=reserList&&a=ajaxQueryList&place=%E5%8C%97%E4%BA%AC%E6%AC%A2%E4%B9%90%E8%B0%B7&data=%E5%88%98
INFO: [ app_begin ] --START--
INFO: ReadHtmlCache Behavior ::run [ RunTime:0.000879s ]
INFO: [ app_begin ] --END-- [ RunTime:0.001026s ]
SQL: SHOW COLUMNS FROM `reservationlist` [ RunTime:0.116629s ]
SQL: SELECT * FROM `reservationlist` WHERE ( (`name` LIKE '%刘%') OR (`tel` LIKE '%刘%') OR (`idcard` LIKE '%刘%') OR (`playdate` LIKE '%刘%') OR (`playerid` LIKE '%刘%') OR (`place` LIKE '%刘%') OR (`createdate` LIKE '%刘%') ) AND ( `place` = '北京欢乐谷' ) ORDER BY playdate desc  [ RunTime:0.000500s ]
ERR: 1271:Illegal mix of collations for operation 'like'
 [ SQL语句 ] : SELECT * FROM `reservationlist` WHERE ( (`name` LIKE '%刘%') OR (`tel` LIKE '%刘%') OR (`idcard` LIKE '%刘%') OR (`playdate` LIKE '%刘%') OR (`playerid` LIKE '%刘%') OR (`place` LIKE '%刘%') OR (`createdate` LIKE '%刘%') ) AND ( `place` = '北京欢乐谷' ) ORDER BY playdate desc 
NOTIC: [2] json_encode(): type is unsupported, encoded as null C:\wamp\www\hlpw\ChromePhp.php 第 405 行.
NOTIC: [2] json_encode(): type is unsupported, encoded as null C:\wamp\www\hlpw\ChromePhp.php 第 405 行.

[ 2013-12-02T21:54:36+08:00 ] 127.0.0.1 /hlpw/?m=reserList&&a=ajaxQueryList&place=%E5%8C%97%E4%BA%AC%E6%AC%A2%E4%B9%90%E8%B0%B7&data=13222222222
INFO: [ app_begin ] --START--
INFO: ReadHtmlCache Behavior ::run [ RunTime:0.002086s ]
INFO: [ app_begin ] --END-- [ RunTime:0.002228s ]
SQL: SHOW COLUMNS FROM `reservationlist` [ RunTime:0.011722s ]
SQL: SELECT * FROM `reservationlist` WHERE ( (`name` LIKE '%13222222222%') OR (`tel` LIKE '%13222222222%') OR (`idcard` LIKE '%13222222222%') OR (`playdate` LIKE '%13222222222%') OR (`playerid` LIKE '%13222222222%') OR (`place` LIKE '%13222222222%') OR (`createdate` LIKE '%13222222222%') ) AND ( `place` = '北京欢乐谷' ) ORDER BY playdate desc  [ RunTime:0.000445s ]
NOTIC: [2] json_encode(): type is unsupported, encoded as null C:\wamp\www\hlpw\ChromePhp.php 第 405 行.
NOTIC: [2] json_encode(): type is unsupported, encoded as null C:\wamp\www\hlpw\ChromePhp.php 第 405 行.
NOTIC: [2] json_encode(): type is unsupported, encoded as null C:\wamp\www\hlpw\ChromePhp.php 第 405 行.

[ 2013-12-02T21:56:05+08:00 ] 127.0.0.1 /hlpw/?m=reserList&&a=ajaxQueryList&place=%E5%8C%97%E4%BA%AC%E6%AC%A2%E4%B9%90%E8%B0%B7&data=%E5%88%98
INFO: [ app_begin ] --START--
INFO: ReadHtmlCache Behavior ::run [ RunTime:0.001515s ]
INFO: [ app_begin ] --END-- [ RunTime:0.001666s ]
SQL: SHOW COLUMNS FROM `reservationlist` [ RunTime:0.009851s ]
SQL: SELECT * FROM `reservationlist` WHERE ( (`name` LIKE '%刘%') OR (`tel` LIKE '%刘%') OR (`idcard` LIKE '%刘%') OR (`playdate` LIKE '%刘%') OR (`playerid` LIKE '%刘%') OR (`place` LIKE '%刘%') OR (`createdate` LIKE '%刘%') ) AND ( `place` = '北京欢乐谷' ) ORDER BY playdate desc  [ RunTime:0.000268s ]
ERR: 1271:Illegal mix of collations for operation 'like'
 [ SQL语句 ] : SELECT * FROM `reservationlist` WHERE ( (`name` LIKE '%刘%') OR (`tel` LIKE '%刘%') OR (`idcard` LIKE '%刘%') OR (`playdate` LIKE '%刘%') OR (`playerid` LIKE '%刘%') OR (`place` LIKE '%刘%') OR (`createdate` LIKE '%刘%') ) AND ( `place` = '北京欢乐谷' ) ORDER BY playdate desc 
NOTIC: [2] json_encode(): type is unsupported, encoded as null C:\wamp\www\hlpw\ChromePhp.php 第 405 行.
NOTIC: [2] json_encode(): type is unsupported, encoded as null C:\wamp\www\hlpw\ChromePhp.php 第 405 行.

[ 2013-12-02T21:56:13+08:00 ] 127.0.0.1 /hlpw/?m=reserList&&a=ajaxQueryList&place=%E5%8C%97%E4%BA%AC%E6%AC%A2%E4%B9%90%E8%B0%B7&data=%E5%88%98
INFO: [ app_begin ] --START--
INFO: ReadHtmlCache Behavior ::run [ RunTime:0.001276s ]
INFO: [ app_begin ] --END-- [ RunTime:0.001400s ]
SQL: SHOW COLUMNS FROM `reservationlist` [ RunTime:0.009946s ]
SQL: SELECT * FROM `reservationlist` WHERE ( (`name` LIKE '%刘%') OR (`tel` LIKE '%刘%') OR (`idcard` LIKE '%刘%') OR (`playdate` LIKE '%刘%') OR (`playerid` LIKE '%刘%') OR (`place` LIKE '%刘%') OR (`createdate` LIKE '%刘%') ) AND ( `place` = '北京欢乐谷' ) ORDER BY playdate desc  [ RunTime:0.000253s ]
ERR: 1271:Illegal mix of collations for operation 'like'
 [ SQL语句 ] : SELECT * FROM `reservationlist` WHERE ( (`name` LIKE '%刘%') OR (`tel` LIKE '%刘%') OR (`idcard` LIKE '%刘%') OR (`playdate` LIKE '%刘%') OR (`playerid` LIKE '%刘%') OR (`place` LIKE '%刘%') OR (`createdate` LIKE '%刘%') ) AND ( `place` = '北京欢乐谷' ) ORDER BY playdate desc 
NOTIC: [2] json_encode(): type is unsupported, encoded as null C:\wamp\www\hlpw\ChromePhp.php 第 405 行.
NOTIC: [2] json_encode(): type is unsupported, encoded as null C:\wamp\www\hlpw\ChromePhp.php 第 405 行.

[ 2013-12-02T21:56:24+08:00 ] 127.0.0.1 /hlpw/?m=reserList&&a=ajaxQueryList&place=%E5%8C%97%E4%BA%AC%E6%AC%A2%E4%B9%90%E8%B0%B7&data=%E5%88%98
INFO: [ app_begin ] --START--
INFO: ReadHtmlCache Behavior ::run [ RunTime:0.001035s ]
INFO: [ app_begin ] --END-- [ RunTime:0.001135s ]
SQL: SHOW COLUMNS FROM `reservationlist` [ RunTime:0.010567s ]
SQL: SELECT * FROM `reservationlist` WHERE ( (`name` LIKE '%刘%') OR (`tel` LIKE '%刘%') OR (`idcard` LIKE '%刘%') OR (`playdate` LIKE '%刘%') OR (`playerid` LIKE '%刘%') OR (`place` LIKE '%刘%') OR (`createdate` LIKE '%刘%') ) AND ( `place` = '北京欢乐谷' ) ORDER BY playdate desc  [ RunTime:0.000255s ]
ERR: 1271:Illegal mix of collations for operation 'like'
 [ SQL语句 ] : SELECT * FROM `reservationlist` WHERE ( (`name` LIKE '%刘%') OR (`tel` LIKE '%刘%') OR (`idcard` LIKE '%刘%') OR (`playdate` LIKE '%刘%') OR (`playerid` LIKE '%刘%') OR (`place` LIKE '%刘%') OR (`createdate` LIKE '%刘%') ) AND ( `place` = '北京欢乐谷' ) ORDER BY playdate desc 
NOTIC: [2] json_encode(): type is unsupported, encoded as null C:\wamp\www\hlpw\ChromePhp.php 第 405 行.
NOTIC: [2] json_encode(): type is unsupported, encoded as null C:\wamp\www\hlpw\ChromePhp.php 第 405 行.

[ 2013-12-02T21:57:19+08:00 ] 127.0.0.1 /hlpw/?m=User
INFO: [ app_begin ] --START--
INFO: ReadHtmlCache Behavior ::run [ RunTime:0.001067s ]
INFO: [ app_begin ] --END-- [ RunTime:0.001184s ]
INFO: [ view_parse ] --START--
INFO: ParseTemplate Behavior ::run [ RunTime:0.014813s ]
INFO: [ view_parse ] --END-- [ RunTime:0.014914s ]
INFO: [ view_filter ] --START--
INFO: ContentReplace Behavior ::run [ RunTime:0.000518s ]
INFO: TokenBuild Behavior ::run [ RunTime:0.000486s ]
INFO: WriteHtmlCache Behavior ::run [ RunTime:0.000423s ]
INFO: ShowRuntime Behavior ::run [ RunTime:0.000549s ]
INFO: [ view_filter ] --END-- [ RunTime:0.002167s ]
INFO: [ view_end ] --START--
INFO: ShowPageTrace Behavior ::run [ RunTime:0.000602s ]
INFO: [ view_end ] --END-- [ RunTime:0.000667s ]
NOTIC: [8] Constant THEME_PATH already defined C:\wamp\www\hlpw\think\Lib\Core\View.class.php 第 172 行.
NOTIC: [8] Constant APP_TMPL_PATH already defined C:\wamp\www\hlpw\think\Lib\Core\View.class.php 第 173 行.
INFO: [ view_parse ] --START--
INFO: ParseTemplate Behavior ::run [ RunTime:0.008791s ]
INFO: [ view_parse ] --END-- [ RunTime:-0.003462s ]
INFO: [ view_filter ] --START--
INFO: ContentReplace Behavior ::run [ RunTime:0.000074s ]
INFO: TokenBuild Behavior ::run [ RunTime:0.000059s ]
INFO: WriteHtmlCache Behavior ::run [ RunTime:0.000013s ]
INFO: ShowRuntime Behavior ::run [ RunTime:0.000091s ]
INFO: [ view_filter ] --END-- [ RunTime:-0.010156s ]
INFO: [ view_end ] --START--
INFO: ShowPageTrace Behavior ::run [ RunTime:0.000045s ]
INFO: [ view_end ] --END-- [ RunTime:-0.009876s ]

[ 2013-12-02T21:57:20+08:00 ] 127.0.0.1 /hlpw/?m=Admin
INFO: [ app_begin ] --START--
INFO: ReadHtmlCache Behavior ::run [ RunTime:0.000609s ]
INFO: [ app_begin ] --END-- [ RunTime:0.000685s ]
INFO: [ view_parse ] --START--
INFO: ParseTemplate Behavior ::run [ RunTime:0.007389s ]
INFO: [ view_parse ] --END-- [ RunTime:0.007503s ]
INFO: [ view_filter ] --START--
INFO: ContentReplace Behavior ::run [ RunTime:0.000643s ]
INFO: TokenBuild Behavior ::run [ RunTime:0.000521s ]
INFO: WriteHtmlCache Behavior ::run [ RunTime:0.000422s ]
INFO: ShowRuntime Behavior ::run [ RunTime:0.000629s ]
INFO: [ view_filter ] --END-- [ RunTime:0.002423s ]
INFO: [ view_end ] --START--
INFO: ShowPageTrace Behavior ::run [ RunTime:0.000705s ]
INFO: [ view_end ] --END-- [ RunTime:0.000780s ]

[ 2013-12-02T21:57:21+08:00 ] 127.0.0.1 /hlpw/?m=placeControl
INFO: [ app_begin ] --START--
INFO: ReadHtmlCache Behavior ::run [ RunTime:0.001270s ]
INFO: [ app_begin ] --END-- [ RunTime:0.001442s ]
NOTIC: [2] Missing argument 1 for placeControlAction::checkOutPlaceList(), called in C:\wamp\www\hlpw\Lib\Action\placeControlAction.class.php on line 7 and defined C:\wamp\www\hlpw\Lib\Action\placeControlAction.class.php 第 42 行.
SQL: SHOW COLUMNS FROM `place` [ RunTime:0.007079s ]
NOTIC: [8] Undefined variable: availabel C:\wamp\www\hlpw\Lib\Action\placeControlAction.class.php 第 45 行.
SQL: SELECT * FROM `place`  [ RunTime:0.000313s ]
INFO: [ view_parse ] --START--
INFO: ParseTemplate Behavior ::run [ RunTime:0.021566s ]
INFO: [ view_parse ] --END-- [ RunTime:0.021657s ]
INFO: [ view_filter ] --START--
INFO: ContentReplace Behavior ::run [ RunTime:0.000515s ]
INFO: TokenBuild Behavior ::run [ RunTime:0.000475s ]
INFO: WriteHtmlCache Behavior ::run [ RunTime:0.000365s ]
INFO: ShowRuntime Behavior ::run [ RunTime:0.000543s ]
INFO: [ view_filter ] --END-- [ RunTime:0.002083s ]
INFO: [ view_end ] --START--
INFO: ShowPageTrace Behavior ::run [ RunTime:0.000617s ]
INFO: [ view_end ] --END-- [ RunTime:0.000683s ]

[ 2013-12-02T21:57:22+08:00 ] 127.0.0.1 /hlpw/?m=reserList
INFO: [ app_begin ] --START--
INFO: ReadHtmlCache Behavior ::run [ RunTime:0.000578s ]
INFO: [ app_begin ] --END-- [ RunTime:0.000661s ]
SQL: SHOW COLUMNS FROM `place` [ RunTime:0.007206s ]
SQL: SELECT `placename` FROM `place` WHERE ( available=1 )  [ RunTime:0.000375s ]
INFO: [ view_parse ] --START--
INFO: ParseTemplate Behavior ::run [ RunTime:0.011711s ]
INFO: [ view_parse ] --END-- [ RunTime:0.011817s ]
INFO: [ view_filter ] --START--
INFO: ContentReplace Behavior ::run [ RunTime:0.000542s ]
INFO: TokenBuild Behavior ::run [ RunTime:0.000486s ]
INFO: WriteHtmlCache Behavior ::run [ RunTime:0.000372s ]
INFO: ShowRuntime Behavior ::run [ RunTime:0.000595s ]
INFO: [ view_filter ] --END-- [ RunTime:0.002183s ]
INFO: [ view_end ] --START--
INFO: ShowPageTrace Behavior ::run [ RunTime:0.000621s ]
INFO: [ view_end ] --END-- [ RunTime:0.000688s ]

[ 2013-12-02T21:57:26+08:00 ] 127.0.0.1 /hlpw/?m=reserList&&a=ajaxQueryList&place=%E5%8C%97%E4%BA%AC%E6%AC%A2%E4%B9%90%E8%B0%B7&data=%E5%88%98
INFO: [ app_begin ] --START--
INFO: ReadHtmlCache Behavior ::run [ RunTime:0.001201s ]
INFO: [ app_begin ] --END-- [ RunTime:0.001340s ]
SQL: SHOW COLUMNS FROM `reservationlist` [ RunTime:0.009860s ]
SQL: SELECT * FROM `reservationlist` WHERE ( (`name` LIKE '%UTF-8%') OR (`tel` LIKE '%UTF-8%') OR (`idcard` LIKE '%UTF-8%') OR (`playdate` LIKE '%UTF-8%') OR (`playerid` LIKE '%UTF-8%') OR (`place` LIKE '%UTF-8%') OR (`createdate` LIKE '%UTF-8%') ) AND ( `place` = '北京欢乐谷' ) ORDER BY playdate desc  [ RunTime:0.000457s ]
NOTIC: [2] json_encode(): type is unsupported, encoded as null C:\wamp\www\hlpw\ChromePhp.php 第 405 行.
NOTIC: [2] json_encode(): type is unsupported, encoded as null C:\wamp\www\hlpw\ChromePhp.php 第 405 行.
NOTIC: [2] json_encode(): type is unsupported, encoded as null C:\wamp\www\hlpw\ChromePhp.php 第 405 行.

[ 2013-12-02T21:57:32+08:00 ] 127.0.0.1 /hlpw/?m=reserList&&a=ajaxQueryList&place=%E5%8C%97%E4%BA%AC%E6%AC%A2%E4%B9%90%E8%B0%B7&data=%E5%88%98
INFO: [ app_begin ] --START--
INFO: ReadHtmlCache Behavior ::run [ RunTime:0.001140s ]
INFO: [ app_begin ] --END-- [ RunTime:0.001243s ]
SQL: SHOW COLUMNS FROM `reservationlist` [ RunTime:0.009690s ]
SQL: SELECT * FROM `reservationlist` WHERE ( (`name` LIKE '%UTF-8%') OR (`tel` LIKE '%UTF-8%') OR (`idcard` LIKE '%UTF-8%') OR (`playdate` LIKE '%UTF-8%') OR (`playerid` LIKE '%UTF-8%') OR (`place` LIKE '%UTF-8%') OR (`createdate` LIKE '%UTF-8%') ) AND ( `place` = '北京欢乐谷' ) ORDER BY playdate desc  [ RunTime:0.000364s ]
NOTIC: [2] json_encode(): type is unsupported, encoded as null C:\wamp\www\hlpw\ChromePhp.php 第 405 行.
NOTIC: [2] json_encode(): type is unsupported, encoded as null C:\wamp\www\hlpw\ChromePhp.php 第 405 行.
NOTIC: [2] json_encode(): type is unsupported, encoded as null C:\wamp\www\hlpw\ChromePhp.php 第 405 行.

[ 2013-12-02T21:58:23+08:00 ] 127.0.0.1 /hlpw/?m=reserList&&a=ajaxQueryList&place=%E5%8C%97%E4%BA%AC%E6%AC%A2%E4%B9%90%E8%B0%B7&data=%E5%88%98
INFO: [ app_begin ] --START--
INFO: ReadHtmlCache Behavior ::run [ RunTime:0.001316s ]
INFO: [ app_begin ] --END-- [ RunTime:0.001479s ]
SQL: SHOW COLUMNS FROM `reservationlist` [ RunTime:0.009738s ]
SQL: SELECT * FROM `reservationlist` WHERE ( (`name` LIKE '%刘%') OR (`tel` LIKE '%刘%') OR (`idcard` LIKE '%刘%') OR (`playdate` LIKE '%刘%') OR (`playerid` LIKE '%刘%') OR (`place` LIKE '%刘%') OR (`createdate` LIKE '%刘%') ) AND ( `place` = '北京欢乐谷' ) ORDER BY playdate desc  [ RunTime:0.000241s ]
ERR: 1271:Illegal mix of collations for operation 'like'
 [ SQL语句 ] : SELECT * FROM `reservationlist` WHERE ( (`name` LIKE '%刘%') OR (`tel` LIKE '%刘%') OR (`idcard` LIKE '%刘%') OR (`playdate` LIKE '%刘%') OR (`playerid` LIKE '%刘%') OR (`place` LIKE '%刘%') OR (`createdate` LIKE '%刘%') ) AND ( `place` = '北京欢乐谷' ) ORDER BY playdate desc 
NOTIC: [2] json_encode(): type is unsupported, encoded as null C:\wamp\www\hlpw\ChromePhp.php 第 405 行.
NOTIC: [2] json_encode(): type is unsupported, encoded as null C:\wamp\www\hlpw\ChromePhp.php 第 405 行.

[ 2013-12-02T21:58:27+08:00 ] 127.0.0.1 /hlpw/?m=reserList&&a=ajaxQueryList&place=%E5%8C%97%E4%BA%AC%E6%AC%A2%E4%B9%90%E8%B0%B7&data=%E5%88%98
INFO: [ app_begin ] --START--
INFO: ReadHtmlCache Behavior ::run [ RunTime:0.000748s ]
INFO: [ app_begin ] --END-- [ RunTime:0.000875s ]
SQL: SHOW COLUMNS FROM `reservationlist` [ RunTime:0.017526s ]
SQL: SELECT * FROM `reservationlist` WHERE ( (`name` LIKE '%刘%') OR (`tel` LIKE '%刘%') OR (`idcard` LIKE '%刘%') OR (`playdate` LIKE '%刘%') OR (`playerid` LIKE '%刘%') OR (`place` LIKE '%刘%') OR (`createdate` LIKE '%刘%') ) AND ( `place` = '北京欢乐谷' ) ORDER BY playdate desc  [ RunTime:0.000407s ]
ERR: 1271:Illegal mix of collations for operation 'like'
 [ SQL语句 ] : SELECT * FROM `reservationlist` WHERE ( (`name` LIKE '%刘%') OR (`tel` LIKE '%刘%') OR (`idcard` LIKE '%刘%') OR (`playdate` LIKE '%刘%') OR (`playerid` LIKE '%刘%') OR (`place` LIKE '%刘%') OR (`createdate` LIKE '%刘%') ) AND ( `place` = '北京欢乐谷' ) ORDER BY playdate desc 
NOTIC: [2] json_encode(): type is unsupported, encoded as null C:\wamp\www\hlpw\ChromePhp.php 第 405 行.
NOTIC: [2] json_encode(): type is unsupported, encoded as null C:\wamp\www\hlpw\ChromePhp.php 第 405 行.

[ 2013-12-02T21:59:03+08:00 ] 127.0.0.1 /hlpw/?m=reserList&&a=ajaxQueryList&place=%E5%8C%97%E4%BA%AC%E6%AC%A2%E4%B9%90%E8%B0%B7&data=%E5%88%98
INFO: [ app_begin ] --START--
INFO: ReadHtmlCache Behavior ::run [ RunTime:0.000633s ]
INFO: [ app_begin ] --END-- [ RunTime:0.000721s ]
SQL: SHOW COLUMNS FROM `reservationlist` [ RunTime:0.012332s ]
SQL: SELECT * FROM `reservationlist` WHERE ( (`name` LIKE '%刘%') OR (`tel` LIKE '%刘%') OR (`idcard` LIKE '%刘%') OR (`playdate` LIKE '%刘%') OR (`playerid` LIKE '%刘%') OR (`place` LIKE '%刘%') OR (`createdate` LIKE '%刘%') ) AND ( `place` = '北京欢乐谷' ) ORDER BY playdate desc  [ RunTime:0.000313s ]
ERR: 1271:Illegal mix of collations for operation 'like'
 [ SQL语句 ] : SELECT * FROM `reservationlist` WHERE ( (`name` LIKE '%刘%') OR (`tel` LIKE '%刘%') OR (`idcard` LIKE '%刘%') OR (`playdate` LIKE '%刘%') OR (`playerid` LIKE '%刘%') OR (`place` LIKE '%刘%') OR (`createdate` LIKE '%刘%') ) AND ( `place` = '北京欢乐谷' ) ORDER BY playdate desc 
NOTIC: [2] json_encode(): type is unsupported, encoded as null C:\wamp\www\hlpw\ChromePhp.php 第 405 行.
NOTIC: [2] json_encode(): type is unsupported, encoded as null C:\wamp\www\hlpw\ChromePhp.php 第 405 行.

[ 2013-12-02T21:59:11+08:00 ] 127.0.0.1 /hlpw/?m=reserList&&a=ajaxQueryList&place=%E5%8C%97%E4%BA%AC%E6%AC%A2%E4%B9%90%E8%B0%B7&data=%E5%88%98
INFO: [ app_begin ] --START--
INFO: ReadHtmlCache Behavior ::run [ RunTime:0.000899s ]
INFO: [ app_begin ] --END-- [ RunTime:0.001048s ]
SQL: SHOW COLUMNS FROM `reservationlist` [ RunTime:0.011123s ]
SQL: SELECT * FROM `reservationlist` WHERE ( (`name` LIKE '%刘%') OR (`tel` LIKE '%刘%') OR (`idcard` LIKE '%刘%') OR (`playdate` LIKE '%刘%') OR (`playerid` LIKE '%刘%') OR (`place` LIKE '%刘%') OR (`createdate` LIKE '%刘%') ) AND ( `place` = '北京欢乐谷' ) ORDER BY playdate desc  [ RunTime:0.000280s ]
ERR: 1271:Illegal mix of collations for operation 'like'
 [ SQL语句 ] : SELECT * FROM `reservationlist` WHERE ( (`name` LIKE '%刘%') OR (`tel` LIKE '%刘%') OR (`idcard` LIKE '%刘%') OR (`playdate` LIKE '%刘%') OR (`playerid` LIKE '%刘%') OR (`place` LIKE '%刘%') OR (`createdate` LIKE '%刘%') ) AND ( `place` = '北京欢乐谷' ) ORDER BY playdate desc 
NOTIC: [2] json_encode(): type is unsupported, encoded as null C:\wamp\www\hlpw\ChromePhp.php 第 405 行.
NOTIC: [2] json_encode(): type is unsupported, encoded as null C:\wamp\www\hlpw\ChromePhp.php 第 405 行.

[ 2013-12-02T21:59:16+08:00 ] 127.0.0.1 /hlpw/?m=reserList&&a=ajaxQueryList&place=%E5%8C%97%E4%BA%AC%E6%AC%A2%E4%B9%90%E8%B0%B7&data=%E5%88%98
INFO: [ app_begin ] --START--
INFO: ReadHtmlCache Behavior ::run [ RunTime:0.000877s ]
INFO: [ app_begin ] --END-- [ RunTime:0.001023s ]
SQL: SHOW COLUMNS FROM `reservationlist` [ RunTime:0.009798s ]
SQL: SELECT * FROM `reservationlist` WHERE ( (`name` LIKE '%刘%') OR (`tel` LIKE '%刘%') OR (`idcard` LIKE '%刘%') OR (`playdate` LIKE '%刘%') OR (`playerid` LIKE '%刘%') OR (`place` LIKE '%刘%') OR (`createdate` LIKE '%刘%') ) AND ( `place` = '北京欢乐谷' ) ORDER BY playdate desc  [ RunTime:0.000245s ]
ERR: 1271:Illegal mix of collations for operation 'like'
 [ SQL语句 ] : SELECT * FROM `reservationlist` WHERE ( (`name` LIKE '%刘%') OR (`tel` LIKE '%刘%') OR (`idcard` LIKE '%刘%') OR (`playdate` LIKE '%刘%') OR (`playerid` LIKE '%刘%') OR (`place` LIKE '%刘%') OR (`createdate` LIKE '%刘%') ) AND ( `place` = '北京欢乐谷' ) ORDER BY playdate desc 
NOTIC: [2] json_encode(): type is unsupported, encoded as null C:\wamp\www\hlpw\ChromePhp.php 第 405 行.
NOTIC: [2] json_encode(): type is unsupported, encoded as null C:\wamp\www\hlpw\ChromePhp.php 第 405 行.

[ 2013-12-02T21:59:41+08:00 ] 127.0.0.1 /hlpw/?m=reserList&&a=ajaxQueryList&place=%E5%8C%97%E4%BA%AC%E6%AC%A2%E4%B9%90%E8%B0%B7&data=%E5%88%98
INFO: [ app_begin ] --START--
INFO: ReadHtmlCache Behavior ::run [ RunTime:0.000885s ]
INFO: [ app_begin ] --END-- [ RunTime:0.001066s ]
SQL: SHOW COLUMNS FROM `reservationlist` [ RunTime:0.011081s ]
SQL: SELECT * FROM `reservationlist` WHERE ( (`name` LIKE '%刘%') OR (`tel` LIKE '%刘%') OR (`idcard` LIKE '%刘%') OR (`playdate` LIKE '%刘%') OR (`playerid` LIKE '%刘%') OR (`place` LIKE '%刘%') OR (`createdate` LIKE '%刘%') ) AND ( `place` = '北京欢乐谷' ) ORDER BY playdate desc  [ RunTime:0.000289s ]
ERR: 1271:Illegal mix of collations for operation 'like'
 [ SQL语句 ] : SELECT * FROM `reservationlist` WHERE ( (`name` LIKE '%刘%') OR (`tel` LIKE '%刘%') OR (`idcard` LIKE '%刘%') OR (`playdate` LIKE '%刘%') OR (`playerid` LIKE '%刘%') OR (`place` LIKE '%刘%') OR (`createdate` LIKE '%刘%') ) AND ( `place` = '北京欢乐谷' ) ORDER BY playdate desc 
NOTIC: [2] json_encode(): type is unsupported, encoded as null C:\wamp\www\hlpw\ChromePhp.php 第 405 行.
NOTIC: [2] json_encode(): type is unsupported, encoded as null C:\wamp\www\hlpw\ChromePhp.php 第 405 行.

[ 2013-12-02T22:01:13+08:00 ] 127.0.0.1 /hlpw/?m=reserList&&a=ajaxQueryList&place=%E5%8C%97%E4%BA%AC%E6%AC%A2%E4%B9%90%E8%B0%B7&data=%E5%88%98
INFO: [ app_begin ] --START--
INFO: ReadHtmlCache Behavior ::run [ RunTime:0.077017s ]
INFO: [ app_begin ] --END-- [ RunTime:0.077198s ]
SQL: SHOW COLUMNS FROM `reservationlist` [ RunTime:0.041607s ]
SQL: SELECT * FROM `reservationlist` WHERE ( (`name` LIKE '%刘%') OR (`tel` LIKE '%刘%') OR (`idcard` LIKE '%刘%') OR (`playdate` LIKE '%刘%') OR (`playerid` LIKE '%刘%') OR (`place` LIKE '%刘%') OR (`createdate` LIKE '%刘%') ) AND ( `place` = '北京欢乐谷' ) ORDER BY playdate desc  [ RunTime:0.000571s ]
ERR: 1271:Illegal mix of collations for operation 'like'
 [ SQL语句 ] : SELECT * FROM `reservationlist` WHERE ( (`name` LIKE '%刘%') OR (`tel` LIKE '%刘%') OR (`idcard` LIKE '%刘%') OR (`playdate` LIKE '%刘%') OR (`playerid` LIKE '%刘%') OR (`place` LIKE '%刘%') OR (`createdate` LIKE '%刘%') ) AND ( `place` = '北京欢乐谷' ) ORDER BY playdate desc 

[ 2013-12-02T22:05:24+08:00 ] 127.0.0.1 /hlpw/?m=reserList
INFO: [ app_begin ] --START--
INFO: ReadHtmlCache Behavior ::run [ RunTime:0.006123s ]
INFO: [ app_begin ] --END-- [ RunTime:0.006249s ]
SQL: SHOW COLUMNS FROM `place` [ RunTime:0.075624s ]
SQL: SELECT `placename` FROM `place` WHERE ( available=1 )  [ RunTime:0.000621s ]
INFO: [ view_parse ] --START--
INFO: ParseTemplate Behavior ::run [ RunTime:0.142230s ]
INFO: [ view_parse ] --END-- [ RunTime:0.142354s ]
INFO: [ view_filter ] --START--
INFO: ContentReplace Behavior ::run [ RunTime:0.004684s ]
INFO: TokenBuild Behavior ::run [ RunTime:0.008037s ]
INFO: WriteHtmlCache Behavior ::run [ RunTime:0.001125s ]
INFO: ShowRuntime Behavior ::run [ RunTime:0.001366s ]
INFO: [ view_filter ] --END-- [ RunTime:0.015546s ]
INFO: [ view_end ] --START--
INFO: ShowPageTrace Behavior ::run [ RunTime:0.001291s ]
INFO: [ view_end ] --END-- [ RunTime:0.001370s ]

[ 2013-12-02T22:05:27+08:00 ] 127.0.0.1 /hlpw/?m=reserList&&a=ajaxQueryList&place=%E5%8C%97%E4%BA%AC%E6%AC%A2%E4%B9%90%E8%B0%B7&data=%E5%88%98
INFO: [ app_begin ] --START--
INFO: ReadHtmlCache Behavior ::run [ RunTime:0.000606s ]
INFO: [ app_begin ] --END-- [ RunTime:0.000659s ]
SQL: SHOW COLUMNS FROM `reservationlist` [ RunTime:0.059948s ]
SQL: SELECT * FROM `reservationlist` WHERE ( (`name` LIKE '%刘%') OR (`tel` LIKE '%刘%') OR (`idcard` LIKE '%刘%') OR (`playdate` LIKE '%刘%') OR (`playerid` LIKE '%刘%') OR (`place` LIKE '%刘%') OR (`createdate` LIKE '%刘%') ) AND ( `place` = '北京欢乐谷' ) ORDER BY playdate desc  [ RunTime:0.000507s ]
ERR: 1271:Illegal mix of collations for operation 'like'
 [ SQL语句 ] : SELECT * FROM `reservationlist` WHERE ( (`name` LIKE '%刘%') OR (`tel` LIKE '%刘%') OR (`idcard` LIKE '%刘%') OR (`playdate` LIKE '%刘%') OR (`playerid` LIKE '%刘%') OR (`place` LIKE '%刘%') OR (`createdate` LIKE '%刘%') ) AND ( `place` = '北京欢乐谷' ) ORDER BY playdate desc 

[ 2013-12-02T22:05:55+08:00 ] 127.0.0.1 /hlpw/?m=reserList&&a=ajaxQueryList&place=%E5%8C%97%E4%BA%AC%E6%AC%A2%E4%B9%90%E8%B0%B7&data=%E5%88%98
INFO: [ app_begin ] --START--
INFO: ReadHtmlCache Behavior ::run [ RunTime:0.000604s ]
INFO: [ app_begin ] --END-- [ RunTime:0.000668s ]
SQL: SHOW COLUMNS FROM `reservationlist` [ RunTime:0.012250s ]
SQL: SELECT * FROM `reservationlist` WHERE ( (`name` LIKE '%刘%') OR (`tel` LIKE '%刘%') OR (`idcard` LIKE '%刘%') OR (`playdate` LIKE '%刘%') OR (`playerid` LIKE '%刘%') OR (`place` LIKE '%刘%') OR (`createdate` LIKE '%刘%') ) AND ( `place` = '北京欢乐谷' ) ORDER BY playdate desc  [ RunTime:0.000290s ]
ERR: 1271:Illegal mix of collations for operation 'like'
 [ SQL语句 ] : SELECT * FROM `reservationlist` WHERE ( (`name` LIKE '%刘%') OR (`tel` LIKE '%刘%') OR (`idcard` LIKE '%刘%') OR (`playdate` LIKE '%刘%') OR (`playerid` LIKE '%刘%') OR (`place` LIKE '%刘%') OR (`createdate` LIKE '%刘%') ) AND ( `place` = '北京欢乐谷' ) ORDER BY playdate desc 

