[ 2014-03-13T00:00:24+08:00 ] 127.0.0.1 /hlpw/?m=usednumber
INFO: [ app_begin ] --START--
INFO: ReadHtmlCache Behavior ::run [ RunTime:0.000609s ]
INFO: [ app_begin ] --END-- [ RunTime:0.000665s ]
SQL: SHOW COLUMNS FROM `partner` [ RunTime:0.007530s ]
SQL: SELECT `name` FROM `partner`  [ RunTime:0.000267s ]
SQL: SHOW COLUMNS FROM `activenumber` [ RunTime:0.007337s ]
SQL: SHOW COLUMNS FROM `usednumber` [ RunTime:0.005559s ]
SQL: SELECT `partner` FROM `usednumber` WHERE ( useddate>str_to_date("2014-03-13 00:00:00","%Y-%m-%d %H:%i:%s") and useddate<str_to_date("2014-03-13 23:59:59","%Y-%m-%d %H:%i:%s") )  [ RunTime:0.000256s ]
INFO: [ view_parse ] --START--
INFO: ParseTemplate Behavior ::run [ RunTime:0.007656s ]
INFO: [ view_parse ] --END-- [ RunTime:0.007707s ]
INFO: [ view_filter ] --START--
INFO: ContentReplace Behavior ::run [ RunTime:0.000423s ]
INFO: TokenBuild Behavior ::run [ RunTime:0.000422s ]
INFO: WriteHtmlCache Behavior ::run [ RunTime:0.000340s ]
INFO: ShowRuntime Behavior ::run [ RunTime:0.000443s ]
INFO: [ view_filter ] --END-- [ RunTime:0.001729s ]
INFO: [ view_end ] --START--
INFO: ShowPageTrace Behavior ::run [ RunTime:0.000524s ]
INFO: [ view_end ] --END-- [ RunTime:0.000560s ]

[ 2014-03-13T00:00:36+08:00 ] 127.0.0.1 /hlpw/?m=usednumber&&a=doQuery&start=2014-03-12&end=2014-03-12
INFO: [ app_begin ] --START--
INFO: ReadHtmlCache Behavior ::run [ RunTime:0.000538s ]
INFO: [ app_begin ] --END-- [ RunTime:0.000585s ]
SQL: SHOW COLUMNS FROM `activenumber` [ RunTime:0.008342s ]
SQL: SHOW COLUMNS FROM `usednumber` [ RunTime:0.005392s ]
SQL: SELECT `partner` FROM `usednumber` WHERE ( useddate>str_to_date("2014-03-12 00:00:00","%Y-%m-%d %H:%i:%s") and useddate<str_to_date("2014-03-12 23:59:59","%Y-%m-%d %H:%i:%s") )  [ RunTime:0.000314s ]
SQL: SHOW COLUMNS FROM `partner` [ RunTime:0.007216s ]
SQL: SELECT * FROM `partner` WHERE ( id='2' )  [ RunTime:0.000241s ]
NOTIC: [8] Undefined index: 点评团 C:\wamp\www\hlpw\Lib\Action\usednumberAction.class.php 第 87 行.
NOTIC: [8] Undefined index: 点评团 C:\wamp\www\hlpw\Lib\Action\usednumberAction.class.php 第 88 行.
SQL: SHOW COLUMNS FROM `activenumber` [ RunTime:0.006514s ]
SQL: SELECT COUNT(*) AS tp_count FROM `activenumber` WHERE ( partner='2' ) LIMIT 1   [ RunTime:0.000215s ]
NOTIC: [8] Undefined index: 点评团 C:\wamp\www\hlpw\Lib\Action\usednumberAction.class.php 第 89 行.
SQL: SHOW COLUMNS FROM `activenumber` [ RunTime:0.006557s ]
SQL: SELECT COUNT(*) AS tp_count FROM `activenumber` WHERE ( createdate>str_to_date("2014-03-12 00:00:00","%Y-%m-%d %H:%i:%s") and createdate<str_to_date("2014-03-12 23:59:59","%Y-%m-%d %H:%i:%s") and partner="2" ) LIMIT 1   [ RunTime:0.000280s ]
SQL: SHOW COLUMNS FROM `activenumber` [ RunTime:0.006335s ]
SQL: SELECT COUNT(*) AS tp_count FROM `usednumber` WHERE ( createdate>str_to_date("2014-03-12 00:00:00","%Y-%m-%d") and createdate<str_to_date("2014-03-12 23:59:59","%Y-%m-%d") and partner="2" ) LIMIT 1   [ RunTime:0.000215s ]
SQL: SHOW COLUMNS FROM `activenumber` [ RunTime:0.006533s ]
SQL: SELECT COUNT(*) AS tp_count FROM `usednumber` WHERE ( createdate>str_to_date("2014-03-12 00:00:00","%Y-%m-%d") and createdate<str_to_date("2014-03-12 23:59:59","%Y-%m-%d") and partner="2" ) LIMIT 1   [ RunTime:0.000257s ]
SQL: SHOW COLUMNS FROM `partner` [ RunTime:0.005585s ]
SQL: SELECT * FROM `partner` WHERE ( id='2' )  [ RunTime:0.000205s ]
SQL: SHOW COLUMNS FROM `activenumber` [ RunTime:0.006365s ]
SQL: SELECT COUNT(*) AS tp_count FROM `usednumber` WHERE ( createdate>str_to_date("2014-03-12 00:00:00","%Y-%m-%d") and createdate<str_to_date("2014-03-12 23:59:59","%Y-%m-%d") and partner="2" ) LIMIT 1   [ RunTime:0.000243s ]
SQL: SHOW COLUMNS FROM `partner` [ RunTime:0.005692s ]
SQL: SELECT * FROM `partner` WHERE ( id='2' )  [ RunTime:0.000179s ]
SQL: SHOW COLUMNS FROM `activenumber` [ RunTime:0.006382s ]
SQL: SELECT COUNT(*) AS tp_count FROM `usednumber` WHERE ( createdate>str_to_date("2014-03-12 00:00:00","%Y-%m-%d") and createdate<str_to_date("2014-03-12 23:59:59","%Y-%m-%d") and partner="2" ) LIMIT 1   [ RunTime:0.000251s ]
SQL: SHOW COLUMNS FROM `partner` [ RunTime:0.005689s ]
SQL: SELECT * FROM `partner` WHERE ( id='3' )  [ RunTime:0.000216s ]
NOTIC: [8] Undefined index: 美团 C:\wamp\www\hlpw\Lib\Action\usednumberAction.class.php 第 87 行.
NOTIC: [8] Undefined index: 美团 C:\wamp\www\hlpw\Lib\Action\usednumberAction.class.php 第 88 行.
SQL: SHOW COLUMNS FROM `activenumber` [ RunTime:0.006247s ]
SQL: SELECT COUNT(*) AS tp_count FROM `activenumber` WHERE ( partner='3' ) LIMIT 1   [ RunTime:0.000218s ]
NOTIC: [8] Undefined index: 美团 C:\wamp\www\hlpw\Lib\Action\usednumberAction.class.php 第 89 行.
SQL: SHOW COLUMNS FROM `activenumber` [ RunTime:0.006266s ]
SQL: SELECT COUNT(*) AS tp_count FROM `activenumber` WHERE ( createdate>str_to_date("2014-03-12 00:00:00","%Y-%m-%d %H:%i:%s") and createdate<str_to_date("2014-03-12 23:59:59","%Y-%m-%d %H:%i:%s") and partner="3" ) LIMIT 1   [ RunTime:0.000267s ]
SQL: SHOW COLUMNS FROM `activenumber` [ RunTime:0.006357s ]
SQL: SELECT COUNT(*) AS tp_count FROM `usednumber` WHERE ( createdate>str_to_date("2014-03-12 00:00:00","%Y-%m-%d") and createdate<str_to_date("2014-03-12 23:59:59","%Y-%m-%d") and partner="3" ) LIMIT 1   [ RunTime:0.000257s ]
SQL: SHOW COLUMNS FROM `activenumber` [ RunTime:0.006643s ]
SQL: SELECT COUNT(*) AS tp_count FROM `usednumber` WHERE ( createdate>str_to_date("2014-03-12 00:00:00","%Y-%m-%d") and createdate<str_to_date("2014-03-12 23:59:59","%Y-%m-%d") and partner="3" ) LIMIT 1   [ RunTime:0.000258s ]
SQL: SHOW COLUMNS FROM `partner` [ RunTime:0.005739s ]
SQL: SELECT * FROM `partner` WHERE ( id='3' )  [ RunTime:0.000178s ]
SQL: SHOW COLUMNS FROM `activenumber` [ RunTime:0.006281s ]
SQL: SELECT COUNT(*) AS tp_count FROM `usednumber` WHERE ( createdate>str_to_date("2014-03-12 00:00:00","%Y-%m-%d") and createdate<str_to_date("2014-03-12 23:59:59","%Y-%m-%d") and partner="3" ) LIMIT 1   [ RunTime:0.000228s ]
INFO: [ view_parse ] --START--
NOTIC: [8] Undefined variable: partnerlist C:\wamp\www\hlpw\Runtime\Cache\10f766a3f28e03f4e99c5748782e9ce0.php 第 74 行.
INFO: ParseTemplate Behavior ::run [ RunTime:0.007945s ]
INFO: [ view_parse ] --END-- [ RunTime:0.007986s ]
INFO: [ view_filter ] --START--
INFO: ContentReplace Behavior ::run [ RunTime:0.000420s ]
INFO: TokenBuild Behavior ::run [ RunTime:0.000406s ]
INFO: WriteHtmlCache Behavior ::run [ RunTime:0.000342s ]
INFO: ShowRuntime Behavior ::run [ RunTime:0.000461s ]
INFO: [ view_filter ] --END-- [ RunTime:0.001722s ]
INFO: [ view_end ] --START--
INFO: ShowPageTrace Behavior ::run [ RunTime:0.000562s ]
INFO: [ view_end ] --END-- [ RunTime:0.000594s ]

