[ 2014-02-18T17:50:20+08:00 ] 127.0.0.1 /hlpw/
INFO: [ app_begin ] --START--
INFO: ReadHtmlCache Behavior ::run [ RunTime:0.030484s ]
INFO: [ app_begin ] --END-- [ RunTime:0.037768s ]
SQL: SHOW COLUMNS FROM `place` [ RunTime:0.139018s ]
SQL: SELECT `placename` FROM `place` WHERE ( available=1 )  [ RunTime:0.027682s ]
INFO: [ view_parse ] --START--
INFO: ParseTemplate Behavior ::run [ RunTime:0.150012s ]
INFO: [ view_parse ] --END-- [ RunTime:0.150081s ]
INFO: [ view_filter ] --START--
INFO: ContentReplace Behavior ::run [ RunTime:0.011072s ]
INFO: TokenBuild Behavior ::run [ RunTime:0.022680s ]
INFO: WriteHtmlCache Behavior ::run [ RunTime:0.002920s ]
INFO: ShowRuntime Behavior ::run [ RunTime:0.019480s ]
INFO: [ view_filter ] --END-- [ RunTime:0.056362s ]
INFO: [ view_end ] --START--
INFO: ShowPageTrace Behavior ::run [ RunTime:0.010130s ]
INFO: [ view_end ] --END-- [ RunTime:0.010173s ]

[ 2014-02-18T17:50:26+08:00 ] 127.0.0.1 /hlpw/?m=User
INFO: [ app_begin ] --START--
INFO: ReadHtmlCache Behavior ::run [ RunTime:0.000481s ]
INFO: [ app_begin ] --END-- [ RunTime:0.000533s ]
INFO: [ view_parse ] --START--
INFO: ParseTemplate Behavior ::run [ RunTime:0.025427s ]
INFO: [ view_parse ] --END-- [ RunTime:0.025500s ]
INFO: [ view_filter ] --START--
INFO: ContentReplace Behavior ::run [ RunTime:0.000394s ]
INFO: TokenBuild Behavior ::run [ RunTime:0.000332s ]
INFO: WriteHtmlCache Behavior ::run [ RunTime:0.000266s ]
INFO: ShowRuntime Behavior ::run [ RunTime:0.000357s ]
INFO: [ view_filter ] --END-- [ RunTime:0.001449s ]
INFO: [ view_end ] --START--
INFO: ShowPageTrace Behavior ::run [ RunTime:0.000422s ]
INFO: [ view_end ] --END-- [ RunTime:0.000457s ]
NOTIC: [8] Constant THEME_PATH already defined C:\wamp\www\hlpw\think\Lib\Core\View.class.php 第 172 行.
NOTIC: [8] Constant APP_TMPL_PATH already defined C:\wamp\www\hlpw\think\Lib\Core\View.class.php 第 173 行.
INFO: [ view_parse ] --START--
INFO: ParseTemplate Behavior ::run [ RunTime:0.066772s ]
INFO: [ view_parse ] --END-- [ RunTime:-0.002320s ]
INFO: [ view_filter ] --START--
INFO: ContentReplace Behavior ::run [ RunTime:0.000063s ]
INFO: TokenBuild Behavior ::run [ RunTime:0.000028s ]
INFO: WriteHtmlCache Behavior ::run [ RunTime:0.000006s ]
INFO: ShowRuntime Behavior ::run [ RunTime:0.000041s ]
INFO: [ view_filter ] --END-- [ RunTime:-0.067704s ]
INFO: [ view_end ] --START--
INFO: ShowPageTrace Behavior ::run [ RunTime:0.000020s ]
INFO: [ view_end ] --END-- [ RunTime:-0.067458s ]

[ 2014-02-18T17:50:27+08:00 ] 127.0.0.1 /hlpw/?m=Admin
INFO: [ app_begin ] --START--
INFO: ReadHtmlCache Behavior ::run [ RunTime:0.000384s ]
INFO: [ app_begin ] --END-- [ RunTime:0.000455s ]
INFO: [ view_parse ] --START--
INFO: ParseTemplate Behavior ::run [ RunTime:0.006383s ]
INFO: [ view_parse ] --END-- [ RunTime:0.006441s ]
INFO: [ view_filter ] --START--
INFO: ContentReplace Behavior ::run [ RunTime:0.000588s ]
INFO: TokenBuild Behavior ::run [ RunTime:0.000571s ]
INFO: WriteHtmlCache Behavior ::run [ RunTime:0.000511s ]
INFO: ShowRuntime Behavior ::run [ RunTime:0.000611s ]
INFO: [ view_filter ] --END-- [ RunTime:0.002383s ]
INFO: [ view_end ] --START--
INFO: ShowPageTrace Behavior ::run [ RunTime:0.000688s ]
INFO: [ view_end ] --END-- [ RunTime:0.000723s ]

[ 2014-02-18T17:50:29+08:00 ] 127.0.0.1 /hlpw/?m=placeControl
INFO: [ app_begin ] --START--
INFO: ReadHtmlCache Behavior ::run [ RunTime:0.000999s ]
INFO: [ app_begin ] --END-- [ RunTime:0.001054s ]
NOTIC: [2] Missing argument 1 for placeControlAction::checkOutPlaceList(), called in C:\wamp\www\hlpw\Lib\Action\placeControlAction.class.php on line 7 and defined C:\wamp\www\hlpw\Lib\Action\placeControlAction.class.php 第 42 行.
SQL: SHOW COLUMNS FROM `place` [ RunTime:0.031465s ]
NOTIC: [8] Undefined variable: availabel C:\wamp\www\hlpw\Lib\Action\placeControlAction.class.php 第 45 行.
SQL: SELECT * FROM `place`  [ RunTime:0.000269s ]
INFO: [ view_parse ] --START--
INFO: ParseTemplate Behavior ::run [ RunTime:0.060253s ]
INFO: [ view_parse ] --END-- [ RunTime:0.060324s ]
INFO: [ view_filter ] --START--
INFO: ContentReplace Behavior ::run [ RunTime:0.000651s ]
INFO: TokenBuild Behavior ::run [ RunTime:0.000577s ]
INFO: WriteHtmlCache Behavior ::run [ RunTime:0.000510s ]
INFO: ShowRuntime Behavior ::run [ RunTime:0.000613s ]
INFO: [ view_filter ] --END-- [ RunTime:0.002450s ]
INFO: [ view_end ] --START--
INFO: ShowPageTrace Behavior ::run [ RunTime:0.000724s ]
INFO: [ view_end ] --END-- [ RunTime:0.000759s ]

[ 2014-02-18T17:50:32+08:00 ] 127.0.0.1 /hlpw/?m=placeControl
INFO: [ app_begin ] --START--
INFO: ReadHtmlCache Behavior ::run [ RunTime:0.000486s ]
INFO: [ app_begin ] --END-- [ RunTime:0.000536s ]
NOTIC: [2] Missing argument 1 for placeControlAction::checkOutPlaceList(), called in C:\wamp\www\hlpw\Lib\Action\placeControlAction.class.php on line 7 and defined C:\wamp\www\hlpw\Lib\Action\placeControlAction.class.php 第 42 行.
SQL: SHOW COLUMNS FROM `place` [ RunTime:0.006947s ]
NOTIC: [8] Undefined variable: availabel C:\wamp\www\hlpw\Lib\Action\placeControlAction.class.php 第 45 行.
SQL: SELECT * FROM `place`  [ RunTime:0.000233s ]
INFO: [ view_parse ] --START--
INFO: ParseTemplate Behavior ::run [ RunTime:0.006949s ]
INFO: [ view_parse ] --END-- [ RunTime:0.007007s ]
INFO: [ view_filter ] --START--
INFO: ContentReplace Behavior ::run [ RunTime:0.000358s ]
INFO: TokenBuild Behavior ::run [ RunTime:0.000308s ]
INFO: WriteHtmlCache Behavior ::run [ RunTime:0.000251s ]
INFO: ShowRuntime Behavior ::run [ RunTime:0.000356s ]
INFO: [ view_filter ] --END-- [ RunTime:0.001376s ]
INFO: [ view_end ] --START--
INFO: ShowPageTrace Behavior ::run [ RunTime:0.000431s ]
INFO: [ view_end ] --END-- [ RunTime:0.000467s ]

[ 2014-02-18T17:50:33+08:00 ] 127.0.0.1 /hlpw/?m=activeNumber
INFO: [ app_begin ] --START--
INFO: ReadHtmlCache Behavior ::run [ RunTime:0.000345s ]
INFO: [ app_begin ] --END-- [ RunTime:0.000390s ]
SQL: SHOW COLUMNS FROM `activenumber` [ RunTime:0.033847s ]
SQL: SELECT COUNT(*) AS tp_count FROM `activenumber` LIMIT 1   [ RunTime:0.025898s ]
SQL: SHOW COLUMNS FROM `place` [ RunTime:0.006764s ]
SQL: SELECT `placename` FROM `place` WHERE ( available=1 )  [ RunTime:0.000183s ]
INFO: [ view_parse ] --START--
INFO: ParseTemplate Behavior ::run [ RunTime:0.009695s ]
INFO: [ view_parse ] --END-- [ RunTime:0.009756s ]
INFO: [ view_filter ] --START--
INFO: ContentReplace Behavior ::run [ RunTime:0.000300s ]
INFO: TokenBuild Behavior ::run [ RunTime:0.000271s ]
INFO: WriteHtmlCache Behavior ::run [ RunTime:0.000193s ]
INFO: ShowRuntime Behavior ::run [ RunTime:0.000299s ]
INFO: [ view_filter ] --END-- [ RunTime:0.001159s ]
INFO: [ view_end ] --START--
INFO: ShowPageTrace Behavior ::run [ RunTime:0.000382s ]
INFO: [ view_end ] --END-- [ RunTime:0.000416s ]

[ 2014-02-18T17:50:58+08:00 ] 127.0.0.1 /hlpw/?m=activeNumber
INFO: [ app_begin ] --START--
INFO: ReadHtmlCache Behavior ::run [ RunTime:0.000368s ]
INFO: [ app_begin ] --END-- [ RunTime:0.000425s ]
SQL: SHOW COLUMNS FROM `activenumber` [ RunTime:0.007855s ]
SQL: SELECT COUNT(*) AS tp_count FROM `activenumber` LIMIT 1   [ RunTime:0.000227s ]
SQL: SHOW COLUMNS FROM `place` [ RunTime:0.006206s ]
SQL: SELECT `placename` FROM `place` WHERE ( available=1 )  [ RunTime:0.000164s ]
INFO: [ view_parse ] --START--
INFO: ParseTemplate Behavior ::run [ RunTime:0.019443s ]
INFO: [ view_parse ] --END-- [ RunTime:0.019513s ]
INFO: [ view_filter ] --START--
INFO: ContentReplace Behavior ::run [ RunTime:0.000327s ]
INFO: TokenBuild Behavior ::run [ RunTime:0.000254s ]
INFO: WriteHtmlCache Behavior ::run [ RunTime:0.000198s ]
INFO: ShowRuntime Behavior ::run [ RunTime:0.000301s ]
INFO: [ view_filter ] --END-- [ RunTime:0.001182s ]
INFO: [ view_end ] --START--
INFO: ShowPageTrace Behavior ::run [ RunTime:0.000364s ]
INFO: [ view_end ] --END-- [ RunTime:0.000399s ]

[ 2014-02-18T17:51:29+08:00 ] 127.0.0.1 /hlpw/?m=activeNumber
INFO: [ app_begin ] --START--
INFO: ReadHtmlCache Behavior ::run [ RunTime:0.000483s ]
INFO: [ app_begin ] --END-- [ RunTime:0.000536s ]
SQL: SHOW COLUMNS FROM `activenumber` [ RunTime:0.007952s ]
SQL: SELECT COUNT(*) AS tp_count FROM `activenumber` LIMIT 1   [ RunTime:0.000293s ]
SQL: SHOW COLUMNS FROM `place` [ RunTime:0.006091s ]
SQL: SELECT `placename` FROM `place` WHERE ( available=1 )  [ RunTime:0.000198s ]
INFO: [ view_parse ] --START--
INFO: ParseTemplate Behavior ::run [ RunTime:0.010357s ]
INFO: [ view_parse ] --END-- [ RunTime:0.010421s ]
INFO: [ view_filter ] --START--
INFO: ContentReplace Behavior ::run [ RunTime:0.000442s ]
INFO: TokenBuild Behavior ::run [ RunTime:0.000318s ]
INFO: WriteHtmlCache Behavior ::run [ RunTime:0.000256s ]
INFO: ShowRuntime Behavior ::run [ RunTime:0.000367s ]
INFO: [ view_filter ] --END-- [ RunTime:0.001485s ]
INFO: [ view_end ] --START--
INFO: ShowPageTrace Behavior ::run [ RunTime:0.000435s ]
INFO: [ view_end ] --END-- [ RunTime:0.000470s ]

[ 2014-02-18T17:51:35+08:00 ] 127.0.0.1 /hlpw/?m=activeNumber
INFO: [ app_begin ] --START--
INFO: ReadHtmlCache Behavior ::run [ RunTime:0.000476s ]
INFO: [ app_begin ] --END-- [ RunTime:0.000547s ]
SQL: SHOW COLUMNS FROM `activenumber` [ RunTime:0.038678s ]
SQL: SELECT COUNT(*) AS tp_count FROM `activenumber` LIMIT 1   [ RunTime:0.000222s ]
SQL: SHOW COLUMNS FROM `place` [ RunTime:0.005902s ]
SQL: SELECT `placename` FROM `place` WHERE ( available=1 )  [ RunTime:0.000251s ]
INFO: [ view_parse ] --START--
INFO: ParseTemplate Behavior ::run [ RunTime:0.006044s ]
INFO: [ view_parse ] --END-- [ RunTime:0.006101s ]
INFO: [ view_filter ] --START--
INFO: ContentReplace Behavior ::run [ RunTime:0.000329s ]
INFO: TokenBuild Behavior ::run [ RunTime:0.000297s ]
INFO: WriteHtmlCache Behavior ::run [ RunTime:0.000205s ]
INFO: ShowRuntime Behavior ::run [ RunTime:0.000312s ]
INFO: [ view_filter ] --END-- [ RunTime:0.001249s ]
INFO: [ view_end ] --START--
INFO: ShowPageTrace Behavior ::run [ RunTime:0.000379s ]
INFO: [ view_end ] --END-- [ RunTime:0.000414s ]

[ 2014-02-18T17:51:59+08:00 ] 127.0.0.1 /hlpw/?m=activeNumber
INFO: [ app_begin ] --START--
INFO: ReadHtmlCache Behavior ::run [ RunTime:0.000442s ]
INFO: [ app_begin ] --END-- [ RunTime:0.000510s ]
SQL: SHOW COLUMNS FROM `activenumber` [ RunTime:0.008301s ]
SQL: SELECT COUNT(*) AS tp_count FROM `activenumber` LIMIT 1   [ RunTime:0.000265s ]
SQL: SHOW COLUMNS FROM `place` [ RunTime:0.006090s ]
SQL: SELECT `placename` FROM `place` WHERE ( available=1 )  [ RunTime:0.000193s ]
INFO: [ view_parse ] --START--
INFO: ParseTemplate Behavior ::run [ RunTime:0.010129s ]
INFO: [ view_parse ] --END-- [ RunTime:0.010193s ]
INFO: [ view_filter ] --START--
INFO: ContentReplace Behavior ::run [ RunTime:0.000303s ]
INFO: TokenBuild Behavior ::run [ RunTime:0.000253s ]
INFO: WriteHtmlCache Behavior ::run [ RunTime:0.000192s ]
INFO: ShowRuntime Behavior ::run [ RunTime:0.000300s ]
INFO: [ view_filter ] --END-- [ RunTime:0.001207s ]
INFO: [ view_end ] --START--
INFO: ShowPageTrace Behavior ::run [ RunTime:0.000402s ]
INFO: [ view_end ] --END-- [ RunTime:0.000462s ]

[ 2014-02-18T17:52:36+08:00 ] 127.0.0.1 /hlpw/?m=activeNumber
INFO: [ app_begin ] --START--
INFO: ReadHtmlCache Behavior ::run [ RunTime:0.000500s ]
INFO: [ app_begin ] --END-- [ RunTime:0.000561s ]
SQL: SHOW COLUMNS FROM `activenumber` [ RunTime:0.008224s ]
SQL: SELECT COUNT(*) AS tp_count FROM `activenumber` LIMIT 1   [ RunTime:0.000230s ]
SQL: SHOW COLUMNS FROM `place` [ RunTime:0.006270s ]
SQL: SELECT `placename` FROM `place` WHERE ( available=1 )  [ RunTime:0.000210s ]
INFO: [ view_parse ] --START--
INFO: ParseTemplate Behavior ::run [ RunTime:0.010198s ]
INFO: [ view_parse ] --END-- [ RunTime:0.010275s ]
INFO: [ view_filter ] --START--
INFO: ContentReplace Behavior ::run [ RunTime:0.000385s ]
INFO: TokenBuild Behavior ::run [ RunTime:0.000318s ]
INFO: WriteHtmlCache Behavior ::run [ RunTime:0.000256s ]
INFO: ShowRuntime Behavior ::run [ RunTime:0.000366s ]
INFO: [ view_filter ] --END-- [ RunTime:0.001432s ]
INFO: [ view_end ] --START--
INFO: ShowPageTrace Behavior ::run [ RunTime:0.000432s ]
INFO: [ view_end ] --END-- [ RunTime:0.000516s ]

[ 2014-02-18T17:52:37+08:00 ] 127.0.0.1 /hlpw/?m=activeNumber
INFO: [ app_begin ] --START--
INFO: ReadHtmlCache Behavior ::run [ RunTime:0.000352s ]
INFO: [ app_begin ] --END-- [ RunTime:0.000401s ]
SQL: SHOW COLUMNS FROM `activenumber` [ RunTime:0.007977s ]
SQL: SELECT COUNT(*) AS tp_count FROM `activenumber` LIMIT 1   [ RunTime:0.000243s ]
SQL: SHOW COLUMNS FROM `place` [ RunTime:0.013939s ]
SQL: SELECT `placename` FROM `place` WHERE ( available=1 )  [ RunTime:0.000273s ]
INFO: [ view_parse ] --START--
INFO: ParseTemplate Behavior ::run [ RunTime:0.005848s ]
INFO: [ view_parse ] --END-- [ RunTime:0.005903s ]
INFO: [ view_filter ] --START--
INFO: ContentReplace Behavior ::run [ RunTime:0.000299s ]
INFO: TokenBuild Behavior ::run [ RunTime:0.000245s ]
INFO: WriteHtmlCache Behavior ::run [ RunTime:0.000188s ]
INFO: ShowRuntime Behavior ::run [ RunTime:0.000295s ]
INFO: [ view_filter ] --END-- [ RunTime:0.001126s ]
INFO: [ view_end ] --START--
INFO: ShowPageTrace Behavior ::run [ RunTime:0.000361s ]
INFO: [ view_end ] --END-- [ RunTime:0.000394s ]

[ 2014-02-18T17:52:52+08:00 ] 127.0.0.1 /hlpw/?m=activeNumber
INFO: [ app_begin ] --START--
INFO: ReadHtmlCache Behavior ::run [ RunTime:0.000485s ]
INFO: [ app_begin ] --END-- [ RunTime:0.000539s ]
SQL: SHOW COLUMNS FROM `activenumber` [ RunTime:0.007937s ]
SQL: SELECT COUNT(*) AS tp_count FROM `activenumber` LIMIT 1   [ RunTime:0.000268s ]
SQL: SHOW COLUMNS FROM `place` [ RunTime:0.006070s ]
SQL: SELECT `placename` FROM `place` WHERE ( available=1 )  [ RunTime:0.000146s ]
INFO: [ view_parse ] --START--
INFO: ParseTemplate Behavior ::run [ RunTime:0.010529s ]
INFO: [ view_parse ] --END-- [ RunTime:0.010598s ]
INFO: [ view_filter ] --START--
INFO: ContentReplace Behavior ::run [ RunTime:0.000396s ]
INFO: TokenBuild Behavior ::run [ RunTime:0.000319s ]
INFO: WriteHtmlCache Behavior ::run [ RunTime:0.000257s ]
INFO: ShowRuntime Behavior ::run [ RunTime:0.000370s ]
INFO: [ view_filter ] --END-- [ RunTime:0.001444s ]
INFO: [ view_end ] --START--
INFO: ShowPageTrace Behavior ::run [ RunTime:0.000431s ]
INFO: [ view_end ] --END-- [ RunTime:0.000467s ]

[ 2014-02-18T17:54:33+08:00 ] 127.0.0.1 /hlpw/?m=activeNumber
INFO: [ app_begin ] --START--
INFO: ReadHtmlCache Behavior ::run [ RunTime:0.000489s ]
INFO: [ app_begin ] --END-- [ RunTime:0.000543s ]
SQL: SHOW COLUMNS FROM `activenumber` [ RunTime:0.007813s ]
SQL: SELECT COUNT(*) AS tp_count FROM `activenumber` LIMIT 1   [ RunTime:0.000279s ]
SQL: SHOW COLUMNS FROM `place` [ RunTime:0.006261s ]
SQL: SELECT `placename` FROM `place` WHERE ( available=1 )  [ RunTime:0.000186s ]
INFO: [ view_parse ] --START--
INFO: ParseTemplate Behavior ::run [ RunTime:0.006244s ]
INFO: [ view_parse ] --END-- [ RunTime:0.006304s ]
INFO: [ view_filter ] --START--
INFO: ContentReplace Behavior ::run [ RunTime:0.000359s ]
INFO: TokenBuild Behavior ::run [ RunTime:0.000313s ]
INFO: WriteHtmlCache Behavior ::run [ RunTime:0.000251s ]
INFO: ShowRuntime Behavior ::run [ RunTime:0.000362s ]
INFO: [ view_filter ] --END-- [ RunTime:0.001386s ]
INFO: [ view_end ] --START--
INFO: ShowPageTrace Behavior ::run [ RunTime:0.000429s ]
INFO: [ view_end ] --END-- [ RunTime:0.000465s ]

[ 2014-02-18T17:54:51+08:00 ] 127.0.0.1 /hlpw/?m=activeNumber
INFO: [ app_begin ] --START--
INFO: ReadHtmlCache Behavior ::run [ RunTime:0.000368s ]
INFO: [ app_begin ] --END-- [ RunTime:0.000431s ]
SQL: SHOW COLUMNS FROM `activenumber` [ RunTime:0.007937s ]
SQL: SELECT COUNT(*) AS tp_count FROM `activenumber` LIMIT 1   [ RunTime:0.000263s ]
SQL: SHOW COLUMNS FROM `place` [ RunTime:0.006394s ]
SQL: SELECT `placename` FROM `place` WHERE ( available=1 )  [ RunTime:0.000208s ]
INFO: [ view_parse ] --START--
INFO: ParseTemplate Behavior ::run [ RunTime:0.005771s ]
INFO: [ view_parse ] --END-- [ RunTime:0.005826s ]
INFO: [ view_filter ] --START--
INFO: ContentReplace Behavior ::run [ RunTime:0.000303s ]
INFO: TokenBuild Behavior ::run [ RunTime:0.000272s ]
INFO: WriteHtmlCache Behavior ::run [ RunTime:0.000215s ]
INFO: ShowRuntime Behavior ::run [ RunTime:0.000298s ]
INFO: [ view_filter ] --END-- [ RunTime:0.001201s ]
INFO: [ view_end ] --START--
INFO: ShowPageTrace Behavior ::run [ RunTime:0.000401s ]
INFO: [ view_end ] --END-- [ RunTime:0.000446s ]

[ 2014-02-18T17:55:02+08:00 ] 127.0.0.1 /hlpw/?m=activeNumber
INFO: [ app_begin ] --START--
INFO: ReadHtmlCache Behavior ::run [ RunTime:0.000508s ]
INFO: [ app_begin ] --END-- [ RunTime:0.000558s ]
SQL: SHOW COLUMNS FROM `activenumber` [ RunTime:0.007861s ]
SQL: SELECT COUNT(*) AS tp_count FROM `activenumber` LIMIT 1   [ RunTime:0.000206s ]
SQL: SHOW COLUMNS FROM `place` [ RunTime:0.006444s ]
SQL: SELECT `placename` FROM `place` WHERE ( available=1 )  [ RunTime:0.000200s ]
INFO: [ view_parse ] --START--
INFO: ParseTemplate Behavior ::run [ RunTime:0.010036s ]
INFO: [ view_parse ] --END-- [ RunTime:0.010100s ]
INFO: [ view_filter ] --START--
INFO: ContentReplace Behavior ::run [ RunTime:0.000373s ]
INFO: TokenBuild Behavior ::run [ RunTime:0.000313s ]
INFO: WriteHtmlCache Behavior ::run [ RunTime:0.000251s ]
INFO: ShowRuntime Behavior ::run [ RunTime:0.000363s ]
INFO: [ view_filter ] --END-- [ RunTime:0.001400s ]
INFO: [ view_end ] --START--
INFO: ShowPageTrace Behavior ::run [ RunTime:0.000437s ]
INFO: [ view_end ] --END-- [ RunTime:0.000472s ]

[ 2014-02-18T17:55:13+08:00 ] 127.0.0.1 /hlpw/?m=activeNumber
INFO: [ app_begin ] --START--
INFO: ReadHtmlCache Behavior ::run [ RunTime:0.000477s ]
INFO: [ app_begin ] --END-- [ RunTime:0.000527s ]
SQL: SHOW COLUMNS FROM `activenumber` [ RunTime:0.007989s ]
SQL: SELECT COUNT(*) AS tp_count FROM `activenumber` LIMIT 1   [ RunTime:0.000251s ]
SQL: SHOW COLUMNS FROM `place` [ RunTime:0.006270s ]
SQL: SELECT `placename` FROM `place` WHERE ( available=1 )  [ RunTime:0.000228s ]
INFO: [ view_parse ] --START--
INFO: ParseTemplate Behavior ::run [ RunTime:0.010194s ]
INFO: [ view_parse ] --END-- [ RunTime:0.010258s ]
INFO: [ view_filter ] --START--
INFO: ContentReplace Behavior ::run [ RunTime:0.000375s ]
INFO: TokenBuild Behavior ::run [ RunTime:0.000312s ]
INFO: WriteHtmlCache Behavior ::run [ RunTime:0.000250s ]
INFO: ShowRuntime Behavior ::run [ RunTime:0.000364s ]
INFO: [ view_filter ] --END-- [ RunTime:0.001403s ]
INFO: [ view_end ] --START--
INFO: ShowPageTrace Behavior ::run [ RunTime:0.000431s ]
INFO: [ view_end ] --END-- [ RunTime:0.000466s ]

[ 2014-02-18T17:55:27+08:00 ] 127.0.0.1 /hlpw/?m=activeNumber
INFO: [ app_begin ] --START--
INFO: ReadHtmlCache Behavior ::run [ RunTime:0.000338s ]
INFO: [ app_begin ] --END-- [ RunTime:0.000385s ]
SQL: SHOW COLUMNS FROM `activenumber` [ RunTime:0.041493s ]
SQL: SELECT COUNT(*) AS tp_count FROM `activenumber` LIMIT 1   [ RunTime:0.000266s ]
SQL: SHOW COLUMNS FROM `place` [ RunTime:0.007433s ]
SQL: SELECT `placename` FROM `place` WHERE ( available=1 )  [ RunTime:0.000243s ]
INFO: [ view_parse ] --START--
INFO: ParseTemplate Behavior ::run [ RunTime:0.006309s ]
INFO: [ view_parse ] --END-- [ RunTime:0.006369s ]
INFO: [ view_filter ] --START--
INFO: ContentReplace Behavior ::run [ RunTime:0.000300s ]
INFO: TokenBuild Behavior ::run [ RunTime:0.000256s ]
INFO: WriteHtmlCache Behavior ::run [ RunTime:0.000197s ]
INFO: ShowRuntime Behavior ::run [ RunTime:0.000308s ]
INFO: [ view_filter ] --END-- [ RunTime:0.001160s ]
INFO: [ view_end ] --START--
INFO: ShowPageTrace Behavior ::run [ RunTime:0.000376s ]
INFO: [ view_end ] --END-- [ RunTime:0.000411s ]

[ 2014-02-18T17:55:43+08:00 ] 127.0.0.1 /hlpw/?m=activeNumber
INFO: [ app_begin ] --START--
INFO: ReadHtmlCache Behavior ::run [ RunTime:0.000357s ]
INFO: [ app_begin ] --END-- [ RunTime:0.000407s ]
SQL: SHOW COLUMNS FROM `activenumber` [ RunTime:0.008185s ]
SQL: SELECT COUNT(*) AS tp_count FROM `activenumber` LIMIT 1   [ RunTime:0.000225s ]
SQL: SHOW COLUMNS FROM `place` [ RunTime:0.005790s ]
SQL: SELECT `placename` FROM `place` WHERE ( available=1 )  [ RunTime:0.000159s ]
INFO: [ view_parse ] --START--
INFO: ParseTemplate Behavior ::run [ RunTime:0.005685s ]
INFO: [ view_parse ] --END-- [ RunTime:0.005736s ]
INFO: [ view_filter ] --START--
INFO: ContentReplace Behavior ::run [ RunTime:0.000276s ]
INFO: TokenBuild Behavior ::run [ RunTime:0.000263s ]
INFO: WriteHtmlCache Behavior ::run [ RunTime:0.000187s ]
INFO: ShowRuntime Behavior ::run [ RunTime:0.000297s ]
INFO: [ view_filter ] --END-- [ RunTime:0.001121s ]
INFO: [ view_end ] --START--
INFO: ShowPageTrace Behavior ::run [ RunTime:0.000360s ]
INFO: [ view_end ] --END-- [ RunTime:0.000394s ]

[ 2014-02-18T17:55:57+08:00 ] 127.0.0.1 /hlpw/?m=activeNumber
INFO: [ app_begin ] --START--
INFO: ReadHtmlCache Behavior ::run [ RunTime:0.000479s ]
INFO: [ app_begin ] --END-- [ RunTime:0.000532s ]
SQL: SHOW COLUMNS FROM `activenumber` [ RunTime:0.008053s ]
SQL: SELECT COUNT(*) AS tp_count FROM `activenumber` LIMIT 1   [ RunTime:0.000242s ]
SQL: SHOW COLUMNS FROM `place` [ RunTime:0.005937s ]
SQL: SELECT `placename` FROM `place` WHERE ( available=1 )  [ RunTime:0.000178s ]
INFO: [ view_parse ] --START--
INFO: ParseTemplate Behavior ::run [ RunTime:0.006666s ]
INFO: [ view_parse ] --END-- [ RunTime:0.006726s ]
INFO: [ view_filter ] --START--
INFO: ContentReplace Behavior ::run [ RunTime:0.000357s ]
INFO: TokenBuild Behavior ::run [ RunTime:0.000338s ]
INFO: WriteHtmlCache Behavior ::run [ RunTime:0.000248s ]
INFO: ShowRuntime Behavior ::run [ RunTime:0.000363s ]
INFO: [ view_filter ] --END-- [ RunTime:0.001410s ]
INFO: [ view_end ] --START--
INFO: ShowPageTrace Behavior ::run [ RunTime:0.000432s ]
INFO: [ view_end ] --END-- [ RunTime:0.000468s ]

[ 2014-02-18T17:55:57+08:00 ] 127.0.0.1 /hlpw/?m=activeNumber
INFO: [ app_begin ] --START--
INFO: ReadHtmlCache Behavior ::run [ RunTime:0.000419s ]
INFO: [ app_begin ] --END-- [ RunTime:0.000488s ]
SQL: SHOW COLUMNS FROM `activenumber` [ RunTime:0.018433s ]
SQL: SELECT COUNT(*) AS tp_count FROM `activenumber` LIMIT 1   [ RunTime:0.000322s ]
SQL: SHOW COLUMNS FROM `place` [ RunTime:0.011073s ]
SQL: SELECT `placename` FROM `place` WHERE ( available=1 )  [ RunTime:0.000255s ]
INFO: [ view_parse ] --START--
INFO: ParseTemplate Behavior ::run [ RunTime:0.006246s ]
INFO: [ view_parse ] --END-- [ RunTime:0.006315s ]
INFO: [ view_filter ] --START--
INFO: ContentReplace Behavior ::run [ RunTime:0.000311s ]
INFO: TokenBuild Behavior ::run [ RunTime:0.000264s ]
INFO: WriteHtmlCache Behavior ::run [ RunTime:0.000197s ]
INFO: ShowRuntime Behavior ::run [ RunTime:0.000308s ]
INFO: [ view_filter ] --END-- [ RunTime:0.001183s ]
INFO: [ view_end ] --START--
INFO: ShowPageTrace Behavior ::run [ RunTime:0.000374s ]
INFO: [ view_end ] --END-- [ RunTime:0.000408s ]

[ 2014-02-18T17:56:02+08:00 ] 127.0.0.1 /hlpw/?m=activeNumber
INFO: [ app_begin ] --START--
INFO: ReadHtmlCache Behavior ::run [ RunTime:0.000692s ]
INFO: [ app_begin ] --END-- [ RunTime:0.000746s ]
SQL: SHOW COLUMNS FROM `activenumber` [ RunTime:0.046453s ]
SQL: SELECT COUNT(*) AS tp_count FROM `activenumber` LIMIT 1   [ RunTime:0.000230s ]
SQL: SHOW COLUMNS FROM `place` [ RunTime:0.006348s ]
SQL: SELECT `placename` FROM `place` WHERE ( available=1 )  [ RunTime:0.000214s ]
INFO: [ view_parse ] --START--
INFO: ParseTemplate Behavior ::run [ RunTime:0.007414s ]
INFO: [ view_parse ] --END-- [ RunTime:0.007479s ]
INFO: [ view_filter ] --START--
INFO: ContentReplace Behavior ::run [ RunTime:0.000503s ]
INFO: TokenBuild Behavior ::run [ RunTime:0.000431s ]
INFO: WriteHtmlCache Behavior ::run [ RunTime:0.000371s ]
INFO: ShowRuntime Behavior ::run [ RunTime:0.000482s ]
INFO: [ view_filter ] --END-- [ RunTime:0.001890s ]
INFO: [ view_end ] --START--
INFO: ShowPageTrace Behavior ::run [ RunTime:0.000548s ]
INFO: [ view_end ] --END-- [ RunTime:0.000584s ]

[ 2014-02-18T18:53:02+08:00 ] 127.0.0.1 /hlpw/?m=excel&&a=export_data&&place=%E5%8C%97%E4%BA%AC%E6%AC%A2%E4%B9%90%E8%B0%B7
INFO: [ app_begin ] --START--
INFO: ReadHtmlCache Behavior ::run [ RunTime:0.020411s ]
INFO: [ app_begin ] --END-- [ RunTime:0.020490s ]
SQL: SHOW COLUMNS FROM `activenumber` [ RunTime:0.057468s ]
NOTIC: [8] Undefined index: date C:\wamp\www\hlpw\Lib\Action\excelAction.class.php 第 12 行.
SQL: SELECT * FROM `activenumber` WHERE ( placename='北京欢乐谷' AND createdate like % ) ORDER BY id desc  [ RunTime:0.021874s ]
ERR: 1064:You have an error in your SQL syntax; check the manual that corresponds to your MySQL server version for the right syntax to use near '% ) ORDER BY id desc' at line 1
 [ SQL语句 ] : SELECT * FROM `activenumber` WHERE ( placename='北京欢乐谷' AND createdate like % ) ORDER BY id desc 
INFO: [ view_parse ] --START--
INFO: ParseTemplate Behavior ::run [ RunTime:0.042142s ]
INFO: [ view_parse ] --END-- [ RunTime:0.042237s ]
INFO: [ view_filter ] --START--
INFO: ContentReplace Behavior ::run [ RunTime:0.007941s ]
INFO: TokenBuild Behavior ::run [ RunTime:0.005714s ]
INFO: WriteHtmlCache Behavior ::run [ RunTime:0.000803s ]
INFO: ShowRuntime Behavior ::run [ RunTime:0.000749s ]
INFO: [ view_filter ] --END-- [ RunTime:0.015336s ]
INFO: [ view_end ] --START--
INFO: ShowPageTrace Behavior ::run [ RunTime:0.006838s ]
INFO: [ view_end ] --END-- [ RunTime:0.006883s ]

[ 2014-02-18T18:53:48+08:00 ] 127.0.0.1 /hlpw/?m=excel&&a=export_data&&place=%E5%8C%97%E4%BA%AC%E6%AC%A2%E4%B9%90%E8%B0%B7
INFO: [ app_begin ] --START--
INFO: ReadHtmlCache Behavior ::run [ RunTime:0.004265s ]
INFO: [ app_begin ] --END-- [ RunTime:0.004323s ]
SQL: SHOW COLUMNS FROM `activenumber` [ RunTime:0.007971s ]
NOTIC: [8] Undefined index: date C:\wamp\www\hlpw\Lib\Action\excelAction.class.php 第 12 行.
SQL: SELECT * FROM `activenumber` WHERE ( placename='北京欢乐谷' AND createdate like % ) ORDER BY id desc  [ RunTime:0.000153s ]
ERR: 1064:You have an error in your SQL syntax; check the manual that corresponds to your MySQL server version for the right syntax to use near '% ) ORDER BY id desc' at line 1
 [ SQL语句 ] : SELECT * FROM `activenumber` WHERE ( placename='北京欢乐谷' AND createdate like % ) ORDER BY id desc 
INFO: [ view_parse ] --START--
INFO: ParseTemplate Behavior ::run [ RunTime:0.026703s ]
INFO: [ view_parse ] --END-- [ RunTime:0.026767s ]
INFO: [ view_filter ] --START--
INFO: ContentReplace Behavior ::run [ RunTime:0.010246s ]
INFO: TokenBuild Behavior ::run [ RunTime:0.014106s ]
INFO: WriteHtmlCache Behavior ::run [ RunTime:0.000742s ]
INFO: ShowRuntime Behavior ::run [ RunTime:0.000859s ]
INFO: [ view_filter ] --END-- [ RunTime:0.026103s ]
INFO: [ view_end ] --START--
INFO: ShowPageTrace Behavior ::run [ RunTime:0.006642s ]
INFO: [ view_end ] --END-- [ RunTime:0.006680s ]

[ 2014-02-18T18:55:24+08:00 ] 127.0.0.1 /hlpw/?m=activeNumber
INFO: [ app_begin ] --START--
INFO: ReadHtmlCache Behavior ::run [ RunTime:0.000495s ]
INFO: [ app_begin ] --END-- [ RunTime:0.000554s ]
SQL: SHOW COLUMNS FROM `activenumber` [ RunTime:0.007907s ]
SQL: SELECT COUNT(*) AS tp_count FROM `activenumber` LIMIT 1   [ RunTime:0.000205s ]
SQL: SHOW COLUMNS FROM `place` [ RunTime:0.006354s ]
SQL: SELECT `placename` FROM `place` WHERE ( available=1 )  [ RunTime:0.000203s ]
INFO: [ view_parse ] --START--
INFO: ParseTemplate Behavior ::run [ RunTime:0.018406s ]
INFO: [ view_parse ] --END-- [ RunTime:0.018466s ]
INFO: [ view_filter ] --START--
INFO: ContentReplace Behavior ::run [ RunTime:0.000349s ]
INFO: TokenBuild Behavior ::run [ RunTime:0.000312s ]
INFO: WriteHtmlCache Behavior ::run [ RunTime:0.000251s ]
INFO: ShowRuntime Behavior ::run [ RunTime:0.000376s ]
INFO: [ view_filter ] --END-- [ RunTime:0.001392s ]
INFO: [ view_end ] --START--
INFO: ShowPageTrace Behavior ::run [ RunTime:0.000447s ]
INFO: [ view_end ] --END-- [ RunTime:0.000484s ]

[ 2014-02-18T18:55:34+08:00 ] 127.0.0.1 /hlpw/?m=excel&&a=export_data&&place=%E5%8C%97%E4%BA%AC%E6%AC%A2%E4%B9%90%E8%B0%B7&&date=2013-11-28
INFO: [ app_begin ] --START--
INFO: ReadHtmlCache Behavior ::run [ RunTime:0.000473s ]
INFO: [ app_begin ] --END-- [ RunTime:0.000520s ]
SQL: SHOW COLUMNS FROM `activenumber` [ RunTime:0.008275s ]
SQL: SELECT * FROM `activenumber` WHERE ( placename='北京欢乐谷' AND createdate like '2013-11-28%' ) ORDER BY id desc  [ RunTime:0.029049s ]

[ 2014-02-18T18:56:12+08:00 ] 127.0.0.1 /hlpw/?m=excel&&a=export_data&&place=%E5%8C%97%E4%BA%AC%E6%AC%A2%E4%B9%90%E8%B0%B7&&date=2013-11-29
INFO: [ app_begin ] --START--
INFO: ReadHtmlCache Behavior ::run [ RunTime:0.000540s ]
INFO: [ app_begin ] --END-- [ RunTime:0.000589s ]
SQL: SHOW COLUMNS FROM `activenumber` [ RunTime:0.007870s ]
SQL: SELECT * FROM `activenumber` WHERE ( placename='北京欢乐谷' AND createdate like '2013-11-29%' ) ORDER BY id desc  [ RunTime:0.000388s ]
INFO: [ view_parse ] --START--
INFO: ParseTemplate Behavior ::run [ RunTime:0.005976s ]
INFO: [ view_parse ] --END-- [ RunTime:0.006055s ]
INFO: [ view_filter ] --START--
INFO: ContentReplace Behavior ::run [ RunTime:0.000644s ]
INFO: TokenBuild Behavior ::run [ RunTime:0.000526s ]
INFO: WriteHtmlCache Behavior ::run [ RunTime:0.000450s ]
INFO: ShowRuntime Behavior ::run [ RunTime:0.000521s ]
INFO: [ view_filter ] --END-- [ RunTime:0.002310s ]
INFO: [ view_end ] --START--
INFO: ShowPageTrace Behavior ::run [ RunTime:0.000564s ]
INFO: [ view_end ] --END-- [ RunTime:0.000598s ]

[ 2014-02-18T19:00:42+08:00 ] 127.0.0.1 /hlpw/
INFO: [ app_begin ] --START--
INFO: ReadHtmlCache Behavior ::run [ RunTime:0.000572s ]
INFO: [ app_begin ] --END-- [ RunTime:0.000627s ]
SQL: SHOW COLUMNS FROM `place` [ RunTime:0.042828s ]
SQL: SELECT `placename` FROM `place` WHERE ( available=1 )  [ RunTime:0.000269s ]
INFO: [ view_parse ] --START--
INFO: ParseTemplate Behavior ::run [ RunTime:0.063229s ]
INFO: [ view_parse ] --END-- [ RunTime:0.063316s ]
INFO: [ view_filter ] --START--
INFO: ContentReplace Behavior ::run [ RunTime:0.000546s ]
INFO: TokenBuild Behavior ::run [ RunTime:0.000445s ]
INFO: WriteHtmlCache Behavior ::run [ RunTime:0.000380s ]
INFO: ShowRuntime Behavior ::run [ RunTime:0.000475s ]
INFO: [ view_filter ] --END-- [ RunTime:0.001946s ]
INFO: [ view_end ] --START--
INFO: ShowPageTrace Behavior ::run [ RunTime:0.000590s ]
INFO: [ view_end ] --END-- [ RunTime:0.000627s ]

[ 2014-02-18T19:01:53+08:00 ] 127.0.0.1 /hlpw/?m=Index&&a=checkActive
INFO: [ app_begin ] --START--
INFO: ReadHtmlCache Behavior ::run [ RunTime:0.000548s ]
INFO: [ app_begin ] --END-- [ RunTime:0.000605s ]
SQL: SHOW COLUMNS FROM `activenumber` [ RunTime:0.008080s ]
SQL: SELECT * FROM `activenumber` WHERE ( number='431011446968' ) LIMIT 1   [ RunTime:0.000339s ]

[ 2014-02-18T19:01:54+08:00 ] 127.0.0.1 /hlpw/?m=Index&&a=formFormat
INFO: [ app_begin ] --START--
INFO: ReadHtmlCache Behavior ::run [ RunTime:0.000575s ]
INFO: [ app_begin ] --END-- [ RunTime:0.000624s ]
NOTIC: [8192] Function ereg() is deprecated C:\wamp\www\hlpw\Lib\Action\IndexAction.class.php 第 98 行.
NOTIC: [8192] Function ereg() is deprecated C:\wamp\www\hlpw\Lib\Action\IndexAction.class.php 第 98 行.
NOTIC: [8192] Function ereg() is deprecated C:\wamp\www\hlpw\Lib\Action\IndexAction.class.php 第 98 行.
NOTIC: [8192] Function ereg() is deprecated C:\wamp\www\hlpw\Lib\Action\IndexAction.class.php 第 98 行.
NOTIC: [8192] Function ereg() is deprecated C:\wamp\www\hlpw\Lib\Action\IndexAction.class.php 第 98 行.
NOTIC: [8192] Function ereg() is deprecated C:\wamp\www\hlpw\Lib\Action\IndexAction.class.php 第 98 行.
NOTIC: [8192] Function ereg() is deprecated C:\wamp\www\hlpw\Lib\Action\IndexAction.class.php 第 98 行.
SQL: SHOW COLUMNS FROM `activenumber` [ RunTime:0.008501s ]
SQL: SELECT * FROM `activenumber` WHERE ( number='431011446968' ) LIMIT 1   [ RunTime:0.000258s ]

[ 2014-02-18T19:02:14+08:00 ] 127.0.0.1 /hlpw/?m=Index&&a=formFormat
INFO: [ app_begin ] --START--
INFO: ReadHtmlCache Behavior ::run [ RunTime:0.000540s ]
INFO: [ app_begin ] --END-- [ RunTime:0.000583s ]
NOTIC: [8192] Function ereg() is deprecated C:\wamp\www\hlpw\Lib\Action\IndexAction.class.php 第 98 行.
NOTIC: [8192] Function ereg() is deprecated C:\wamp\www\hlpw\Lib\Action\IndexAction.class.php 第 98 行.
NOTIC: [8192] Function ereg() is deprecated C:\wamp\www\hlpw\Lib\Action\IndexAction.class.php 第 98 行.
NOTIC: [8192] Function ereg() is deprecated C:\wamp\www\hlpw\Lib\Action\IndexAction.class.php 第 98 行.
NOTIC: [8192] Function ereg() is deprecated C:\wamp\www\hlpw\Lib\Action\IndexAction.class.php 第 98 行.
NOTIC: [8192] Function ereg() is deprecated C:\wamp\www\hlpw\Lib\Action\IndexAction.class.php 第 98 行.
NOTIC: [8192] Function ereg() is deprecated C:\wamp\www\hlpw\Lib\Action\IndexAction.class.php 第 98 行.
SQL: SHOW COLUMNS FROM `activenumber` [ RunTime:0.008026s ]
SQL: SELECT * FROM `activenumber` WHERE ( number='431011446968' ) LIMIT 1   [ RunTime:0.000249s ]

[ 2014-02-18T19:02:24+08:00 ] 127.0.0.1 /hlpw/?m=Index&&a=formFormat
INFO: [ app_begin ] --START--
INFO: ReadHtmlCache Behavior ::run [ RunTime:0.000560s ]
INFO: [ app_begin ] --END-- [ RunTime:0.000609s ]
NOTIC: [8192] Function ereg() is deprecated C:\wamp\www\hlpw\Lib\Action\IndexAction.class.php 第 98 行.
NOTIC: [8192] Function ereg() is deprecated C:\wamp\www\hlpw\Lib\Action\IndexAction.class.php 第 98 行.
NOTIC: [8192] Function ereg() is deprecated C:\wamp\www\hlpw\Lib\Action\IndexAction.class.php 第 98 行.
NOTIC: [8192] Function ereg() is deprecated C:\wamp\www\hlpw\Lib\Action\IndexAction.class.php 第 98 行.
NOTIC: [8192] Function ereg() is deprecated C:\wamp\www\hlpw\Lib\Action\IndexAction.class.php 第 98 行.
NOTIC: [8192] Function ereg() is deprecated C:\wamp\www\hlpw\Lib\Action\IndexAction.class.php 第 98 行.
NOTIC: [8192] Function ereg() is deprecated C:\wamp\www\hlpw\Lib\Action\IndexAction.class.php 第 98 行.
SQL: SHOW COLUMNS FROM `activenumber` [ RunTime:0.008228s ]
SQL: SELECT * FROM `activenumber` WHERE ( number='431011446968' ) LIMIT 1   [ RunTime:0.000271s ]

[ 2014-02-18T19:19:58+08:00 ] 127.0.0.1 /hlpw/
INFO: [ app_begin ] --START--
INFO: ReadHtmlCache Behavior ::run [ RunTime:0.020591s ]
INFO: [ app_begin ] --END-- [ RunTime:0.020659s ]
SQL: SHOW COLUMNS FROM `place` [ RunTime:0.027051s ]
SQL: SELECT `placename` FROM `place` WHERE ( available=1 )  [ RunTime:0.000337s ]
INFO: [ view_parse ] --START--
INFO: ParseTemplate Behavior ::run [ RunTime:0.129758s ]
INFO: [ view_parse ] --END-- [ RunTime:0.129829s ]
INFO: [ view_filter ] --START--
INFO: ContentReplace Behavior ::run [ RunTime:0.009105s ]
INFO: TokenBuild Behavior ::run [ RunTime:0.005784s ]
INFO: WriteHtmlCache Behavior ::run [ RunTime:0.000705s ]
INFO: ShowRuntime Behavior ::run [ RunTime:0.000757s ]
INFO: [ view_filter ] --END-- [ RunTime:0.016466s ]
INFO: [ view_end ] --START--
INFO: ShowPageTrace Behavior ::run [ RunTime:0.006824s ]
INFO: [ view_end ] --END-- [ RunTime:0.006887s ]

[ 2014-02-18T19:19:59+08:00 ] 127.0.0.1 /hlpw/?m=User
INFO: [ app_begin ] --START--
INFO: ReadHtmlCache Behavior ::run [ RunTime:0.000468s ]
INFO: [ app_begin ] --END-- [ RunTime:0.000516s ]
INFO: [ view_parse ] --START--
INFO: ParseTemplate Behavior ::run [ RunTime:0.038007s ]
INFO: [ view_parse ] --END-- [ RunTime:0.038072s ]
INFO: [ view_filter ] --START--
INFO: ContentReplace Behavior ::run [ RunTime:0.000325s ]
INFO: TokenBuild Behavior ::run [ RunTime:0.000315s ]
INFO: WriteHtmlCache Behavior ::run [ RunTime:0.000252s ]
INFO: ShowRuntime Behavior ::run [ RunTime:0.000352s ]
INFO: [ view_filter ] --END-- [ RunTime:0.001344s ]
INFO: [ view_end ] --START--
INFO: ShowPageTrace Behavior ::run [ RunTime:0.000420s ]
INFO: [ view_end ] --END-- [ RunTime:0.000454s ]
NOTIC: [8] Constant THEME_PATH already defined C:\wamp\www\hlpw\think\Lib\Core\View.class.php 第 172 行.
NOTIC: [8] Constant APP_TMPL_PATH already defined C:\wamp\www\hlpw\think\Lib\Core\View.class.php 第 173 行.
INFO: [ view_parse ] --START--
INFO: ParseTemplate Behavior ::run [ RunTime:0.110913s ]
INFO: [ view_parse ] --END-- [ RunTime:-0.002187s ]
INFO: [ view_filter ] --START--
INFO: ContentReplace Behavior ::run [ RunTime:0.000064s ]
INFO: TokenBuild Behavior ::run [ RunTime:0.000029s ]
INFO: WriteHtmlCache Behavior ::run [ RunTime:0.000006s ]
INFO: ShowRuntime Behavior ::run [ RunTime:0.000042s ]
INFO: [ view_filter ] --END-- [ RunTime:-0.111829s ]
INFO: [ view_end ] --START--
INFO: ShowPageTrace Behavior ::run [ RunTime:0.000021s ]
INFO: [ view_end ] --END-- [ RunTime:-0.111593s ]

[ 2014-02-18T19:20:00+08:00 ] 127.0.0.1 /hlpw/?m=Admin
INFO: [ app_begin ] --START--
INFO: ReadHtmlCache Behavior ::run [ RunTime:0.000374s ]
INFO: [ app_begin ] --END-- [ RunTime:0.000424s ]
INFO: [ view_parse ] --START--
INFO: ParseTemplate Behavior ::run [ RunTime:0.008327s ]
INFO: [ view_parse ] --END-- [ RunTime:0.008445s ]
INFO: [ view_filter ] --START--
INFO: ContentReplace Behavior ::run [ RunTime:0.000960s ]
INFO: TokenBuild Behavior ::run [ RunTime:0.000957s ]
INFO: WriteHtmlCache Behavior ::run [ RunTime:0.000812s ]
INFO: ShowRuntime Behavior ::run [ RunTime:0.000926s ]
INFO: [ view_filter ] --END-- [ RunTime:0.003771s ]
INFO: [ view_end ] --START--
INFO: ShowPageTrace Behavior ::run [ RunTime:0.000992s ]
INFO: [ view_end ] --END-- [ RunTime:0.001028s ]

[ 2014-02-18T19:20:02+08:00 ] 127.0.0.1 /hlpw/?m=placeControl
INFO: [ app_begin ] --START--
INFO: ReadHtmlCache Behavior ::run [ RunTime:0.000967s ]
INFO: [ app_begin ] --END-- [ RunTime:0.001025s ]
NOTIC: [2] Missing argument 1 for placeControlAction::checkOutPlaceList(), called in C:\wamp\www\hlpw\Lib\Action\placeControlAction.class.php on line 7 and defined C:\wamp\www\hlpw\Lib\Action\placeControlAction.class.php 第 42 行.
SQL: SHOW COLUMNS FROM `place` [ RunTime:0.007222s ]
NOTIC: [8] Undefined variable: availabel C:\wamp\www\hlpw\Lib\Action\placeControlAction.class.php 第 45 行.
SQL: SELECT * FROM `place`  [ RunTime:0.011367s ]
INFO: [ view_parse ] --START--
INFO: ParseTemplate Behavior ::run [ RunTime:0.033410s ]
INFO: [ view_parse ] --END-- [ RunTime:0.033499s ]
INFO: [ view_filter ] --START--
INFO: ContentReplace Behavior ::run [ RunTime:0.001209s ]
INFO: TokenBuild Behavior ::run [ RunTime:0.000890s ]
INFO: WriteHtmlCache Behavior ::run [ RunTime:0.000825s ]
INFO: ShowRuntime Behavior ::run [ RunTime:0.000985s ]
INFO: [ view_filter ] --END-- [ RunTime:0.004030s ]
INFO: [ view_end ] --START--
INFO: ShowPageTrace Behavior ::run [ RunTime:0.001181s ]
INFO: [ view_end ] --END-- [ RunTime:0.001226s ]

[ 2014-02-18T19:20:04+08:00 ] 127.0.0.1 /hlpw/?m=activeNumber
INFO: [ app_begin ] --START--
INFO: ReadHtmlCache Behavior ::run [ RunTime:0.000929s ]
INFO: [ app_begin ] --END-- [ RunTime:0.000980s ]
SQL: SHOW COLUMNS FROM `activenumber` [ RunTime:0.008846s ]
SQL: SELECT COUNT(*) AS tp_count FROM `activenumber` LIMIT 1   [ RunTime:0.000279s ]
SQL: SHOW COLUMNS FROM `place` [ RunTime:0.006332s ]
SQL: SELECT `placename` FROM `place` WHERE ( available=1 )  [ RunTime:0.000176s ]
SQL: SHOW COLUMNS FROM `activenumber` [ RunTime:0.006061s ]
SQL: SELECT `createdata` FROM `activenumber` LIMIT 1   [ RunTime:0.000147s ]
ERR: 1054:Unknown column 'createdata' in 'field list'
 [ SQL语句 ] : SELECT `createdata` FROM `activenumber` LIMIT 1  
INFO: [ view_parse ] --START--
NOTIC: [8] Undefined variable: createdate C:\wamp\www\hlpw\Runtime\Cache\e5247a4800c480c195a683c5c8243f69.php 第 74 行.
INFO: ParseTemplate Behavior ::run [ RunTime:0.015701s ]
INFO: [ view_parse ] --END-- [ RunTime:0.015752s ]
INFO: [ view_filter ] --START--
INFO: ContentReplace Behavior ::run [ RunTime:0.000906s ]
INFO: TokenBuild Behavior ::run [ RunTime:0.000840s ]
INFO: WriteHtmlCache Behavior ::run [ RunTime:0.000782s ]
INFO: ShowRuntime Behavior ::run [ RunTime:0.000945s ]
INFO: [ view_filter ] --END-- [ RunTime:0.003573s ]
INFO: [ view_end ] --START--
INFO: ShowPageTrace Behavior ::run [ RunTime:0.000996s ]
INFO: [ view_end ] --END-- [ RunTime:0.001031s ]

[ 2014-02-18T19:21:00+08:00 ] 127.0.0.1 /hlpw/?m=activeNumber
INFO: [ app_begin ] --START--
INFO: ReadHtmlCache Behavior ::run [ RunTime:0.000546s ]
INFO: [ app_begin ] --END-- [ RunTime:0.000596s ]
SQL: SHOW COLUMNS FROM `activenumber` [ RunTime:0.041243s ]
SQL: SELECT COUNT(*) AS tp_count FROM `activenumber` LIMIT 1   [ RunTime:0.000312s ]
SQL: SHOW COLUMNS FROM `place` [ RunTime:0.006304s ]
SQL: SELECT `placename` FROM `place` WHERE ( available=1 )  [ RunTime:0.000225s ]
SQL: SHOW COLUMNS FROM `activenumber` [ RunTime:0.005833s ]
SQL: SELECT `createdata` FROM `activenumber` LIMIT 1   [ RunTime:0.000175s ]
ERR: 1054:Unknown column 'createdata' in 'field list'
 [ SQL语句 ] : SELECT `createdata` FROM `activenumber` LIMIT 1  
INFO: [ view_parse ] --START--
NOTIC: [8] Undefined variable: createdate C:\wamp\www\hlpw\Runtime\Cache\e5247a4800c480c195a683c5c8243f69.php 第 74 行.
INFO: ParseTemplate Behavior ::run [ RunTime:0.017588s ]
INFO: [ view_parse ] --END-- [ RunTime:0.017676s ]
INFO: [ view_filter ] --START--
INFO: ContentReplace Behavior ::run [ RunTime:0.000537s ]
INFO: TokenBuild Behavior ::run [ RunTime:0.000444s ]
INFO: WriteHtmlCache Behavior ::run [ RunTime:0.000390s ]
INFO: ShowRuntime Behavior ::run [ RunTime:0.000465s ]
INFO: [ view_filter ] --END-- [ RunTime:0.001939s ]
INFO: [ view_end ] --START--
INFO: ShowPageTrace Behavior ::run [ RunTime:0.000536s ]
INFO: [ view_end ] --END-- [ RunTime:0.000572s ]

[ 2014-02-18T19:21:17+08:00 ] 127.0.0.1 /hlpw/?m=activeNumber
INFO: [ app_begin ] --START--
INFO: ReadHtmlCache Behavior ::run [ RunTime:0.000552s ]
INFO: [ app_begin ] --END-- [ RunTime:0.000600s ]
SQL: SHOW COLUMNS FROM `activenumber` [ RunTime:0.007881s ]
SQL: SELECT COUNT(*) AS tp_count FROM `activenumber` LIMIT 1   [ RunTime:0.000236s ]
SQL: SHOW COLUMNS FROM `place` [ RunTime:0.006058s ]
SQL: SELECT `placename` FROM `place` WHERE ( available=1 )  [ RunTime:0.000179s ]
SQL: SHOW COLUMNS FROM `activenumber` [ RunTime:0.005646s ]
SQL: SELECT `createdata` FROM `activenumber` LIMIT 1   [ RunTime:0.000115s ]
ERR: 1054:Unknown column 'createdata' in 'field list'
 [ SQL语句 ] : SELECT `createdata` FROM `activenumber` LIMIT 1  
INFO: [ view_parse ] --START--
NOTIC: [8] Undefined variable: createdate C:\wamp\www\hlpw\Runtime\Cache\e5247a4800c480c195a683c5c8243f69.php 第 74 行.
INFO: ParseTemplate Behavior ::run [ RunTime:0.008435s ]
INFO: [ view_parse ] --END-- [ RunTime:0.008483s ]
INFO: [ view_filter ] --START--
INFO: ContentReplace Behavior ::run [ RunTime:0.000498s ]
INFO: TokenBuild Behavior ::run [ RunTime:0.000418s ]
INFO: WriteHtmlCache Behavior ::run [ RunTime:0.000364s ]
INFO: ShowRuntime Behavior ::run [ RunTime:0.000471s ]
INFO: [ view_filter ] --END-- [ RunTime:0.001854s ]
INFO: [ view_end ] --START--
INFO: ShowPageTrace Behavior ::run [ RunTime:0.000541s ]
INFO: [ view_end ] --END-- [ RunTime:0.000576s ]

[ 2014-02-18T19:21:31+08:00 ] 127.0.0.1 /hlpw/?m=activeNumber
INFO: [ app_begin ] --START--
INFO: ReadHtmlCache Behavior ::run [ RunTime:0.000458s ]
INFO: [ app_begin ] --END-- [ RunTime:0.000511s ]
SQL: SHOW COLUMNS FROM `activenumber` [ RunTime:0.007684s ]
SQL: SELECT COUNT(*) AS tp_count FROM `activenumber` LIMIT 1   [ RunTime:0.000224s ]
SQL: SHOW COLUMNS FROM `place` [ RunTime:0.006308s ]
SQL: SELECT `placename` FROM `place` WHERE ( available=1 )  [ RunTime:0.000162s ]
SQL: SHOW COLUMNS FROM `activenumber` [ RunTime:0.005721s ]
SQL: SELECT `createdata` FROM `activenumber` LIMIT 1   [ RunTime:0.000155s ]
ERR: 1054:Unknown column 'createdata' in 'field list'
 [ SQL语句 ] : SELECT `createdata` FROM `activenumber` LIMIT 1  
INFO: [ view_parse ] --START--
NOTIC: [8] Undefined variable: createdate C:\wamp\www\hlpw\Runtime\Cache\e5247a4800c480c195a683c5c8243f69.php 第 74 行.
INFO: ParseTemplate Behavior ::run [ RunTime:0.007461s ]
INFO: [ view_parse ] --END-- [ RunTime:0.007507s ]
INFO: [ view_filter ] --START--
INFO: ContentReplace Behavior ::run [ RunTime:0.000373s ]
INFO: TokenBuild Behavior ::run [ RunTime:0.000311s ]
INFO: WriteHtmlCache Behavior ::run [ RunTime:0.000249s ]
INFO: ShowRuntime Behavior ::run [ RunTime:0.000351s ]
INFO: [ view_filter ] --END-- [ RunTime:0.001384s ]
INFO: [ view_end ] --START--
INFO: ShowPageTrace Behavior ::run [ RunTime:0.000486s ]
INFO: [ view_end ] --END-- [ RunTime:0.000519s ]

[ 2014-02-18T19:23:29+08:00 ] 127.0.0.1 /hlpw/?m=activeNumber
INFO: [ app_begin ] --START--
INFO: ReadHtmlCache Behavior ::run [ RunTime:0.000644s ]
INFO: [ app_begin ] --END-- [ RunTime:0.000695s ]
SQL: SHOW COLUMNS FROM `activenumber` [ RunTime:0.007867s ]
SQL: SELECT COUNT(*) AS tp_count FROM `activenumber` LIMIT 1   [ RunTime:0.000299s ]
SQL: SHOW COLUMNS FROM `place` [ RunTime:0.005965s ]
SQL: SELECT `placename` FROM `place` WHERE ( available=1 )  [ RunTime:0.000162s ]
NOTIC: [8] Undefined variable: tempArr C:\wamp\www\hlpw\Lib\Action\activeNumberAction.class.php 第 20 行.
NOTIC: [8] Undefined variable: resArr C:\wamp\www\hlpw\Lib\Action\activeNumberAction.class.php 第 21 行.
INFO: [ view_parse ] --START--
NOTIC: [8] Undefined variable: createdate C:\wamp\www\hlpw\Runtime\Cache\e5247a4800c480c195a683c5c8243f69.php 第 74 行.
INFO: ParseTemplate Behavior ::run [ RunTime:0.019840s ]
INFO: [ view_parse ] --END-- [ RunTime:0.019885s ]
INFO: [ view_filter ] --START--
INFO: ContentReplace Behavior ::run [ RunTime:0.000669s ]
INFO: TokenBuild Behavior ::run [ RunTime:0.000607s ]
INFO: WriteHtmlCache Behavior ::run [ RunTime:0.000435s ]
INFO: ShowRuntime Behavior ::run [ RunTime:0.000471s ]
INFO: [ view_filter ] --END-- [ RunTime:0.002287s ]
INFO: [ view_end ] --START--
INFO: ShowPageTrace Behavior ::run [ RunTime:0.000540s ]
INFO: [ view_end ] --END-- [ RunTime:0.000575s ]

[ 2014-02-18T19:23:37+08:00 ] 127.0.0.1 /hlpw/?m=activeNumber
INFO: [ app_begin ] --START--
INFO: ReadHtmlCache Behavior ::run [ RunTime:0.000574s ]
INFO: [ app_begin ] --END-- [ RunTime:0.000647s ]
SQL: SHOW COLUMNS FROM `activenumber` [ RunTime:0.008084s ]
SQL: SELECT COUNT(*) AS tp_count FROM `activenumber` LIMIT 1   [ RunTime:0.000231s ]
SQL: SHOW COLUMNS FROM `place` [ RunTime:0.006588s ]
SQL: SELECT `placename` FROM `place` WHERE ( available=1 )  [ RunTime:0.000205s ]
SQL: SHOW COLUMNS FROM `activenumber` [ RunTime:0.005661s ]
SQL: SELECT `createdate` FROM `activenumber` LIMIT 20   [ RunTime:0.000186s ]
INFO: [ view_parse ] --START--
NOTIC: [8] Undefined variable: createdate C:\wamp\www\hlpw\Runtime\Cache\e5247a4800c480c195a683c5c8243f69.php 第 74 行.
INFO: ParseTemplate Behavior ::run [ RunTime:0.006943s ]
INFO: [ view_parse ] --END-- [ RunTime:0.006986s ]
INFO: [ view_filter ] --START--
INFO: ContentReplace Behavior ::run [ RunTime:0.000337s ]
INFO: TokenBuild Behavior ::run [ RunTime:0.000307s ]
INFO: WriteHtmlCache Behavior ::run [ RunTime:0.000245s ]
INFO: ShowRuntime Behavior ::run [ RunTime:0.000345s ]
INFO: [ view_filter ] --END-- [ RunTime:0.001335s ]
INFO: [ view_end ] --START--
INFO: ShowPageTrace Behavior ::run [ RunTime:0.000429s ]
INFO: [ view_end ] --END-- [ RunTime:0.000464s ]

[ 2014-02-18T19:24:01+08:00 ] 127.0.0.1 /hlpw/?m=activeNumber
INFO: [ app_begin ] --START--
INFO: ReadHtmlCache Behavior ::run [ RunTime:0.000508s ]
INFO: [ app_begin ] --END-- [ RunTime:0.000558s ]
SQL: SHOW COLUMNS FROM `activenumber` [ RunTime:0.008065s ]
SQL: SELECT COUNT(*) AS tp_count FROM `activenumber` LIMIT 1   [ RunTime:0.000248s ]
SQL: SHOW COLUMNS FROM `place` [ RunTime:0.005839s ]
SQL: SELECT `placename` FROM `place` WHERE ( available=1 )  [ RunTime:0.000233s ]
SQL: SHOW COLUMNS FROM `activenumber` [ RunTime:0.005994s ]
SQL: SELECT `createdate` FROM `activenumber` LIMIT 20   [ RunTime:0.000196s ]
NOTIC: [2] array_slice() expects parameter 1 to be array, string given C:\wamp\www\hlpw\Lib\Action\activeNumberAction.class.php 第 18 行.
NOTIC: [2] array_slice() expects parameter 1 to be array, string given C:\wamp\www\hlpw\Lib\Action\activeNumberAction.class.php 第 18 行.
NOTIC: [2] array_slice() expects parameter 1 to be array, string given C:\wamp\www\hlpw\Lib\Action\activeNumberAction.class.php 第 18 行.
NOTIC: [2] array_slice() expects parameter 1 to be array, string given C:\wamp\www\hlpw\Lib\Action\activeNumberAction.class.php 第 18 行.
NOTIC: [2] array_slice() expects parameter 1 to be array, string given C:\wamp\www\hlpw\Lib\Action\activeNumberAction.class.php 第 18 行.
NOTIC: [2] array_slice() expects parameter 1 to be array, string given C:\wamp\www\hlpw\Lib\Action\activeNumberAction.class.php 第 18 行.
NOTIC: [2] array_slice() expects parameter 1 to be array, string given C:\wamp\www\hlpw\Lib\Action\activeNumberAction.class.php 第 18 行.
NOTIC: [2] array_slice() expects parameter 1 to be array, string given C:\wamp\www\hlpw\Lib\Action\activeNumberAction.class.php 第 18 行.
NOTIC: [2] array_slice() expects parameter 1 to be array, string given C:\wamp\www\hlpw\Lib\Action\activeNumberAction.class.php 第 18 行.
NOTIC: [2] array_slice() expects parameter 1 to be array, string given C:\wamp\www\hlpw\Lib\Action\activeNumberAction.class.php 第 18 行.
NOTIC: [2] array_slice() expects parameter 1 to be array, string given C:\wamp\www\hlpw\Lib\Action\activeNumberAction.class.php 第 18 行.
NOTIC: [2] array_slice() expects parameter 1 to be array, string given C:\wamp\www\hlpw\Lib\Action\activeNumberAction.class.php 第 18 行.
NOTIC: [2] array_slice() expects parameter 1 to be array, string given C:\wamp\www\hlpw\Lib\Action\activeNumberAction.class.php 第 18 行.
NOTIC: [2] array_slice() expects parameter 1 to be array, string given C:\wamp\www\hlpw\Lib\Action\activeNumberAction.class.php 第 18 行.
NOTIC: [2] array_slice() expects parameter 1 to be array, string given C:\wamp\www\hlpw\Lib\Action\activeNumberAction.class.php 第 18 行.
NOTIC: [2] array_slice() expects parameter 1 to be array, string given C:\wamp\www\hlpw\Lib\Action\activeNumberAction.class.php 第 18 行.
NOTIC: [2] array_slice() expects parameter 1 to be array, string given C:\wamp\www\hlpw\Lib\Action\activeNumberAction.class.php 第 18 行.
NOTIC: [2] array_slice() expects parameter 1 to be array, string given C:\wamp\www\hlpw\Lib\Action\activeNumberAction.class.php 第 18 行.
NOTIC: [2] array_slice() expects parameter 1 to be array, string given C:\wamp\www\hlpw\Lib\Action\activeNumberAction.class.php 第 18 行.
NOTIC: [2] array_slice() expects parameter 1 to be array, string given C:\wamp\www\hlpw\Lib\Action\activeNumberAction.class.php 第 18 行.
INFO: [ view_parse ] --START--
NOTIC: [8] Undefined variable: createdate C:\wamp\www\hlpw\Runtime\Cache\e5247a4800c480c195a683c5c8243f69.php 第 74 行.
INFO: ParseTemplate Behavior ::run [ RunTime:0.007730s ]
INFO: [ view_parse ] --END-- [ RunTime:0.007790s ]
INFO: [ view_filter ] --START--
INFO: ContentReplace Behavior ::run [ RunTime:0.000572s ]
INFO: TokenBuild Behavior ::run [ RunTime:0.000439s ]
INFO: WriteHtmlCache Behavior ::run [ RunTime:0.000408s ]
INFO: ShowRuntime Behavior ::run [ RunTime:0.000472s ]
INFO: [ view_filter ] --END-- [ RunTime:0.002002s ]
INFO: [ view_end ] --START--
INFO: ShowPageTrace Behavior ::run [ RunTime:0.000540s ]
INFO: [ view_end ] --END-- [ RunTime:0.000575s ]

[ 2014-02-18T19:24:07+08:00 ] 127.0.0.1 /hlpw/?m=activeNumber
INFO: [ app_begin ] --START--
INFO: ReadHtmlCache Behavior ::run [ RunTime:0.000513s ]
INFO: [ app_begin ] --END-- [ RunTime:0.000572s ]
SQL: SHOW COLUMNS FROM `activenumber` [ RunTime:0.008321s ]
SQL: SELECT COUNT(*) AS tp_count FROM `activenumber` LIMIT 1   [ RunTime:0.000230s ]
SQL: SHOW COLUMNS FROM `place` [ RunTime:0.005874s ]
SQL: SELECT `placename` FROM `place` WHERE ( available=1 )  [ RunTime:0.000213s ]
SQL: SHOW COLUMNS FROM `activenumber` [ RunTime:0.006073s ]
SQL: SELECT `createdate` FROM `activenumber` LIMIT 20   [ RunTime:0.000216s ]
NOTIC: [2] array_slice() expects parameter 1 to be array, string given C:\wamp\www\hlpw\Lib\Action\activeNumberAction.class.php 第 18 行.
NOTIC: [2] array_slice() expects parameter 1 to be array, string given C:\wamp\www\hlpw\Lib\Action\activeNumberAction.class.php 第 18 行.
NOTIC: [2] array_slice() expects parameter 1 to be array, string given C:\wamp\www\hlpw\Lib\Action\activeNumberAction.class.php 第 18 行.
NOTIC: [2] array_slice() expects parameter 1 to be array, string given C:\wamp\www\hlpw\Lib\Action\activeNumberAction.class.php 第 18 行.
NOTIC: [2] array_slice() expects parameter 1 to be array, string given C:\wamp\www\hlpw\Lib\Action\activeNumberAction.class.php 第 18 行.
NOTIC: [2] array_slice() expects parameter 1 to be array, string given C:\wamp\www\hlpw\Lib\Action\activeNumberAction.class.php 第 18 行.
NOTIC: [2] array_slice() expects parameter 1 to be array, string given C:\wamp\www\hlpw\Lib\Action\activeNumberAction.class.php 第 18 行.
NOTIC: [2] array_slice() expects parameter 1 to be array, string given C:\wamp\www\hlpw\Lib\Action\activeNumberAction.class.php 第 18 行.
NOTIC: [2] array_slice() expects parameter 1 to be array, string given C:\wamp\www\hlpw\Lib\Action\activeNumberAction.class.php 第 18 行.
NOTIC: [2] array_slice() expects parameter 1 to be array, string given C:\wamp\www\hlpw\Lib\Action\activeNumberAction.class.php 第 18 行.
NOTIC: [2] array_slice() expects parameter 1 to be array, string given C:\wamp\www\hlpw\Lib\Action\activeNumberAction.class.php 第 18 行.
NOTIC: [2] array_slice() expects parameter 1 to be array, string given C:\wamp\www\hlpw\Lib\Action\activeNumberAction.class.php 第 18 行.
NOTIC: [2] array_slice() expects parameter 1 to be array, string given C:\wamp\www\hlpw\Lib\Action\activeNumberAction.class.php 第 18 行.
NOTIC: [2] array_slice() expects parameter 1 to be array, string given C:\wamp\www\hlpw\Lib\Action\activeNumberAction.class.php 第 18 行.
NOTIC: [2] array_slice() expects parameter 1 to be array, string given C:\wamp\www\hlpw\Lib\Action\activeNumberAction.class.php 第 18 行.
NOTIC: [2] array_slice() expects parameter 1 to be array, string given C:\wamp\www\hlpw\Lib\Action\activeNumberAction.class.php 第 18 行.
NOTIC: [2] array_slice() expects parameter 1 to be array, string given C:\wamp\www\hlpw\Lib\Action\activeNumberAction.class.php 第 18 行.
NOTIC: [2] array_slice() expects parameter 1 to be array, string given C:\wamp\www\hlpw\Lib\Action\activeNumberAction.class.php 第 18 行.
NOTIC: [2] array_slice() expects parameter 1 to be array, string given C:\wamp\www\hlpw\Lib\Action\activeNumberAction.class.php 第 18 行.
NOTIC: [2] array_slice() expects parameter 1 to be array, string given C:\wamp\www\hlpw\Lib\Action\activeNumberAction.class.php 第 18 行.
INFO: [ view_parse ] --START--
NOTIC: [8] Undefined variable: createdate C:\wamp\www\hlpw\Runtime\Cache\e5247a4800c480c195a683c5c8243f69.php 第 74 行.
INFO: ParseTemplate Behavior ::run [ RunTime:0.007858s ]
INFO: [ view_parse ] --END-- [ RunTime:0.007929s ]
INFO: [ view_filter ] --START--
INFO: ContentReplace Behavior ::run [ RunTime:0.000479s ]
INFO: TokenBuild Behavior ::run [ RunTime:0.000460s ]
INFO: WriteHtmlCache Behavior ::run [ RunTime:0.000363s ]
INFO: ShowRuntime Behavior ::run [ RunTime:0.000465s ]
INFO: [ view_filter ] --END-- [ RunTime:0.001911s ]
INFO: [ view_end ] --START--
INFO: ShowPageTrace Behavior ::run [ RunTime:0.000538s ]
INFO: [ view_end ] --END-- [ RunTime:0.000573s ]

[ 2014-02-18T19:24:29+08:00 ] 127.0.0.1 /hlpw/?m=activeNumber
INFO: [ app_begin ] --START--
INFO: ReadHtmlCache Behavior ::run [ RunTime:0.000557s ]
INFO: [ app_begin ] --END-- [ RunTime:0.000608s ]
SQL: SHOW COLUMNS FROM `activenumber` [ RunTime:0.008232s ]
SQL: SELECT COUNT(*) AS tp_count FROM `activenumber` LIMIT 1   [ RunTime:0.000279s ]
SQL: SHOW COLUMNS FROM `place` [ RunTime:0.006018s ]
SQL: SELECT `placename` FROM `place` WHERE ( available=1 )  [ RunTime:0.000194s ]
SQL: SHOW COLUMNS FROM `activenumber` [ RunTime:0.005837s ]
SQL: SELECT `createdate` FROM `activenumber` LIMIT 20   [ RunTime:0.000223s ]
NOTIC: [2] array_slice() expects parameter 1 to be array, string given C:\wamp\www\hlpw\Lib\Action\activeNumberAction.class.php 第 19 行.
NOTIC: [2] array_slice() expects parameter 1 to be array, string given C:\wamp\www\hlpw\Lib\Action\activeNumberAction.class.php 第 19 行.
NOTIC: [2] array_slice() expects parameter 1 to be array, string given C:\wamp\www\hlpw\Lib\Action\activeNumberAction.class.php 第 19 行.
NOTIC: [2] array_slice() expects parameter 1 to be array, string given C:\wamp\www\hlpw\Lib\Action\activeNumberAction.class.php 第 19 行.
NOTIC: [2] array_slice() expects parameter 1 to be array, string given C:\wamp\www\hlpw\Lib\Action\activeNumberAction.class.php 第 19 行.
NOTIC: [2] array_slice() expects parameter 1 to be array, string given C:\wamp\www\hlpw\Lib\Action\activeNumberAction.class.php 第 19 行.
NOTIC: [2] array_slice() expects parameter 1 to be array, string given C:\wamp\www\hlpw\Lib\Action\activeNumberAction.class.php 第 19 行.
NOTIC: [2] array_slice() expects parameter 1 to be array, string given C:\wamp\www\hlpw\Lib\Action\activeNumberAction.class.php 第 19 行.
NOTIC: [2] array_slice() expects parameter 1 to be array, string given C:\wamp\www\hlpw\Lib\Action\activeNumberAction.class.php 第 19 行.
NOTIC: [2] array_slice() expects parameter 1 to be array, string given C:\wamp\www\hlpw\Lib\Action\activeNumberAction.class.php 第 19 行.
NOTIC: [2] array_slice() expects parameter 1 to be array, string given C:\wamp\www\hlpw\Lib\Action\activeNumberAction.class.php 第 19 行.
NOTIC: [2] array_slice() expects parameter 1 to be array, string given C:\wamp\www\hlpw\Lib\Action\activeNumberAction.class.php 第 19 行.
NOTIC: [2] array_slice() expects parameter 1 to be array, string given C:\wamp\www\hlpw\Lib\Action\activeNumberAction.class.php 第 19 行.
NOTIC: [2] array_slice() expects parameter 1 to be array, string given C:\wamp\www\hlpw\Lib\Action\activeNumberAction.class.php 第 19 行.
NOTIC: [2] array_slice() expects parameter 1 to be array, string given C:\wamp\www\hlpw\Lib\Action\activeNumberAction.class.php 第 19 行.
NOTIC: [2] array_slice() expects parameter 1 to be array, string given C:\wamp\www\hlpw\Lib\Action\activeNumberAction.class.php 第 19 行.
NOTIC: [2] array_slice() expects parameter 1 to be array, string given C:\wamp\www\hlpw\Lib\Action\activeNumberAction.class.php 第 19 行.
NOTIC: [2] array_slice() expects parameter 1 to be array, string given C:\wamp\www\hlpw\Lib\Action\activeNumberAction.class.php 第 19 行.
NOTIC: [2] array_slice() expects parameter 1 to be array, string given C:\wamp\www\hlpw\Lib\Action\activeNumberAction.class.php 第 19 行.
NOTIC: [2] array_slice() expects parameter 1 to be array, string given C:\wamp\www\hlpw\Lib\Action\activeNumberAction.class.php 第 19 行.
INFO: [ view_parse ] --START--
NOTIC: [8] Undefined variable: createdate C:\wamp\www\hlpw\Runtime\Cache\e5247a4800c480c195a683c5c8243f69.php 第 74 行.
INFO: ParseTemplate Behavior ::run [ RunTime:0.008195s ]
INFO: [ view_parse ] --END-- [ RunTime:0.008239s ]
INFO: [ view_filter ] --START--
INFO: ContentReplace Behavior ::run [ RunTime:0.000491s ]
INFO: TokenBuild Behavior ::run [ RunTime:0.000425s ]
INFO: WriteHtmlCache Behavior ::run [ RunTime:0.000370s ]
INFO: ShowRuntime Behavior ::run [ RunTime:0.000475s ]
INFO: [ view_filter ] --END-- [ RunTime:0.001862s ]
INFO: [ view_end ] --START--
INFO: ShowPageTrace Behavior ::run [ RunTime:0.000550s ]
INFO: [ view_end ] --END-- [ RunTime:0.000585s ]

[ 2014-02-18T19:24:43+08:00 ] 127.0.0.1 /hlpw/?m=activeNumber
INFO: [ app_begin ] --START--
INFO: ReadHtmlCache Behavior ::run [ RunTime:0.000527s ]
INFO: [ app_begin ] --END-- [ RunTime:0.000586s ]

[ 2014-02-18T19:25:01+08:00 ] 127.0.0.1 /hlpw/?m=activeNumber
INFO: [ app_begin ] --START--
INFO: ReadHtmlCache Behavior ::run [ RunTime:0.000545s ]
INFO: [ app_begin ] --END-- [ RunTime:0.000609s ]
SQL: SHOW COLUMNS FROM `activenumber` [ RunTime:0.007774s ]
SQL: SELECT COUNT(*) AS tp_count FROM `activenumber` LIMIT 1   [ RunTime:0.000298s ]
SQL: SHOW COLUMNS FROM `place` [ RunTime:0.006524s ]
SQL: SELECT `placename` FROM `place` WHERE ( available=1 )  [ RunTime:0.000209s ]
SQL: SHOW COLUMNS FROM `activenumber` [ RunTime:0.005612s ]
SQL: SELECT `createdate` FROM `activenumber` LIMIT 20   [ RunTime:0.000189s ]
NOTIC: [2] array_slice() expects parameter 1 to be array, string given C:\wamp\www\hlpw\Lib\Action\activeNumberAction.class.php 第 18 行.
NOTIC: [2] array_slice() expects parameter 1 to be array, string given C:\wamp\www\hlpw\Lib\Action\activeNumberAction.class.php 第 19 行.
NOTIC: [2] array_slice() expects parameter 1 to be array, string given C:\wamp\www\hlpw\Lib\Action\activeNumberAction.class.php 第 18 行.
NOTIC: [2] array_slice() expects parameter 1 to be array, string given C:\wamp\www\hlpw\Lib\Action\activeNumberAction.class.php 第 19 行.
NOTIC: [2] array_slice() expects parameter 1 to be array, string given C:\wamp\www\hlpw\Lib\Action\activeNumberAction.class.php 第 18 行.
NOTIC: [2] array_slice() expects parameter 1 to be array, string given C:\wamp\www\hlpw\Lib\Action\activeNumberAction.class.php 第 19 行.
NOTIC: [2] array_slice() expects parameter 1 to be array, string given C:\wamp\www\hlpw\Lib\Action\activeNumberAction.class.php 第 18 行.
NOTIC: [2] array_slice() expects parameter 1 to be array, string given C:\wamp\www\hlpw\Lib\Action\activeNumberAction.class.php 第 19 行.
NOTIC: [2] array_slice() expects parameter 1 to be array, string given C:\wamp\www\hlpw\Lib\Action\activeNumberAction.class.php 第 18 行.
NOTIC: [2] array_slice() expects parameter 1 to be array, string given C:\wamp\www\hlpw\Lib\Action\activeNumberAction.class.php 第 19 行.
NOTIC: [2] array_slice() expects parameter 1 to be array, string given C:\wamp\www\hlpw\Lib\Action\activeNumberAction.class.php 第 18 行.
NOTIC: [2] array_slice() expects parameter 1 to be array, string given C:\wamp\www\hlpw\Lib\Action\activeNumberAction.class.php 第 19 行.
NOTIC: [2] array_slice() expects parameter 1 to be array, string given C:\wamp\www\hlpw\Lib\Action\activeNumberAction.class.php 第 18 行.
NOTIC: [2] array_slice() expects parameter 1 to be array, string given C:\wamp\www\hlpw\Lib\Action\activeNumberAction.class.php 第 19 行.
NOTIC: [2] array_slice() expects parameter 1 to be array, string given C:\wamp\www\hlpw\Lib\Action\activeNumberAction.class.php 第 18 行.
NOTIC: [2] array_slice() expects parameter 1 to be array, string given C:\wamp\www\hlpw\Lib\Action\activeNumberAction.class.php 第 19 行.
NOTIC: [2] array_slice() expects parameter 1 to be array, string given C:\wamp\www\hlpw\Lib\Action\activeNumberAction.class.php 第 18 行.
NOTIC: [2] array_slice() expects parameter 1 to be array, string given C:\wamp\www\hlpw\Lib\Action\activeNumberAction.class.php 第 19 行.
NOTIC: [2] array_slice() expects parameter 1 to be array, string given C:\wamp\www\hlpw\Lib\Action\activeNumberAction.class.php 第 18 行.
NOTIC: [2] array_slice() expects parameter 1 to be array, string given C:\wamp\www\hlpw\Lib\Action\activeNumberAction.class.php 第 19 行.
NOTIC: [2] array_slice() expects parameter 1 to be array, string given C:\wamp\www\hlpw\Lib\Action\activeNumberAction.class.php 第 18 行.
NOTIC: [2] array_slice() expects parameter 1 to be array, string given C:\wamp\www\hlpw\Lib\Action\activeNumberAction.class.php 第 19 行.
NOTIC: [2] array_slice() expects parameter 1 to be array, string given C:\wamp\www\hlpw\Lib\Action\activeNumberAction.class.php 第 18 行.
NOTIC: [2] array_slice() expects parameter 1 to be array, string given C:\wamp\www\hlpw\Lib\Action\activeNumberAction.class.php 第 19 行.
NOTIC: [2] array_slice() expects parameter 1 to be array, string given C:\wamp\www\hlpw\Lib\Action\activeNumberAction.class.php 第 18 行.
NOTIC: [2] array_slice() expects parameter 1 to be array, string given C:\wamp\www\hlpw\Lib\Action\activeNumberAction.class.php 第 19 行.
NOTIC: [2] array_slice() expects parameter 1 to be array, string given C:\wamp\www\hlpw\Lib\Action\activeNumberAction.class.php 第 18 行.
NOTIC: [2] array_slice() expects parameter 1 to be array, string given C:\wamp\www\hlpw\Lib\Action\activeNumberAction.class.php 第 19 行.
NOTIC: [2] array_slice() expects parameter 1 to be array, string given C:\wamp\www\hlpw\Lib\Action\activeNumberAction.class.php 第 18 行.
NOTIC: [2] array_slice() expects parameter 1 to be array, string given C:\wamp\www\hlpw\Lib\Action\activeNumberAction.class.php 第 19 行.
NOTIC: [2] array_slice() expects parameter 1 to be array, string given C:\wamp\www\hlpw\Lib\Action\activeNumberAction.class.php 第 18 行.
NOTIC: [2] array_slice() expects parameter 1 to be array, string given C:\wamp\www\hlpw\Lib\Action\activeNumberAction.class.php 第 19 行.
NOTIC: [2] array_slice() expects parameter 1 to be array, string given C:\wamp\www\hlpw\Lib\Action\activeNumberAction.class.php 第 18 行.
NOTIC: [2] array_slice() expects parameter 1 to be array, string given C:\wamp\www\hlpw\Lib\Action\activeNumberAction.class.php 第 19 行.
NOTIC: [2] array_slice() expects parameter 1 to be array, string given C:\wamp\www\hlpw\Lib\Action\activeNumberAction.class.php 第 18 行.
NOTIC: [2] array_slice() expects parameter 1 to be array, string given C:\wamp\www\hlpw\Lib\Action\activeNumberAction.class.php 第 19 行.
NOTIC: [2] array_slice() expects parameter 1 to be array, string given C:\wamp\www\hlpw\Lib\Action\activeNumberAction.class.php 第 18 行.
NOTIC: [2] array_slice() expects parameter 1 to be array, string given C:\wamp\www\hlpw\Lib\Action\activeNumberAction.class.php 第 19 行.
NOTIC: [2] array_slice() expects parameter 1 to be array, string given C:\wamp\www\hlpw\Lib\Action\activeNumberAction.class.php 第 18 行.
NOTIC: [2] array_slice() expects parameter 1 to be array, string given C:\wamp\www\hlpw\Lib\Action\activeNumberAction.class.php 第 19 行.
INFO: [ view_parse ] --START--
NOTIC: [8] Undefined variable: createdate C:\wamp\www\hlpw\Runtime\Cache\e5247a4800c480c195a683c5c8243f69.php 第 74 行.
INFO: ParseTemplate Behavior ::run [ RunTime:0.007640s ]
INFO: [ view_parse ] --END-- [ RunTime:0.007683s ]
INFO: [ view_filter ] --START--
INFO: ContentReplace Behavior ::run [ RunTime:0.000485s ]
INFO: TokenBuild Behavior ::run [ RunTime:0.000423s ]
INFO: WriteHtmlCache Behavior ::run [ RunTime:0.000363s ]
INFO: ShowRuntime Behavior ::run [ RunTime:0.000464s ]
INFO: [ view_filter ] --END-- [ RunTime:0.001835s ]
INFO: [ view_end ] --START--
INFO: ShowPageTrace Behavior ::run [ RunTime:0.000541s ]
INFO: [ view_end ] --END-- [ RunTime:0.000577s ]

[ 2014-02-18T19:26:29+08:00 ] 127.0.0.1 /hlpw/?m=activeNumber
INFO: [ app_begin ] --START--
INFO: ReadHtmlCache Behavior ::run [ RunTime:0.000613s ]
INFO: [ app_begin ] --END-- [ RunTime:0.000683s ]
SQL: SHOW COLUMNS FROM `activenumber` [ RunTime:0.009034s ]
SQL: SELECT COUNT(*) AS tp_count FROM `activenumber` LIMIT 1   [ RunTime:0.000225s ]
SQL: SHOW COLUMNS FROM `place` [ RunTime:0.020380s ]
SQL: SELECT `placename` FROM `place` WHERE ( available=1 )  [ RunTime:0.000211s ]
SQL: SHOW COLUMNS FROM `activenumber` [ RunTime:0.006037s ]
SQL: SELECT `createdate` FROM `activenumber` LIMIT 20   [ RunTime:0.000243s ]
INFO: [ view_parse ] --START--
NOTIC: [8] Undefined variable: createdate C:\wamp\www\hlpw\Runtime\Cache\e5247a4800c480c195a683c5c8243f69.php 第 74 行.
INFO: ParseTemplate Behavior ::run [ RunTime:0.007561s ]
INFO: [ view_parse ] --END-- [ RunTime:0.007605s ]
INFO: [ view_filter ] --START--
INFO: ContentReplace Behavior ::run [ RunTime:0.000463s ]
INFO: TokenBuild Behavior ::run [ RunTime:0.000418s ]
INFO: WriteHtmlCache Behavior ::run [ RunTime:0.000361s ]
INFO: ShowRuntime Behavior ::run [ RunTime:0.000465s ]
INFO: [ view_filter ] --END-- [ RunTime:0.001808s ]
INFO: [ view_end ] --START--
INFO: ShowPageTrace Behavior ::run [ RunTime:0.000533s ]
INFO: [ view_end ] --END-- [ RunTime:0.000568s ]

[ 2014-02-18T19:26:57+08:00 ] 127.0.0.1 /hlpw/?m=activeNumber
INFO: [ app_begin ] --START--
INFO: ReadHtmlCache Behavior ::run [ RunTime:0.000522s ]
INFO: [ app_begin ] --END-- [ RunTime:0.000577s ]
SQL: SHOW COLUMNS FROM `activenumber` [ RunTime:0.008064s ]
SQL: SELECT COUNT(*) AS tp_count FROM `activenumber` LIMIT 1   [ RunTime:0.000233s ]
SQL: SHOW COLUMNS FROM `place` [ RunTime:0.006358s ]
SQL: SELECT `placename` FROM `place` WHERE ( available=1 )  [ RunTime:0.000193s ]
SQL: SHOW COLUMNS FROM `activenumber` [ RunTime:0.005766s ]
SQL: SELECT `createdate` FROM `activenumber` LIMIT 20   [ RunTime:0.000233s ]
INFO: [ view_parse ] --START--
NOTIC: [8] Undefined variable: createdate C:\wamp\www\hlpw\Runtime\Cache\e5247a4800c480c195a683c5c8243f69.php 第 74 行.
INFO: ParseTemplate Behavior ::run [ RunTime:0.007901s ]
INFO: [ view_parse ] --END-- [ RunTime:0.007947s ]
INFO: [ view_filter ] --START--
INFO: ContentReplace Behavior ::run [ RunTime:0.000479s ]
INFO: TokenBuild Behavior ::run [ RunTime:0.000421s ]
INFO: WriteHtmlCache Behavior ::run [ RunTime:0.000359s ]
INFO: ShowRuntime Behavior ::run [ RunTime:0.000463s ]
INFO: [ view_filter ] --END-- [ RunTime:0.001825s ]
INFO: [ view_end ] --START--
INFO: ShowPageTrace Behavior ::run [ RunTime:0.000538s ]
INFO: [ view_end ] --END-- [ RunTime:0.000573s ]

[ 2014-02-18T19:27:20+08:00 ] 127.0.0.1 /hlpw/?m=activeNumber
INFO: [ app_begin ] --START--
INFO: ReadHtmlCache Behavior ::run [ RunTime:0.000520s ]
INFO: [ app_begin ] --END-- [ RunTime:0.000575s ]

[ 2014-02-18T19:27:28+08:00 ] 127.0.0.1 /hlpw/?m=activeNumber
INFO: [ app_begin ] --START--
INFO: ReadHtmlCache Behavior ::run [ RunTime:0.000554s ]
INFO: [ app_begin ] --END-- [ RunTime:0.000609s ]
SQL: SHOW COLUMNS FROM `activenumber` [ RunTime:0.008083s ]
SQL: SELECT COUNT(*) AS tp_count FROM `activenumber` LIMIT 1   [ RunTime:0.000293s ]
SQL: SHOW COLUMNS FROM `place` [ RunTime:0.006544s ]
SQL: SELECT `placename` FROM `place` WHERE ( available=1 )  [ RunTime:0.000200s ]
SQL: SHOW COLUMNS FROM `activenumber` [ RunTime:0.005980s ]
SQL: SELECT `createdate` FROM `activenumber` LIMIT 20   [ RunTime:0.000211s ]
INFO: [ view_parse ] --START--
NOTIC: [8] Undefined variable: createdate C:\wamp\www\hlpw\Runtime\Cache\e5247a4800c480c195a683c5c8243f69.php 第 74 行.
INFO: ParseTemplate Behavior ::run [ RunTime:0.008088s ]
INFO: [ view_parse ] --END-- [ RunTime:0.008154s ]
INFO: [ view_filter ] --START--
INFO: ContentReplace Behavior ::run [ RunTime:0.000489s ]
INFO: TokenBuild Behavior ::run [ RunTime:0.000436s ]
INFO: WriteHtmlCache Behavior ::run [ RunTime:0.000359s ]
INFO: ShowRuntime Behavior ::run [ RunTime:0.000465s ]
INFO: [ view_filter ] --END-- [ RunTime:0.001850s ]
INFO: [ view_end ] --START--
INFO: ShowPageTrace Behavior ::run [ RunTime:0.000544s ]
INFO: [ view_end ] --END-- [ RunTime:0.000579s ]

[ 2014-02-18T19:45:44+08:00 ] 127.0.0.1 /hlpw/?m=activeNumber
INFO: [ app_begin ] --START--
INFO: ReadHtmlCache Behavior ::run [ RunTime:0.000600s ]
INFO: [ app_begin ] --END-- [ RunTime:0.000648s ]
SQL: SHOW COLUMNS FROM `activenumber` [ RunTime:0.009070s ]
SQL: SELECT COUNT(*) AS tp_count FROM `activenumber` LIMIT 1   [ RunTime:0.000293s ]
SQL: SHOW COLUMNS FROM `place` [ RunTime:0.007176s ]
SQL: SELECT `placename` FROM `place` WHERE ( available=1 )  [ RunTime:0.000200s ]
SQL: SHOW COLUMNS FROM `activenumber` [ RunTime:0.006918s ]
SQL: SELECT `createdate` FROM `activenumber` LIMIT 20   [ RunTime:0.000224s ]
INFO: [ view_parse ] --START--
NOTIC: [8] Undefined variable: createdate C:\wamp\www\hlpw\Runtime\Cache\e5247a4800c480c195a683c5c8243f69.php 第 74 行.
INFO: ParseTemplate Behavior ::run [ RunTime:0.015061s ]
INFO: [ view_parse ] --END-- [ RunTime:0.015114s ]
INFO: [ view_filter ] --START--
INFO: ContentReplace Behavior ::run [ RunTime:0.000526s ]
INFO: TokenBuild Behavior ::run [ RunTime:0.000451s ]
INFO: WriteHtmlCache Behavior ::run [ RunTime:0.000371s ]
INFO: ShowRuntime Behavior ::run [ RunTime:0.000531s ]
INFO: [ view_filter ] --END-- [ RunTime:0.001985s ]
INFO: [ view_end ] --START--
INFO: ShowPageTrace Behavior ::run [ RunTime:0.000562s ]
INFO: [ view_end ] --END-- [ RunTime:0.000597s ]

[ 2014-02-18T19:46:11+08:00 ] 127.0.0.1 /hlpw/?m=activeNumber
INFO: [ app_begin ] --START--
INFO: ReadHtmlCache Behavior ::run [ RunTime:0.000537s ]
INFO: [ app_begin ] --END-- [ RunTime:0.000589s ]
SQL: SHOW COLUMNS FROM `activenumber` [ RunTime:0.007845s ]
SQL: SELECT COUNT(*) AS tp_count FROM `activenumber` LIMIT 1   [ RunTime:0.014082s ]
SQL: SHOW COLUMNS FROM `place` [ RunTime:0.006228s ]
SQL: SELECT `placename` FROM `place` WHERE ( available=1 )  [ RunTime:0.000185s ]
SQL: SHOW COLUMNS FROM `activenumber` [ RunTime:0.005923s ]
SQL: SELECT `createdate` FROM `activenumber` LIMIT 20   [ RunTime:0.000209s ]
INFO: [ view_parse ] --START--
NOTIC: [8] Undefined variable: createdate C:\wamp\www\hlpw\Runtime\Cache\e5247a4800c480c195a683c5c8243f69.php 第 74 行.
INFO: ParseTemplate Behavior ::run [ RunTime:0.013459s ]
INFO: [ view_parse ] --END-- [ RunTime:0.013505s ]
INFO: [ view_filter ] --START--
INFO: ContentReplace Behavior ::run [ RunTime:0.000475s ]
INFO: TokenBuild Behavior ::run [ RunTime:0.000442s ]
INFO: WriteHtmlCache Behavior ::run [ RunTime:0.000368s ]
INFO: ShowRuntime Behavior ::run [ RunTime:0.000477s ]
INFO: [ view_filter ] --END-- [ RunTime:0.001865s ]
INFO: [ view_end ] --START--
INFO: ShowPageTrace Behavior ::run [ RunTime:0.000548s ]
INFO: [ view_end ] --END-- [ RunTime:0.000584s ]

[ 2014-02-18T19:46:19+08:00 ] 127.0.0.1 /hlpw/?m=activeNumber
INFO: [ app_begin ] --START--
INFO: ReadHtmlCache Behavior ::run [ RunTime:0.000505s ]
INFO: [ app_begin ] --END-- [ RunTime:0.000555s ]
SQL: SHOW COLUMNS FROM `activenumber` [ RunTime:0.008312s ]
SQL: SELECT COUNT(*) AS tp_count FROM `activenumber` LIMIT 1   [ RunTime:0.000243s ]
SQL: SHOW COLUMNS FROM `place` [ RunTime:0.005846s ]
SQL: SELECT `placename` FROM `place` WHERE ( available=1 )  [ RunTime:0.000160s ]
SQL: SHOW COLUMNS FROM `activenumber` [ RunTime:0.005736s ]
SQL: SELECT `createdate` FROM `activenumber` LIMIT 20   [ RunTime:0.000173s ]
INFO: [ view_parse ] --START--
NOTIC: [8] Undefined variable: createdate C:\wamp\www\hlpw\Runtime\Cache\e5247a4800c480c195a683c5c8243f69.php 第 74 行.
INFO: ParseTemplate Behavior ::run [ RunTime:0.012973s ]
INFO: [ view_parse ] --END-- [ RunTime:0.013022s ]
INFO: [ view_filter ] --START--
INFO: ContentReplace Behavior ::run [ RunTime:0.000483s ]
INFO: TokenBuild Behavior ::run [ RunTime:0.000424s ]
INFO: WriteHtmlCache Behavior ::run [ RunTime:0.000360s ]
INFO: ShowRuntime Behavior ::run [ RunTime:0.000465s ]
INFO: [ view_filter ] --END-- [ RunTime:0.001839s ]
INFO: [ view_end ] --START--
INFO: ShowPageTrace Behavior ::run [ RunTime:0.000567s ]
INFO: [ view_end ] --END-- [ RunTime:0.000616s ]

[ 2014-02-18T19:46:57+08:00 ] 127.0.0.1 /hlpw/?m=activeNumber
INFO: [ app_begin ] --START--
INFO: ReadHtmlCache Behavior ::run [ RunTime:0.000527s ]
INFO: [ app_begin ] --END-- [ RunTime:0.000586s ]
SQL: SHOW COLUMNS FROM `activenumber` [ RunTime:0.008031s ]
SQL: SELECT COUNT(*) AS tp_count FROM `activenumber` LIMIT 1   [ RunTime:0.000250s ]
SQL: SHOW COLUMNS FROM `place` [ RunTime:0.006123s ]
SQL: SELECT `placename` FROM `place` WHERE ( available=1 )  [ RunTime:0.000235s ]
SQL: SHOW COLUMNS FROM `activenumber` [ RunTime:0.006071s ]
SQL: SELECT `createdate` FROM `activenumber` LIMIT 20   [ RunTime:0.000213s ]
INFO: [ view_parse ] --START--
NOTIC: [2] Illegal string offset 'createdate' C:\wamp\www\hlpw\Runtime\Cache\e5247a4800c480c195a683c5c8243f69.php 第 74 行.
NOTIC: [2] Illegal string offset 'createdate' C:\wamp\www\hlpw\Runtime\Cache\e5247a4800c480c195a683c5c8243f69.php 第 74 行.
INFO: ParseTemplate Behavior ::run [ RunTime:0.008043s ]
INFO: [ view_parse ] --END-- [ RunTime:0.008089s ]
INFO: [ view_filter ] --START--
INFO: ContentReplace Behavior ::run [ RunTime:0.000473s ]
INFO: TokenBuild Behavior ::run [ RunTime:0.000415s ]
INFO: WriteHtmlCache Behavior ::run [ RunTime:0.000358s ]
INFO: ShowRuntime Behavior ::run [ RunTime:0.000463s ]
INFO: [ view_filter ] --END-- [ RunTime:0.001813s ]
INFO: [ view_end ] --START--
INFO: ShowPageTrace Behavior ::run [ RunTime:0.000536s ]
INFO: [ view_end ] --END-- [ RunTime:0.000572s ]

[ 2014-02-18T19:47:10+08:00 ] 127.0.0.1 /hlpw/?m=activeNumber
INFO: [ app_begin ] --START--
INFO: ReadHtmlCache Behavior ::run [ RunTime:0.000504s ]
INFO: [ app_begin ] --END-- [ RunTime:0.000554s ]
SQL: SHOW COLUMNS FROM `activenumber` [ RunTime:0.013783s ]
SQL: SELECT COUNT(*) AS tp_count FROM `activenumber` LIMIT 1   [ RunTime:0.000218s ]
SQL: SHOW COLUMNS FROM `place` [ RunTime:0.006202s ]
SQL: SELECT `placename` FROM `place` WHERE ( available=1 )  [ RunTime:0.000216s ]
SQL: SHOW COLUMNS FROM `activenumber` [ RunTime:0.005983s ]
SQL: SELECT `createdate` FROM `activenumber` LIMIT 20   [ RunTime:0.000192s ]
INFO: [ view_parse ] --START--
INFO: ParseTemplate Behavior ::run [ RunTime:0.013181s ]
INFO: [ view_parse ] --END-- [ RunTime:0.013243s ]
INFO: [ view_filter ] --START--
INFO: ContentReplace Behavior ::run [ RunTime:0.000605s ]
INFO: TokenBuild Behavior ::run [ RunTime:0.000429s ]
INFO: WriteHtmlCache Behavior ::run [ RunTime:0.000383s ]
INFO: ShowRuntime Behavior ::run [ RunTime:0.000470s ]
INFO: [ view_filter ] --END-- [ RunTime:0.001993s ]
INFO: [ view_end ] --START--
INFO: ShowPageTrace Behavior ::run [ RunTime:0.000544s ]
INFO: [ view_end ] --END-- [ RunTime:0.000580s ]

[ 2014-02-18T19:47:51+08:00 ] 127.0.0.1 /hlpw/?m=activeNumber
INFO: [ app_begin ] --START--
INFO: ReadHtmlCache Behavior ::run [ RunTime:0.000549s ]
INFO: [ app_begin ] --END-- [ RunTime:0.000601s ]
SQL: SHOW COLUMNS FROM `activenumber` [ RunTime:0.008150s ]
SQL: SELECT COUNT(*) AS tp_count FROM `activenumber` LIMIT 1   [ RunTime:0.000231s ]
SQL: SHOW COLUMNS FROM `place` [ RunTime:0.006407s ]
SQL: SELECT `placename` FROM `place` WHERE ( available=1 )  [ RunTime:0.017623s ]
SQL: SHOW COLUMNS FROM `activenumber` [ RunTime:0.006062s ]
SQL: SELECT `createdate` FROM `activenumber` LIMIT 20   [ RunTime:0.000194s ]
INFO: [ view_parse ] --START--
INFO: ParseTemplate Behavior ::run [ RunTime:0.032333s ]
INFO: [ view_parse ] --END-- [ RunTime:0.032402s ]
INFO: [ view_filter ] --START--
INFO: ContentReplace Behavior ::run [ RunTime:0.000555s ]
INFO: TokenBuild Behavior ::run [ RunTime:0.000463s ]
INFO: WriteHtmlCache Behavior ::run [ RunTime:0.000368s ]
INFO: ShowRuntime Behavior ::run [ RunTime:0.000468s ]
INFO: [ view_filter ] --END-- [ RunTime:0.001968s ]
INFO: [ view_end ] --START--
INFO: ShowPageTrace Behavior ::run [ RunTime:0.000601s ]
INFO: [ view_end ] --END-- [ RunTime:0.000638s ]

[ 2014-02-18T19:47:55+08:00 ] 127.0.0.1 /hlpw/?m=activeNumber
INFO: [ app_begin ] --START--
INFO: ReadHtmlCache Behavior ::run [ RunTime:0.000520s ]
INFO: [ app_begin ] --END-- [ RunTime:0.000570s ]
SQL: SHOW COLUMNS FROM `activenumber` [ RunTime:0.008155s ]
SQL: SELECT COUNT(*) AS tp_count FROM `activenumber` LIMIT 1   [ RunTime:0.000250s ]
SQL: SHOW COLUMNS FROM `place` [ RunTime:0.006328s ]
SQL: SELECT `placename` FROM `place` WHERE ( available=1 )  [ RunTime:0.000181s ]
SQL: SHOW COLUMNS FROM `activenumber` [ RunTime:0.006117s ]
SQL: SELECT `createdate` FROM `activenumber` LIMIT 20   [ RunTime:0.000206s ]
INFO: [ view_parse ] --START--
INFO: ParseTemplate Behavior ::run [ RunTime:0.007667s ]
INFO: [ view_parse ] --END-- [ RunTime:0.007723s ]
INFO: [ view_filter ] --START--
INFO: ContentReplace Behavior ::run [ RunTime:0.000475s ]
INFO: TokenBuild Behavior ::run [ RunTime:0.000432s ]
INFO: WriteHtmlCache Behavior ::run [ RunTime:0.000366s ]
INFO: ShowRuntime Behavior ::run [ RunTime:0.000597s ]
INFO: [ view_filter ] --END-- [ RunTime:0.001979s ]
INFO: [ view_end ] --START--
INFO: ShowPageTrace Behavior ::run [ RunTime:0.000554s ]
INFO: [ view_end ] --END-- [ RunTime:0.000589s ]

[ 2014-02-18T19:48:27+08:00 ] 127.0.0.1 /hlpw/?m=activeNumber
INFO: [ app_begin ] --START--
INFO: ReadHtmlCache Behavior ::run [ RunTime:0.000510s ]
INFO: [ app_begin ] --END-- [ RunTime:0.000559s ]
SQL: SHOW COLUMNS FROM `activenumber` [ RunTime:0.008028s ]
SQL: SELECT COUNT(*) AS tp_count FROM `activenumber` LIMIT 1   [ RunTime:0.000245s ]
SQL: SHOW COLUMNS FROM `place` [ RunTime:0.006381s ]
SQL: SELECT `placename` FROM `place` WHERE ( available=1 )  [ RunTime:0.000211s ]
SQL: SHOW COLUMNS FROM `activenumber` [ RunTime:0.005982s ]
SQL: SELECT `createdate` FROM `activenumber` LIMIT 20   [ RunTime:0.000174s ]
INFO: [ view_parse ] --START--
INFO: ParseTemplate Behavior ::run [ RunTime:0.012860s ]
INFO: [ view_parse ] --END-- [ RunTime:0.012930s ]
INFO: [ view_filter ] --START--
INFO: ContentReplace Behavior ::run [ RunTime:0.000478s ]
INFO: TokenBuild Behavior ::run [ RunTime:0.000427s ]
INFO: WriteHtmlCache Behavior ::run [ RunTime:0.000364s ]
INFO: ShowRuntime Behavior ::run [ RunTime:0.000469s ]
INFO: [ view_filter ] --END-- [ RunTime:0.001841s ]
INFO: [ view_end ] --START--
INFO: ShowPageTrace Behavior ::run [ RunTime:0.000538s ]
INFO: [ view_end ] --END-- [ RunTime:0.000573s ]

[ 2014-02-18T19:48:37+08:00 ] 127.0.0.1 /hlpw/?m=activeNumber
INFO: [ app_begin ] --START--
INFO: ReadHtmlCache Behavior ::run [ RunTime:0.000525s ]
INFO: [ app_begin ] --END-- [ RunTime:0.000577s ]
SQL: SHOW COLUMNS FROM `activenumber` [ RunTime:0.008363s ]
SQL: SELECT COUNT(*) AS tp_count FROM `activenumber` LIMIT 1   [ RunTime:0.000216s ]
SQL: SHOW COLUMNS FROM `place` [ RunTime:0.015641s ]
SQL: SELECT `placename` FROM `place` WHERE ( available=1 )  [ RunTime:0.000197s ]
SQL: SHOW COLUMNS FROM `activenumber` [ RunTime:0.006019s ]
SQL: SELECT `createdate` FROM `activenumber` LIMIT 20   [ RunTime:0.000189s ]
INFO: [ view_parse ] --START--
INFO: ParseTemplate Behavior ::run [ RunTime:0.012968s ]
INFO: [ view_parse ] --END-- [ RunTime:0.013028s ]
INFO: [ view_filter ] --START--
INFO: ContentReplace Behavior ::run [ RunTime:0.000467s ]
INFO: TokenBuild Behavior ::run [ RunTime:0.000407s ]
INFO: WriteHtmlCache Behavior ::run [ RunTime:0.000348s ]
INFO: ShowRuntime Behavior ::run [ RunTime:0.000452s ]
INFO: [ view_filter ] --END-- [ RunTime:0.001779s ]
INFO: [ view_end ] --START--
INFO: ShowPageTrace Behavior ::run [ RunTime:0.000539s ]
INFO: [ view_end ] --END-- [ RunTime:0.000573s ]

[ 2014-02-18T19:48:44+08:00 ] 127.0.0.1 /hlpw/?m=activeNumber
INFO: [ app_begin ] --START--
INFO: ReadHtmlCache Behavior ::run [ RunTime:0.000491s ]
INFO: [ app_begin ] --END-- [ RunTime:0.000536s ]
SQL: SHOW COLUMNS FROM `activenumber` [ RunTime:0.008010s ]
SQL: SELECT COUNT(*) AS tp_count FROM `activenumber` LIMIT 1   [ RunTime:0.000251s ]
SQL: SHOW COLUMNS FROM `place` [ RunTime:0.014654s ]
SQL: SELECT `placename` FROM `place` WHERE ( available=1 )  [ RunTime:0.000203s ]
SQL: SHOW COLUMNS FROM `activenumber` [ RunTime:0.005937s ]
SQL: SELECT `createdate` FROM `activenumber` LIMIT 20   [ RunTime:0.000257s ]
INFO: [ view_parse ] --START--
INFO: ParseTemplate Behavior ::run [ RunTime:0.007585s ]
INFO: [ view_parse ] --END-- [ RunTime:0.007634s ]
INFO: [ view_filter ] --START--
INFO: ContentReplace Behavior ::run [ RunTime:0.000443s ]
INFO: TokenBuild Behavior ::run [ RunTime:0.000416s ]
INFO: WriteHtmlCache Behavior ::run [ RunTime:0.000383s ]
INFO: ShowRuntime Behavior ::run [ RunTime:0.000452s ]
INFO: [ view_filter ] --END-- [ RunTime:0.001814s ]
INFO: [ view_end ] --START--
INFO: ShowPageTrace Behavior ::run [ RunTime:0.000520s ]
INFO: [ view_end ] --END-- [ RunTime:0.000553s ]

[ 2014-02-18T19:48:57+08:00 ] 127.0.0.1 /hlpw/?m=activeNumber
INFO: [ app_begin ] --START--
INFO: ReadHtmlCache Behavior ::run [ RunTime:0.000507s ]
INFO: [ app_begin ] --END-- [ RunTime:0.000556s ]
SQL: SHOW COLUMNS FROM `activenumber` [ RunTime:0.007918s ]
SQL: SELECT COUNT(*) AS tp_count FROM `activenumber` LIMIT 1   [ RunTime:0.000222s ]
SQL: SHOW COLUMNS FROM `place` [ RunTime:0.006315s ]
SQL: SELECT `placename` FROM `place` WHERE ( available=1 )  [ RunTime:0.000202s ]
SQL: SHOW COLUMNS FROM `activenumber` [ RunTime:0.005825s ]
SQL: SELECT `createdate` FROM `activenumber` LIMIT 20   [ RunTime:0.000193s ]
INFO: [ view_parse ] --START--
INFO: ParseTemplate Behavior ::run [ RunTime:0.007675s ]
INFO: [ view_parse ] --END-- [ RunTime:0.007733s ]
INFO: [ view_filter ] --START--
INFO: ContentReplace Behavior ::run [ RunTime:0.000473s ]
INFO: TokenBuild Behavior ::run [ RunTime:0.000423s ]
INFO: WriteHtmlCache Behavior ::run [ RunTime:0.000361s ]
INFO: ShowRuntime Behavior ::run [ RunTime:0.000463s ]
INFO: [ view_filter ] --END-- [ RunTime:0.001826s ]
INFO: [ view_end ] --START--
INFO: ShowPageTrace Behavior ::run [ RunTime:0.000540s ]
INFO: [ view_end ] --END-- [ RunTime:0.000575s ]

[ 2014-02-18T19:49:06+08:00 ] 127.0.0.1 /hlpw/?m=activeNumber
INFO: [ app_begin ] --START--
INFO: ReadHtmlCache Behavior ::run [ RunTime:0.000501s ]
INFO: [ app_begin ] --END-- [ RunTime:0.000547s ]
SQL: SHOW COLUMNS FROM `activenumber` [ RunTime:0.008584s ]
SQL: SELECT COUNT(*) AS tp_count FROM `activenumber` LIMIT 1   [ RunTime:0.000222s ]
SQL: SHOW COLUMNS FROM `place` [ RunTime:0.006409s ]
SQL: SELECT `placename` FROM `place` WHERE ( available=1 )  [ RunTime:0.000221s ]
SQL: SHOW COLUMNS FROM `activenumber` [ RunTime:0.005928s ]
SQL: SELECT `createdate` FROM `activenumber` LIMIT 20   [ RunTime:0.000211s ]
INFO: [ view_parse ] --START--
INFO: ParseTemplate Behavior ::run [ RunTime:0.007578s ]
INFO: [ view_parse ] --END-- [ RunTime:0.007625s ]
INFO: [ view_filter ] --START--
INFO: ContentReplace Behavior ::run [ RunTime:0.000462s ]
INFO: TokenBuild Behavior ::run [ RunTime:0.000523s ]
INFO: WriteHtmlCache Behavior ::run [ RunTime:0.000363s ]
INFO: ShowRuntime Behavior ::run [ RunTime:0.000446s ]
INFO: [ view_filter ] --END-- [ RunTime:0.001895s ]
INFO: [ view_end ] --START--
INFO: ShowPageTrace Behavior ::run [ RunTime:0.000558s ]
INFO: [ view_end ] --END-- [ RunTime:0.000593s ]

[ 2014-02-18T19:49:16+08:00 ] 127.0.0.1 /hlpw/?m=activeNumber
INFO: [ app_begin ] --START--
INFO: ReadHtmlCache Behavior ::run [ RunTime:0.000508s ]
INFO: [ app_begin ] --END-- [ RunTime:0.000564s ]
SQL: SHOW COLUMNS FROM `activenumber` [ RunTime:0.007892s ]
SQL: SELECT COUNT(*) AS tp_count FROM `activenumber` LIMIT 1   [ RunTime:0.000216s ]
SQL: SHOW COLUMNS FROM `place` [ RunTime:0.006183s ]
SQL: SELECT `placename` FROM `place` WHERE ( available=1 )  [ RunTime:0.000199s ]
SQL: SHOW COLUMNS FROM `activenumber` [ RunTime:0.005969s ]
SQL: SELECT `createdate` FROM `activenumber` LIMIT 20   [ RunTime:0.000193s ]
INFO: [ view_parse ] --START--
INFO: ParseTemplate Behavior ::run [ RunTime:0.007890s ]
INFO: [ view_parse ] --END-- [ RunTime:0.007949s ]
INFO: [ view_filter ] --START--
INFO: ContentReplace Behavior ::run [ RunTime:0.000445s ]
INFO: TokenBuild Behavior ::run [ RunTime:0.000420s ]
INFO: WriteHtmlCache Behavior ::run [ RunTime:0.000363s ]
INFO: ShowRuntime Behavior ::run [ RunTime:0.000466s ]
INFO: [ view_filter ] --END-- [ RunTime:0.001797s ]
INFO: [ view_end ] --START--
INFO: ShowPageTrace Behavior ::run [ RunTime:0.000538s ]
INFO: [ view_end ] --END-- [ RunTime:0.000574s ]

[ 2014-02-18T19:49:26+08:00 ] 127.0.0.1 /hlpw/?m=activeNumber
INFO: [ app_begin ] --START--
INFO: ReadHtmlCache Behavior ::run [ RunTime:0.000503s ]
INFO: [ app_begin ] --END-- [ RunTime:0.000567s ]
SQL: SHOW COLUMNS FROM `activenumber` [ RunTime:0.008112s ]
SQL: SELECT COUNT(*) AS tp_count FROM `activenumber` LIMIT 1   [ RunTime:0.000252s ]
SQL: SHOW COLUMNS FROM `place` [ RunTime:0.006053s ]
SQL: SELECT `placename` FROM `place` WHERE ( available=1 )  [ RunTime:0.000221s ]
SQL: SHOW COLUMNS FROM `activenumber` [ RunTime:0.005980s ]
SQL: SELECT `createdate` FROM `activenumber` LIMIT 20   [ RunTime:0.000210s ]
INFO: [ view_parse ] --START--
INFO: ParseTemplate Behavior ::run [ RunTime:0.007645s ]
INFO: [ view_parse ] --END-- [ RunTime:0.007706s ]
INFO: [ view_filter ] --START--
INFO: ContentReplace Behavior ::run [ RunTime:0.000541s ]
INFO: TokenBuild Behavior ::run [ RunTime:0.000402s ]
INFO: WriteHtmlCache Behavior ::run [ RunTime:0.000360s ]
INFO: ShowRuntime Behavior ::run [ RunTime:0.000458s ]
INFO: [ view_filter ] --END-- [ RunTime:0.001865s ]
INFO: [ view_end ] --START--
INFO: ShowPageTrace Behavior ::run [ RunTime:0.000533s ]
INFO: [ view_end ] --END-- [ RunTime:0.000567s ]

