[ 2014-03-09T18:47:56+08:00 ] 127.0.0.1 /hlpw/?m=User
INFO: [ app_begin ] --START--
INFO: ReadHtmlCache Behavior ::run [ RunTime:0.003410s ]
INFO: [ app_begin ] --END-- [ RunTime:0.003487s ]
INFO: [ view_parse ] --START--
INFO: ParseTemplate Behavior ::run [ RunTime:0.083338s ]
INFO: [ view_parse ] --END-- [ RunTime:0.083402s ]
INFO: [ view_filter ] --START--
INFO: ContentReplace Behavior ::run [ RunTime:0.002406s ]
INFO: TokenBuild Behavior ::run [ RunTime:0.002500s ]
INFO: WriteHtmlCache Behavior ::run [ RunTime:0.002360s ]
INFO: ShowRuntime Behavior ::run [ RunTime:0.002938s ]
INFO: [ view_filter ] --END-- [ RunTime:0.010321s ]
INFO: [ view_end ] --START--
INFO: ShowPageTrace Behavior ::run [ RunTime:0.002200s ]
INFO: [ view_end ] --END-- [ RunTime:0.002238s ]

[ 2014-03-09T18:47:57+08:00 ] 127.0.0.1 /hlpw/?m=Admin
INFO: [ app_begin ] --START--
INFO: ReadHtmlCache Behavior ::run [ RunTime:0.000328s ]
INFO: [ app_begin ] --END-- [ RunTime:0.000373s ]
INFO: [ view_parse ] --START--
INFO: ParseTemplate Behavior ::run [ RunTime:0.008673s ]
INFO: [ view_parse ] --END-- [ RunTime:0.008743s ]
INFO: [ view_filter ] --START--
INFO: ContentReplace Behavior ::run [ RunTime:0.000450s ]
INFO: TokenBuild Behavior ::run [ RunTime:0.000406s ]
INFO: WriteHtmlCache Behavior ::run [ RunTime:0.000345s ]
INFO: ShowRuntime Behavior ::run [ RunTime:0.000450s ]
INFO: [ view_filter ] --END-- [ RunTime:0.001749s ]
INFO: [ view_end ] --START--
INFO: ShowPageTrace Behavior ::run [ RunTime:0.000518s ]
INFO: [ view_end ] --END-- [ RunTime:0.000551s ]

[ 2014-03-09T18:48:01+08:00 ] 127.0.0.1 /hlpw/?m=reserList
INFO: [ app_begin ] --START--
INFO: ReadHtmlCache Behavior ::run [ RunTime:0.000525s ]
INFO: [ app_begin ] --END-- [ RunTime:0.000578s ]
SQL: SHOW COLUMNS FROM `place` [ RunTime:0.026820s ]
SQL: SELECT `placename` FROM `place` WHERE ( available=1 )  [ RunTime:0.000318s ]
INFO: [ view_parse ] --START--
INFO: ParseTemplate Behavior ::run [ RunTime:0.021997s ]
INFO: [ view_parse ] --END-- [ RunTime:0.022066s ]
INFO: [ view_filter ] --START--
INFO: ContentReplace Behavior ::run [ RunTime:0.000495s ]
INFO: TokenBuild Behavior ::run [ RunTime:0.000428s ]
INFO: WriteHtmlCache Behavior ::run [ RunTime:0.000384s ]
INFO: ShowRuntime Behavior ::run [ RunTime:0.000551s ]
INFO: [ view_filter ] --END-- [ RunTime:0.001972s ]
INFO: [ view_end ] --START--
INFO: ShowPageTrace Behavior ::run [ RunTime:0.000556s ]
INFO: [ view_end ] --END-- [ RunTime:0.000591s ]

[ 2014-03-09T18:48:03+08:00 ] 127.0.0.1 /hlpw/?m=placeControl
INFO: [ app_begin ] --START--
INFO: ReadHtmlCache Behavior ::run [ RunTime:0.000534s ]
INFO: [ app_begin ] --END-- [ RunTime:0.000592s ]
NOTIC: [2] Missing argument 1 for placeControlAction::checkOutPlaceList(), called in C:\wamp\www\hlpw\Lib\Action\placeControlAction.class.php on line 7 and defined C:\wamp\www\hlpw\Lib\Action\placeControlAction.class.php 第 42 行.
SQL: SHOW COLUMNS FROM `place` [ RunTime:0.006404s ]
NOTIC: [8] Undefined variable: availabel C:\wamp\www\hlpw\Lib\Action\placeControlAction.class.php 第 45 行.
SQL: SELECT * FROM `place`  [ RunTime:0.000273s ]
INFO: [ view_parse ] --START--
INFO: ParseTemplate Behavior ::run [ RunTime:0.027596s ]
INFO: [ view_parse ] --END-- [ RunTime:0.027667s ]
INFO: [ view_filter ] --START--
INFO: ContentReplace Behavior ::run [ RunTime:0.000556s ]
INFO: TokenBuild Behavior ::run [ RunTime:0.000415s ]
INFO: WriteHtmlCache Behavior ::run [ RunTime:0.000356s ]
INFO: ShowRuntime Behavior ::run [ RunTime:0.000474s ]
INFO: [ view_filter ] --END-- [ RunTime:0.001903s ]
INFO: [ view_end ] --START--
INFO: ShowPageTrace Behavior ::run [ RunTime:0.000543s ]
INFO: [ view_end ] --END-- [ RunTime:0.000577s ]

[ 2014-03-09T18:48:04+08:00 ] 127.0.0.1 /hlpw/?m=activeNumber
INFO: [ app_begin ] --START--
INFO: ReadHtmlCache Behavior ::run [ RunTime:0.000519s ]
INFO: [ app_begin ] --END-- [ RunTime:0.000575s ]
SQL: SHOW COLUMNS FROM `partner` [ RunTime:0.016667s ]
SQL: SELECT `name` FROM `partner`  [ RunTime:0.000293s ]
SQL: SHOW COLUMNS FROM `activenumber` [ RunTime:0.009182s ]
SQL: SELECT COUNT(*) AS tp_count FROM `activenumber` LIMIT 1   [ RunTime:0.000293s ]
SQL: SHOW COLUMNS FROM `place` [ RunTime:0.005698s ]
SQL: SELECT `placename` FROM `place` WHERE ( available=1 )  [ RunTime:0.000207s ]
SQL: SHOW COLUMNS FROM `activenumber` [ RunTime:0.006468s ]
SQL: SELECT `createdate` FROM `activenumber` ORDER BY createdate desc  [ RunTime:0.000710s ]
INFO: [ view_parse ] --START--
INFO: ParseTemplate Behavior ::run [ RunTime:0.014751s ]
INFO: [ view_parse ] --END-- [ RunTime:0.014820s ]
INFO: [ view_filter ] --START--
INFO: ContentReplace Behavior ::run [ RunTime:0.000559s ]
INFO: TokenBuild Behavior ::run [ RunTime:0.000403s ]
INFO: WriteHtmlCache Behavior ::run [ RunTime:0.000344s ]
INFO: ShowRuntime Behavior ::run [ RunTime:0.000532s ]
INFO: [ view_filter ] --END-- [ RunTime:0.001956s ]
INFO: [ view_end ] --START--
INFO: ShowPageTrace Behavior ::run [ RunTime:0.000535s ]
INFO: [ view_end ] --END-- [ RunTime:0.000571s ]

[ 2014-03-09T18:48:36+08:00 ] 127.0.0.1 /hlpw/
INFO: [ app_begin ] --START--
INFO: ReadHtmlCache Behavior ::run [ RunTime:0.000842s ]
INFO: [ app_begin ] --END-- [ RunTime:0.000894s ]
SQL: SHOW COLUMNS FROM `place` [ RunTime:0.006469s ]
SQL: SELECT `placename` FROM `place` WHERE ( available=1 )  [ RunTime:0.000254s ]
INFO: [ view_parse ] --START--
INFO: ParseTemplate Behavior ::run [ RunTime:0.013202s ]
INFO: [ view_parse ] --END-- [ RunTime:0.013268s ]
INFO: [ view_filter ] --START--
INFO: ContentReplace Behavior ::run [ RunTime:0.000845s ]
INFO: TokenBuild Behavior ::run [ RunTime:0.000757s ]
INFO: WriteHtmlCache Behavior ::run [ RunTime:0.000696s ]
INFO: ShowRuntime Behavior ::run [ RunTime:0.000806s ]
INFO: [ view_filter ] --END-- [ RunTime:0.003207s ]
INFO: [ view_end ] --START--
INFO: ShowPageTrace Behavior ::run [ RunTime:0.000862s ]
INFO: [ view_end ] --END-- [ RunTime:0.000898s ]

[ 2014-03-09T18:48:56+08:00 ] 127.0.0.1 /hlpw/?m=Index&&a=checkActive
INFO: [ app_begin ] --START--
INFO: ReadHtmlCache Behavior ::run [ RunTime:0.000451s ]
INFO: [ app_begin ] --END-- [ RunTime:0.000495s ]
SQL: SHOW COLUMNS FROM `activenumber` [ RunTime:0.008415s ]
SQL: SELECT * FROM `activenumber` WHERE ( number='661853148675' ) LIMIT 1   [ RunTime:0.000381s ]

[ 2014-03-09T18:48:59+08:00 ] 127.0.0.1 /hlpw/?m=Index&&a=formFormat
INFO: [ app_begin ] --START--
INFO: ReadHtmlCache Behavior ::run [ RunTime:0.000334s ]
INFO: [ app_begin ] --END-- [ RunTime:0.000378s ]
NOTIC: [8192] Function ereg() is deprecated C:\wamp\www\hlpw\Lib\Action\IndexAction.class.php 第 103 行.
NOTIC: [8192] Function ereg() is deprecated C:\wamp\www\hlpw\Lib\Action\IndexAction.class.php 第 103 行.
NOTIC: [8192] Function ereg() is deprecated C:\wamp\www\hlpw\Lib\Action\IndexAction.class.php 第 103 行.
NOTIC: [8192] Function ereg() is deprecated C:\wamp\www\hlpw\Lib\Action\IndexAction.class.php 第 103 行.
NOTIC: [8192] Function ereg() is deprecated C:\wamp\www\hlpw\Lib\Action\IndexAction.class.php 第 103 行.
NOTIC: [8192] Function ereg() is deprecated C:\wamp\www\hlpw\Lib\Action\IndexAction.class.php 第 103 行.
NOTIC: [8192] Function ereg() is deprecated C:\wamp\www\hlpw\Lib\Action\IndexAction.class.php 第 103 行.
SQL: SHOW COLUMNS FROM `activenumber` [ RunTime:0.007871s ]
SQL: SELECT * FROM `activenumber` WHERE ( number='661853148675' ) LIMIT 1   [ RunTime:0.000345s ]

[ 2014-03-09T18:49:01+08:00 ] 127.0.0.1 /hlpw/?m=Index&&a=saveBuy
INFO: [ app_begin ] --START--
INFO: ReadHtmlCache Behavior ::run [ RunTime:0.000324s ]
INFO: [ app_begin ] --END-- [ RunTime:0.000365s ]
SQL: SHOW COLUMNS FROM `reservationlist` [ RunTime:0.009496s ]
SQL: SHOW COLUMNS FROM `activenumber` [ RunTime:0.006840s ]
SQL: SELECT * FROM `activenumber` WHERE ( number='661853148675' ) LIMIT 1   [ RunTime:0.000319s ]
SQL: SHOW COLUMNS FROM `activenumber` [ RunTime:0.006464s ]
SQL: SHOW COLUMNS FROM `usednumber` [ RunTime:0.004851s ]
SQL: SELECT * FROM `activenumber` WHERE ( number='661853148675' )  [ RunTime:0.000338s ]
SQL: INSERT INTO `usednumber` (`createdate`,`placename`,`number`,`partner`) VALUES ('2014-03-08 23:53:21','北京欢乐谷','661853148675',3) [ RunTime:0.087194s ]
SQL: SHOW COLUMNS FROM `activenumber` [ RunTime:0.006479s ]
SQL: DELETE FROM `activenumber` WHERE ( number='661853148675' ) [ RunTime:0.068303s ]
SQL: INSERT INTO `reservationlist` (`name`,`tel`,`idcard`,`playdate`,`playercount`,`playerid`,`place`) VALUES ('李达','13633334444','220815224585417821','2014-03-21',1,'661853148675','北京欢乐谷') [ RunTime:0.041422s ]

[ 2014-03-09T18:49:02+08:00 ] 127.0.0.1 /hlpw/
INFO: [ app_begin ] --START--
INFO: ReadHtmlCache Behavior ::run [ RunTime:0.000363s ]
INFO: [ app_begin ] --END-- [ RunTime:0.000421s ]
SQL: SHOW COLUMNS FROM `place` [ RunTime:0.006818s ]
SQL: SELECT `placename` FROM `place` WHERE ( available=1 )  [ RunTime:0.000223s ]
INFO: [ view_parse ] --START--
INFO: ParseTemplate Behavior ::run [ RunTime:0.009787s ]
INFO: [ view_parse ] --END-- [ RunTime:0.009845s ]
INFO: [ view_filter ] --START--
INFO: ContentReplace Behavior ::run [ RunTime:0.000406s ]
INFO: TokenBuild Behavior ::run [ RunTime:0.000289s ]
INFO: WriteHtmlCache Behavior ::run [ RunTime:0.000241s ]
INFO: ShowRuntime Behavior ::run [ RunTime:0.000369s ]
INFO: [ view_filter ] --END-- [ RunTime:0.001401s ]
INFO: [ view_end ] --START--
INFO: ShowPageTrace Behavior ::run [ RunTime:0.000397s ]
INFO: [ view_end ] --END-- [ RunTime:0.000431s ]

[ 2014-03-09T18:49:06+08:00 ] 127.0.0.1 /hlpw/?m=reserList
INFO: [ app_begin ] --START--
INFO: ReadHtmlCache Behavior ::run [ RunTime:0.000471s ]
INFO: [ app_begin ] --END-- [ RunTime:0.000530s ]
SQL: SHOW COLUMNS FROM `place` [ RunTime:0.007222s ]
SQL: SELECT `placename` FROM `place` WHERE ( available=1 )  [ RunTime:0.000216s ]
INFO: [ view_parse ] --START--
INFO: ParseTemplate Behavior ::run [ RunTime:0.006453s ]
INFO: [ view_parse ] --END-- [ RunTime:0.006506s ]
INFO: [ view_filter ] --START--
INFO: ContentReplace Behavior ::run [ RunTime:0.000377s ]
INFO: TokenBuild Behavior ::run [ RunTime:0.000357s ]
INFO: WriteHtmlCache Behavior ::run [ RunTime:0.000290s ]
INFO: ShowRuntime Behavior ::run [ RunTime:0.000399s ]
INFO: [ view_filter ] --END-- [ RunTime:0.001525s ]
INFO: [ view_end ] --START--
INFO: ShowPageTrace Behavior ::run [ RunTime:0.000475s ]
INFO: [ view_end ] --END-- [ RunTime:0.000510s ]

[ 2014-03-09T18:49:09+08:00 ] 127.0.0.1 /hlpw/?m=reserList&&a=ajaxQueryList&place=%E5%8C%97%E4%BA%AC%E6%AC%A2%E4%B9%90%E8%B0%B7&data=%E6%9D%8E%E8%BE%BE&queryBy=all
INFO: [ app_begin ] --START--
INFO: ReadHtmlCache Behavior ::run [ RunTime:0.000438s ]
INFO: [ app_begin ] --END-- [ RunTime:0.000498s ]
SQL: SHOW COLUMNS FROM `reservationlist` [ RunTime:0.009803s ]
SQL: SELECT * FROM `reservationlist` WHERE ( (`name` LIKE BINARY ('%李达%')) OR (`tel` LIKE BINARY ('%李达%')) OR (`idcard` LIKE BINARY ('%李达%')) OR (`playdate` LIKE BINARY ('%李达%')) OR (`playerid` LIKE BINARY ('%李达%')) OR (`place` LIKE BINARY ('%李达%')) OR (`createdate` LIKE BINARY ('%李达%')) ) AND ( `place` = '北京欢乐谷' ) ORDER BY playdate desc  [ RunTime:0.000672s ]
NOTIC: [8192] Function split() is deprecated C:\wamp\www\hlpw\Lib\Action\reserListAction.class.php 第 32 行.
SQL: SHOW COLUMNS FROM `activenumber` [ RunTime:0.006661s ]
SQL: SELECT * FROM `activenumber` WHERE ( number='661853148675' ) LIMIT 1   [ RunTime:0.000279s ]

[ 2014-03-09T18:58:30+08:00 ] 127.0.0.1 /hlpw/?m=reserList&&a=ajaxQueryList&place=%E5%8C%97%E4%BA%AC%E6%AC%A2%E4%B9%90%E8%B0%B7&data=%E6%9D%8E%E8%BE%BE&queryBy=all
INFO: [ app_begin ] --START--
INFO: ReadHtmlCache Behavior ::run [ RunTime:0.000629s ]
INFO: [ app_begin ] --END-- [ RunTime:0.000678s ]
SQL: SHOW COLUMNS FROM `reservationlist` [ RunTime:0.009239s ]
SQL: SELECT * FROM `reservationlist` WHERE ( (`name` LIKE BINARY ('%李达%')) OR (`tel` LIKE BINARY ('%李达%')) OR (`idcard` LIKE BINARY ('%李达%')) OR (`playdate` LIKE BINARY ('%李达%')) OR (`playerid` LIKE BINARY ('%李达%')) OR (`place` LIKE BINARY ('%李达%')) OR (`createdate` LIKE BINARY ('%李达%')) ) AND ( `place` = '北京欢乐谷' ) ORDER BY playdate desc  [ RunTime:0.000402s ]
NOTIC: [8192] Function split() is deprecated C:\wamp\www\hlpw\Lib\Action\reserListAction.class.php 第 32 行.
SQL: SHOW COLUMNS FROM `usednumber` [ RunTime:0.004938s ]
SQL: SELECT * FROM `usednumber` WHERE ( number='661853148675' ) LIMIT 1   [ RunTime:0.000288s ]
NOTIC: [8] Undefined offset: 0 C:\wamp\www\hlpw\Lib\Action\activeNumberAction.class.php 第 111 行.
SQL: SHOW COLUMNS FROM `partner` [ RunTime:0.005763s ]
SQL: SELECT * FROM `partner` WHERE ( id='' )  [ RunTime:0.000205s ]

[ 2014-03-09T18:58:31+08:00 ] 127.0.0.1 /hlpw/?m=Admin
INFO: [ app_begin ] --START--
INFO: ReadHtmlCache Behavior ::run [ RunTime:0.000616s ]
INFO: [ app_begin ] --END-- [ RunTime:0.000674s ]
INFO: [ view_parse ] --START--
INFO: ParseTemplate Behavior ::run [ RunTime:0.008856s ]
INFO: [ view_parse ] --END-- [ RunTime:0.008948s ]
INFO: [ view_filter ] --START--
INFO: ContentReplace Behavior ::run [ RunTime:0.000521s ]
INFO: TokenBuild Behavior ::run [ RunTime:0.000469s ]
INFO: WriteHtmlCache Behavior ::run [ RunTime:0.000406s ]
INFO: ShowRuntime Behavior ::run [ RunTime:0.000593s ]
INFO: [ view_filter ] --END-- [ RunTime:0.002094s ]
INFO: [ view_end ] --START--
INFO: ShowPageTrace Behavior ::run [ RunTime:0.000761s ]
INFO: [ view_end ] --END-- [ RunTime:0.000817s ]

[ 2014-03-09T18:58:31+08:00 ] 127.0.0.1 /hlpw/?m=reserList
INFO: [ app_begin ] --START--
INFO: ReadHtmlCache Behavior ::run [ RunTime:0.000607s ]
INFO: [ app_begin ] --END-- [ RunTime:0.000673s ]
SQL: SHOW COLUMNS FROM `place` [ RunTime:0.007413s ]
SQL: SELECT `placename` FROM `place` WHERE ( available=1 )  [ RunTime:0.000237s ]
INFO: [ view_parse ] --START--
INFO: ParseTemplate Behavior ::run [ RunTime:0.007180s ]
INFO: [ view_parse ] --END-- [ RunTime:0.007252s ]
INFO: [ view_filter ] --START--
INFO: ContentReplace Behavior ::run [ RunTime:0.000647s ]
INFO: TokenBuild Behavior ::run [ RunTime:0.000515s ]
INFO: WriteHtmlCache Behavior ::run [ RunTime:0.000451s ]
INFO: ShowRuntime Behavior ::run [ RunTime:0.000539s ]
INFO: [ view_filter ] --END-- [ RunTime:0.002292s ]
INFO: [ view_end ] --START--
INFO: ShowPageTrace Behavior ::run [ RunTime:0.000594s ]
INFO: [ view_end ] --END-- [ RunTime:0.000631s ]

[ 2014-03-09T18:58:34+08:00 ] 127.0.0.1 /hlpw/?m=reserList&&a=ajaxQueryList&place=%E5%8C%97%E4%BA%AC%E6%AC%A2%E4%B9%90%E8%B0%B7&data=%E6%9D%8E%E8%BE%BE&queryBy=all
INFO: [ app_begin ] --START--
INFO: ReadHtmlCache Behavior ::run [ RunTime:0.000501s ]
INFO: [ app_begin ] --END-- [ RunTime:0.000543s ]
SQL: SHOW COLUMNS FROM `reservationlist` [ RunTime:0.009231s ]
SQL: SELECT * FROM `reservationlist` WHERE ( (`name` LIKE BINARY ('%李达%')) OR (`tel` LIKE BINARY ('%李达%')) OR (`idcard` LIKE BINARY ('%李达%')) OR (`playdate` LIKE BINARY ('%李达%')) OR (`playerid` LIKE BINARY ('%李达%')) OR (`place` LIKE BINARY ('%李达%')) OR (`createdate` LIKE BINARY ('%李达%')) ) AND ( `place` = '北京欢乐谷' ) ORDER BY playdate desc  [ RunTime:0.000341s ]
NOTIC: [8192] Function split() is deprecated C:\wamp\www\hlpw\Lib\Action\reserListAction.class.php 第 32 行.
SQL: SHOW COLUMNS FROM `usednumber` [ RunTime:0.004753s ]
SQL: SELECT * FROM `usednumber` WHERE ( number='661853148675' ) LIMIT 1   [ RunTime:0.000186s ]
NOTIC: [8] Undefined offset: 0 C:\wamp\www\hlpw\Lib\Action\activeNumberAction.class.php 第 111 行.
SQL: SHOW COLUMNS FROM `partner` [ RunTime:0.005987s ]
SQL: SELECT * FROM `partner` WHERE ( id='' )  [ RunTime:0.000177s ]

[ 2014-03-09T18:58:55+08:00 ] 127.0.0.1 /hlpw/?m=reserList&&a=ajaxQueryList&place=%E5%8C%97%E4%BA%AC%E6%AC%A2%E4%B9%90%E8%B0%B7&data=%E6%9D%8E%E8%BE%BE&queryBy=all
INFO: [ app_begin ] --START--
INFO: ReadHtmlCache Behavior ::run [ RunTime:0.000440s ]
INFO: [ app_begin ] --END-- [ RunTime:0.000482s ]
SQL: SHOW COLUMNS FROM `reservationlist` [ RunTime:0.009356s ]
SQL: SELECT * FROM `reservationlist` WHERE ( (`name` LIKE BINARY ('%李达%')) OR (`tel` LIKE BINARY ('%李达%')) OR (`idcard` LIKE BINARY ('%李达%')) OR (`playdate` LIKE BINARY ('%李达%')) OR (`playerid` LIKE BINARY ('%李达%')) OR (`place` LIKE BINARY ('%李达%')) OR (`createdate` LIKE BINARY ('%李达%')) ) AND ( `place` = '北京欢乐谷' ) ORDER BY playdate desc  [ RunTime:0.000338s ]
NOTIC: [8192] Function split() is deprecated C:\wamp\www\hlpw\Lib\Action\reserListAction.class.php 第 32 行.
SQL: SHOW COLUMNS FROM `usednumber` [ RunTime:0.004769s ]
SQL: SELECT * FROM `usednumber` WHERE ( number='661853148675' ) LIMIT 1   [ RunTime:0.000182s ]
NOTIC: [8] Undefined offset: 0 C:\wamp\www\hlpw\Lib\Action\activeNumberAction.class.php 第 112 行.
SQL: SHOW COLUMNS FROM `partner` [ RunTime:0.006443s ]
SQL: SELECT * FROM `partner` WHERE ( id='' )  [ RunTime:0.000209s ]

[ 2014-03-09T18:59:35+08:00 ] 127.0.0.1 /hlpw/?m=reserList&&a=ajaxQueryList&place=%E5%8C%97%E4%BA%AC%E6%AC%A2%E4%B9%90%E8%B0%B7&data=%E6%9D%8E%E8%BE%BE&queryBy=all
INFO: [ app_begin ] --START--
INFO: ReadHtmlCache Behavior ::run [ RunTime:0.000481s ]
INFO: [ app_begin ] --END-- [ RunTime:0.000528s ]
SQL: SHOW COLUMNS FROM `reservationlist` [ RunTime:0.010131s ]
SQL: SELECT * FROM `reservationlist` WHERE ( (`name` LIKE BINARY ('%李达%')) OR (`tel` LIKE BINARY ('%李达%')) OR (`idcard` LIKE BINARY ('%李达%')) OR (`playdate` LIKE BINARY ('%李达%')) OR (`playerid` LIKE BINARY ('%李达%')) OR (`place` LIKE BINARY ('%李达%')) OR (`createdate` LIKE BINARY ('%李达%')) ) AND ( `place` = '北京欢乐谷' ) ORDER BY playdate desc  [ RunTime:0.000361s ]
NOTIC: [8192] Function split() is deprecated C:\wamp\www\hlpw\Lib\Action\reserListAction.class.php 第 32 行.
SQL: SHOW COLUMNS FROM `usednumber` [ RunTime:0.004943s ]
SQL: SELECT * FROM `usednumber` WHERE ( number='661853148675' ) LIMIT 1   [ RunTime:0.000180s ]
SQL: SHOW COLUMNS FROM `partner` [ RunTime:0.006035s ]
SQL: SELECT * FROM `partner` WHERE ( id='3' )  [ RunTime:0.011252s ]

[ 2014-03-09T19:00:01+08:00 ] 127.0.0.1 /hlpw/?m=reserList&&a=ajaxQueryList&place=%E5%8C%97%E4%BA%AC%E6%AC%A2%E4%B9%90%E8%B0%B7&data=%E6%9D%8E%E8%BE%BE&queryBy=all
INFO: [ app_begin ] --START--
INFO: ReadHtmlCache Behavior ::run [ RunTime:0.000459s ]
INFO: [ app_begin ] --END-- [ RunTime:0.000505s ]
SQL: SHOW COLUMNS FROM `reservationlist` [ RunTime:0.010111s ]
SQL: SELECT * FROM `reservationlist` WHERE ( (`name` LIKE BINARY ('%李达%')) OR (`tel` LIKE BINARY ('%李达%')) OR (`idcard` LIKE BINARY ('%李达%')) OR (`playdate` LIKE BINARY ('%李达%')) OR (`playerid` LIKE BINARY ('%李达%')) OR (`place` LIKE BINARY ('%李达%')) OR (`createdate` LIKE BINARY ('%李达%')) ) AND ( `place` = '北京欢乐谷' ) ORDER BY playdate desc  [ RunTime:0.000372s ]
NOTIC: [8192] Function split() is deprecated C:\wamp\www\hlpw\Lib\Action\reserListAction.class.php 第 32 行.
SQL: SHOW COLUMNS FROM `usednumber` [ RunTime:0.005010s ]
SQL: SELECT * FROM `usednumber` WHERE ( number='661853148675' ) LIMIT 1   [ RunTime:0.000210s ]
SQL: SHOW COLUMNS FROM `partner` [ RunTime:0.006342s ]
SQL: SELECT * FROM `partner` WHERE ( id='3' )  [ RunTime:0.000214s ]
NOTIC: [8] Undefined index: name C:\wamp\www\hlpw\Lib\Action\activeNumberAction.class.php 第 114 行.

[ 2014-03-09T19:00:51+08:00 ] 127.0.0.1 /hlpw/?m=reserList&&a=ajaxQueryList&place=%E5%8C%97%E4%BA%AC%E6%AC%A2%E4%B9%90%E8%B0%B7&data=%E6%9D%8E%E8%BE%BE&queryBy=all
INFO: [ app_begin ] --START--
INFO: ReadHtmlCache Behavior ::run [ RunTime:0.000523s ]
INFO: [ app_begin ] --END-- [ RunTime:0.000572s ]
SQL: SHOW COLUMNS FROM `reservationlist` [ RunTime:0.009343s ]
SQL: SELECT * FROM `reservationlist` WHERE ( (`name` LIKE BINARY ('%李达%')) OR (`tel` LIKE BINARY ('%李达%')) OR (`idcard` LIKE BINARY ('%李达%')) OR (`playdate` LIKE BINARY ('%李达%')) OR (`playerid` LIKE BINARY ('%李达%')) OR (`place` LIKE BINARY ('%李达%')) OR (`createdate` LIKE BINARY ('%李达%')) ) AND ( `place` = '北京欢乐谷' ) ORDER BY playdate desc  [ RunTime:0.000359s ]
NOTIC: [8192] Function split() is deprecated C:\wamp\www\hlpw\Lib\Action\reserListAction.class.php 第 32 行.
SQL: SHOW COLUMNS FROM `usednumber` [ RunTime:0.004791s ]
SQL: SELECT * FROM `usednumber` WHERE ( number='661853148675' ) LIMIT 1   [ RunTime:0.000192s ]
SQL: SHOW COLUMNS FROM `partner` [ RunTime:0.005929s ]
SQL: SELECT * FROM `partner` WHERE ( id='3' )  [ RunTime:0.000195s ]
NOTIC: [8] Undefined index: name C:\wamp\www\hlpw\Lib\Action\activeNumberAction.class.php 第 114 行.
SQL: SHOW COLUMNS FROM `usednumber` [ RunTime:0.003997s ]
SQL: SELECT * FROM `usednumber` WHERE ( number='661853148675' ) LIMIT 1   [ RunTime:0.000166s ]
SQL: SHOW COLUMNS FROM `partner` [ RunTime:0.005327s ]
SQL: SELECT * FROM `partner` WHERE ( id='3' )  [ RunTime:0.000183s ]
NOTIC: [8] Undefined index: name C:\wamp\www\hlpw\Lib\Action\activeNumberAction.class.php 第 114 行.

[ 2014-03-09T19:01:28+08:00 ] 127.0.0.1 /hlpw/?m=reserList&&a=ajaxQueryList&place=%E5%8C%97%E4%BA%AC%E6%AC%A2%E4%B9%90%E8%B0%B7&data=%E6%9D%8E%E8%BE%BE&queryBy=all
INFO: [ app_begin ] --START--
INFO: ReadHtmlCache Behavior ::run [ RunTime:0.000444s ]
INFO: [ app_begin ] --END-- [ RunTime:0.000490s ]

[ 2014-03-09T19:01:30+08:00 ] 127.0.0.1 /hlpw/?m=reserList&&a=ajaxQueryList&place=%E5%8C%97%E4%BA%AC%E6%AC%A2%E4%B9%90%E8%B0%B7&data=%E6%9D%8E%E8%BE%BE&queryBy=all
INFO: [ app_begin ] --START--
INFO: ReadHtmlCache Behavior ::run [ RunTime:0.000430s ]
INFO: [ app_begin ] --END-- [ RunTime:0.000472s ]

[ 2014-03-09T19:01:34+08:00 ] 127.0.0.1 /hlpw/?m=reserList&&a=ajaxQueryList&place=%E5%8C%97%E4%BA%AC%E6%AC%A2%E4%B9%90%E8%B0%B7&data=%E6%9D%8E%E8%BE%BE&queryBy=all
INFO: [ app_begin ] --START--
INFO: ReadHtmlCache Behavior ::run [ RunTime:0.000430s ]
INFO: [ app_begin ] --END-- [ RunTime:0.000471s ]
SQL: SHOW COLUMNS FROM `reservationlist` [ RunTime:0.009608s ]
SQL: SELECT * FROM `reservationlist` WHERE ( (`name` LIKE BINARY ('%李达%')) OR (`tel` LIKE BINARY ('%李达%')) OR (`idcard` LIKE BINARY ('%李达%')) OR (`playdate` LIKE BINARY ('%李达%')) OR (`playerid` LIKE BINARY ('%李达%')) OR (`place` LIKE BINARY ('%李达%')) OR (`createdate` LIKE BINARY ('%李达%')) ) AND ( `place` = '北京欢乐谷' ) ORDER BY playdate desc  [ RunTime:0.000361s ]
NOTIC: [8192] Function split() is deprecated C:\wamp\www\hlpw\Lib\Action\reserListAction.class.php 第 32 行.
SQL: SHOW COLUMNS FROM `usednumber` [ RunTime:0.005107s ]
SQL: SELECT * FROM `usednumber` WHERE ( number='661853148675' ) LIMIT 1   [ RunTime:0.000226s ]
SQL: SHOW COLUMNS FROM `partner` [ RunTime:0.005929s ]
SQL: SELECT * FROM `partner` WHERE ( id='3' )  [ RunTime:0.000176s ]
NOTIC: [8] Undefined index: name C:\wamp\www\hlpw\Lib\Action\activeNumberAction.class.php 第 114 行.
NOTIC: [8] Undefined index: name C:\wamp\www\hlpw\Lib\Action\activeNumberAction.class.php 第 115 行.
SQL: SHOW COLUMNS FROM `usednumber` [ RunTime:0.003921s ]
SQL: SELECT * FROM `usednumber` WHERE ( number='661853148675' ) LIMIT 1   [ RunTime:0.000165s ]
SQL: SHOW COLUMNS FROM `partner` [ RunTime:0.005273s ]
SQL: SELECT * FROM `partner` WHERE ( id='3' )  [ RunTime:0.000178s ]
NOTIC: [8] Undefined index: name C:\wamp\www\hlpw\Lib\Action\activeNumberAction.class.php 第 114 行.
NOTIC: [8] Undefined index: name C:\wamp\www\hlpw\Lib\Action\activeNumberAction.class.php 第 115 行.

[ 2014-03-09T19:01:46+08:00 ] 127.0.0.1 /hlpw/?m=reserList&&a=ajaxQueryList&place=%E5%8C%97%E4%BA%AC%E6%AC%A2%E4%B9%90%E8%B0%B7&data=%E6%9D%8E%E8%BE%BE&queryBy=all
INFO: [ app_begin ] --START--
INFO: ReadHtmlCache Behavior ::run [ RunTime:0.000438s ]
INFO: [ app_begin ] --END-- [ RunTime:0.000481s ]
SQL: SHOW COLUMNS FROM `reservationlist` [ RunTime:0.009272s ]
SQL: SELECT * FROM `reservationlist` WHERE ( (`name` LIKE BINARY ('%李达%')) OR (`tel` LIKE BINARY ('%李达%')) OR (`idcard` LIKE BINARY ('%李达%')) OR (`playdate` LIKE BINARY ('%李达%')) OR (`playerid` LIKE BINARY ('%李达%')) OR (`place` LIKE BINARY ('%李达%')) OR (`createdate` LIKE BINARY ('%李达%')) ) AND ( `place` = '北京欢乐谷' ) ORDER BY playdate desc  [ RunTime:0.000327s ]
NOTIC: [8192] Function split() is deprecated C:\wamp\www\hlpw\Lib\Action\reserListAction.class.php 第 32 行.
SQL: SHOW COLUMNS FROM `usednumber` [ RunTime:0.004863s ]
SQL: SELECT * FROM `usednumber` WHERE ( number='661853148675' ) LIMIT 1   [ RunTime:0.000200s ]
SQL: SHOW COLUMNS FROM `partner` [ RunTime:0.005882s ]
SQL: SELECT * FROM `partner` WHERE ( id='3' )  [ RunTime:0.000175s ]
NOTIC: [8] Undefined index: name C:\wamp\www\hlpw\Lib\Action\activeNumberAction.class.php 第 115 行.
SQL: SHOW COLUMNS FROM `usednumber` [ RunTime:0.003983s ]
SQL: SELECT * FROM `usednumber` WHERE ( number='661853148675' ) LIMIT 1   [ RunTime:0.000167s ]
SQL: SHOW COLUMNS FROM `partner` [ RunTime:0.005295s ]
SQL: SELECT * FROM `partner` WHERE ( id='3' )  [ RunTime:0.000183s ]
NOTIC: [8] Undefined index: name C:\wamp\www\hlpw\Lib\Action\activeNumberAction.class.php 第 115 行.

[ 2014-03-09T19:02:04+08:00 ] 127.0.0.1 /hlpw/?m=reserList&&a=ajaxQueryList&place=%E5%8C%97%E4%BA%AC%E6%AC%A2%E4%B9%90%E8%B0%B7&data=%E6%9D%8E%E8%BE%BE&queryBy=all
INFO: [ app_begin ] --START--
INFO: ReadHtmlCache Behavior ::run [ RunTime:0.000455s ]
INFO: [ app_begin ] --END-- [ RunTime:0.000500s ]
SQL: SHOW COLUMNS FROM `reservationlist` [ RunTime:0.009607s ]
SQL: SELECT * FROM `reservationlist` WHERE ( (`name` LIKE BINARY ('%李达%')) OR (`tel` LIKE BINARY ('%李达%')) OR (`idcard` LIKE BINARY ('%李达%')) OR (`playdate` LIKE BINARY ('%李达%')) OR (`playerid` LIKE BINARY ('%李达%')) OR (`place` LIKE BINARY ('%李达%')) OR (`createdate` LIKE BINARY ('%李达%')) ) AND ( `place` = '北京欢乐谷' ) ORDER BY playdate desc  [ RunTime:0.000377s ]
NOTIC: [8192] Function split() is deprecated C:\wamp\www\hlpw\Lib\Action\reserListAction.class.php 第 32 行.
SQL: SHOW COLUMNS FROM `usednumber` [ RunTime:0.004831s ]
SQL: SELECT * FROM `usednumber` WHERE ( number='661853148675' ) LIMIT 1   [ RunTime:0.000175s ]
SQL: SHOW COLUMNS FROM `partner` [ RunTime:0.006228s ]
SQL: SELECT * FROM `partner` WHERE ( id='3' )  [ RunTime:0.000256s ]
SQL: SHOW COLUMNS FROM `usednumber` [ RunTime:0.004531s ]
SQL: SELECT * FROM `usednumber` WHERE ( number='661853148675' ) LIMIT 1   [ RunTime:0.000214s ]
SQL: SHOW COLUMNS FROM `partner` [ RunTime:0.005245s ]
SQL: SELECT * FROM `partner` WHERE ( id='3' )  [ RunTime:0.000174s ]

[ 2014-03-09T19:02:17+08:00 ] 127.0.0.1 /hlpw/?m=reserList&&a=ajaxQueryList&place=%E5%8C%97%E4%BA%AC%E6%AC%A2%E4%B9%90%E8%B0%B7&data=%E6%9D%8E%E8%BE%BE&queryBy=all
INFO: [ app_begin ] --START--
INFO: ReadHtmlCache Behavior ::run [ RunTime:0.000455s ]
INFO: [ app_begin ] --END-- [ RunTime:0.000504s ]
SQL: SHOW COLUMNS FROM `reservationlist` [ RunTime:0.010598s ]
SQL: SELECT * FROM `reservationlist` WHERE ( (`name` LIKE BINARY ('%李达%')) OR (`tel` LIKE BINARY ('%李达%')) OR (`idcard` LIKE BINARY ('%李达%')) OR (`playdate` LIKE BINARY ('%李达%')) OR (`playerid` LIKE BINARY ('%李达%')) OR (`place` LIKE BINARY ('%李达%')) OR (`createdate` LIKE BINARY ('%李达%')) ) AND ( `place` = '北京欢乐谷' ) ORDER BY playdate desc  [ RunTime:0.000357s ]
NOTIC: [8192] Function split() is deprecated C:\wamp\www\hlpw\Lib\Action\reserListAction.class.php 第 32 行.
SQL: SHOW COLUMNS FROM `usednumber` [ RunTime:0.006232s ]
SQL: SELECT * FROM `usednumber` WHERE ( number='661853148675' ) LIMIT 1   [ RunTime:0.000885s ]
SQL: SHOW COLUMNS FROM `partner` [ RunTime:0.010882s ]
SQL: SELECT * FROM `partner` WHERE ( id='3' )  [ RunTime:0.000327s ]
SQL: SHOW COLUMNS FROM `usednumber` [ RunTime:0.004869s ]
SQL: SELECT * FROM `usednumber` WHERE ( number='661853148675' ) LIMIT 1   [ RunTime:0.000205s ]
SQL: SHOW COLUMNS FROM `partner` [ RunTime:0.005498s ]
SQL: SELECT * FROM `partner` WHERE ( id='3' )  [ RunTime:0.000183s ]

[ 2014-03-09T19:05:11+08:00 ] 127.0.0.1 /hlpw/?m=Admin
INFO: [ app_begin ] --START--
INFO: ReadHtmlCache Behavior ::run [ RunTime:0.000549s ]
INFO: [ app_begin ] --END-- [ RunTime:0.000611s ]
INFO: [ view_parse ] --START--
INFO: ParseTemplate Behavior ::run [ RunTime:0.005261s ]
INFO: [ view_parse ] --END-- [ RunTime:0.005328s ]
INFO: [ view_filter ] --START--
INFO: ContentReplace Behavior ::run [ RunTime:0.000353s ]
INFO: TokenBuild Behavior ::run [ RunTime:0.000348s ]
INFO: WriteHtmlCache Behavior ::run [ RunTime:0.000281s ]
INFO: ShowRuntime Behavior ::run [ RunTime:0.000385s ]
INFO: [ view_filter ] --END-- [ RunTime:0.001468s ]
INFO: [ view_end ] --START--
INFO: ShowPageTrace Behavior ::run [ RunTime:0.000486s ]
INFO: [ view_end ] --END-- [ RunTime:0.000521s ]

[ 2014-03-09T19:05:11+08:00 ] 127.0.0.1 /hlpw/?m=reserList
INFO: [ app_begin ] --START--
INFO: ReadHtmlCache Behavior ::run [ RunTime:0.000462s ]
INFO: [ app_begin ] --END-- [ RunTime:0.000520s ]
SQL: SHOW COLUMNS FROM `place` [ RunTime:0.006353s ]
SQL: SELECT `placename` FROM `place` WHERE ( available=1 )  [ RunTime:0.000192s ]
INFO: [ view_parse ] --START--
INFO: ParseTemplate Behavior ::run [ RunTime:0.006177s ]
INFO: [ view_parse ] --END-- [ RunTime:0.006244s ]
INFO: [ view_filter ] --START--
INFO: ContentReplace Behavior ::run [ RunTime:0.000390s ]
INFO: TokenBuild Behavior ::run [ RunTime:0.000329s ]
INFO: WriteHtmlCache Behavior ::run [ RunTime:0.000289s ]
INFO: ShowRuntime Behavior ::run [ RunTime:0.000399s ]
INFO: [ view_filter ] --END-- [ RunTime:0.001508s ]
INFO: [ view_end ] --START--
INFO: ShowPageTrace Behavior ::run [ RunTime:0.000472s ]
INFO: [ view_end ] --END-- [ RunTime:0.000506s ]

[ 2014-03-09T19:05:14+08:00 ] 127.0.0.1 /hlpw/?m=reserList&&a=ajaxQueryList&place=%E5%8C%97%E4%BA%AC%E6%AC%A2%E4%B9%90%E8%B0%B7&data=%E6%9D%8E%E8%BE%BE&queryBy=all
INFO: [ app_begin ] --START--
INFO: ReadHtmlCache Behavior ::run [ RunTime:0.000529s ]
INFO: [ app_begin ] --END-- [ RunTime:0.000570s ]
SQL: SHOW COLUMNS FROM `reservationlist` [ RunTime:0.009267s ]
SQL: SELECT * FROM `reservationlist` WHERE ( (`name` LIKE BINARY ('%李达%')) OR (`tel` LIKE BINARY ('%李达%')) OR (`idcard` LIKE BINARY ('%李达%')) OR (`playdate` LIKE BINARY ('%李达%')) OR (`playerid` LIKE BINARY ('%李达%')) OR (`place` LIKE BINARY ('%李达%')) OR (`createdate` LIKE BINARY ('%李达%')) ) AND ( `place` = '北京欢乐谷' ) ORDER BY playdate desc  [ RunTime:0.000352s ]
NOTIC: [8192] Function split() is deprecated C:\wamp\www\hlpw\Lib\Action\reserListAction.class.php 第 32 行.
SQL: SHOW COLUMNS FROM `usednumber` [ RunTime:0.004806s ]
SQL: SELECT * FROM `usednumber` WHERE ( number='661853148675' ) LIMIT 1   [ RunTime:0.000183s ]
SQL: SHOW COLUMNS FROM `partner` [ RunTime:0.005803s ]
SQL: SELECT * FROM `partner` WHERE ( id='3' )  [ RunTime:0.000175s ]
SQL: SHOW COLUMNS FROM `usednumber` [ RunTime:0.003989s ]
SQL: SELECT * FROM `usednumber` WHERE ( number='661853148675' ) LIMIT 1   [ RunTime:0.000168s ]
SQL: SHOW COLUMNS FROM `partner` [ RunTime:0.005027s ]
SQL: SELECT * FROM `partner` WHERE ( id='3' )  [ RunTime:0.000164s ]

[ 2014-03-09T19:05:29+08:00 ] 127.0.0.1 /hlpw/?m=Admin
INFO: [ app_begin ] --START--
INFO: ReadHtmlCache Behavior ::run [ RunTime:0.000462s ]
INFO: [ app_begin ] --END-- [ RunTime:0.000513s ]
INFO: [ view_parse ] --START--
INFO: ParseTemplate Behavior ::run [ RunTime:0.005478s ]
INFO: [ view_parse ] --END-- [ RunTime:0.005541s ]
INFO: [ view_filter ] --START--
INFO: ContentReplace Behavior ::run [ RunTime:0.000516s ]
INFO: TokenBuild Behavior ::run [ RunTime:0.000327s ]
INFO: WriteHtmlCache Behavior ::run [ RunTime:0.000288s ]
INFO: ShowRuntime Behavior ::run [ RunTime:0.000396s ]
INFO: [ view_filter ] --END-- [ RunTime:0.001631s ]
INFO: [ view_end ] --START--
INFO: ShowPageTrace Behavior ::run [ RunTime:0.000463s ]
INFO: [ view_end ] --END-- [ RunTime:0.000499s ]

[ 2014-03-09T19:05:30+08:00 ] 127.0.0.1 /hlpw/?m=reserList
INFO: [ app_begin ] --START--
INFO: ReadHtmlCache Behavior ::run [ RunTime:0.000469s ]
INFO: [ app_begin ] --END-- [ RunTime:0.000527s ]
SQL: SHOW COLUMNS FROM `place` [ RunTime:0.007274s ]
SQL: SELECT `placename` FROM `place` WHERE ( available=1 )  [ RunTime:0.000259s ]
INFO: [ view_parse ] --START--
INFO: ParseTemplate Behavior ::run [ RunTime:0.006118s ]
INFO: [ view_parse ] --END-- [ RunTime:0.006191s ]
INFO: [ view_filter ] --START--
INFO: ContentReplace Behavior ::run [ RunTime:0.000392s ]
INFO: TokenBuild Behavior ::run [ RunTime:0.000335s ]
INFO: WriteHtmlCache Behavior ::run [ RunTime:0.000294s ]
INFO: ShowRuntime Behavior ::run [ RunTime:0.000425s ]
INFO: [ view_filter ] --END-- [ RunTime:0.001549s ]
INFO: [ view_end ] --START--
INFO: ShowPageTrace Behavior ::run [ RunTime:0.000543s ]
INFO: [ view_end ] --END-- [ RunTime:0.000580s ]

[ 2014-03-09T19:05:42+08:00 ] 127.0.0.1 /hlpw/?m=Admin
INFO: [ app_begin ] --START--
INFO: ReadHtmlCache Behavior ::run [ RunTime:0.000802s ]
INFO: [ app_begin ] --END-- [ RunTime:0.000950s ]
INFO: [ view_parse ] --START--
INFO: ParseTemplate Behavior ::run [ RunTime:0.005238s ]
INFO: [ view_parse ] --END-- [ RunTime:0.005314s ]
INFO: [ view_filter ] --START--
INFO: ContentReplace Behavior ::run [ RunTime:0.000464s ]
INFO: TokenBuild Behavior ::run [ RunTime:0.000362s ]
INFO: WriteHtmlCache Behavior ::run [ RunTime:0.000312s ]
INFO: ShowRuntime Behavior ::run [ RunTime:0.000399s ]
INFO: [ view_filter ] --END-- [ RunTime:0.001644s ]
INFO: [ view_end ] --START--
INFO: ShowPageTrace Behavior ::run [ RunTime:0.000482s ]
INFO: [ view_end ] --END-- [ RunTime:0.000517s ]

[ 2014-03-09T19:05:43+08:00 ] 127.0.0.1 /hlpw/?m=reserList
INFO: [ app_begin ] --START--
INFO: ReadHtmlCache Behavior ::run [ RunTime:0.000553s ]
INFO: [ app_begin ] --END-- [ RunTime:0.000620s ]
SQL: SHOW COLUMNS FROM `place` [ RunTime:0.008042s ]
SQL: SELECT `placename` FROM `place` WHERE ( available=1 )  [ RunTime:0.000278s ]
INFO: [ view_parse ] --START--
INFO: ParseTemplate Behavior ::run [ RunTime:0.007104s ]
INFO: [ view_parse ] --END-- [ RunTime:0.007180s ]
INFO: [ view_filter ] --START--
INFO: ContentReplace Behavior ::run [ RunTime:0.000573s ]
INFO: TokenBuild Behavior ::run [ RunTime:0.000410s ]
INFO: WriteHtmlCache Behavior ::run [ RunTime:0.000313s ]
INFO: ShowRuntime Behavior ::run [ RunTime:0.000436s ]
INFO: [ view_filter ] --END-- [ RunTime:0.001858s ]
INFO: [ view_end ] --START--
INFO: ShowPageTrace Behavior ::run [ RunTime:0.000513s ]
INFO: [ view_end ] --END-- [ RunTime:0.000551s ]

[ 2014-03-09T19:05:46+08:00 ] 127.0.0.1 /hlpw/?m=reserList&&a=ajaxQueryList&place=%E5%8C%97%E4%BA%AC%E6%AC%A2%E4%B9%90%E8%B0%B7&data=%E6%9D%8E%E8%BE%BE&queryBy=all
INFO: [ app_begin ] --START--
INFO: ReadHtmlCache Behavior ::run [ RunTime:0.000437s ]
INFO: [ app_begin ] --END-- [ RunTime:0.000480s ]
SQL: SHOW COLUMNS FROM `reservationlist` [ RunTime:0.009030s ]
SQL: SELECT * FROM `reservationlist` WHERE ( (`name` LIKE BINARY ('%李达%')) OR (`tel` LIKE BINARY ('%李达%')) OR (`idcard` LIKE BINARY ('%李达%')) OR (`playdate` LIKE BINARY ('%李达%')) OR (`playerid` LIKE BINARY ('%李达%')) OR (`place` LIKE BINARY ('%李达%')) OR (`createdate` LIKE BINARY ('%李达%')) ) AND ( `place` = '北京欢乐谷' ) ORDER BY playdate desc  [ RunTime:0.000347s ]
NOTIC: [8192] Function split() is deprecated C:\wamp\www\hlpw\Lib\Action\reserListAction.class.php 第 32 行.
SQL: SHOW COLUMNS FROM `usednumber` [ RunTime:0.004739s ]
SQL: SELECT * FROM `usednumber` WHERE ( number='661853148675' ) LIMIT 1   [ RunTime:0.000190s ]
SQL: SHOW COLUMNS FROM `partner` [ RunTime:0.005918s ]
SQL: SELECT * FROM `partner` WHERE ( id='3' )  [ RunTime:0.000180s ]
SQL: SHOW COLUMNS FROM `usednumber` [ RunTime:0.003949s ]
SQL: SELECT * FROM `usednumber` WHERE ( number='661853148675' ) LIMIT 1   [ RunTime:0.000169s ]
SQL: SHOW COLUMNS FROM `partner` [ RunTime:0.005245s ]
SQL: SELECT * FROM `partner` WHERE ( id='3' )  [ RunTime:0.000171s ]

[ 2014-03-09T19:06:41+08:00 ] 127.0.0.1 /hlpw/?m=Index&&a=checkActive
INFO: [ app_begin ] --START--
INFO: ReadHtmlCache Behavior ::run [ RunTime:0.000439s ]
INFO: [ app_begin ] --END-- [ RunTime:0.000483s ]
SQL: SHOW COLUMNS FROM `activenumber` [ RunTime:0.008081s ]
SQL: SELECT * FROM `activenumber` WHERE ( number='147768907351' ) LIMIT 1   [ RunTime:0.000397s ]

[ 2014-03-09T19:06:47+08:00 ] 127.0.0.1 /hlpw/?m=Index&&a=checkActive
INFO: [ app_begin ] --START--
INFO: ReadHtmlCache Behavior ::run [ RunTime:0.000440s ]
INFO: [ app_begin ] --END-- [ RunTime:0.000484s ]
SQL: SHOW COLUMNS FROM `activenumber` [ RunTime:0.008451s ]
SQL: SELECT * FROM `activenumber` WHERE ( number='147768907351' ) LIMIT 1   [ RunTime:0.000357s ]

[ 2014-03-09T19:06:48+08:00 ] 127.0.0.1 /hlpw/?m=Index&&a=checkActive
INFO: [ app_begin ] --START--
INFO: ReadHtmlCache Behavior ::run [ RunTime:0.000541s ]
INFO: [ app_begin ] --END-- [ RunTime:0.000599s ]
SQL: SHOW COLUMNS FROM `activenumber` [ RunTime:0.007742s ]
SQL: SELECT * FROM `activenumber` WHERE ( number='093931725157' ) LIMIT 1   [ RunTime:0.000405s ]

[ 2014-03-09T19:06:48+08:00 ] 127.0.0.1 /hlpw/?m=Index&&a=formFormat
INFO: [ app_begin ] --START--
INFO: ReadHtmlCache Behavior ::run [ RunTime:0.000435s ]
INFO: [ app_begin ] --END-- [ RunTime:0.000479s ]
NOTIC: [8192] Function ereg() is deprecated C:\wamp\www\hlpw\Lib\Action\IndexAction.class.php 第 103 行.
NOTIC: [8192] Function ereg() is deprecated C:\wamp\www\hlpw\Lib\Action\IndexAction.class.php 第 103 行.
NOTIC: [8192] Function ereg() is deprecated C:\wamp\www\hlpw\Lib\Action\IndexAction.class.php 第 103 行.
NOTIC: [8192] Function ereg() is deprecated C:\wamp\www\hlpw\Lib\Action\IndexAction.class.php 第 103 行.
NOTIC: [8192] Function ereg() is deprecated C:\wamp\www\hlpw\Lib\Action\IndexAction.class.php 第 103 行.
NOTIC: [8192] Function ereg() is deprecated C:\wamp\www\hlpw\Lib\Action\IndexAction.class.php 第 103 行.
NOTIC: [8192] Function ereg() is deprecated C:\wamp\www\hlpw\Lib\Action\IndexAction.class.php 第 103 行.
NOTIC: [8192] Function ereg() is deprecated C:\wamp\www\hlpw\Lib\Action\IndexAction.class.php 第 103 行.
SQL: SHOW COLUMNS FROM `activenumber` [ RunTime:0.006969s ]
SQL: SELECT * FROM `activenumber` WHERE ( number='147768907351' ) LIMIT 1   [ RunTime:0.000354s ]
SQL: SHOW COLUMNS FROM `activenumber` [ RunTime:0.006122s ]
SQL: SELECT * FROM `activenumber` WHERE ( number='093931725157' ) LIMIT 1   [ RunTime:0.000297s ]

[ 2014-03-09T19:06:50+08:00 ] 127.0.0.1 /hlpw/?m=Index&&a=saveBuy
INFO: [ app_begin ] --START--
INFO: ReadHtmlCache Behavior ::run [ RunTime:0.000439s ]
INFO: [ app_begin ] --END-- [ RunTime:0.000482s ]
SQL: SHOW COLUMNS FROM `reservationlist` [ RunTime:0.009726s ]
SQL: SHOW COLUMNS FROM `activenumber` [ RunTime:0.006906s ]
SQL: SELECT * FROM `activenumber` WHERE ( number='147768907351' ) LIMIT 1   [ RunTime:0.000317s ]
SQL: SHOW COLUMNS FROM `activenumber` [ RunTime:0.006033s ]
SQL: SHOW COLUMNS FROM `usednumber` [ RunTime:0.004647s ]
SQL: SELECT * FROM `activenumber` WHERE ( number='147768907351' )  [ RunTime:0.000357s ]
SQL: INSERT INTO `usednumber` (`createdate`,`placename`,`number`,`partner`) VALUES ('2014-03-08 23:53:21','北京欢乐谷','147768907351',3) [ RunTime:0.060340s ]
SQL: SHOW COLUMNS FROM `activenumber` [ RunTime:0.006469s ]
SQL: DELETE FROM `activenumber` WHERE ( number='147768907351' ) [ RunTime:0.051627s ]
SQL: SHOW COLUMNS FROM `activenumber` [ RunTime:0.007749s ]
SQL: SELECT * FROM `activenumber` WHERE ( number='093931725157' ) LIMIT 1   [ RunTime:0.000315s ]
SQL: SHOW COLUMNS FROM `activenumber` [ RunTime:0.006206s ]
SQL: SELECT * FROM `activenumber` WHERE ( number='093931725157' )  [ RunTime:0.000347s ]
SQL: INSERT INTO `usednumber` (`createdate`,`placename`,`number`,`partner`) VALUES ('2014-03-08 23:53:17','北京欢乐谷','093931725157',2) [ RunTime:0.049106s ]
SQL: SHOW COLUMNS FROM `activenumber` [ RunTime:0.006574s ]
SQL: DELETE FROM `activenumber` WHERE ( number='093931725157' ) [ RunTime:0.051422s ]
SQL: INSERT INTO `reservationlist` (`name`,`tel`,`idcard`,`playdate`,`playercount`,`playerid`,`place`) VALUES ('刘明','13333333333','220822198512121212','2014-03-19',2,'147768907351,093931725157','北京欢乐谷') [ RunTime:0.041455s ]

[ 2014-03-09T19:06:51+08:00 ] 127.0.0.1 /hlpw/
INFO: [ app_begin ] --START--
INFO: ReadHtmlCache Behavior ::run [ RunTime:0.000458s ]
INFO: [ app_begin ] --END-- [ RunTime:0.000518s ]
SQL: SHOW COLUMNS FROM `place` [ RunTime:0.006781s ]
SQL: SELECT `placename` FROM `place` WHERE ( available=1 )  [ RunTime:0.000209s ]
INFO: [ view_parse ] --START--
INFO: ParseTemplate Behavior ::run [ RunTime:0.023621s ]
INFO: [ view_parse ] --END-- [ RunTime:0.023685s ]
INFO: [ view_filter ] --START--
INFO: ContentReplace Behavior ::run [ RunTime:0.000434s ]
INFO: TokenBuild Behavior ::run [ RunTime:0.000327s ]
INFO: WriteHtmlCache Behavior ::run [ RunTime:0.000326s ]
INFO: ShowRuntime Behavior ::run [ RunTime:0.000398s ]
INFO: [ view_filter ] --END-- [ RunTime:0.001582s ]
INFO: [ view_end ] --START--
INFO: ShowPageTrace Behavior ::run [ RunTime:0.000448s ]
INFO: [ view_end ] --END-- [ RunTime:0.000483s ]

[ 2014-03-09T19:07:05+08:00 ] 127.0.0.1 /hlpw/?m=reserList&&a=ajaxQueryList&place=%E5%8C%97%E4%BA%AC%E6%AC%A2%E4%B9%90%E8%B0%B7&data=2014-03-09&queryBy=createdate
INFO: [ app_begin ] --START--
INFO: ReadHtmlCache Behavior ::run [ RunTime:0.000568s ]
INFO: [ app_begin ] --END-- [ RunTime:0.000627s ]
SQL: SHOW COLUMNS FROM `reservationlist` [ RunTime:0.009643s ]
SQL: SELECT * FROM `reservationlist` WHERE ( `createdate` LIKE BINARY ('%2014-03-09%') ) AND ( `place` = '北京欢乐谷' ) ORDER BY playdate desc  [ RunTime:0.000362s ]
NOTIC: [8192] Function split() is deprecated C:\wamp\www\hlpw\Lib\Action\reserListAction.class.php 第 32 行.
SQL: SHOW COLUMNS FROM `usednumber` [ RunTime:0.004784s ]
SQL: SELECT * FROM `usednumber` WHERE ( number='661853148675' ) LIMIT 1   [ RunTime:0.000187s ]
SQL: SHOW COLUMNS FROM `partner` [ RunTime:0.005768s ]
SQL: SELECT * FROM `partner` WHERE ( id='3' )  [ RunTime:0.000188s ]
SQL: SHOW COLUMNS FROM `usednumber` [ RunTime:0.003923s ]
SQL: SELECT * FROM `usednumber` WHERE ( number='661853148675' ) LIMIT 1   [ RunTime:0.000174s ]
SQL: SHOW COLUMNS FROM `partner` [ RunTime:0.004984s ]
SQL: SELECT * FROM `partner` WHERE ( id='3' )  [ RunTime:0.000261s ]
NOTIC: [8192] Function split() is deprecated C:\wamp\www\hlpw\Lib\Action\reserListAction.class.php 第 32 行.
SQL: SHOW COLUMNS FROM `usednumber` [ RunTime:0.004182s ]
SQL: SELECT * FROM `usednumber` WHERE ( number='147768907351' ) LIMIT 1   [ RunTime:0.000209s ]
SQL: SHOW COLUMNS FROM `partner` [ RunTime:0.005907s ]
SQL: SELECT * FROM `partner` WHERE ( id='3' )  [ RunTime:0.000221s ]
SQL: SHOW COLUMNS FROM `usednumber` [ RunTime:0.004186s ]
SQL: SELECT * FROM `usednumber` WHERE ( number='147768907351' ) LIMIT 1   [ RunTime:0.000179s ]
SQL: SHOW COLUMNS FROM `partner` [ RunTime:0.005259s ]
SQL: SELECT * FROM `partner` WHERE ( id='3' )  [ RunTime:0.000171s ]
SQL: SHOW COLUMNS FROM `usednumber` [ RunTime:0.003978s ]
SQL: SELECT * FROM `usednumber` WHERE ( number='093931725157' ) LIMIT 1   [ RunTime:0.000192s ]
SQL: SHOW COLUMNS FROM `partner` [ RunTime:0.005521s ]
SQL: SELECT * FROM `partner` WHERE ( id='2' )  [ RunTime:0.000221s ]
SQL: SHOW COLUMNS FROM `usednumber` [ RunTime:0.004064s ]
SQL: SELECT * FROM `usednumber` WHERE ( number='093931725157' ) LIMIT 1   [ RunTime:0.000177s ]
SQL: SHOW COLUMNS FROM `partner` [ RunTime:0.005023s ]
SQL: SELECT * FROM `partner` WHERE ( id='2' )  [ RunTime:0.000160s ]

[ 2014-03-09T19:07:05+08:00 ] 127.0.0.1 /hlpw/?m=reserList&&a=ajaxQueryList&place=%E5%8C%97%E4%BA%AC%E6%AC%A2%E4%B9%90%E8%B0%B7&data=2014-03-09&queryBy=createdate
INFO: [ app_begin ] --START--
INFO: ReadHtmlCache Behavior ::run [ RunTime:0.000534s ]
INFO: [ app_begin ] --END-- [ RunTime:0.000574s ]
SQL: SHOW COLUMNS FROM `reservationlist` [ RunTime:0.008438s ]
SQL: SELECT * FROM `reservationlist` WHERE ( `createdate` LIKE BINARY ('%2014-03-09%') ) AND ( `place` = '北京欢乐谷' ) ORDER BY playdate desc  [ RunTime:0.000326s ]
NOTIC: [8192] Function split() is deprecated C:\wamp\www\hlpw\Lib\Action\reserListAction.class.php 第 32 行.
SQL: SHOW COLUMNS FROM `usednumber` [ RunTime:0.004189s ]
SQL: SELECT * FROM `usednumber` WHERE ( number='661853148675' ) LIMIT 1   [ RunTime:0.000195s ]
SQL: SHOW COLUMNS FROM `partner` [ RunTime:0.005298s ]
SQL: SELECT * FROM `partner` WHERE ( id='3' )  [ RunTime:0.000170s ]
SQL: SHOW COLUMNS FROM `usednumber` [ RunTime:0.004009s ]
SQL: SELECT * FROM `usednumber` WHERE ( number='661853148675' ) LIMIT 1   [ RunTime:0.000164s ]
SQL: SHOW COLUMNS FROM `partner` [ RunTime:0.005036s ]
SQL: SELECT * FROM `partner` WHERE ( id='3' )  [ RunTime:0.000157s ]
NOTIC: [8192] Function split() is deprecated C:\wamp\www\hlpw\Lib\Action\reserListAction.class.php 第 32 行.
SQL: SHOW COLUMNS FROM `usednumber` [ RunTime:0.004231s ]
SQL: SELECT * FROM `usednumber` WHERE ( number='147768907351' ) LIMIT 1   [ RunTime:0.000205s ]
SQL: SHOW COLUMNS FROM `partner` [ RunTime:0.005194s ]
SQL: SELECT * FROM `partner` WHERE ( id='3' )  [ RunTime:0.000163s ]
SQL: SHOW COLUMNS FROM `usednumber` [ RunTime:0.003850s ]
SQL: SELECT * FROM `usednumber` WHERE ( number='147768907351' ) LIMIT 1   [ RunTime:0.000183s ]
SQL: SHOW COLUMNS FROM `partner` [ RunTime:0.005069s ]
SQL: SELECT * FROM `partner` WHERE ( id='3' )  [ RunTime:0.000172s ]
SQL: SHOW COLUMNS FROM `usednumber` [ RunTime:0.003934s ]
SQL: SELECT * FROM `usednumber` WHERE ( number='093931725157' ) LIMIT 1   [ RunTime:0.000157s ]
SQL: SHOW COLUMNS FROM `partner` [ RunTime:0.005067s ]
SQL: SELECT * FROM `partner` WHERE ( id='2' )  [ RunTime:0.000170s ]
SQL: SHOW COLUMNS FROM `usednumber` [ RunTime:0.004064s ]
SQL: SELECT * FROM `usednumber` WHERE ( number='093931725157' ) LIMIT 1   [ RunTime:0.000172s ]
SQL: SHOW COLUMNS FROM `partner` [ RunTime:0.005128s ]
SQL: SELECT * FROM `partner` WHERE ( id='2' )  [ RunTime:0.000166s ]

[ 2014-03-09T19:07:53+08:00 ] 127.0.0.1 /hlpw/?m=activeNumber
INFO: [ app_begin ] --START--
INFO: ReadHtmlCache Behavior ::run [ RunTime:0.000566s ]
INFO: [ app_begin ] --END-- [ RunTime:0.000626s ]
SQL: SHOW COLUMNS FROM `partner` [ RunTime:0.008430s ]
SQL: SELECT `name` FROM `partner`  [ RunTime:0.000229s ]
SQL: SHOW COLUMNS FROM `activenumber` [ RunTime:0.007026s ]
SQL: SELECT COUNT(*) AS tp_count FROM `activenumber` LIMIT 1   [ RunTime:0.000240s ]
SQL: SHOW COLUMNS FROM `place` [ RunTime:0.006104s ]
SQL: SELECT `placename` FROM `place` WHERE ( available=1 )  [ RunTime:0.000220s ]
SQL: SHOW COLUMNS FROM `activenumber` [ RunTime:0.006250s ]
SQL: SELECT `createdate` FROM `activenumber` ORDER BY createdate desc  [ RunTime:0.000621s ]
INFO: [ view_parse ] --START--
INFO: ParseTemplate Behavior ::run [ RunTime:0.008795s ]
INFO: [ view_parse ] --END-- [ RunTime:0.008861s ]
INFO: [ view_filter ] --START--
INFO: ContentReplace Behavior ::run [ RunTime:0.000486s ]
INFO: TokenBuild Behavior ::run [ RunTime:0.000432s ]
INFO: WriteHtmlCache Behavior ::run [ RunTime:0.000355s ]
INFO: ShowRuntime Behavior ::run [ RunTime:0.000454s ]
INFO: [ view_filter ] --END-- [ RunTime:0.001829s ]
INFO: [ view_end ] --START--
INFO: ShowPageTrace Behavior ::run [ RunTime:0.000525s ]
INFO: [ view_end ] --END-- [ RunTime:0.000560s ]

[ 2014-03-09T19:08:26+08:00 ] 127.0.0.1 /hlpw/?m=Admin
INFO: [ app_begin ] --START--
INFO: ReadHtmlCache Behavior ::run [ RunTime:0.000766s ]
INFO: [ app_begin ] --END-- [ RunTime:0.000862s ]
INFO: [ view_parse ] --START--
INFO: ParseTemplate Behavior ::run [ RunTime:0.005689s ]
INFO: [ view_parse ] --END-- [ RunTime:0.005753s ]
INFO: [ view_filter ] --START--
INFO: ContentReplace Behavior ::run [ RunTime:0.000463s ]
INFO: TokenBuild Behavior ::run [ RunTime:0.000418s ]
INFO: WriteHtmlCache Behavior ::run [ RunTime:0.000359s ]
INFO: ShowRuntime Behavior ::run [ RunTime:0.000466s ]
INFO: [ view_filter ] --END-- [ RunTime:0.001808s ]
INFO: [ view_end ] --START--
INFO: ShowPageTrace Behavior ::run [ RunTime:0.000541s ]
INFO: [ view_end ] --END-- [ RunTime:0.000576s ]

[ 2014-03-09T19:08:26+08:00 ] 127.0.0.1 /hlpw/?m=reserList
INFO: [ app_begin ] --START--
INFO: ReadHtmlCache Behavior ::run [ RunTime:0.000554s ]
INFO: [ app_begin ] --END-- [ RunTime:0.000618s ]
SQL: SHOW COLUMNS FROM `place` [ RunTime:0.011861s ]
SQL: SELECT `placename` FROM `place` WHERE ( available=1 )  [ RunTime:0.000294s ]
INFO: [ view_parse ] --START--
INFO: ParseTemplate Behavior ::run [ RunTime:0.010354s ]
INFO: [ view_parse ] --END-- [ RunTime:0.010428s ]
INFO: [ view_filter ] --START--
INFO: ContentReplace Behavior ::run [ RunTime:0.000513s ]
INFO: TokenBuild Behavior ::run [ RunTime:0.000424s ]
INFO: WriteHtmlCache Behavior ::run [ RunTime:0.000403s ]
INFO: ShowRuntime Behavior ::run [ RunTime:0.000450s ]
INFO: [ view_filter ] --END-- [ RunTime:0.001891s ]
INFO: [ view_end ] --START--
INFO: ShowPageTrace Behavior ::run [ RunTime:0.000587s ]
INFO: [ view_end ] --END-- [ RunTime:0.000623s ]

[ 2014-03-09T19:08:31+08:00 ] 127.0.0.1 /hlpw/?m=reserList&&a=ajaxQueryList&place=%E5%8C%97%E4%BA%AC%E6%AC%A2%E4%B9%90%E8%B0%B7&data=2014-03-09&queryBy=all
INFO: [ app_begin ] --START--
INFO: ReadHtmlCache Behavior ::run [ RunTime:0.000493s ]
INFO: [ app_begin ] --END-- [ RunTime:0.000537s ]
SQL: SHOW COLUMNS FROM `reservationlist` [ RunTime:0.009158s ]
SQL: SELECT * FROM `reservationlist` WHERE ( (`name` LIKE BINARY ('%2014-03-09%')) OR (`tel` LIKE BINARY ('%2014-03-09%')) OR (`idcard` LIKE BINARY ('%2014-03-09%')) OR (`playdate` LIKE BINARY ('%2014-03-09%')) OR (`playerid` LIKE BINARY ('%2014-03-09%')) OR (`place` LIKE BINARY ('%2014-03-09%')) OR (`createdate` LIKE BINARY ('%2014-03-09%')) ) AND ( `place` = '北京欢乐谷' ) ORDER BY playdate desc  [ RunTime:0.000377s ]
NOTIC: [8192] Function split() is deprecated C:\wamp\www\hlpw\Lib\Action\reserListAction.class.php 第 32 行.
SQL: SHOW COLUMNS FROM `usednumber` [ RunTime:0.004767s ]
SQL: SELECT * FROM `usednumber` WHERE ( number='661853148675' ) LIMIT 1   [ RunTime:0.000200s ]
SQL: SHOW COLUMNS FROM `partner` [ RunTime:0.005840s ]
SQL: SELECT * FROM `partner` WHERE ( id='3' )  [ RunTime:0.000206s ]
SQL: SHOW COLUMNS FROM `usednumber` [ RunTime:0.003923s ]
SQL: SELECT * FROM `usednumber` WHERE ( number='661853148675' ) LIMIT 1   [ RunTime:0.000177s ]
SQL: SHOW COLUMNS FROM `partner` [ RunTime:0.005181s ]
SQL: SELECT * FROM `partner` WHERE ( id='3' )  [ RunTime:0.000183s ]
NOTIC: [8192] Function split() is deprecated C:\wamp\www\hlpw\Lib\Action\reserListAction.class.php 第 32 行.
SQL: SHOW COLUMNS FROM `usednumber` [ RunTime:0.005303s ]
SQL: SELECT * FROM `usednumber` WHERE ( number='147768907351' ) LIMIT 1   [ RunTime:0.000172s ]
SQL: SHOW COLUMNS FROM `partner` [ RunTime:0.005959s ]
SQL: SELECT * FROM `partner` WHERE ( id='3' )  [ RunTime:0.000198s ]
SQL: SHOW COLUMNS FROM `usednumber` [ RunTime:0.003990s ]
SQL: SELECT * FROM `usednumber` WHERE ( number='147768907351' ) LIMIT 1   [ RunTime:0.000170s ]
SQL: SHOW COLUMNS FROM `partner` [ RunTime:0.005110s ]
SQL: SELECT * FROM `partner` WHERE ( id='3' )  [ RunTime:0.000160s ]
SQL: SHOW COLUMNS FROM `usednumber` [ RunTime:0.003972s ]
SQL: SELECT * FROM `usednumber` WHERE ( number='093931725157' ) LIMIT 1   [ RunTime:0.000166s ]
SQL: SHOW COLUMNS FROM `partner` [ RunTime:0.005268s ]
SQL: SELECT * FROM `partner` WHERE ( id='2' )  [ RunTime:0.000180s ]
SQL: SHOW COLUMNS FROM `usednumber` [ RunTime:0.003993s ]
SQL: SELECT * FROM `usednumber` WHERE ( number='093931725157' ) LIMIT 1   [ RunTime:0.000163s ]
SQL: SHOW COLUMNS FROM `partner` [ RunTime:0.005120s ]
SQL: SELECT * FROM `partner` WHERE ( id='2' )  [ RunTime:0.000176s ]

[ 2014-03-09T19:13:55+08:00 ] 127.0.0.1 /hlpw/?m=Admin
INFO: [ app_begin ] --START--
INFO: ReadHtmlCache Behavior ::run [ RunTime:0.000595s ]
INFO: [ app_begin ] --END-- [ RunTime:0.000657s ]
INFO: [ view_parse ] --START--
INFO: ParseTemplate Behavior ::run [ RunTime:0.005816s ]
INFO: [ view_parse ] --END-- [ RunTime:0.005887s ]
INFO: [ view_filter ] --START--
INFO: ContentReplace Behavior ::run [ RunTime:0.000410s ]
INFO: TokenBuild Behavior ::run [ RunTime:0.000360s ]
INFO: WriteHtmlCache Behavior ::run [ RunTime:0.000320s ]
INFO: ShowRuntime Behavior ::run [ RunTime:0.000416s ]
INFO: [ view_filter ] --END-- [ RunTime:0.001609s ]
INFO: [ view_end ] --START--
INFO: ShowPageTrace Behavior ::run [ RunTime:0.000486s ]
INFO: [ view_end ] --END-- [ RunTime:0.000520s ]

[ 2014-03-09T19:13:55+08:00 ] 127.0.0.1 /hlpw/?m=reserList
INFO: [ app_begin ] --START--
INFO: ReadHtmlCache Behavior ::run [ RunTime:0.000498s ]
INFO: [ app_begin ] --END-- [ RunTime:0.000561s ]
SQL: SHOW COLUMNS FROM `place` [ RunTime:0.007085s ]
SQL: SELECT `placename` FROM `place` WHERE ( available=1 )  [ RunTime:0.000217s ]
INFO: [ view_parse ] --START--
INFO: ParseTemplate Behavior ::run [ RunTime:0.006964s ]
INFO: [ view_parse ] --END-- [ RunTime:0.007025s ]
INFO: [ view_filter ] --START--
INFO: ContentReplace Behavior ::run [ RunTime:0.000399s ]
INFO: TokenBuild Behavior ::run [ RunTime:0.000348s ]
INFO: WriteHtmlCache Behavior ::run [ RunTime:0.000290s ]
INFO: ShowRuntime Behavior ::run [ RunTime:0.000393s ]
INFO: [ view_filter ] --END-- [ RunTime:0.001534s ]
INFO: [ view_end ] --START--
INFO: ShowPageTrace Behavior ::run [ RunTime:0.000464s ]
INFO: [ view_end ] --END-- [ RunTime:0.000499s ]

[ 2014-03-09T19:13:55+08:00 ] 127.0.0.1 /hlpw/?m=Admin
INFO: [ app_begin ] --START--
INFO: ReadHtmlCache Behavior ::run [ RunTime:0.000721s ]
INFO: [ app_begin ] --END-- [ RunTime:0.000794s ]
INFO: [ view_parse ] --START--
INFO: ParseTemplate Behavior ::run [ RunTime:0.005729s ]
INFO: [ view_parse ] --END-- [ RunTime:0.005796s ]
INFO: [ view_filter ] --START--
INFO: ContentReplace Behavior ::run [ RunTime:0.000502s ]
INFO: TokenBuild Behavior ::run [ RunTime:0.000453s ]
INFO: WriteHtmlCache Behavior ::run [ RunTime:0.000396s ]
INFO: ShowRuntime Behavior ::run [ RunTime:0.000480s ]
INFO: [ view_filter ] --END-- [ RunTime:0.001936s ]
INFO: [ view_end ] --START--
INFO: ShowPageTrace Behavior ::run [ RunTime:0.000552s ]
INFO: [ view_end ] --END-- [ RunTime:0.000588s ]

[ 2014-03-09T19:13:55+08:00 ] 127.0.0.1 /hlpw/?m=reserList
INFO: [ app_begin ] --START--
INFO: ReadHtmlCache Behavior ::run [ RunTime:0.000506s ]
INFO: [ app_begin ] --END-- [ RunTime:0.000557s ]
SQL: SHOW COLUMNS FROM `place` [ RunTime:0.005130s ]
SQL: SELECT `placename` FROM `place` WHERE ( available=1 )  [ RunTime:0.000227s ]
INFO: [ view_parse ] --START--
INFO: ParseTemplate Behavior ::run [ RunTime:0.007057s ]
INFO: [ view_parse ] --END-- [ RunTime:0.007122s ]
INFO: [ view_filter ] --START--
INFO: ContentReplace Behavior ::run [ RunTime:0.000495s ]
INFO: TokenBuild Behavior ::run [ RunTime:0.000434s ]
INFO: WriteHtmlCache Behavior ::run [ RunTime:0.000374s ]
INFO: ShowRuntime Behavior ::run [ RunTime:0.000486s ]
INFO: [ view_filter ] --END-- [ RunTime:0.001895s ]
INFO: [ view_end ] --START--
INFO: ShowPageTrace Behavior ::run [ RunTime:0.000538s ]
INFO: [ view_end ] --END-- [ RunTime:0.000574s ]

[ 2014-03-09T19:13:57+08:00 ] 127.0.0.1 /hlpw/?m=reserList&&a=ajaxQueryList&place=%E5%8C%97%E4%BA%AC%E6%AC%A2%E4%B9%90%E8%B0%B7&data=2014-03-09&queryBy=all
INFO: [ app_begin ] --START--
INFO: ReadHtmlCache Behavior ::run [ RunTime:0.000516s ]
INFO: [ app_begin ] --END-- [ RunTime:0.000560s ]
SQL: SHOW COLUMNS FROM `reservationlist` [ RunTime:0.009398s ]
SQL: SELECT * FROM `reservationlist` WHERE ( (`name` LIKE BINARY ('%2014-03-09%')) OR (`tel` LIKE BINARY ('%2014-03-09%')) OR (`idcard` LIKE BINARY ('%2014-03-09%')) OR (`playdate` LIKE BINARY ('%2014-03-09%')) OR (`playerid` LIKE BINARY ('%2014-03-09%')) OR (`place` LIKE BINARY ('%2014-03-09%')) OR (`createdate` LIKE BINARY ('%2014-03-09%')) ) AND ( `place` = '北京欢乐谷' ) ORDER BY playdate desc  [ RunTime:0.000368s ]
NOTIC: [8192] Function split() is deprecated C:\wamp\www\hlpw\Lib\Action\reserListAction.class.php 第 32 行.
SQL: SHOW COLUMNS FROM `usednumber` [ RunTime:0.004875s ]
SQL: SELECT * FROM `usednumber` WHERE ( number='661853148675' ) LIMIT 1   [ RunTime:0.000213s ]
SQL: SHOW COLUMNS FROM `partner` [ RunTime:0.005954s ]
SQL: SELECT * FROM `partner` WHERE ( id='3' )  [ RunTime:0.000172s ]
SQL: SHOW COLUMNS FROM `usednumber` [ RunTime:0.003854s ]
SQL: SELECT * FROM `usednumber` WHERE ( number='661853148675' ) LIMIT 1   [ RunTime:0.000167s ]
SQL: SHOW COLUMNS FROM `partner` [ RunTime:0.004976s ]
SQL: SELECT * FROM `partner` WHERE ( id='3' )  [ RunTime:0.000159s ]
NOTIC: [8192] Function split() is deprecated C:\wamp\www\hlpw\Lib\Action\reserListAction.class.php 第 32 行.
SQL: SHOW COLUMNS FROM `usednumber` [ RunTime:0.003836s ]
SQL: SELECT * FROM `usednumber` WHERE ( number='147768907351' ) LIMIT 1   [ RunTime:0.000163s ]
SQL: SHOW COLUMNS FROM `partner` [ RunTime:0.005042s ]
SQL: SELECT * FROM `partner` WHERE ( id='3' )  [ RunTime:0.000202s ]
SQL: SHOW COLUMNS FROM `usednumber` [ RunTime:0.003915s ]
SQL: SELECT * FROM `usednumber` WHERE ( number='147768907351' ) LIMIT 1   [ RunTime:0.000162s ]
SQL: SHOW COLUMNS FROM `partner` [ RunTime:0.004952s ]
SQL: SELECT * FROM `partner` WHERE ( id='3' )  [ RunTime:0.000150s ]
SQL: SHOW COLUMNS FROM `usednumber` [ RunTime:0.003837s ]
SQL: SELECT * FROM `usednumber` WHERE ( number='093931725157' ) LIMIT 1   [ RunTime:0.000157s ]
SQL: SHOW COLUMNS FROM `partner` [ RunTime:0.004994s ]
SQL: SELECT * FROM `partner` WHERE ( id='2' )  [ RunTime:0.000157s ]
SQL: SHOW COLUMNS FROM `usednumber` [ RunTime:0.003820s ]
SQL: SELECT * FROM `usednumber` WHERE ( number='093931725157' ) LIMIT 1   [ RunTime:0.000157s ]
SQL: SHOW COLUMNS FROM `partner` [ RunTime:0.005125s ]
SQL: SELECT * FROM `partner` WHERE ( id='2' )  [ RunTime:0.000155s ]

[ 2014-03-09T19:13:59+08:00 ] 127.0.0.1 /hlpw/?m=reserList&&a=exportsExc
INFO: [ app_begin ] --START--
INFO: ReadHtmlCache Behavior ::run [ RunTime:0.000650s ]
INFO: [ app_begin ] --END-- [ RunTime:0.000714s ]
NOTIC: [8] Array to string conversion C:\wamp\www\hlpw\Lib\Action\reserListAction.class.php 第 89 行.
NOTIC: [8] Array to string conversion C:\wamp\www\hlpw\Lib\Action\reserListAction.class.php 第 89 行.

[ 2014-03-09T19:14:32+08:00 ] 127.0.0.1 /hlpw/?m=Admin
INFO: [ app_begin ] --START--
INFO: ReadHtmlCache Behavior ::run [ RunTime:0.000667s ]
INFO: [ app_begin ] --END-- [ RunTime:0.000738s ]
INFO: [ view_parse ] --START--
INFO: ParseTemplate Behavior ::run [ RunTime:0.008925s ]
INFO: [ view_parse ] --END-- [ RunTime:0.008995s ]
INFO: [ view_filter ] --START--
INFO: ContentReplace Behavior ::run [ RunTime:0.000542s ]
INFO: TokenBuild Behavior ::run [ RunTime:0.000454s ]
INFO: WriteHtmlCache Behavior ::run [ RunTime:0.000402s ]
INFO: ShowRuntime Behavior ::run [ RunTime:0.000476s ]
INFO: [ view_filter ] --END-- [ RunTime:0.001980s ]
INFO: [ view_end ] --START--
INFO: ShowPageTrace Behavior ::run [ RunTime:0.000592s ]
INFO: [ view_end ] --END-- [ RunTime:0.000627s ]

[ 2014-03-09T19:14:32+08:00 ] 127.0.0.1 /hlpw/?m=reserList
INFO: [ app_begin ] --START--
INFO: ReadHtmlCache Behavior ::run [ RunTime:0.000601s ]
INFO: [ app_begin ] --END-- [ RunTime:0.000666s ]
SQL: SHOW COLUMNS FROM `place` [ RunTime:0.007210s ]
SQL: SELECT `placename` FROM `place` WHERE ( available=1 )  [ RunTime:0.000216s ]
INFO: [ view_parse ] --START--
INFO: ParseTemplate Behavior ::run [ RunTime:0.006733s ]
INFO: [ view_parse ] --END-- [ RunTime:0.006798s ]
INFO: [ view_filter ] --START--
INFO: ContentReplace Behavior ::run [ RunTime:0.000530s ]
INFO: TokenBuild Behavior ::run [ RunTime:0.000555s ]
INFO: WriteHtmlCache Behavior ::run [ RunTime:0.000420s ]
INFO: ShowRuntime Behavior ::run [ RunTime:0.000515s ]
INFO: [ view_filter ] --END-- [ RunTime:0.002146s ]
INFO: [ view_end ] --START--
INFO: ShowPageTrace Behavior ::run [ RunTime:0.000595s ]
INFO: [ view_end ] --END-- [ RunTime:0.000642s ]

[ 2014-03-09T19:14:37+08:00 ] 127.0.0.1 /hlpw/?m=reserList&&a=ajaxQueryList&place=%E5%8C%97%E4%BA%AC%E6%AC%A2%E4%B9%90%E8%B0%B7&data=2014-03-09&queryBy=all
INFO: [ app_begin ] --START--
INFO: ReadHtmlCache Behavior ::run [ RunTime:0.000498s ]
INFO: [ app_begin ] --END-- [ RunTime:0.000539s ]
SQL: SHOW COLUMNS FROM `reservationlist` [ RunTime:0.009257s ]
SQL: SELECT * FROM `reservationlist` WHERE ( (`name` LIKE BINARY ('%2014-03-09%')) OR (`tel` LIKE BINARY ('%2014-03-09%')) OR (`idcard` LIKE BINARY ('%2014-03-09%')) OR (`playdate` LIKE BINARY ('%2014-03-09%')) OR (`playerid` LIKE BINARY ('%2014-03-09%')) OR (`place` LIKE BINARY ('%2014-03-09%')) OR (`createdate` LIKE BINARY ('%2014-03-09%')) ) AND ( `place` = '北京欢乐谷' ) ORDER BY playdate desc  [ RunTime:0.000367s ]
NOTIC: [8192] Function split() is deprecated C:\wamp\www\hlpw\Lib\Action\reserListAction.class.php 第 32 行.
SQL: SHOW COLUMNS FROM `usednumber` [ RunTime:0.004802s ]
SQL: SELECT * FROM `usednumber` WHERE ( number='661853148675' ) LIMIT 1   [ RunTime:0.000212s ]
SQL: SHOW COLUMNS FROM `partner` [ RunTime:0.005737s ]
SQL: SELECT * FROM `partner` WHERE ( id='3' )  [ RunTime:0.000177s ]
SQL: SHOW COLUMNS FROM `usednumber` [ RunTime:0.003994s ]
SQL: SELECT * FROM `usednumber` WHERE ( number='661853148675' ) LIMIT 1   [ RunTime:0.000168s ]
SQL: SHOW COLUMNS FROM `partner` [ RunTime:0.005173s ]
SQL: SELECT * FROM `partner` WHERE ( id='3' )  [ RunTime:0.000161s ]
NOTIC: [8192] Function split() is deprecated C:\wamp\www\hlpw\Lib\Action\reserListAction.class.php 第 32 行.
SQL: SHOW COLUMNS FROM `usednumber` [ RunTime:0.003937s ]
SQL: SELECT * FROM `usednumber` WHERE ( number='147768907351' ) LIMIT 1   [ RunTime:0.000169s ]
SQL: SHOW COLUMNS FROM `partner` [ RunTime:0.004967s ]
SQL: SELECT * FROM `partner` WHERE ( id='3' )  [ RunTime:0.000155s ]
SQL: SHOW COLUMNS FROM `usednumber` [ RunTime:0.004052s ]
SQL: SELECT * FROM `usednumber` WHERE ( number='147768907351' ) LIMIT 1   [ RunTime:0.000159s ]
SQL: SHOW COLUMNS FROM `partner` [ RunTime:0.005040s ]
SQL: SELECT * FROM `partner` WHERE ( id='3' )  [ RunTime:0.000152s ]
SQL: SHOW COLUMNS FROM `usednumber` [ RunTime:0.004016s ]
SQL: SELECT * FROM `usednumber` WHERE ( number='093931725157' ) LIMIT 1   [ RunTime:0.000161s ]
SQL: SHOW COLUMNS FROM `partner` [ RunTime:0.005220s ]
SQL: SELECT * FROM `partner` WHERE ( id='2' )  [ RunTime:0.000157s ]
SQL: SHOW COLUMNS FROM `usednumber` [ RunTime:0.003967s ]
SQL: SELECT * FROM `usednumber` WHERE ( number='093931725157' ) LIMIT 1   [ RunTime:0.000163s ]
SQL: SHOW COLUMNS FROM `partner` [ RunTime:0.004971s ]
SQL: SELECT * FROM `partner` WHERE ( id='2' )  [ RunTime:0.000152s ]

[ 2014-03-09T19:14:38+08:00 ] 127.0.0.1 /hlpw/?m=reserList&&a=exportsExc
INFO: [ app_begin ] --START--
INFO: ReadHtmlCache Behavior ::run [ RunTime:0.000587s ]
INFO: [ app_begin ] --END-- [ RunTime:0.000647s ]
NOTIC: [8] Array to string conversion C:\wamp\www\hlpw\Lib\Action\reserListAction.class.php 第 90 行.
NOTIC: [8] Array to string conversion C:\wamp\www\hlpw\Lib\Action\reserListAction.class.php 第 90 行.

[ 2014-03-09T19:16:44+08:00 ] 127.0.0.1 /hlpw/?m=reserList&&a=ajaxQueryList&place=%E5%8C%97%E4%BA%AC%E6%AC%A2%E4%B9%90%E8%B0%B7&data=2014-03-09&queryBy=all
INFO: [ app_begin ] --START--
INFO: ReadHtmlCache Behavior ::run [ RunTime:0.000543s ]
INFO: [ app_begin ] --END-- [ RunTime:0.000587s ]
SQL: SHOW COLUMNS FROM `reservationlist` [ RunTime:0.009173s ]
SQL: SELECT * FROM `reservationlist` WHERE ( (`name` LIKE BINARY ('%2014-03-09%')) OR (`tel` LIKE BINARY ('%2014-03-09%')) OR (`idcard` LIKE BINARY ('%2014-03-09%')) OR (`playdate` LIKE BINARY ('%2014-03-09%')) OR (`playerid` LIKE BINARY ('%2014-03-09%')) OR (`place` LIKE BINARY ('%2014-03-09%')) OR (`createdate` LIKE BINARY ('%2014-03-09%')) ) AND ( `place` = '北京欢乐谷' ) ORDER BY playdate desc  [ RunTime:0.000384s ]
NOTIC: [8192] Function split() is deprecated C:\wamp\www\hlpw\Lib\Action\reserListAction.class.php 第 32 行.
SQL: SHOW COLUMNS FROM `usednumber` [ RunTime:0.004588s ]
SQL: SELECT * FROM `usednumber` WHERE ( number='661853148675' ) LIMIT 1   [ RunTime:0.000183s ]
SQL: SHOW COLUMNS FROM `partner` [ RunTime:0.005702s ]
SQL: SELECT * FROM `partner` WHERE ( id='3' )  [ RunTime:0.000164s ]
SQL: SHOW COLUMNS FROM `usednumber` [ RunTime:0.003897s ]
SQL: SELECT * FROM `usednumber` WHERE ( number='661853148675' ) LIMIT 1   [ RunTime:0.000171s ]
SQL: SHOW COLUMNS FROM `partner` [ RunTime:0.005004s ]
SQL: SELECT * FROM `partner` WHERE ( id='3' )  [ RunTime:0.000160s ]
NOTIC: [8192] Function split() is deprecated C:\wamp\www\hlpw\Lib\Action\reserListAction.class.php 第 32 行.
SQL: SHOW COLUMNS FROM `usednumber` [ RunTime:0.003776s ]
SQL: SELECT * FROM `usednumber` WHERE ( number='147768907351' ) LIMIT 1   [ RunTime:0.000158s ]
SQL: SHOW COLUMNS FROM `partner` [ RunTime:0.005038s ]
SQL: SELECT * FROM `partner` WHERE ( id='3' )  [ RunTime:0.000152s ]
SQL: SHOW COLUMNS FROM `usednumber` [ RunTime:0.003820s ]
SQL: SELECT * FROM `usednumber` WHERE ( number='147768907351' ) LIMIT 1   [ RunTime:0.000158s ]
SQL: SHOW COLUMNS FROM `partner` [ RunTime:0.004982s ]
SQL: SELECT * FROM `partner` WHERE ( id='3' )  [ RunTime:0.000154s ]
SQL: SHOW COLUMNS FROM `usednumber` [ RunTime:0.003855s ]
SQL: SELECT * FROM `usednumber` WHERE ( number='093931725157' ) LIMIT 1   [ RunTime:0.000158s ]
SQL: SHOW COLUMNS FROM `partner` [ RunTime:0.005002s ]
SQL: SELECT * FROM `partner` WHERE ( id='2' )  [ RunTime:0.000156s ]
SQL: SHOW COLUMNS FROM `usednumber` [ RunTime:0.004057s ]
SQL: SELECT * FROM `usednumber` WHERE ( number='093931725157' ) LIMIT 1   [ RunTime:0.000166s ]
SQL: SHOW COLUMNS FROM `partner` [ RunTime:0.005122s ]
SQL: SELECT * FROM `partner` WHERE ( id='2' )  [ RunTime:0.000157s ]

[ 2014-03-09T19:16:45+08:00 ] 127.0.0.1 /hlpw/?m=reserList&&a=ajaxQueryList&place=%E5%8C%97%E4%BA%AC%E6%AC%A2%E4%B9%90%E8%B0%B7&data=2014-03-09&queryBy=all
INFO: [ app_begin ] --START--
INFO: ReadHtmlCache Behavior ::run [ RunTime:0.000515s ]
INFO: [ app_begin ] --END-- [ RunTime:0.000563s ]
SQL: SHOW COLUMNS FROM `reservationlist` [ RunTime:0.010306s ]
SQL: SELECT * FROM `reservationlist` WHERE ( (`name` LIKE BINARY ('%2014-03-09%')) OR (`tel` LIKE BINARY ('%2014-03-09%')) OR (`idcard` LIKE BINARY ('%2014-03-09%')) OR (`playdate` LIKE BINARY ('%2014-03-09%')) OR (`playerid` LIKE BINARY ('%2014-03-09%')) OR (`place` LIKE BINARY ('%2014-03-09%')) OR (`createdate` LIKE BINARY ('%2014-03-09%')) ) AND ( `place` = '北京欢乐谷' ) ORDER BY playdate desc  [ RunTime:0.000375s ]
NOTIC: [8192] Function split() is deprecated C:\wamp\www\hlpw\Lib\Action\reserListAction.class.php 第 32 行.
SQL: SHOW COLUMNS FROM `usednumber` [ RunTime:0.005363s ]
SQL: SELECT * FROM `usednumber` WHERE ( number='661853148675' ) LIMIT 1   [ RunTime:0.000292s ]
SQL: SHOW COLUMNS FROM `partner` [ RunTime:0.006201s ]
SQL: SELECT * FROM `partner` WHERE ( id='3' )  [ RunTime:0.000192s ]
SQL: SHOW COLUMNS FROM `usednumber` [ RunTime:0.003880s ]
SQL: SELECT * FROM `usednumber` WHERE ( number='661853148675' ) LIMIT 1   [ RunTime:0.000164s ]
SQL: SHOW COLUMNS FROM `partner` [ RunTime:0.005879s ]
SQL: SELECT * FROM `partner` WHERE ( id='3' )  [ RunTime:0.000232s ]
NOTIC: [8192] Function split() is deprecated C:\wamp\www\hlpw\Lib\Action\reserListAction.class.php 第 32 行.
SQL: SHOW COLUMNS FROM `usednumber` [ RunTime:0.004395s ]
SQL: SELECT * FROM `usednumber` WHERE ( number='147768907351' ) LIMIT 1   [ RunTime:0.000216s ]
SQL: SHOW COLUMNS FROM `partner` [ RunTime:0.005505s ]
SQL: SELECT * FROM `partner` WHERE ( id='3' )  [ RunTime:0.000222s ]
SQL: SHOW COLUMNS FROM `usednumber` [ RunTime:0.004102s ]
SQL: SELECT * FROM `usednumber` WHERE ( number='147768907351' ) LIMIT 1   [ RunTime:0.000174s ]
SQL: SHOW COLUMNS FROM `partner` [ RunTime:0.005265s ]
SQL: SELECT * FROM `partner` WHERE ( id='3' )  [ RunTime:0.000172s ]
SQL: SHOW COLUMNS FROM `usednumber` [ RunTime:0.004194s ]
SQL: SELECT * FROM `usednumber` WHERE ( number='093931725157' ) LIMIT 1   [ RunTime:0.000184s ]
SQL: SHOW COLUMNS FROM `partner` [ RunTime:0.005084s ]
SQL: SELECT * FROM `partner` WHERE ( id='2' )  [ RunTime:0.000179s ]
SQL: SHOW COLUMNS FROM `usednumber` [ RunTime:0.003946s ]
SQL: SELECT * FROM `usednumber` WHERE ( number='093931725157' ) LIMIT 1   [ RunTime:0.000176s ]
SQL: SHOW COLUMNS FROM `partner` [ RunTime:0.005296s ]
SQL: SELECT * FROM `partner` WHERE ( id='2' )  [ RunTime:0.000168s ]

[ 2014-03-09T19:16:45+08:00 ] 127.0.0.1 /hlpw/?m=reserList&&a=exportsExc
INFO: [ app_begin ] --START--
INFO: ReadHtmlCache Behavior ::run [ RunTime:0.000512s ]
INFO: [ app_begin ] --END-- [ RunTime:0.000558s ]

