[ 2014-03-22T18:17:26+08:00 ] 127.0.0.1 /hlpw/?m=User
INFO: [ app_begin ] --START--
INFO: ReadHtmlCache Behavior ::run [ RunTime:0.018481s ]
INFO: [ app_begin ] --END-- [ RunTime:0.018618s ]
INFO: [ view_parse ] --START--
INFO: ParseTemplate Behavior ::run [ RunTime:0.111218s ]
INFO: [ view_parse ] --END-- [ RunTime:0.111345s ]
INFO: [ view_filter ] --START--
INFO: ContentReplace Behavior ::run [ RunTime:0.011117s ]
INFO: TokenBuild Behavior ::run [ RunTime:0.008726s ]
INFO: WriteHtmlCache Behavior ::run [ RunTime:0.005359s ]
INFO: ShowRuntime Behavior ::run [ RunTime:0.003703s ]
INFO: [ view_filter ] --END-- [ RunTime:0.029176s ]
INFO: [ view_end ] --START--
INFO: ShowPageTrace Behavior ::run [ RunTime:0.020673s ]
INFO: [ view_end ] --END-- [ RunTime:0.020767s ]

[ 2014-03-22T18:17:27+08:00 ] 127.0.0.1 /hlpw/?m=Admin
INFO: [ app_begin ] --START--
INFO: ReadHtmlCache Behavior ::run [ RunTime:0.000419s ]
INFO: [ app_begin ] --END-- [ RunTime:0.000507s ]
INFO: [ view_parse ] --START--
INFO: ParseTemplate Behavior ::run [ RunTime:0.019045s ]
INFO: [ view_parse ] --END-- [ RunTime:0.019157s ]
INFO: [ view_filter ] --START--
INFO: ContentReplace Behavior ::run [ RunTime:0.000515s ]
INFO: TokenBuild Behavior ::run [ RunTime:0.000480s ]
INFO: WriteHtmlCache Behavior ::run [ RunTime:0.000394s ]
INFO: ShowRuntime Behavior ::run [ RunTime:0.000537s ]
INFO: [ view_filter ] --END-- [ RunTime:0.002119s ]
INFO: [ view_end ] --START--
INFO: ShowPageTrace Behavior ::run [ RunTime:0.000594s ]
INFO: [ view_end ] --END-- [ RunTime:0.000661s ]

[ 2014-03-22T18:17:57+08:00 ] 127.0.0.1 /hlpw/?m=Admin
INFO: [ app_begin ] --START--
INFO: ReadHtmlCache Behavior ::run [ RunTime:0.000520s ]
INFO: [ app_begin ] --END-- [ RunTime:0.000614s ]
INFO: [ view_parse ] --START--
INFO: ParseTemplate Behavior ::run [ RunTime:0.009261s ]
INFO: [ view_parse ] --END-- [ RunTime:0.009382s ]
INFO: [ view_filter ] --START--
INFO: ContentReplace Behavior ::run [ RunTime:0.000422s ]
INFO: TokenBuild Behavior ::run [ RunTime:0.000372s ]
INFO: WriteHtmlCache Behavior ::run [ RunTime:0.000287s ]
INFO: ShowRuntime Behavior ::run [ RunTime:0.000436s ]
INFO: [ view_filter ] --END-- [ RunTime:0.001712s ]
INFO: [ view_end ] --START--
INFO: ShowPageTrace Behavior ::run [ RunTime:0.000483s ]
INFO: [ view_end ] --END-- [ RunTime:0.000552s ]

[ 2014-03-22T18:18:02+08:00 ] 127.0.0.1 /hlpw/?m=Admin
INFO: [ app_begin ] --START--
INFO: ReadHtmlCache Behavior ::run [ RunTime:0.000602s ]
INFO: [ app_begin ] --END-- [ RunTime:0.000709s ]
INFO: [ view_parse ] --START--
INFO: ParseTemplate Behavior ::run [ RunTime:0.006754s ]
INFO: [ view_parse ] --END-- [ RunTime:0.006854s ]
INFO: [ view_filter ] --START--
INFO: ContentReplace Behavior ::run [ RunTime:0.000480s ]
INFO: TokenBuild Behavior ::run [ RunTime:0.000524s ]
INFO: WriteHtmlCache Behavior ::run [ RunTime:0.000378s ]
INFO: ShowRuntime Behavior ::run [ RunTime:0.000538s ]
INFO: [ view_filter ] --END-- [ RunTime:0.002109s ]
INFO: [ view_end ] --START--
INFO: ShowPageTrace Behavior ::run [ RunTime:0.000590s ]
INFO: [ view_end ] --END-- [ RunTime:0.000658s ]

[ 2014-03-22T18:19:35+08:00 ] 127.0.0.1 /hlpw/?m=Admin
INFO: [ app_begin ] --START--
INFO: ReadHtmlCache Behavior ::run [ RunTime:0.000643s ]
INFO: [ app_begin ] --END-- [ RunTime:0.000753s ]
INFO: [ view_parse ] --START--
INFO: ParseTemplate Behavior ::run [ RunTime:0.009033s ]
INFO: [ view_parse ] --END-- [ RunTime:0.009145s ]
INFO: [ view_filter ] --START--
INFO: ContentReplace Behavior ::run [ RunTime:0.000489s ]
INFO: TokenBuild Behavior ::run [ RunTime:0.000420s ]
INFO: WriteHtmlCache Behavior ::run [ RunTime:0.000335s ]
INFO: ShowRuntime Behavior ::run [ RunTime:0.000474s ]
INFO: [ view_filter ] --END-- [ RunTime:0.001912s ]
INFO: [ view_end ] --START--
INFO: ShowPageTrace Behavior ::run [ RunTime:0.000529s ]
INFO: [ view_end ] --END-- [ RunTime:0.000598s ]

[ 2014-03-22T18:19:36+08:00 ] 127.0.0.1 /hlpw/?m=userinfo
INFO: [ app_begin ] --START--
INFO: ReadHtmlCache Behavior ::run [ RunTime:0.000538s ]
INFO: [ app_begin ] --END-- [ RunTime:0.000634s ]

[ 2014-03-22T18:19:59+08:00 ] 127.0.0.1 /hlpw/?m=Admin
INFO: [ app_begin ] --START--
INFO: ReadHtmlCache Behavior ::run [ RunTime:0.000670s ]
INFO: [ app_begin ] --END-- [ RunTime:0.000790s ]
INFO: [ view_parse ] --START--
INFO: ParseTemplate Behavior ::run [ RunTime:0.005860s ]
INFO: [ view_parse ] --END-- [ RunTime:0.005960s ]
INFO: [ view_filter ] --START--
INFO: ContentReplace Behavior ::run [ RunTime:0.000431s ]
INFO: TokenBuild Behavior ::run [ RunTime:0.000362s ]
INFO: WriteHtmlCache Behavior ::run [ RunTime:0.000283s ]
INFO: ShowRuntime Behavior ::run [ RunTime:0.000428s ]
INFO: [ view_filter ] --END-- [ RunTime:0.001705s ]
INFO: [ view_end ] --START--
INFO: ShowPageTrace Behavior ::run [ RunTime:0.000483s ]
INFO: [ view_end ] --END-- [ RunTime:0.000552s ]

[ 2014-03-22T18:19:59+08:00 ] 127.0.0.1 /hlpw/?m=userinfo
INFO: [ app_begin ] --START--
INFO: ReadHtmlCache Behavior ::run [ RunTime:0.000518s ]
INFO: [ app_begin ] --END-- [ RunTime:0.000614s ]
INFO: [ view_parse ] --START--
INFO: ParseTemplate Behavior ::run [ RunTime:0.023802s ]
INFO: [ view_parse ] --END-- [ RunTime:0.023911s ]
INFO: [ view_filter ] --START--
INFO: ContentReplace Behavior ::run [ RunTime:0.000333s ]
INFO: TokenBuild Behavior ::run [ RunTime:0.000317s ]
INFO: WriteHtmlCache Behavior ::run [ RunTime:0.000223s ]
INFO: ShowRuntime Behavior ::run [ RunTime:0.000378s ]
INFO: [ view_filter ] --END-- [ RunTime:0.001444s ]
INFO: [ view_end ] --START--
INFO: ShowPageTrace Behavior ::run [ RunTime:0.000417s ]
INFO: [ view_end ] --END-- [ RunTime:0.000485s ]

[ 2014-03-22T18:20:19+08:00 ] 127.0.0.1 /hlpw/?m=Admin
INFO: [ app_begin ] --START--
INFO: ReadHtmlCache Behavior ::run [ RunTime:0.000539s ]
INFO: [ app_begin ] --END-- [ RunTime:0.000670s ]
INFO: [ view_parse ] --START--
INFO: ParseTemplate Behavior ::run [ RunTime:0.005638s ]
INFO: [ view_parse ] --END-- [ RunTime:0.005768s ]
INFO: [ view_filter ] --START--
INFO: ContentReplace Behavior ::run [ RunTime:0.000320s ]
INFO: TokenBuild Behavior ::run [ RunTime:0.000324s ]
INFO: WriteHtmlCache Behavior ::run [ RunTime:0.000216s ]
INFO: ShowRuntime Behavior ::run [ RunTime:0.000361s ]
INFO: [ view_filter ] --END-- [ RunTime:0.001405s ]
INFO: [ view_end ] --START--
INFO: ShowPageTrace Behavior ::run [ RunTime:0.000429s ]
INFO: [ view_end ] --END-- [ RunTime:0.000494s ]

[ 2014-03-22T18:20:19+08:00 ] 127.0.0.1 /hlpw/?m=userinfo
INFO: [ app_begin ] --START--
INFO: ReadHtmlCache Behavior ::run [ RunTime:0.000520s ]
INFO: [ app_begin ] --END-- [ RunTime:0.000613s ]
INFO: [ view_parse ] --START--
INFO: ParseTemplate Behavior ::run [ RunTime:0.007590s ]
INFO: [ view_parse ] --END-- [ RunTime:0.007701s ]
INFO: [ view_filter ] --START--
INFO: ContentReplace Behavior ::run [ RunTime:0.000360s ]
INFO: TokenBuild Behavior ::run [ RunTime:0.000319s ]
INFO: WriteHtmlCache Behavior ::run [ RunTime:0.000224s ]
INFO: ShowRuntime Behavior ::run [ RunTime:0.000374s ]
INFO: [ view_filter ] --END-- [ RunTime:0.001470s ]
INFO: [ view_end ] --START--
INFO: ShowPageTrace Behavior ::run [ RunTime:0.000420s ]
INFO: [ view_end ] --END-- [ RunTime:0.000489s ]

[ 2014-03-22T18:20:42+08:00 ] 127.0.0.1 /hlpw/?m=Admin
INFO: [ app_begin ] --START--
INFO: ReadHtmlCache Behavior ::run [ RunTime:0.000526s ]
INFO: [ app_begin ] --END-- [ RunTime:0.000614s ]
INFO: [ view_parse ] --START--
INFO: ParseTemplate Behavior ::run [ RunTime:0.006265s ]
INFO: [ view_parse ] --END-- [ RunTime:0.006389s ]
INFO: [ view_filter ] --START--
INFO: ContentReplace Behavior ::run [ RunTime:0.000416s ]
INFO: TokenBuild Behavior ::run [ RunTime:0.000402s ]
INFO: WriteHtmlCache Behavior ::run [ RunTime:0.000295s ]
INFO: ShowRuntime Behavior ::run [ RunTime:0.000459s ]
INFO: [ view_filter ] --END-- [ RunTime:0.001765s ]
INFO: [ view_end ] --START--
INFO: ShowPageTrace Behavior ::run [ RunTime:0.000516s ]
INFO: [ view_end ] --END-- [ RunTime:0.000584s ]

[ 2014-03-22T18:20:43+08:00 ] 127.0.0.1 /hlpw/?m=userinfo
INFO: [ app_begin ] --START--
INFO: ReadHtmlCache Behavior ::run [ RunTime:0.000575s ]
INFO: [ app_begin ] --END-- [ RunTime:0.000666s ]
INFO: [ view_parse ] --START--
INFO: ParseTemplate Behavior ::run [ RunTime:0.008278s ]
INFO: [ view_parse ] --END-- [ RunTime:0.008391s ]
INFO: [ view_filter ] --START--
INFO: ContentReplace Behavior ::run [ RunTime:0.000505s ]
INFO: TokenBuild Behavior ::run [ RunTime:0.000456s ]
INFO: WriteHtmlCache Behavior ::run [ RunTime:0.000307s ]
INFO: ShowRuntime Behavior ::run [ RunTime:0.000565s ]
INFO: [ view_filter ] --END-- [ RunTime:0.002044s ]
INFO: [ view_end ] --START--
INFO: ShowPageTrace Behavior ::run [ RunTime:0.000643s ]
INFO: [ view_end ] --END-- [ RunTime:0.000726s ]

[ 2014-03-22T18:21:15+08:00 ] 127.0.0.1 /hlpw/?m=Admin
INFO: [ app_begin ] --START--
INFO: ReadHtmlCache Behavior ::run [ RunTime:0.000495s ]
INFO: [ app_begin ] --END-- [ RunTime:0.000581s ]
INFO: [ view_parse ] --START--
INFO: ParseTemplate Behavior ::run [ RunTime:0.006432s ]
INFO: [ view_parse ] --END-- [ RunTime:0.006581s ]
INFO: [ view_filter ] --START--
INFO: ContentReplace Behavior ::run [ RunTime:0.000453s ]
INFO: TokenBuild Behavior ::run [ RunTime:0.000408s ]
INFO: WriteHtmlCache Behavior ::run [ RunTime:0.000295s ]
INFO: ShowRuntime Behavior ::run [ RunTime:0.000478s ]
INFO: [ view_filter ] --END-- [ RunTime:0.001824s ]
INFO: [ view_end ] --START--
INFO: ShowPageTrace Behavior ::run [ RunTime:0.000529s ]
INFO: [ view_end ] --END-- [ RunTime:0.000598s ]

[ 2014-03-22T18:21:15+08:00 ] 127.0.0.1 /hlpw/?m=userinfo
INFO: [ app_begin ] --START--
INFO: ReadHtmlCache Behavior ::run [ RunTime:0.000513s ]
INFO: [ app_begin ] --END-- [ RunTime:0.000607s ]
INFO: [ view_parse ] --START--
INFO: ParseTemplate Behavior ::run [ RunTime:0.009390s ]
INFO: [ view_parse ] --END-- [ RunTime:0.009502s ]
INFO: [ view_filter ] --START--
INFO: ContentReplace Behavior ::run [ RunTime:0.000465s ]
INFO: TokenBuild Behavior ::run [ RunTime:0.000405s ]
INFO: WriteHtmlCache Behavior ::run [ RunTime:0.000293s ]
INFO: ShowRuntime Behavior ::run [ RunTime:0.000479s ]
INFO: [ view_filter ] --END-- [ RunTime:0.001838s ]
INFO: [ view_end ] --START--
INFO: ShowPageTrace Behavior ::run [ RunTime:0.000503s ]
INFO: [ view_end ] --END-- [ RunTime:0.000580s ]

[ 2014-03-22T18:21:34+08:00 ] 127.0.0.1 /hlpw/?m=Admin
INFO: [ app_begin ] --START--
INFO: ReadHtmlCache Behavior ::run [ RunTime:0.000532s ]
INFO: [ app_begin ] --END-- [ RunTime:0.000615s ]
INFO: [ view_parse ] --START--
INFO: ParseTemplate Behavior ::run [ RunTime:0.006200s ]
INFO: [ view_parse ] --END-- [ RunTime:0.006350s ]
INFO: [ view_filter ] --START--
INFO: ContentReplace Behavior ::run [ RunTime:0.000439s ]
INFO: TokenBuild Behavior ::run [ RunTime:0.000405s ]
INFO: WriteHtmlCache Behavior ::run [ RunTime:0.000318s ]
INFO: ShowRuntime Behavior ::run [ RunTime:0.000467s ]
INFO: [ view_filter ] --END-- [ RunTime:0.001817s ]
INFO: [ view_end ] --START--
INFO: ShowPageTrace Behavior ::run [ RunTime:0.000568s ]
INFO: [ view_end ] --END-- [ RunTime:0.000635s ]

[ 2014-03-22T18:21:34+08:00 ] 127.0.0.1 /hlpw/?m=userinfo
INFO: [ app_begin ] --START--
INFO: ReadHtmlCache Behavior ::run [ RunTime:0.000516s ]
INFO: [ app_begin ] --END-- [ RunTime:0.000608s ]
INFO: [ view_parse ] --START--
INFO: ParseTemplate Behavior ::run [ RunTime:0.008367s ]
INFO: [ view_parse ] --END-- [ RunTime:0.008477s ]
INFO: [ view_filter ] --START--
INFO: ContentReplace Behavior ::run [ RunTime:0.000463s ]
INFO: TokenBuild Behavior ::run [ RunTime:0.000415s ]
INFO: WriteHtmlCache Behavior ::run [ RunTime:0.000301s ]
INFO: ShowRuntime Behavior ::run [ RunTime:0.000471s ]
INFO: [ view_filter ] --END-- [ RunTime:0.001844s ]
INFO: [ view_end ] --START--
INFO: ShowPageTrace Behavior ::run [ RunTime:0.000519s ]
INFO: [ view_end ] --END-- [ RunTime:0.000587s ]

[ 2014-03-22T18:23:59+08:00 ] 127.0.0.1 /hlpw/?m=Admin
INFO: [ app_begin ] --START--
INFO: ReadHtmlCache Behavior ::run [ RunTime:0.000579s ]
INFO: [ app_begin ] --END-- [ RunTime:0.000672s ]
INFO: [ view_parse ] --START--
INFO: ParseTemplate Behavior ::run [ RunTime:0.006183s ]
INFO: [ view_parse ] --END-- [ RunTime:0.006284s ]
INFO: [ view_filter ] --START--
INFO: ContentReplace Behavior ::run [ RunTime:0.000506s ]
INFO: TokenBuild Behavior ::run [ RunTime:0.000407s ]
INFO: WriteHtmlCache Behavior ::run [ RunTime:0.000335s ]
INFO: ShowRuntime Behavior ::run [ RunTime:0.000475s ]
INFO: [ view_filter ] --END-- [ RunTime:0.001919s ]
INFO: [ view_end ] --START--
INFO: ShowPageTrace Behavior ::run [ RunTime:0.000551s ]
INFO: [ view_end ] --END-- [ RunTime:0.000620s ]

[ 2014-03-22T18:24:00+08:00 ] 127.0.0.1 /hlpw/?m=userinfo
INFO: [ app_begin ] --START--
INFO: ReadHtmlCache Behavior ::run [ RunTime:0.000567s ]
INFO: [ app_begin ] --END-- [ RunTime:0.000671s ]
INFO: [ view_parse ] --START--
INFO: ParseTemplate Behavior ::run [ RunTime:0.008907s ]
INFO: [ view_parse ] --END-- [ RunTime:0.009027s ]
INFO: [ view_filter ] --START--
INFO: ContentReplace Behavior ::run [ RunTime:0.000468s ]
INFO: TokenBuild Behavior ::run [ RunTime:0.000414s ]
INFO: WriteHtmlCache Behavior ::run [ RunTime:0.000299s ]
INFO: ShowRuntime Behavior ::run [ RunTime:0.000474s ]
INFO: [ view_filter ] --END-- [ RunTime:0.001851s ]
INFO: [ view_end ] --START--
INFO: ShowPageTrace Behavior ::run [ RunTime:0.000524s ]
INFO: [ view_end ] --END-- [ RunTime:0.000599s ]

[ 2014-03-22T18:26:44+08:00 ] 127.0.0.1 /hlpw/?m=Admin
INFO: [ app_begin ] --START--
INFO: ReadHtmlCache Behavior ::run [ RunTime:0.000617s ]
INFO: [ app_begin ] --END-- [ RunTime:0.000710s ]
INFO: [ view_parse ] --START--
INFO: ParseTemplate Behavior ::run [ RunTime:0.006313s ]
INFO: [ view_parse ] --END-- [ RunTime:0.006417s ]
INFO: [ view_filter ] --START--
INFO: ContentReplace Behavior ::run [ RunTime:0.000469s ]
INFO: TokenBuild Behavior ::run [ RunTime:0.000430s ]
INFO: WriteHtmlCache Behavior ::run [ RunTime:0.000336s ]
INFO: ShowRuntime Behavior ::run [ RunTime:0.000493s ]
INFO: [ view_filter ] --END-- [ RunTime:0.001933s ]
INFO: [ view_end ] --START--
INFO: ShowPageTrace Behavior ::run [ RunTime:0.000541s ]
INFO: [ view_end ] --END-- [ RunTime:0.000621s ]

[ 2014-03-22T18:26:45+08:00 ] 127.0.0.1 /hlpw/?m=userinfo
INFO: [ app_begin ] --START--
INFO: ReadHtmlCache Behavior ::run [ RunTime:0.000593s ]
INFO: [ app_begin ] --END-- [ RunTime:0.000712s ]
INFO: [ view_parse ] --START--
INFO: ParseTemplate Behavior ::run [ RunTime:0.006630s ]
INFO: [ view_parse ] --END-- [ RunTime:0.006745s ]
INFO: [ view_filter ] --START--
INFO: ContentReplace Behavior ::run [ RunTime:0.000452s ]
INFO: TokenBuild Behavior ::run [ RunTime:0.000430s ]
INFO: WriteHtmlCache Behavior ::run [ RunTime:0.000302s ]
INFO: ShowRuntime Behavior ::run [ RunTime:0.000497s ]
INFO: [ view_filter ] --END-- [ RunTime:0.001891s ]
INFO: [ view_end ] --START--
INFO: ShowPageTrace Behavior ::run [ RunTime:0.000517s ]
INFO: [ view_end ] --END-- [ RunTime:0.000594s ]

[ 2014-03-22T18:27:22+08:00 ] 127.0.0.1 /hlpw/?m=Admin
INFO: [ app_begin ] --START--
INFO: ReadHtmlCache Behavior ::run [ RunTime:0.000511s ]
INFO: [ app_begin ] --END-- [ RunTime:0.000607s ]
INFO: [ view_parse ] --START--
INFO: ParseTemplate Behavior ::run [ RunTime:0.006366s ]
INFO: [ view_parse ] --END-- [ RunTime:0.006484s ]
INFO: [ view_filter ] --START--
INFO: ContentReplace Behavior ::run [ RunTime:0.000442s ]
INFO: TokenBuild Behavior ::run [ RunTime:0.000413s ]
INFO: WriteHtmlCache Behavior ::run [ RunTime:0.000300s ]
INFO: ShowRuntime Behavior ::run [ RunTime:0.000474s ]
INFO: [ view_filter ] --END-- [ RunTime:0.001850s ]
INFO: [ view_end ] --START--
INFO: ShowPageTrace Behavior ::run [ RunTime:0.000535s ]
INFO: [ view_end ] --END-- [ RunTime:0.000605s ]

[ 2014-03-22T18:27:23+08:00 ] 127.0.0.1 /hlpw/?m=userinfo
INFO: [ app_begin ] --START--
INFO: ReadHtmlCache Behavior ::run [ RunTime:0.000527s ]
INFO: [ app_begin ] --END-- [ RunTime:0.000649s ]
INFO: [ view_parse ] --START--
INFO: ParseTemplate Behavior ::run [ RunTime:0.006507s ]
INFO: [ view_parse ] --END-- [ RunTime:0.006625s ]
INFO: [ view_filter ] --START--
INFO: ContentReplace Behavior ::run [ RunTime:0.000464s ]
INFO: TokenBuild Behavior ::run [ RunTime:0.000432s ]
INFO: WriteHtmlCache Behavior ::run [ RunTime:0.000305s ]
INFO: ShowRuntime Behavior ::run [ RunTime:0.000504s ]
INFO: [ view_filter ] --END-- [ RunTime:0.001916s ]
INFO: [ view_end ] --START--
INFO: ShowPageTrace Behavior ::run [ RunTime:0.000536s ]
INFO: [ view_end ] --END-- [ RunTime:0.000614s ]

[ 2014-03-22T18:27:44+08:00 ] 127.0.0.1 /hlpw/?m=Admin
INFO: [ app_begin ] --START--
INFO: ReadHtmlCache Behavior ::run [ RunTime:0.000563s ]
INFO: [ app_begin ] --END-- [ RunTime:0.000667s ]
INFO: [ view_parse ] --START--
INFO: ParseTemplate Behavior ::run [ RunTime:0.006352s ]
INFO: [ view_parse ] --END-- [ RunTime:0.006469s ]
INFO: [ view_filter ] --START--
INFO: ContentReplace Behavior ::run [ RunTime:0.000463s ]
INFO: TokenBuild Behavior ::run [ RunTime:0.000431s ]
INFO: WriteHtmlCache Behavior ::run [ RunTime:0.000312s ]
INFO: ShowRuntime Behavior ::run [ RunTime:0.000489s ]
INFO: [ view_filter ] --END-- [ RunTime:0.001914s ]
INFO: [ view_end ] --START--
INFO: ShowPageTrace Behavior ::run [ RunTime:0.000543s ]
INFO: [ view_end ] --END-- [ RunTime:0.000613s ]

[ 2014-03-22T18:27:45+08:00 ] 127.0.0.1 /hlpw/?m=userinfo
INFO: [ app_begin ] --START--
INFO: ReadHtmlCache Behavior ::run [ RunTime:0.000613s ]
INFO: [ app_begin ] --END-- [ RunTime:0.000729s ]
INFO: [ view_parse ] --START--
INFO: ParseTemplate Behavior ::run [ RunTime:0.008381s ]
INFO: [ view_parse ] --END-- [ RunTime:0.008505s ]
INFO: [ view_filter ] --START--
INFO: ContentReplace Behavior ::run [ RunTime:0.000500s ]
INFO: TokenBuild Behavior ::run [ RunTime:0.000498s ]
INFO: WriteHtmlCache Behavior ::run [ RunTime:0.000343s ]
INFO: ShowRuntime Behavior ::run [ RunTime:0.000529s ]
INFO: [ view_filter ] --END-- [ RunTime:0.002090s ]
INFO: [ view_end ] --START--
INFO: ShowPageTrace Behavior ::run [ RunTime:0.000537s ]
INFO: [ view_end ] --END-- [ RunTime:0.000615s ]

[ 2014-03-22T18:27:48+08:00 ] 127.0.0.1 /hlpw/?m=User&&a=updatePass
INFO: [ app_begin ] --START--
INFO: ReadHtmlCache Behavior ::run [ RunTime:0.000578s ]
INFO: [ app_begin ] --END-- [ RunTime:0.000741s ]
SQL: SHOW COLUMNS FROM `user` [ RunTime:0.007226s ]
NOTIC: [8] Undefined index: account C:\wamp\www\hlpw\Lib\Action\UserAction.class.php 第 32 行.
SQL: SELECT * FROM `user` WHERE ( username="" and password="admin" ) LIMIT 1   [ RunTime:0.000400s ]
NOTIC: [8] Undefined variable: ChromePHP C:\wamp\www\hlpw\Lib\Action\UserAction.class.php 第 34 行.

[ 2014-03-22T18:28:26+08:00 ] 127.0.0.1 /hlpw/?m=Admin
INFO: [ app_begin ] --START--
INFO: ReadHtmlCache Behavior ::run [ RunTime:0.000523s ]
INFO: [ app_begin ] --END-- [ RunTime:0.000620s ]
INFO: [ view_parse ] --START--
INFO: ParseTemplate Behavior ::run [ RunTime:0.006356s ]
INFO: [ view_parse ] --END-- [ RunTime:0.006462s ]
INFO: [ view_filter ] --START--
INFO: ContentReplace Behavior ::run [ RunTime:0.000447s ]
INFO: TokenBuild Behavior ::run [ RunTime:0.000414s ]
INFO: WriteHtmlCache Behavior ::run [ RunTime:0.000348s ]
INFO: ShowRuntime Behavior ::run [ RunTime:0.000504s ]
INFO: [ view_filter ] --END-- [ RunTime:0.001925s ]
INFO: [ view_end ] --START--
INFO: ShowPageTrace Behavior ::run [ RunTime:0.000539s ]
INFO: [ view_end ] --END-- [ RunTime:0.000610s ]

[ 2014-03-22T18:28:27+08:00 ] 127.0.0.1 /hlpw/?m=userinfo
INFO: [ app_begin ] --START--
INFO: ReadHtmlCache Behavior ::run [ RunTime:0.000530s ]
INFO: [ app_begin ] --END-- [ RunTime:0.000635s ]
INFO: [ view_parse ] --START--
INFO: ParseTemplate Behavior ::run [ RunTime:0.006216s ]
INFO: [ view_parse ] --END-- [ RunTime:0.006315s ]
INFO: [ view_filter ] --START--
INFO: ContentReplace Behavior ::run [ RunTime:0.000449s ]
INFO: TokenBuild Behavior ::run [ RunTime:0.000427s ]
INFO: WriteHtmlCache Behavior ::run [ RunTime:0.000334s ]
INFO: ShowRuntime Behavior ::run [ RunTime:0.000535s ]
INFO: [ view_filter ] --END-- [ RunTime:0.001950s ]
INFO: [ view_end ] --START--
INFO: ShowPageTrace Behavior ::run [ RunTime:0.000600s ]
INFO: [ view_end ] --END-- [ RunTime:0.000682s ]

[ 2014-03-22T18:28:28+08:00 ] 127.0.0.1 /hlpw/?m=User&&a=updatePass
INFO: [ app_begin ] --START--
INFO: ReadHtmlCache Behavior ::run [ RunTime:0.000527s ]
INFO: [ app_begin ] --END-- [ RunTime:0.000622s ]
SQL: SHOW COLUMNS FROM `user` [ RunTime:0.006976s ]
NOTIC: [8] Undefined index: account C:\wamp\www\hlpw\Lib\Action\UserAction.class.php 第 32 行.
SQL: SELECT * FROM `user` WHERE ( username="" and password="asdf" ) LIMIT 1   [ RunTime:0.000331s ]

[ 2014-03-22T18:28:30+08:00 ] 127.0.0.1 /hlpw/?m=userinfo
INFO: [ app_begin ] --START--
INFO: ReadHtmlCache Behavior ::run [ RunTime:0.000530s ]
INFO: [ app_begin ] --END-- [ RunTime:0.000636s ]
INFO: [ view_parse ] --START--
INFO: ParseTemplate Behavior ::run [ RunTime:0.006162s ]
INFO: [ view_parse ] --END-- [ RunTime:0.006246s ]
INFO: [ view_filter ] --START--
INFO: ContentReplace Behavior ::run [ RunTime:0.000446s ]
INFO: TokenBuild Behavior ::run [ RunTime:0.000465s ]
INFO: WriteHtmlCache Behavior ::run [ RunTime:0.000329s ]
INFO: ShowRuntime Behavior ::run [ RunTime:0.000492s ]
INFO: [ view_filter ] --END-- [ RunTime:0.001931s ]
INFO: [ view_end ] --START--
INFO: ShowPageTrace Behavior ::run [ RunTime:0.000518s ]
INFO: [ view_end ] --END-- [ RunTime:0.000593s ]

[ 2014-03-22T18:28:45+08:00 ] 127.0.0.1 /hlpw/?m=Admin
INFO: [ app_begin ] --START--
INFO: ReadHtmlCache Behavior ::run [ RunTime:0.000608s ]
INFO: [ app_begin ] --END-- [ RunTime:0.000719s ]
INFO: [ view_parse ] --START--
INFO: ParseTemplate Behavior ::run [ RunTime:0.006258s ]
INFO: [ view_parse ] --END-- [ RunTime:0.006366s ]
INFO: [ view_filter ] --START--
INFO: ContentReplace Behavior ::run [ RunTime:0.000447s ]
INFO: TokenBuild Behavior ::run [ RunTime:0.000475s ]
INFO: WriteHtmlCache Behavior ::run [ RunTime:0.000328s ]
INFO: ShowRuntime Behavior ::run [ RunTime:0.000481s ]
INFO: [ view_filter ] --END-- [ RunTime:0.001940s ]
INFO: [ view_end ] --START--
INFO: ShowPageTrace Behavior ::run [ RunTime:0.000528s ]
INFO: [ view_end ] --END-- [ RunTime:0.000599s ]

[ 2014-03-22T18:28:45+08:00 ] 127.0.0.1 /hlpw/?m=userinfo
INFO: [ app_begin ] --START--
INFO: ReadHtmlCache Behavior ::run [ RunTime:0.000654s ]
INFO: [ app_begin ] --END-- [ RunTime:0.000746s ]
INFO: [ view_parse ] --START--
INFO: ParseTemplate Behavior ::run [ RunTime:0.006754s ]
INFO: [ view_parse ] --END-- [ RunTime:0.006854s ]
INFO: [ view_filter ] --START--
INFO: ContentReplace Behavior ::run [ RunTime:0.000522s ]
INFO: TokenBuild Behavior ::run [ RunTime:0.000474s ]
INFO: WriteHtmlCache Behavior ::run [ RunTime:0.000383s ]
INFO: ShowRuntime Behavior ::run [ RunTime:0.000531s ]
INFO: [ view_filter ] --END-- [ RunTime:0.002112s ]
INFO: [ view_end ] --START--
INFO: ShowPageTrace Behavior ::run [ RunTime:0.000590s ]
INFO: [ view_end ] --END-- [ RunTime:0.000664s ]

[ 2014-03-22T18:28:46+08:00 ] 127.0.0.1 /hlpw/?m=userinfo
INFO: [ app_begin ] --START--
INFO: ReadHtmlCache Behavior ::run [ RunTime:0.000576s ]
INFO: [ app_begin ] --END-- [ RunTime:0.000671s ]
INFO: [ view_parse ] --START--
INFO: ParseTemplate Behavior ::run [ RunTime:0.006477s ]
INFO: [ view_parse ] --END-- [ RunTime:0.006586s ]
INFO: [ view_filter ] --START--
INFO: ContentReplace Behavior ::run [ RunTime:0.000536s ]
INFO: TokenBuild Behavior ::run [ RunTime:0.000483s ]
INFO: WriteHtmlCache Behavior ::run [ RunTime:0.000385s ]
INFO: ShowRuntime Behavior ::run [ RunTime:0.000536s ]
INFO: [ view_filter ] --END-- [ RunTime:0.002147s ]
INFO: [ view_end ] --START--
INFO: ShowPageTrace Behavior ::run [ RunTime:0.000586s ]
INFO: [ view_end ] --END-- [ RunTime:0.000657s ]

[ 2014-03-22T18:28:48+08:00 ] 127.0.0.1 /hlpw/?m=User&&a=updatePass
INFO: [ app_begin ] --START--
INFO: ReadHtmlCache Behavior ::run [ RunTime:0.000576s ]
INFO: [ app_begin ] --END-- [ RunTime:0.000661s ]
SQL: SHOW COLUMNS FROM `user` [ RunTime:0.007083s ]
SQL: SELECT * FROM `user` WHERE ( username="admin" and password="asdfasdf" ) LIMIT 1   [ RunTime:0.000342s ]

[ 2014-03-22T18:28:58+08:00 ] 127.0.0.1 /hlpw/?m=userinfo
INFO: [ app_begin ] --START--
INFO: ReadHtmlCache Behavior ::run [ RunTime:0.000546s ]
INFO: [ app_begin ] --END-- [ RunTime:0.000629s ]
INFO: [ view_parse ] --START--
INFO: ParseTemplate Behavior ::run [ RunTime:0.006385s ]
INFO: [ view_parse ] --END-- [ RunTime:0.006475s ]
INFO: [ view_filter ] --START--
INFO: ContentReplace Behavior ::run [ RunTime:0.000474s ]
INFO: TokenBuild Behavior ::run [ RunTime:0.000478s ]
INFO: WriteHtmlCache Behavior ::run [ RunTime:0.000391s ]
INFO: ShowRuntime Behavior ::run [ RunTime:0.000547s ]
INFO: [ view_filter ] --END-- [ RunTime:0.002099s ]
INFO: [ view_end ] --START--
INFO: ShowPageTrace Behavior ::run [ RunTime:0.000586s ]
INFO: [ view_end ] --END-- [ RunTime:0.000661s ]

[ 2014-03-22T18:29:01+08:00 ] 127.0.0.1 /hlpw/?m=userinfo
INFO: [ app_begin ] --START--
INFO: ReadHtmlCache Behavior ::run [ RunTime:0.000570s ]
INFO: [ app_begin ] --END-- [ RunTime:0.000653s ]
INFO: [ view_parse ] --START--
INFO: ParseTemplate Behavior ::run [ RunTime:0.006412s ]
INFO: [ view_parse ] --END-- [ RunTime:0.006499s ]
INFO: [ view_filter ] --START--
INFO: ContentReplace Behavior ::run [ RunTime:0.000499s ]
INFO: TokenBuild Behavior ::run [ RunTime:0.000487s ]
INFO: WriteHtmlCache Behavior ::run [ RunTime:0.000383s ]
INFO: ShowRuntime Behavior ::run [ RunTime:0.000546s ]
INFO: [ view_filter ] --END-- [ RunTime:0.002122s ]
INFO: [ view_end ] --START--
INFO: ShowPageTrace Behavior ::run [ RunTime:0.000585s ]
INFO: [ view_end ] --END-- [ RunTime:0.000661s ]

[ 2014-03-22T18:29:03+08:00 ] 127.0.0.1 /hlpw/?m=User&&a=updatePass
INFO: [ app_begin ] --START--
INFO: ReadHtmlCache Behavior ::run [ RunTime:0.000535s ]
INFO: [ app_begin ] --END-- [ RunTime:0.000615s ]
SQL: SHOW COLUMNS FROM `user` [ RunTime:0.007307s ]
SQL: SELECT * FROM `user` WHERE ( username="admin" and password="asdf" ) LIMIT 1   [ RunTime:0.000345s ]

[ 2014-03-22T18:29:25+08:00 ] 127.0.0.1 /hlpw/?m=userinfo
INFO: [ app_begin ] --START--
INFO: ReadHtmlCache Behavior ::run [ RunTime:0.000516s ]
INFO: [ app_begin ] --END-- [ RunTime:0.000606s ]
INFO: [ view_parse ] --START--
INFO: ParseTemplate Behavior ::run [ RunTime:0.006391s ]
INFO: [ view_parse ] --END-- [ RunTime:0.006499s ]
INFO: [ view_filter ] --START--
INFO: ContentReplace Behavior ::run [ RunTime:0.000438s ]
INFO: TokenBuild Behavior ::run [ RunTime:0.000429s ]
INFO: WriteHtmlCache Behavior ::run [ RunTime:0.000308s ]
INFO: ShowRuntime Behavior ::run [ RunTime:0.000523s ]
INFO: [ view_filter ] --END-- [ RunTime:0.001911s ]
INFO: [ view_end ] --START--
INFO: ShowPageTrace Behavior ::run [ RunTime:0.000532s ]
INFO: [ view_end ] --END-- [ RunTime:0.000607s ]

[ 2014-03-22T18:29:26+08:00 ] 127.0.0.1 /hlpw/?m=User&&a=updatePass
INFO: [ app_begin ] --START--
INFO: ReadHtmlCache Behavior ::run [ RunTime:0.000537s ]
INFO: [ app_begin ] --END-- [ RunTime:0.000637s ]
SQL: SHOW COLUMNS FROM `user` [ RunTime:0.007568s ]
SQL: SELECT * FROM `user` WHERE ( username="admin" and password="asdfasd" ) LIMIT 1   [ RunTime:0.000350s ]

[ 2014-03-22T18:29:34+08:00 ] 127.0.0.1 /hlpw/?m=userinfo
INFO: [ app_begin ] --START--
INFO: ReadHtmlCache Behavior ::run [ RunTime:0.000493s ]
INFO: [ app_begin ] --END-- [ RunTime:0.000580s ]
INFO: [ view_parse ] --START--
INFO: ParseTemplate Behavior ::run [ RunTime:0.006404s ]
INFO: [ view_parse ] --END-- [ RunTime:0.006496s ]
INFO: [ view_filter ] --START--
INFO: ContentReplace Behavior ::run [ RunTime:0.000436s ]
INFO: TokenBuild Behavior ::run [ RunTime:0.000412s ]
INFO: WriteHtmlCache Behavior ::run [ RunTime:0.000327s ]
INFO: ShowRuntime Behavior ::run [ RunTime:0.000489s ]
INFO: [ view_filter ] --END-- [ RunTime:0.001869s ]
INFO: [ view_end ] --START--
INFO: ShowPageTrace Behavior ::run [ RunTime:0.000534s ]
INFO: [ view_end ] --END-- [ RunTime:0.000610s ]

[ 2014-03-22T18:29:36+08:00 ] 127.0.0.1 /hlpw/?m=User&&a=updatePass
INFO: [ app_begin ] --START--
INFO: ReadHtmlCache Behavior ::run [ RunTime:0.000527s ]
INFO: [ app_begin ] --END-- [ RunTime:0.000627s ]
SQL: SHOW COLUMNS FROM `user` [ RunTime:0.006887s ]
SQL: SELECT * FROM `user` WHERE ( username="admin" and password="admin" ) LIMIT 1   [ RunTime:0.000355s ]

[ 2014-03-22T18:29:44+08:00 ] 127.0.0.1 /hlpw/?m=userinfo
INFO: [ app_begin ] --START--
INFO: ReadHtmlCache Behavior ::run [ RunTime:0.000496s ]
INFO: [ app_begin ] --END-- [ RunTime:0.000584s ]
INFO: [ view_parse ] --START--
INFO: ParseTemplate Behavior ::run [ RunTime:0.006709s ]
INFO: [ view_parse ] --END-- [ RunTime:0.006803s ]
INFO: [ view_filter ] --START--
INFO: ContentReplace Behavior ::run [ RunTime:0.000433s ]
INFO: TokenBuild Behavior ::run [ RunTime:0.000460s ]
INFO: WriteHtmlCache Behavior ::run [ RunTime:0.000295s ]
INFO: ShowRuntime Behavior ::run [ RunTime:0.000521s ]
INFO: [ view_filter ] --END-- [ RunTime:0.001903s ]
INFO: [ view_end ] --START--
INFO: ShowPageTrace Behavior ::run [ RunTime:0.000565s ]
INFO: [ view_end ] --END-- [ RunTime:0.000639s ]

[ 2014-03-22T18:29:47+08:00 ] 127.0.0.1 /hlpw/?m=User&&a=updatePass
INFO: [ app_begin ] --START--
INFO: ReadHtmlCache Behavior ::run [ RunTime:0.000549s ]
INFO: [ app_begin ] --END-- [ RunTime:0.000642s ]
SQL: SHOW COLUMNS FROM `user` [ RunTime:0.006839s ]
SQL: SELECT * FROM `user` WHERE ( username="admin" and password="admin" ) LIMIT 1   [ RunTime:0.000321s ]

[ 2014-03-22T18:31:21+08:00 ] 127.0.0.1 /hlpw/?m=userinfo
INFO: [ app_begin ] --START--
INFO: ReadHtmlCache Behavior ::run [ RunTime:0.000676s ]
INFO: [ app_begin ] --END-- [ RunTime:0.000774s ]
INFO: [ view_parse ] --START--
INFO: ParseTemplate Behavior ::run [ RunTime:0.006257s ]
INFO: [ view_parse ] --END-- [ RunTime:0.006353s ]
INFO: [ view_filter ] --START--
INFO: ContentReplace Behavior ::run [ RunTime:0.000461s ]
INFO: TokenBuild Behavior ::run [ RunTime:0.000438s ]
INFO: WriteHtmlCache Behavior ::run [ RunTime:0.000329s ]
INFO: ShowRuntime Behavior ::run [ RunTime:0.000491s ]
INFO: [ view_filter ] --END-- [ RunTime:0.001921s ]
INFO: [ view_end ] --START--
INFO: ShowPageTrace Behavior ::run [ RunTime:0.000527s ]
INFO: [ view_end ] --END-- [ RunTime:0.000602s ]

[ 2014-03-22T18:31:25+08:00 ] 127.0.0.1 /hlpw/?m=User&&a=updatePass
INFO: [ app_begin ] --START--
INFO: ReadHtmlCache Behavior ::run [ RunTime:0.000508s ]
INFO: [ app_begin ] --END-- [ RunTime:0.000600s ]
SQL: SHOW COLUMNS FROM `user` [ RunTime:0.007325s ]
SQL: SELECT * FROM `user` WHERE ( username="admin" and password="admin" ) LIMIT 1   [ RunTime:0.000320s ]
INFO: [ view_parse ] --START--
INFO: ParseTemplate Behavior ::run [ RunTime:0.008689s ]
INFO: [ view_parse ] --END-- [ RunTime:0.008789s ]
INFO: [ view_filter ] --START--
INFO: ContentReplace Behavior ::run [ RunTime:0.000437s ]
INFO: TokenBuild Behavior ::run [ RunTime:0.000420s ]
INFO: WriteHtmlCache Behavior ::run [ RunTime:0.000298s ]
INFO: ShowRuntime Behavior ::run [ RunTime:0.000488s ]
INFO: [ view_filter ] --END-- [ RunTime:0.001848s ]
INFO: [ view_end ] --START--
INFO: ShowPageTrace Behavior ::run [ RunTime:0.000551s ]
INFO: [ view_end ] --END-- [ RunTime:0.000622s ]

[ 2014-03-22T18:31:28+08:00 ] 127.0.0.1 /hlpw/?m=Admin
INFO: [ app_begin ] --START--
INFO: ReadHtmlCache Behavior ::run [ RunTime:0.000513s ]
INFO: [ app_begin ] --END-- [ RunTime:0.000609s ]
INFO: [ view_parse ] --START--
INFO: ParseTemplate Behavior ::run [ RunTime:0.008701s ]
INFO: [ view_parse ] --END-- [ RunTime:0.008822s ]
INFO: [ view_filter ] --START--
INFO: ContentReplace Behavior ::run [ RunTime:0.000430s ]
INFO: TokenBuild Behavior ::run [ RunTime:0.000482s ]
INFO: WriteHtmlCache Behavior ::run [ RunTime:0.000295s ]
INFO: ShowRuntime Behavior ::run [ RunTime:0.000485s ]
INFO: [ view_filter ] --END-- [ RunTime:0.001884s ]
INFO: [ view_end ] --START--
INFO: ShowPageTrace Behavior ::run [ RunTime:0.000517s ]
INFO: [ view_end ] --END-- [ RunTime:0.000588s ]

[ 2014-03-22T18:35:41+08:00 ] 127.0.0.1 /hlpw/?m=userinfo
INFO: [ app_begin ] --START--
INFO: ReadHtmlCache Behavior ::run [ RunTime:0.000672s ]
INFO: [ app_begin ] --END-- [ RunTime:0.000766s ]
INFO: [ view_parse ] --START--
INFO: ParseTemplate Behavior ::run [ RunTime:0.006376s ]
INFO: [ view_parse ] --END-- [ RunTime:0.006463s ]
INFO: [ view_filter ] --START--
INFO: ContentReplace Behavior ::run [ RunTime:0.000432s ]
INFO: TokenBuild Behavior ::run [ RunTime:0.000426s ]
INFO: WriteHtmlCache Behavior ::run [ RunTime:0.000328s ]
INFO: ShowRuntime Behavior ::run [ RunTime:0.000491s ]
INFO: [ view_filter ] --END-- [ RunTime:0.001874s ]
INFO: [ view_end ] --START--
INFO: ShowPageTrace Behavior ::run [ RunTime:0.000525s ]
INFO: [ view_end ] --END-- [ RunTime:0.000600s ]

[ 2014-03-22T18:35:46+08:00 ] 127.0.0.1 /hlpw/?m=User&&a=updatePass
INFO: [ app_begin ] --START--
INFO: ReadHtmlCache Behavior ::run [ RunTime:0.000497s ]
INFO: [ app_begin ] --END-- [ RunTime:0.000585s ]
SQL: SHOW COLUMNS FROM `user` [ RunTime:0.007047s ]
SQL: SELECT * FROM `user` WHERE ( username="admin" and password="admin" ) LIMIT 1   [ RunTime:0.000320s ]
SQL: UPDATE `user` SET `password`='jianfeng' WHERE ( username="admin" ) [ RunTime:0.149619s ]
INFO: [ view_parse ] --START--
INFO: ParseTemplate Behavior ::run [ RunTime:0.006498s ]
INFO: [ view_parse ] --END-- [ RunTime:0.006611s ]
INFO: [ view_filter ] --START--
INFO: ContentReplace Behavior ::run [ RunTime:0.000456s ]
INFO: TokenBuild Behavior ::run [ RunTime:0.000427s ]
INFO: WriteHtmlCache Behavior ::run [ RunTime:0.000304s ]
INFO: ShowRuntime Behavior ::run [ RunTime:0.000491s ]
INFO: [ view_filter ] --END-- [ RunTime:0.001886s ]
INFO: [ view_end ] --START--
INFO: ShowPageTrace Behavior ::run [ RunTime:0.000514s ]
INFO: [ view_end ] --END-- [ RunTime:0.000586s ]
NOTIC: [8] Undefined variable: var C:\wamp\www\hlpw\think\Common\functions.php 第 247 行.
NOTIC: [2] array_reverse() expects parameter 1 to be array, null given C:\wamp\www\hlpw\think\Common\functions.php 第 247 行.
NOTIC: [2] http_build_query() [<a href='function.http-build-query'>function.http-build-query</a>]: Parameter 1 expected to be Array or Object.  Incorrect value given C:\wamp\www\hlpw\think\Common\functions.php 第 247 行.

[ 2014-03-22T18:35:47+08:00 ] 127.0.0.1 /hlpw/index.php?&m=User
INFO: [ app_begin ] --START--
INFO: ReadHtmlCache Behavior ::run [ RunTime:0.000529s ]
INFO: [ app_begin ] --END-- [ RunTime:0.000626s ]
INFO: [ view_parse ] --START--
INFO: ParseTemplate Behavior ::run [ RunTime:0.036169s ]
INFO: [ view_parse ] --END-- [ RunTime:0.036279s ]
INFO: [ view_filter ] --START--
INFO: ContentReplace Behavior ::run [ RunTime:0.000458s ]
INFO: TokenBuild Behavior ::run [ RunTime:0.000420s ]
INFO: WriteHtmlCache Behavior ::run [ RunTime:0.000303s ]
INFO: ShowRuntime Behavior ::run [ RunTime:0.000480s ]
INFO: [ view_filter ] --END-- [ RunTime:0.001872s ]
INFO: [ view_end ] --START--
INFO: ShowPageTrace Behavior ::run [ RunTime:0.000505s ]
INFO: [ view_end ] --END-- [ RunTime:0.000575s ]

[ 2014-03-22T18:35:50+08:00 ] 127.0.0.1 /hlpw/?m=Admin
INFO: [ app_begin ] --START--
INFO: ReadHtmlCache Behavior ::run [ RunTime:0.000524s ]
INFO: [ app_begin ] --END-- [ RunTime:0.000612s ]

[ 2014-03-22T18:35:50+08:00 ] 127.0.0.1 /hlpw/index.php?m=Admin&a=.&m=User
INFO: [ app_begin ] --START--
INFO: ReadHtmlCache Behavior ::run [ RunTime:0.000488s ]
INFO: [ app_begin ] --END-- [ RunTime:0.000574s ]
ERR: 非法操作:.

[ 2014-03-22T18:35:54+08:00 ] 127.0.0.1 /hlpw/?m=Admin
INFO: [ app_begin ] --START--
INFO: ReadHtmlCache Behavior ::run [ RunTime:0.000506s ]
INFO: [ app_begin ] --END-- [ RunTime:0.000598s ]

[ 2014-03-22T18:35:54+08:00 ] 127.0.0.1 /hlpw/index.php?m=Admin&a=.&m=User
INFO: [ app_begin ] --START--
INFO: ReadHtmlCache Behavior ::run [ RunTime:0.000491s ]
INFO: [ app_begin ] --END-- [ RunTime:0.000597s ]
ERR: 非法操作:.

[ 2014-03-22T18:36:01+08:00 ] 127.0.0.1 /hlpw/index.php?m=Admin&a=.&m=User
INFO: [ app_begin ] --START--
INFO: ReadHtmlCache Behavior ::run [ RunTime:0.000639s ]
INFO: [ app_begin ] --END-- [ RunTime:0.000748s ]
ERR: 非法操作:.

[ 2014-03-22T18:36:03+08:00 ] 127.0.0.1 /hlpw/index.php?m=Admin
INFO: [ app_begin ] --START--
INFO: ReadHtmlCache Behavior ::run [ RunTime:0.000560s ]
INFO: [ app_begin ] --END-- [ RunTime:0.000639s ]

[ 2014-03-22T18:36:03+08:00 ] 127.0.0.1 /hlpw/index.php?m=Admin&a=.&m=User
INFO: [ app_begin ] --START--
INFO: ReadHtmlCache Behavior ::run [ RunTime:0.000586s ]
INFO: [ app_begin ] --END-- [ RunTime:0.000670s ]
ERR: 非法操作:.

[ 2014-03-22T18:36:22+08:00 ] 127.0.0.1 /hlpw/index.php?m=Admin&a=.&m=User
INFO: [ app_begin ] --START--
INFO: ReadHtmlCache Behavior ::run [ RunTime:0.000572s ]
INFO: [ app_begin ] --END-- [ RunTime:0.000659s ]
ERR: 非法操作:.

[ 2014-03-22T18:36:24+08:00 ] 127.0.0.1 /hlpw/index.php?m=Admin
INFO: [ app_begin ] --START--
INFO: ReadHtmlCache Behavior ::run [ RunTime:0.000555s ]
INFO: [ app_begin ] --END-- [ RunTime:0.000642s ]
NOTIC: [8] Undefined variable: var C:\wamp\www\hlpw\think\Common\functions.php 第 247 行.
NOTIC: [2] array_reverse() expects parameter 1 to be array, null given C:\wamp\www\hlpw\think\Common\functions.php 第 247 行.
NOTIC: [2] http_build_query() [<a href='function.http-build-query'>function.http-build-query</a>]: Parameter 1 expected to be Array or Object.  Incorrect value given C:\wamp\www\hlpw\think\Common\functions.php 第 247 行.

[ 2014-03-22T18:36:24+08:00 ] 127.0.0.1 /hlpw/index.php?&m=User
INFO: [ app_begin ] --START--
INFO: ReadHtmlCache Behavior ::run [ RunTime:0.000544s ]
INFO: [ app_begin ] --END-- [ RunTime:0.000636s ]
INFO: [ view_parse ] --START--
INFO: ParseTemplate Behavior ::run [ RunTime:0.006156s ]
INFO: [ view_parse ] --END-- [ RunTime:0.006252s ]
INFO: [ view_filter ] --START--
INFO: ContentReplace Behavior ::run [ RunTime:0.000478s ]
INFO: TokenBuild Behavior ::run [ RunTime:0.000488s ]
INFO: WriteHtmlCache Behavior ::run [ RunTime:0.000392s ]
INFO: ShowRuntime Behavior ::run [ RunTime:0.000550s ]
INFO: [ view_filter ] --END-- [ RunTime:0.002127s ]
INFO: [ view_end ] --START--
INFO: ShowPageTrace Behavior ::run [ RunTime:0.000605s ]
INFO: [ view_end ] --END-- [ RunTime:0.000684s ]

[ 2014-03-22T18:36:34+08:00 ] 127.0.0.1 /hlpw/index.php?&m=User
INFO: [ app_begin ] --START--
INFO: ReadHtmlCache Behavior ::run [ RunTime:0.000547s ]
INFO: [ app_begin ] --END-- [ RunTime:0.000633s ]
INFO: [ view_parse ] --START--
INFO: ParseTemplate Behavior ::run [ RunTime:0.006048s ]
INFO: [ view_parse ] --END-- [ RunTime:0.006138s ]
INFO: [ view_filter ] --START--
INFO: ContentReplace Behavior ::run [ RunTime:0.000565s ]
INFO: TokenBuild Behavior ::run [ RunTime:0.000489s ]
INFO: WriteHtmlCache Behavior ::run [ RunTime:0.000390s ]
INFO: ShowRuntime Behavior ::run [ RunTime:0.000549s ]
INFO: [ view_filter ] --END-- [ RunTime:0.002199s ]
INFO: [ view_end ] --START--
INFO: ShowPageTrace Behavior ::run [ RunTime:0.000587s ]
INFO: [ view_end ] --END-- [ RunTime:0.000666s ]

[ 2014-03-22T18:36:39+08:00 ] 127.0.0.1 /hlpw/index.php?m=User&&a=adminLogin
INFO: [ app_begin ] --START--
INFO: ReadHtmlCache Behavior ::run [ RunTime:0.000588s ]
INFO: [ app_begin ] --END-- [ RunTime:0.000661s ]
SQL: SHOW COLUMNS FROM `user` [ RunTime:0.007149s ]
SQL: SELECT * FROM `user` WHERE ( username="admin" ) LIMIT 1   [ RunTime:0.000314s ]
NOTIC: [8] Undefined index: openCookie C:\wamp\www\hlpw\Lib\Action\UserAction.class.php 第 18 行.

[ 2014-03-22T18:36:39+08:00 ] 127.0.0.1 /hlpw/?m=Admin
INFO: [ app_begin ] --START--
INFO: ReadHtmlCache Behavior ::run [ RunTime:0.000567s ]
INFO: [ app_begin ] --END-- [ RunTime:0.000654s ]
INFO: [ view_parse ] --START--
INFO: ParseTemplate Behavior ::run [ RunTime:0.006630s ]
INFO: [ view_parse ] --END-- [ RunTime:0.006770s ]
INFO: [ view_filter ] --START--
INFO: ContentReplace Behavior ::run [ RunTime:0.000489s ]
INFO: TokenBuild Behavior ::run [ RunTime:0.000464s ]
INFO: WriteHtmlCache Behavior ::run [ RunTime:0.000372s ]
INFO: ShowRuntime Behavior ::run [ RunTime:0.000532s ]
INFO: [ view_filter ] --END-- [ RunTime:0.002047s ]
INFO: [ view_end ] --START--
INFO: ShowPageTrace Behavior ::run [ RunTime:0.000629s ]
INFO: [ view_end ] --END-- [ RunTime:0.000698s ]

[ 2014-03-22T18:36:41+08:00 ] 127.0.0.1 /hlpw/?m=userinfo
INFO: [ app_begin ] --START--
INFO: ReadHtmlCache Behavior ::run [ RunTime:0.000569s ]
INFO: [ app_begin ] --END-- [ RunTime:0.000665s ]
INFO: [ view_parse ] --START--
INFO: ParseTemplate Behavior ::run [ RunTime:0.006767s ]
INFO: [ view_parse ] --END-- [ RunTime:0.006986s ]
INFO: [ view_filter ] --START--
INFO: ContentReplace Behavior ::run [ RunTime:0.000616s ]
INFO: TokenBuild Behavior ::run [ RunTime:0.000517s ]
INFO: WriteHtmlCache Behavior ::run [ RunTime:0.000395s ]
INFO: ShowRuntime Behavior ::run [ RunTime:0.000569s ]
INFO: [ view_filter ] --END-- [ RunTime:0.002321s ]
INFO: [ view_end ] --START--
INFO: ShowPageTrace Behavior ::run [ RunTime:0.000597s ]
INFO: [ view_end ] --END-- [ RunTime:0.000677s ]

[ 2014-03-22T18:36:46+08:00 ] 127.0.0.1 /hlpw/?m=User&&a=updatePass
INFO: [ app_begin ] --START--
INFO: ReadHtmlCache Behavior ::run [ RunTime:0.000641s ]
INFO: [ app_begin ] --END-- [ RunTime:0.000725s ]
SQL: SHOW COLUMNS FROM `user` [ RunTime:0.007148s ]
SQL: SELECT * FROM `user` WHERE ( username="admin" and password="jianfeng" ) LIMIT 1   [ RunTime:0.000351s ]
SQL: UPDATE `user` SET `password`='admin' WHERE ( username="admin" ) [ RunTime:0.105176s ]
INFO: [ view_parse ] --START--
INFO: ParseTemplate Behavior ::run [ RunTime:0.006488s ]
INFO: [ view_parse ] --END-- [ RunTime:0.006588s ]
INFO: [ view_filter ] --START--
INFO: ContentReplace Behavior ::run [ RunTime:0.000560s ]
INFO: TokenBuild Behavior ::run [ RunTime:0.000587s ]
INFO: WriteHtmlCache Behavior ::run [ RunTime:0.000393s ]
INFO: ShowRuntime Behavior ::run [ RunTime:0.000532s ]
INFO: [ view_filter ] --END-- [ RunTime:0.002267s ]
INFO: [ view_end ] --START--
INFO: ShowPageTrace Behavior ::run [ RunTime:0.000600s ]
INFO: [ view_end ] --END-- [ RunTime:0.000670s ]
NOTIC: [8] Undefined variable: var C:\wamp\www\hlpw\think\Common\functions.php 第 247 行.
NOTIC: [2] array_reverse() expects parameter 1 to be array, null given C:\wamp\www\hlpw\think\Common\functions.php 第 247 行.
NOTIC: [2] http_build_query() [<a href='function.http-build-query'>function.http-build-query</a>]: Parameter 1 expected to be Array or Object.  Incorrect value given C:\wamp\www\hlpw\think\Common\functions.php 第 247 行.

[ 2014-03-22T18:36:46+08:00 ] 127.0.0.1 /hlpw/index.php?&m=User
INFO: [ app_begin ] --START--
INFO: ReadHtmlCache Behavior ::run [ RunTime:0.000610s ]
INFO: [ app_begin ] --END-- [ RunTime:0.000695s ]
INFO: [ view_parse ] --START--
INFO: ParseTemplate Behavior ::run [ RunTime:0.006320s ]
INFO: [ view_parse ] --END-- [ RunTime:0.006413s ]
INFO: [ view_filter ] --START--
INFO: ContentReplace Behavior ::run [ RunTime:0.000505s ]
INFO: TokenBuild Behavior ::run [ RunTime:0.000452s ]
INFO: WriteHtmlCache Behavior ::run [ RunTime:0.000433s ]
INFO: ShowRuntime Behavior ::run [ RunTime:0.000534s ]
INFO: [ view_filter ] --END-- [ RunTime:0.002114s ]
INFO: [ view_end ] --START--
INFO: ShowPageTrace Behavior ::run [ RunTime:0.000578s ]
INFO: [ view_end ] --END-- [ RunTime:0.000656s ]

[ 2014-03-22T18:36:48+08:00 ] 127.0.0.1 /hlpw/?m=Admin
INFO: [ app_begin ] --START--
INFO: ReadHtmlCache Behavior ::run [ RunTime:0.000587s ]
INFO: [ app_begin ] --END-- [ RunTime:0.000684s ]
NOTIC: [8] Undefined variable: var C:\wamp\www\hlpw\think\Common\functions.php 第 247 行.
NOTIC: [2] array_reverse() expects parameter 1 to be array, null given C:\wamp\www\hlpw\think\Common\functions.php 第 247 行.
NOTIC: [2] http_build_query() [<a href='function.http-build-query'>function.http-build-query</a>]: Parameter 1 expected to be Array or Object.  Incorrect value given C:\wamp\www\hlpw\think\Common\functions.php 第 247 行.

[ 2014-03-22T18:36:48+08:00 ] 127.0.0.1 /hlpw/index.php?&m=User
INFO: [ app_begin ] --START--
INFO: ReadHtmlCache Behavior ::run [ RunTime:0.000545s ]
INFO: [ app_begin ] --END-- [ RunTime:0.000627s ]
INFO: [ view_parse ] --START--
INFO: ParseTemplate Behavior ::run [ RunTime:0.007535s ]
INFO: [ view_parse ] --END-- [ RunTime:0.007652s ]
INFO: [ view_filter ] --START--
INFO: ContentReplace Behavior ::run [ RunTime:0.000559s ]
INFO: TokenBuild Behavior ::run [ RunTime:0.000503s ]
INFO: WriteHtmlCache Behavior ::run [ RunTime:0.000388s ]
INFO: ShowRuntime Behavior ::run [ RunTime:0.000550s ]
INFO: [ view_filter ] --END-- [ RunTime:0.002208s ]
INFO: [ view_end ] --START--
INFO: ShowPageTrace Behavior ::run [ RunTime:0.000581s ]
INFO: [ view_end ] --END-- [ RunTime:0.000657s ]

[ 2014-03-22T18:36:53+08:00 ] 127.0.0.1 /hlpw/index.php?m=User&&a=adminLogin
INFO: [ app_begin ] --START--
INFO: ReadHtmlCache Behavior ::run [ RunTime:0.000548s ]
INFO: [ app_begin ] --END-- [ RunTime:0.000622s ]
SQL: SHOW COLUMNS FROM `user` [ RunTime:0.006910s ]
SQL: SELECT * FROM `user` WHERE ( username="admin" ) LIMIT 1   [ RunTime:0.000271s ]
NOTIC: [8] Undefined index: openCookie C:\wamp\www\hlpw\Lib\Action\UserAction.class.php 第 18 行.

[ 2014-03-22T18:36:53+08:00 ] 127.0.0.1 /hlpw/?m=Admin
INFO: [ app_begin ] --START--
INFO: ReadHtmlCache Behavior ::run [ RunTime:0.000542s ]
INFO: [ app_begin ] --END-- [ RunTime:0.000641s ]
INFO: [ view_parse ] --START--
INFO: ParseTemplate Behavior ::run [ RunTime:0.006923s ]
INFO: [ view_parse ] --END-- [ RunTime:0.007036s ]
INFO: [ view_filter ] --START--
INFO: ContentReplace Behavior ::run [ RunTime:0.000528s ]
INFO: TokenBuild Behavior ::run [ RunTime:0.000479s ]
INFO: WriteHtmlCache Behavior ::run [ RunTime:0.000387s ]
INFO: ShowRuntime Behavior ::run [ RunTime:0.000537s ]
INFO: [ view_filter ] --END-- [ RunTime:0.002127s ]
INFO: [ view_end ] --START--
INFO: ShowPageTrace Behavior ::run [ RunTime:0.000597s ]
INFO: [ view_end ] --END-- [ RunTime:0.000675s ]

